;
; © John Woodside
;
{ATZ EGYE Barkston Heath}
$TYPE=8
52.99555556+-0.56166667
52.99504915+-0.55205705
52.99354531+-0.54273941
52.99108974+-0.53399687
52.98775704+-0.52609506
52.98364848+-0.51927408
52.97888889+-0.51374117
52.97362289+-0.50966446
52.96801049+-0.5071678
52.96222222+-0.50632707
52.95643395+-0.5071678
52.95082155+-0.50966446
52.94555556+-0.51374117
52.94079597+-0.51927408
52.93668741+-0.52609506
52.93335471+-0.53399687
52.93089913+-0.54273941
52.9293953+-0.55205705
52.92888889+-0.56166667
52.9293953+-0.57127629
52.93089913+-0.58059392
52.93335471+-0.58933646
52.93668741+-0.59723827
52.94079597+-0.60405926
52.94555556+-0.60959216
52.95082155+-0.61366888
52.95643395+-0.61616553
52.96222222+-0.61700626
52.96801049+-0.61616553
52.97362289+-0.61366888
52.97888889+-0.60959216
52.98364848+-0.60405926
52.98775704+-0.59723827
52.99108974+-0.58933646
52.99354531+-0.58059392
52.99504915+-0.57127629
52.99555556+-0.56166667
-1
{ATZ EGUB Benson}
$TYPE=8
51.64972+-1.09583
51.64922+-1.10516
51.64771+-1.11419
51.64526+-1.12268
51.64192+-1.13034
51.63782+-1.13696
51.63306+-1.14232
51.62779+-1.14628
51.62218+-1.14870
51.61639+-1.14952
51.61060+-1.14870
51.60499+-1.14628
51.59972+-1.14232
51.59496+-1.13696
51.59085+-1.13034
51.58752+-1.12268
51.58507+-1.11419
51.58356+-1.10516
51.58306+-1.09583
51.58356+-1.08651
51.58507+-1.07747
51.58752+-1.06899
51.59085+-1.06133
51.59496+-1.05471
51.59972+-1.04934
51.60499+-1.04539
51.61060+-1.04297
51.61639+-1.04215
51.62218+-1.04297
51.62779+-1.04539
51.63306+-1.04934
51.63782+-1.05471
51.64192+-1.06133
51.64526+-1.06899
51.64771+-1.07747
51.64922+-1.08651
51.64972+-1.09583
-1
{ATZ EGDM Boscombe}
$TYPE=8
51.19472222+-1.75111111
51.19408921+-1.73957595
51.19220941+-1.72839127
51.18913995+-1.71789693
51.18497407+-1.70841178
51.17983837+-1.70022404
51.17388889+-1.69358246
51.16730639+-1.68868887
51.1602909+-1.68569195
51.15305556+-1.68468275
51.14582021+-1.68569195
51.13880472+-1.68868887
51.13222222+-1.69358246
51.12627274+-1.70022404
51.12113704+-1.70841178
51.11697116+-1.71789693
51.1139017+-1.72839127
51.1120219+-1.73957595
51.11138889+-1.75111111
51.1120219+-1.76264627
51.1139017+-1.77383095
51.11697116+-1.78432529
51.12113704+-1.79381044
51.12627274+-1.80199819
51.13222222+-1.80863976
51.13880472+-1.81353335
51.14582021+-1.81653028
51.15305556+-1.81753947
51.1602909+-1.81653028
51.16730639+-1.81353335
51.17388889+-1.80863976
51.17983837+-1.80199819
51.18497407+-1.79381044
51.18913995+-1.78432529
51.19220941+-1.77383095
51.19408921+-1.76264627
51.19472222+-1.75111111
-1
{ATZ EGVN Brize Norton}
$TYPE=8
51.79167+-1.58361
51.79103+-1.59530
51.78915+-1.60663
51.78608+-1.61726
51.78192+-1.62687
51.77678+-1.63517
51.77083+-1.64190
51.76425+-1.64685
51.75724+-1.64989
51.75000+-1.65091
51.74276+-1.64989
51.73575+-1.64685
51.72917+-1.64190
51.72322+-1.63517
51.71808+-1.62687
51.71392+-1.61726
51.71085+-1.60663
51.70897+-1.59530
51.70833+-1.58361
51.70897+-1.57192
51.71085+-1.56059
51.71392+-1.54996
51.71808+-1.54035
51.72322+-1.53205
51.72917+-1.52533
51.73575+-1.52037
51.74276+-1.51733
51.75000+-1.51631
51.75724+-1.51733
51.76425+-1.52037
51.77083+-1.52533
51.77678+-1.53205
51.78192+-1.54035
51.78608+-1.54996
51.78915+-1.56059
51.79103+-1.57192
51.79167+-1.58361
-1
{ATZ EGDC Chivenor}
$TYPE=8
51.12056+-4.15028
51.12005+-4.15949
51.11855+-4.16843
51.11609+-4.17681
51.11276+-4.18439
51.10865+-4.19093
51.10389+-4.19624
51.09862+-4.20014
51.09301+-4.20254
51.08722+-4.20334
51.08143+-4.20254
51.07582+-4.20014
51.07056+-4.19624
51.06580+-4.19093
51.06169+-4.18439
51.05835+-4.17681
51.05590+-4.16843
51.05440+-4.15949
51.05389+-4.15028
51.05440+-4.14106
51.05590+-4.13213
51.05835+-4.12374
51.06169+-4.11617
51.06580+-4.10963
51.07056+-4.10432
51.07582+-4.10041
51.08143+-4.09802
51.08722+-4.09721
51.09301+-4.09802
51.09862+-4.10041
51.10389+-4.10432
51.10865+-4.10963
51.11276+-4.11617
51.11609+-4.12374
51.11855+-4.13213
51.12005+-4.14106
51.12056+-4.15028
-1
{ATZ EGXG Church Fenton}
$TYPE=8
53.86778+-1.19528
53.86727+-1.20509
53.86577+-1.21460
53.86331+-1.22352
53.85998+-1.23159
53.85587+-1.23855
53.85111+-1.24420
53.84585+-1.24836
53.84023+-1.25091
53.83444+-1.25176
53.82866+-1.25091
53.82304+-1.24836
53.81778+-1.24420
53.81302+-1.23855
53.80891+-1.23159
53.80558+-1.22352
53.80312+-1.21460
53.80162+-1.20509
53.80111+-1.19528
53.80162+-1.18547
53.80312+-1.17596
53.80558+-1.16703
53.80891+-1.15897
53.81302+-1.15201
53.81778+-1.14636
53.82304+-1.14220
53.82866+-1.13965
53.83444+-1.13879
53.84023+-1.13965
53.84585+-1.14220
53.85111+-1.14636
53.85587+-1.15201
53.85998+-1.15897
53.86331+-1.16703
53.86577+-1.17596
53.86727+-1.18547
53.86778+-1.19528
-1
{ATZ EGUO Colerne}
$TYPE=8
51.47500+-2.27944
51.47449+-2.28873
51.47299+-2.29773
51.47053+-2.30618
51.46720+-2.31382
51.46309+-2.32041
51.45833+-2.32576
51.45307+-2.32970
51.44745+-2.33211
51.44167+-2.33292
51.43588+-2.33211
51.43027+-2.32970
51.42500+-2.32576
51.42024+-2.32041
51.41613+-2.31382
51.41280+-2.30618
51.41034+-2.29773
51.40884+-2.28873
51.40833+-2.27944
51.40884+-2.27016
51.41034+-2.26115
51.41280+-2.25271
51.41613+-2.24507
51.42024+-2.23848
51.42500+-2.23313
51.43027+-2.22919
51.43588+-2.22678
51.44167+-2.22597
51.44745+-2.22678
51.45307+-2.22919
51.45833+-2.23313
51.46309+-2.23848
51.46720+-2.24507
51.47053+-2.25271
51.47299+-2.26115
51.47449+-2.27016
51.47500+-2.27944
-1
{ATZ EGXC Coningsby}
$TYPE=8
53.13472+-0.16611
53.13409+-0.17816
53.13221+-0.18984
53.12914+-0.20080
53.12497+-0.21071
53.11984+-0.21926
53.11389+-0.22620
53.10731+-0.23131
53.10029+-0.23444
53.09306+-0.23550
53.08582+-0.23444
53.07880+-0.23131
53.07222+-0.22620
53.06627+-0.21926
53.06114+-0.21071
53.05697+-0.20080
53.05390+-0.18984
53.05202+-0.17816
53.05139+-0.16611
53.05202+-0.15406
53.05390+-0.14238
53.05697+-0.13142
53.06114+-0.12151
53.06627+-0.11296
53.07222+-0.10602
53.07880+-0.10091
53.08582+-0.09778
53.09306+-0.09673
53.10029+-0.09778
53.10731+-0.10091
53.11389+-0.10602
53.11984+-0.11296
53.12497+-0.12151
53.12914+-0.13142
53.13221+-0.14238
53.13409+-0.15406
53.13472+-0.16611
-1
{ATZ EGWC Cosford}
$TYPE=8
52.67333+-2.30556
52.67283+-2.31509
52.67132+-2.32434
52.66887+-2.33302
52.66553+-2.34086
52.66143+-2.34764
52.65667+-2.35313
52.65140+-2.35717
52.64579+-2.35965
52.64000+-2.36049
52.63421+-2.35965
52.62860+-2.35717
52.62333+-2.35313
52.61857+-2.34764
52.61447+-2.34086
52.61113+-2.33302
52.60868+-2.32434
52.60717+-2.31509
52.60667+-2.30556
52.60717+-2.29602
52.60868+-2.28677
52.61113+-2.27809
52.61447+-2.27025
52.61857+-2.26348
52.62333+-2.25798
52.62860+-2.25394
52.63421+-2.25146
52.64000+-2.25062
52.64579+-2.25146
52.65140+-2.25394
52.65667+-2.25798
52.66143+-2.26348
52.66553+-2.27025
52.66887+-2.27809
52.67132+-2.28677
52.67283+-2.29602
52.67333+-2.30556
-1
{ATZ EGXJ Cottesmore}
$TYPE=8
52.77750+-0.64889
52.77687+-0.66084
52.77499+-0.67242
52.77192+-0.68330
52.76775+-0.69312
52.76262+-0.70160
52.75667+-0.70848
52.75008+-0.71355
52.74307+-0.71666
52.73583+-0.71770
52.72860+-0.71666
52.72158+-0.71355
52.71500+-0.70848
52.70905+-0.70160
52.70391+-0.69312
52.69975+-0.68330
52.69668+-0.67242
52.69480+-0.66084
52.69417+-0.64889
52.69480+-0.63694
52.69668+-0.62535
52.69975+-0.61448
52.70391+-0.60466
52.70905+-0.59617
52.71500+-0.58929
52.72158+-0.58422
52.72860+-0.58112
52.73583+-0.58007
52.74307+-0.58112
52.75008+-0.58422
52.75667+-0.58929
52.76262+-0.59617
52.76775+-0.60466
52.77192+-0.61448
52.77499+-0.62535
52.77687+-0.63694
52.77750+-0.64889
-1
{ATZ EGYD Cranwell}
$TYPE=8
53.07167+-0.49278
53.07103+-0.50481
53.06915+-0.51647
53.06608+-0.52742
53.06192+-0.53731
53.05678+-0.54585
53.05083+-0.55278
53.04425+-0.55788
53.03724+-0.56101
53.03000+-0.56206
53.02276+-0.56101
53.01575+-0.55788
53.00917+-0.55278
53.00322+-0.54585
52.99808+-0.53731
52.99392+-0.52742
52.99085+-0.51647
52.98897+-0.50481
52.98833+-0.49278
52.98897+-0.48075
52.99085+-0.46908
52.99392+-0.45814
52.99808+-0.44824
53.00322+-0.43970
53.00917+-0.43278
53.01575+-0.42767
53.02276+-0.42455
53.03000+-0.42349
53.03724+-0.42455
53.04425+-0.42767
53.05083+-0.43278
53.05678+-0.43970
53.06192+-0.44824
53.06608+-0.45814
53.06915+-0.46908
53.07103+-0.48075
53.07167+-0.49278
-1
{ATZ EGDR Culdrose}
$TYPE=8
50.11889+-5.25417
50.11838+-5.26319
50.11688+-5.27193
50.11442+-5.28014
50.11109+-5.28756
50.10698+-5.29396
50.10222+-5.29916
50.09696+-5.30298
50.09134+-5.30533
50.08556+-5.30612
50.07977+-5.30533
50.07415+-5.30298
50.06889+-5.29916
50.06413+-5.29396
50.06002+-5.28756
50.05669+-5.28014
50.05423+-5.27193
50.05273+-5.26319
50.05222+-5.25417
50.05273+-5.24515
50.05423+-5.23640
50.05669+-5.22819
50.06002+-5.22077
50.06413+-5.21437
50.06889+-5.20918
50.07415+-5.20535
50.07977+-5.20301
50.08556+-5.20222
50.09134+-5.20301
50.09696+-5.20535
50.10222+-5.20918
50.10698+-5.21437
50.11109+-5.22077
50.11442+-5.22819
50.11688+-5.23640
50.11838+-5.24515
50.11889+-5.25417
-1
{ATZ EGXD Dishforth}
$TYPE=8
54.17889+-1.42028
54.17826+-1.43263
54.17638+-1.44460
54.17331+-1.45584
54.16914+-1.46599
54.16401+-1.47476
54.15806+-1.48187
54.15147+-1.48711
54.14446+-1.49032
54.13722+-1.49140
54.12999+-1.49032
54.12297+-1.48711
54.11639+-1.48187
54.11044+-1.47476
54.10530+-1.46599
54.10114+-1.45584
54.09807+-1.44460
54.09619+-1.43263
54.09556+-1.42028
54.09619+-1.40793
54.09807+-1.39595
54.10114+-1.38472
54.10530+-1.37456
54.11044+-1.36579
54.11639+-1.35868
54.12297+-1.35344
54.12999+-1.35024
54.13722+-1.34916
54.14446+-1.35024
54.15147+-1.35344
54.15806+-1.35868
54.16401+-1.36579
54.16914+-1.37456
54.17331+-1.38472
54.17638+-1.39595
54.17826+-1.40793
54.17889+-1.42028
-1
{ATZ EGVA Fairford}
$TYPE=8
51.72528+-1.79000
51.72464+-1.80167
51.72276+-1.81299
51.71970+-1.82360
51.71553+-1.83320
51.71039+-1.84148
51.70444+-1.84820
51.69786+-1.85315
51.69085+-1.85618
51.68361+-1.85720
51.67638+-1.85618
51.66936+-1.85315
51.66278+-1.84820
51.65683+-1.84148
51.65169+-1.83320
51.64753+-1.82360
51.64446+-1.81299
51.64258+-1.80167
51.64194+-1.79000
51.64258+-1.77833
51.64446+-1.76701
51.64753+-1.75640
51.65169+-1.74680
51.65683+-1.73852
51.66278+-1.73180
51.66936+-1.72685
51.67638+-1.72382
51.68361+-1.72280
51.69085+-1.72382
51.69786+-1.72685
51.70444+-1.73180
51.71039+-1.73852
51.71553+-1.74680
51.71970+-1.75640
51.72276+-1.76701
51.72464+-1.77833
51.72528+-1.79000
-1
{ATZ EGSD Gt Yarmouth}
$TYPE=8
52.66833+1.72306
52.66783+1.73259
52.66632+1.74184
52.66387+1.75052
52.66053+1.75836
52.65643+1.76513
52.65167+1.77062
52.64640+1.77467
52.64079+1.77715
52.63500+1.77798
52.62921+1.77715
52.62360+1.77467
52.61833+1.77062
52.61357+1.76513
52.60947+1.75836
52.60613+1.75052
52.60368+1.74184
52.60217+1.73259
52.60167+1.72306
52.60217+1.71352
52.60368+1.70427
52.60613+1.69559
52.60947+1.68775
52.61357+1.68098
52.61833+1.67549
52.62360+1.67144
52.62921+1.66897
52.63500+1.66813
52.64079+1.66897
52.64640+1.67144
52.65167+1.67549
52.65643+1.68098
52.66053+1.68775
52.66387+1.69559
52.66632+1.70427
52.66783+1.71352
52.66833+1.72306
-1
{ATZ EGWN Halton}
$TYPE=8
51.82611+-0.73778
51.82560+-0.74714
51.82410+-0.75621
51.82165+-0.76472
51.81831+-0.77242
51.81420+-0.77906
51.80944+-0.78445
51.80418+-0.78842
51.79857+-0.79085
51.79278+-0.79167
51.78699+-0.79085
51.78138+-0.78842
51.77611+-0.78445
51.77135+-0.77906
51.76724+-0.77242
51.76391+-0.76472
51.76145+-0.75621
51.75995+-0.74714
51.75944+-0.73778
51.75995+-0.72842
51.76145+-0.71935
51.76391+-0.71083
51.76724+-0.70314
51.77135+-0.69649
51.77611+-0.69110
51.78138+-0.68713
51.78699+-0.68470
51.79278+-0.68388
51.79857+-0.68470
51.80418+-0.68713
51.80944+-0.69110
51.81420+-0.69649
51.81831+-0.70314
51.82165+-0.71083
51.82410+-0.71935
51.82560+-0.72842
51.82611+-0.73778
-1
{ATZ EGXH Honington}
$TYPE=8
52.38416667+0.77305556
52.38353366+0.78489852
52.38165386+0.79638164
52.37858439+0.80715601
52.37441852+0.81689426
52.36928282+0.82530049
52.36333333+0.83211928
52.35675084+0.83714345
52.34973534+0.84022035
52.3425+0.84125647
52.33526466+0.84022035
52.32824916+0.83714345
52.32166667+0.83211928
52.31571718+0.82530049
52.31058148+0.81689426
52.30641561+0.80715601
52.30334614+0.79638164
52.30146634+0.78489852
52.30083333+0.77305556
52.30146634+0.76121259
52.30334614+0.74972947
52.30641561+0.7389551
52.31058148+0.72921685
52.31571718+0.72081062
52.32166667+0.71399183
52.32824916+0.70896766
52.33526466+0.70589076
52.3425+0.70485464
52.34973534+0.70589076
52.35675084+0.70896766
52.36333333+0.71399183
52.36928282+0.72081062
52.37441852+0.72921685
52.37858439+0.7389551
52.38165386+0.74972947
52.38353366+0.76121259
52.38416667+0.77305556
-1
{ATZ EGQK Kinloss}
$TYPE=8
57.69111+-3.56056
57.69048+-3.57408
57.68860+-3.58719
57.68553+-3.59949
57.68136+-3.61061
57.67623+-3.62021
57.67028+-3.62799
57.66370+-3.63373
57.65668+-3.63724
57.64944+-3.63842
57.64221+-3.63724
57.63519+-3.63373
57.62861+-3.62799
57.62266+-3.62021
57.61753+-3.61061
57.61336+-3.59949
57.61029+-3.58719
57.60841+-3.57408
57.60778+-3.56056
57.60841+-3.54703
57.61029+-3.53392
57.61336+-3.52162
57.61753+-3.51050
57.62266+-3.50091
57.62861+-3.49312
57.63519+-3.48738
57.64221+-3.48387
57.64944+-3.48269
57.65668+-3.48387
57.66370+-3.48738
57.67028+-3.49312
57.67623+-3.50091
57.68136+-3.51050
57.68553+-3.52162
57.68860+-3.53392
57.69048+-3.54703
57.69111+-3.56056
-1
{ATZ EGUL Lakenheath}
$TYPE=8
52.45083+0.56111
52.45020+0.57297
52.44832+0.58447
52.44525+0.59526
52.44109+0.60502
52.43595+0.61343
52.43000+0.62026
52.42342+0.62530
52.41640+0.62838
52.40917+0.62942
52.40193+0.62838
52.39492+0.62530
52.38833+0.62026
52.38238+0.61343
52.37725+0.60502
52.37308+0.59526
52.37001+0.58447
52.36813+0.57297
52.36750+0.56111
52.36813+0.54925
52.37001+0.53775
52.37308+0.52696
52.37725+0.51721
52.38238+0.50879
52.38833+0.50196
52.39492+0.49693
52.40193+0.49384
52.40917+0.49281
52.41640+0.49384
52.42342+0.49693
52.43000+0.50196
52.43595+0.50879
52.44109+0.51721
52.44525+0.52696
52.44832+0.53775
52.45020+0.54925
52.45083+0.56111
-1
{ATZ EGXE Leeming}
$TYPE=8
54.33417+-1.53528
54.33353+-1.54767
54.33165+-1.55969
54.32858+-1.57097
54.32442+-1.58117
54.31928+-1.58997
54.31333+-1.59710
54.30675+-1.60236
54.29974+-1.60558
54.29250+-1.60667
54.28526+-1.60558
54.27825+-1.60236
54.27167+-1.59710
54.26572+-1.58997
54.26058+-1.58117
54.25642+-1.57097
54.25335+-1.55969
54.25147+-1.54767
54.25083+-1.53528
54.25147+-1.52288
54.25335+-1.51086
54.25642+-1.49958
54.26058+-1.48939
54.26572+-1.48059
54.27167+-1.47345
54.27825+-1.46819
54.28526+-1.46497
54.29250+-1.46389
54.29974+-1.46497
54.30675+-1.46819
54.31333+-1.47345
54.31928+-1.48059
54.32442+-1.48939
54.32858+-1.49958
54.33165+-1.51086
54.33353+-1.52288
54.33417+-1.53528
-1
{ATZ EGQL Leuchars}
$TYPE=8
56.41639+-2.86111
56.41576+-2.87418
56.41388+-2.88685
56.41081+-2.89873
56.40664+-2.90948
56.40151+-2.91875
56.39556+-2.92627
56.38897+-2.93182
56.38196+-2.93521
56.37472+-2.93635
56.36749+-2.93521
56.36047+-2.93182
56.35389+-2.92627
56.34794+-2.91875
56.34280+-2.90948
56.33864+-2.89873
56.33557+-2.88685
56.33369+-2.87418
56.33306+-2.86111
56.33369+-2.84805
56.33557+-2.83538
56.33864+-2.82349
56.34280+-2.81275
56.34794+-2.80347
56.35389+-2.79595
56.36047+-2.79041
56.36749+-2.78701
56.37472+-2.78587
56.38196+-2.78701
56.38897+-2.79041
56.39556+-2.79595
56.40151+-2.80347
56.40664+-2.81275
56.41081+-2.82349
56.41388+-2.83538
56.41576+-2.84805
56.41639+-2.86111
-1
{ATZ EGXU Linton}
$TYPE=8
54.08278+-1.25361
54.08227+-1.26347
54.08077+-1.27303
54.07831+-1.28200
54.07498+-1.29011
54.07087+-1.29711
54.06611+-1.30278
54.06085+-1.30696
54.05523+-1.30953
54.04944+-1.31039
54.04366+-1.30953
54.03804+-1.30696
54.03278+-1.30278
54.02802+-1.29711
54.02391+-1.29011
54.02058+-1.28200
54.01812+-1.27303
54.01662+-1.26347
54.01611+-1.25361
54.01662+-1.24375
54.01812+-1.23419
54.02058+-1.22522
54.02391+-1.21712
54.02802+-1.21012
54.03278+-1.20444
54.03804+-1.20026
54.04366+-1.19770
54.04944+-1.19683
54.05523+-1.19770
54.06085+-1.20026
54.06611+-1.20444
54.07087+-1.21012
54.07498+-1.21712
54.07831+-1.22522
54.08077+-1.23419
54.08227+-1.24375
54.08278+-1.25361
-1
{ATZ EGQS Lossiemouth}
$TYPE=8
57.74861+-3.33750
57.74798+-3.35104
57.74610+-3.36417
57.74303+-3.37650
57.73886+-3.38763
57.73373+-3.39724
57.72778+-3.40504
57.72120+-3.41079
57.71418+-3.41431
57.70694+-3.41549
57.69971+-3.41431
57.69269+-3.41079
57.68611+-3.40504
57.68016+-3.39724
57.67503+-3.38763
57.67086+-3.37650
57.66779+-3.36417
57.66591+-3.35104
57.66528+-3.33750
57.66591+-3.32396
57.66779+-3.31083
57.67086+-3.29850
57.67503+-3.28737
57.68016+-3.27776
57.68611+-3.26996
57.69269+-3.26421
57.69971+-3.26069
57.70694+-3.25951
57.71418+-3.26069
57.72120+-3.26421
57.72778+-3.26996
57.73373+-3.27776
57.73886+-3.28737
57.74303+-3.29850
57.74610+-3.31083
57.74798+-3.32396
57.74861+-3.33750
-1
{ATZ EGDL Lyneham}
$TYPE=8
51.54694+-1.99333
51.54631+-2.00496
51.54443+-2.01623
51.54136+-2.02680
51.53720+-2.03636
51.53206+-2.04461
51.52611+-2.05131
51.51953+-2.05624
51.51251+-2.05926
51.50528+-2.06027
51.49804+-2.05926
51.49103+-2.05624
51.48444+-2.05131
51.47849+-2.04461
51.47336+-2.03636
51.46919+-2.02680
51.46612+-2.01623
51.46424+-2.00496
51.46361+-1.99333
51.46424+-1.98171
51.46612+-1.97044
51.46919+-1.95986
51.47336+-1.95030
51.47849+-1.94205
51.48444+-1.93536
51.49103+-1.93043
51.49804+-1.92741
51.50528+-1.92639
51.51251+-1.92741
51.51953+-1.93043
51.52611+-1.93536
51.53206+-1.94205
51.53720+-1.95030
51.54136+-1.95986
51.54443+-1.97044
51.54631+-1.98171
51.54694+-1.99333
-1
{ATZ EGYM Marham}
$TYPE=8
52.69000+0.55056
52.68937+0.56248
52.68749+0.57404
52.68442+0.58489
52.68025+0.59470
52.67512+0.60317
52.66917+0.61003
52.66258+0.61509
52.65557+0.61819
52.64833+0.61923
52.64110+0.61819
52.63408+0.61509
52.62750+0.61003
52.62155+0.60317
52.61641+0.59470
52.61225+0.58489
52.60918+0.57404
52.60730+0.56248
52.60667+0.55056
52.60730+0.53863
52.60918+0.52707
52.61225+0.51622
52.61641+0.50641
52.62155+0.49795
52.62750+0.49108
52.63408+0.48602
52.64110+0.48292
52.64833+0.48188
52.65557+0.48292
52.66258+0.48602
52.66917+0.49108
52.67512+0.49795
52.68025+0.50641
52.68442+0.51622
52.68749+0.52707
52.68937+0.53863
52.69000+0.55056
-1
{ATZ EGDW Merryfield}
$TYPE=8
51.00472+-2.93694
51.00409+-2.94843
51.00221+-2.95957
50.99914+-2.97002
50.99497+-2.97947
50.98984+-2.98762
50.98389+-2.99424
50.97731+-2.99911
50.97029+-3.00210
50.96306+-3.00310
50.95582+-3.00210
50.94880+-2.99911
50.94222+-2.99424
50.93627+-2.98762
50.93114+-2.97947
50.92697+-2.97002
50.92390+-2.95957
50.92202+-2.94843
50.92139+-2.93694
50.92202+-2.92546
50.92390+-2.91432
50.92697+-2.90387
50.93114+-2.89442
50.93627+-2.88627
50.94222+-2.87965
50.94880+-2.87478
50.95582+-2.87179
50.96306+-2.87079
50.97029+-2.87179
50.97731+-2.87478
50.98389+-2.87965
50.98984+-2.88627
50.99497+-2.89442
50.99914+-2.90387
51.00221+-2.91432
51.00409+-2.92546
51.00472+-2.93694
-1
{ATZ EGVP Middle Wallop}
$TYPE=8
51.17278+-1.56861
51.17227+-1.57784
51.17077+-1.58678
51.16831+-1.59517
51.16498+-1.60276
51.16087+-1.60931
51.15611+-1.61462
51.15085+-1.61853
51.14523+-1.62093
51.13944+-1.62174
51.13366+-1.62093
51.12804+-1.61853
51.12278+-1.61462
51.11802+-1.60931
51.11391+-1.60276
51.11058+-1.59517
51.10812+-1.58678
51.10662+-1.57784
51.10611+-1.56861
51.10662+-1.55939
51.10812+-1.55044
51.11058+-1.54205
51.11391+-1.53446
51.11802+-1.52791
51.12278+-1.52260
51.12804+-1.51869
51.13366+-1.51629
51.13944+-1.51548
51.14523+-1.51629
51.15085+-1.51869
51.15611+-1.52260
51.16087+-1.52791
51.16498+-1.53446
51.16831+-1.54205
51.17077+-1.55044
51.17227+-1.55939
51.17278+-1.56861
-1
{ATZ EGUN Mildenhall}
$TYPE=8
52.40333+0.48639
52.40270+0.49824
52.40082+0.50973
52.39775+0.52050
52.39359+0.53025
52.38845+0.53866
52.38250+0.54548
52.37592+0.55050
52.36890+0.55358
52.36167+0.55462
52.35443+0.55358
52.34742+0.55050
52.34083+0.54548
52.33488+0.53866
52.32975+0.53025
52.32558+0.52050
52.32251+0.50973
52.32063+0.49824
52.32000+0.48639
52.32063+0.47454
52.32251+0.46305
52.32558+0.45227
52.32975+0.44253
52.33488+0.43412
52.34083+0.42730
52.34742+0.42227
52.35443+0.41919
52.36167+0.41816
52.36890+0.41919
52.37592+0.42227
52.38250+0.42730
52.38845+0.43412
52.39359+0.44253
52.39775+0.45227
52.40082+0.46305
52.40270+0.47454
52.40333+0.48639
-1
{ATZ EGOQ Mona}
$TYPE=8
53.29250+-4.37417
53.29199+-4.38384
53.29049+-4.39323
53.28803+-4.40203
53.28470+-4.40998
53.28059+-4.41685
53.27583+-4.42242
53.27057+-4.42653
53.26495+-4.42904
53.25917+-4.42989
53.25338+-4.42904
53.24777+-4.42653
53.24250+-4.42242
53.23774+-4.41685
53.23363+-4.40998
53.23030+-4.40203
53.22784+-4.39323
53.22634+-4.38384
53.22583+-4.37417
53.22634+-4.36449
53.22784+-4.35511
53.23030+-4.34631
53.23363+-4.33835
53.23774+-4.33148
53.24250+-4.32591
53.24777+-4.32180
53.25338+-4.31929
53.25917+-4.31844
53.26495+-4.31929
53.27057+-4.32180
53.27583+-4.32591
53.28059+-4.33148
53.28470+-4.33835
53.28803+-4.34631
53.29049+-4.35511
53.29199+-4.36449
53.29250+-4.37417
-1
{ATZ EGDN Netheravon}
$TYPE=8
51.28056+-1.75417
51.28005+-1.76341
51.27855+-1.77238
51.27609+-1.78079
51.27276+-1.78840
51.26865+-1.79496
51.26389+-1.80028
51.25862+-1.80421
51.25301+-1.80661
51.24722+-1.80742
51.24143+-1.80661
51.23582+-1.80421
51.23056+-1.80028
51.22580+-1.79496
51.22169+-1.78840
51.21835+-1.78079
51.21590+-1.77238
51.21440+-1.76341
51.21389+-1.75417
51.21440+-1.74492
51.21590+-1.73595
51.21835+-1.72754
51.22169+-1.71994
51.22580+-1.71337
51.23056+-1.70805
51.23582+-1.70413
51.24143+-1.70172
51.24722+-1.70092
51.25301+-1.70172
51.25862+-1.70413
51.26389+-1.70805
51.26865+-1.71337
51.27276+-1.71994
51.27609+-1.72754
51.27855+-1.73595
51.28005+-1.74492
51.28056+-1.75417
-1
{ATZ EGVO Odiham}
$TYPE=8
51.26750+-0.94278
51.26699+-0.95202
51.26549+-0.96099
51.26303+-0.96940
51.25970+-0.97700
51.25559+-0.98356
51.25083+-0.98888
51.24557+-0.99280
51.23995+-0.99521
51.23417+-0.99601
51.22838+-0.99521
51.22277+-0.99280
51.21750+-0.98888
51.21274+-0.98356
51.20863+-0.97700
51.20530+-0.96940
51.20284+-0.96099
51.20134+-0.95202
51.20083+-0.94278
51.20134+-0.93353
51.20284+-0.92457
51.20530+-0.91616
51.20863+-0.90856
51.21274+-0.90200
51.21750+-0.89667
51.22277+-0.89275
51.22838+-0.89035
51.23417+-0.88954
51.23995+-0.89035
51.24557+-0.89275
51.25083+-0.89667
51.25559+-0.90200
51.25970+-0.90856
51.26303+-0.91616
51.26549+-0.92457
51.26699+-0.93353
51.26750+-0.94278
-1
{ATZ EGDO Predannack}
$TYPE=8
50.03500+-5.23194
50.03449+-5.24095
50.03299+-5.24968
50.03053+-5.25787
50.02720+-5.26528
50.02309+-5.27167
50.01833+-5.27686
50.01307+-5.28068
50.00745+-5.28302
50.00167+-5.28380
49.99588+-5.28302
49.99027+-5.28068
49.98500+-5.27686
49.98024+-5.27167
49.97613+-5.26528
49.97280+-5.25787
49.97034+-5.24968
49.96884+-5.24095
49.96833+-5.23194
49.96884+-5.22294
49.97034+-5.21421
49.97280+-5.20601
49.97613+-5.19861
49.98024+-5.19222
49.98500+-5.18703
49.99027+-5.18321
49.99588+-5.18087
50.00167+-5.18009
50.00745+-5.18087
50.01307+-5.18321
50.01833+-5.18703
50.02309+-5.19222
50.02720+-5.19861
50.03053+-5.20601
50.03299+-5.21421
50.03449+-5.22294
50.03500+-5.23194
-1
{ATZ EGDX St Athan}
$TYPE=8
51.43861+-3.43333
51.43810+-3.44261
51.43660+-3.45161
51.43415+-3.46005
51.43081+-3.46768
51.42670+-3.47427
51.42194+-3.47961
51.41668+-3.48355
51.41107+-3.48596
51.40528+-3.48677
51.39949+-3.48596
51.39388+-3.48355
51.38861+-3.47961
51.38385+-3.47427
51.37974+-3.46768
51.37641+-3.46005
51.37395+-3.45161
51.37245+-3.44261
51.37194+-3.43333
51.37245+-3.42405
51.37395+-3.41506
51.37641+-3.40662
51.37974+-3.39899
51.38385+-3.39240
51.38861+-3.38706
51.39388+-3.38312
51.39949+-3.38071
51.40528+-3.37990
51.41107+-3.38071
51.41668+-3.38312
51.42194+-3.38706
51.42670+-3.39240
51.43081+-3.39899
51.43415+-3.40662
51.43660+-3.41506
51.43810+-3.42405
51.43861+-3.43333
-1
{ATZ EGXP Scampton}
$TYPE=8
53.34944+-0.55083
53.34881+-0.56294
53.34693+-0.57468
53.34386+-0.58570
53.33970+-0.59566
53.33456+-0.60425
53.32861+-0.61122
53.32203+-0.61636
53.31501+-0.61951
53.30778+-0.62057
53.30054+-0.61951
53.29353+-0.61636
53.28694+-0.61122
53.28099+-0.60425
53.27586+-0.59566
53.27169+-0.58570
53.26862+-0.57468
53.26674+-0.56294
53.26611+-0.55083
53.26674+-0.53872
53.26862+-0.52698
53.27169+-0.51597
53.27586+-0.50601
53.28099+-0.49741
53.28694+-0.49044
53.29353+-0.48531
53.30054+-0.48216
53.30778+-0.48110
53.31501+-0.48216
53.32203+-0.48531
53.32861+-0.49044
53.33456+-0.49741
53.33970+-0.50601
53.34386+-0.51597
53.34693+-0.52698
53.34881+-0.53872
53.34944+-0.55083
-1
{ATZ EGOS Shawbury}
$TYPE=8
52.82694+-2.66778
52.82644+-2.67735
52.82493+-2.68663
52.82248+-2.69534
52.81915+-2.70321
52.81504+-2.71001
52.81028+-2.71552
52.80501+-2.71958
52.79940+-2.72207
52.79361+-2.72290
52.78782+-2.72207
52.78221+-2.71958
52.77694+-2.71552
52.77218+-2.71001
52.76808+-2.70321
52.76474+-2.69534
52.76229+-2.68663
52.76078+-2.67735
52.76028+-2.66778
52.76078+-2.65821
52.76229+-2.64892
52.76474+-2.64022
52.76808+-2.63234
52.77218+-2.62555
52.77694+-2.62004
52.78221+-2.61598
52.78782+-2.61349
52.79361+-2.61265
52.79940+-2.61349
52.80501+-2.61598
52.81028+-2.62004
52.81504+-2.62555
52.81915+-2.63234
52.82248+-2.64022
52.82493+-2.64892
52.82644+-2.65821
52.82694+-2.66778
-1
{ATZ --- Syerston}
$TYPE=8
53.05583333+-0.91305556
53.05532693+-0.90343251
53.05382309+-0.89410186
53.05136751+-0.88534711
53.04803481+-0.87743427
53.04392625+-0.87060376
53.03916667+-0.86506312
53.03390067+-0.86098071
53.02828827+-0.85848057
53.0225+-0.85763867
53.01671173+-0.85848057
53.01109933+-0.86098071
53.00583333+-0.86506312
53.00107375+-0.87060376
52.99696519+-0.87743427
52.99363249+-0.88534711
52.99117691+-0.89410186
52.98967307+-0.90343251
52.98916667+-0.91305556
52.98967307+-0.9226786
52.99117691+-0.93200925
52.99363249+-0.940764
52.99696519+-0.94867684
53.00107375+-0.95550735
53.00583333+-0.96104799
53.01109933+-0.9651304
53.01671173+-0.96763054
53.0225+-0.96847244
53.02828827+-0.96763054
53.03390067+-0.9651304
53.03916667+-0.96104799
53.04392625+-0.95550735
53.04803481+-0.94867684
53.05136751+-0.940764
53.05382309+-0.93200925
53.05532693+-0.9226786
53.05583333+-0.91305556
-1
{ATZ EGOE Ternhill}
$TYPE=8
52.90694+-2.53194
52.90644+-2.54153
52.90493+-2.55083
52.90248+-2.55956
52.89915+-2.56744
52.89504+-2.57425
52.89028+-2.57977
52.88501+-2.58384
52.87940+-2.58633
52.87361+-2.58717
52.86782+-2.58633
52.86221+-2.58384
52.85694+-2.57977
52.85218+-2.57425
52.84808+-2.56744
52.84474+-2.55956
52.84229+-2.55083
52.84078+-2.54153
52.84028+-2.53194
52.84078+-2.52235
52.84229+-2.51306
52.84474+-2.50433
52.84808+-2.49645
52.85218+-2.48964
52.85694+-2.48412
52.86221+-2.48005
52.86782+-2.47756
52.87361+-2.47672
52.87940+-2.47756
52.88501+-2.48005
52.89028+-2.48412
52.89504+-2.48964
52.89915+-2.49645
52.90248+-2.50433
52.90493+-2.51306
52.90644+-2.52235
52.90694+-2.53194
-1
{ATZ EGXZ Topcliffe}
$TYPE=8
54.23889+-1.38194
54.23838+-1.39184
54.23688+-1.40144
54.23442+-1.41044
54.23109+-1.41858
54.22698+-1.42560
54.22222+-1.43130
54.21696+-1.43550
54.21134+-1.43807
54.20556+-1.43894
54.19977+-1.43807
54.19415+-1.43550
54.18889+-1.43130
54.18413+-1.42560
54.18002+-1.41858
54.17669+-1.41044
54.17423+-1.40144
54.17273+-1.39184
54.17222+-1.38194
54.17273+-1.37205
54.17423+-1.36245
54.17669+-1.35345
54.18002+-1.34531
54.18413+-1.33829
54.18889+-1.33259
54.19415+-1.32839
54.19977+-1.32582
54.20556+-1.32495
54.21134+-1.32582
54.21696+-1.32839
54.22222+-1.33259
54.22698+-1.33829
54.23109+-1.34531
54.23442+-1.35345
54.23688+-1.36245
54.23838+-1.37205
54.23889+-1.38194
-1
{ATZ EGOV Valley}
$TYPE=8
53.28889+-4.53361
53.28826+-4.54570
53.28638+-4.55743
53.28331+-4.56843
53.27914+-4.57837
53.27401+-4.58695
53.26806+-4.59392
53.26147+-4.59905
53.25446+-4.60219
53.24722+-4.60325
53.23999+-4.60219
53.23297+-4.59905
53.22639+-4.59392
53.22044+-4.58695
53.21530+-4.57837
53.21114+-4.56843
53.20807+-4.55743
53.20619+-4.54570
53.20556+-4.53361
53.20619+-4.52152
53.20807+-4.50979
53.21114+-4.49879
53.21530+-4.48885
53.22044+-4.48027
53.22639+-4.47331
53.23297+-4.46818
53.23999+-4.46503
53.24722+-4.46398
53.25446+-4.46503
53.26147+-4.46818
53.26806+-4.47331
53.27401+-4.48027
53.27914+-4.48885
53.28331+-4.49879
53.28638+-4.50979
53.28826+-4.52152
53.28889+-4.53361
-1
{ATZ EGXW Waddington}
$TYPE=8
53.20778+-0.52389
53.20714+-0.53596
53.20526+-0.54766
53.20220+-0.55864
53.19803+-0.56856
53.19289+-0.57713
53.18694+-0.58408
53.18036+-0.58920
53.17335+-0.59234
53.16611+-0.59339
53.15888+-0.59234
53.15186+-0.58920
53.14528+-0.58408
53.13933+-0.57713
53.13419+-0.56856
53.13003+-0.55864
53.12696+-0.54766
53.12508+-0.53596
53.12444+-0.52389
53.12508+-0.51182
53.12696+-0.50012
53.13003+-0.48914
53.13419+-0.47921
53.13933+-0.47065
53.14528+-0.46370
53.15186+-0.45858
53.15888+-0.45544
53.16611+-0.45439
53.17335+-0.45544
53.18036+-0.45858
53.18694+-0.46370
53.19289+-0.47065
53.19803+-0.47921
53.20220+-0.48914
53.20526+-0.50012
53.20714+-0.51182
53.20778+-0.52389
-1
{ATZ EGUW Wattisham}
$TYPE=8
52.16889+0.95583
52.16826+0.96762
52.16638+0.97905
52.16331+0.98977
52.15914+0.99946
52.15401+1.00783
52.14806+1.01461
52.14147+1.01961
52.13446+1.02267
52.12722+1.02370
52.11999+1.02267
52.11297+1.01961
52.10639+1.01461
52.10044+1.00783
52.09530+0.99946
52.09114+0.98977
52.08807+0.97905
52.08619+0.96762
52.08556+0.95583
52.08619+0.94405
52.08807+0.93262
52.09114+0.92190
52.09530+0.91221
52.10044+0.90384
52.10639+0.89706
52.11297+0.89206
52.11999+0.88899
52.12722+0.88796
52.13446+0.88899
52.14147+0.89206
52.14806+0.89706
52.15401+0.90384
52.15914+0.91221
52.16331+0.92190
52.16638+0.93262
52.16826+0.94405
52.16889+0.95583
-1
{ATZ EGXT Wittering}
$TYPE=8
52.65417+-0.47667
52.65353+-0.48858
52.65165+-0.50014
52.64858+-0.51098
52.64442+-0.52078
52.63928+-0.52923
52.63333+-0.53609
52.62675+-0.54115
52.61974+-0.54424
52.61250+-0.54529
52.60526+-0.54424
52.59825+-0.54115
52.59167+-0.53609
52.58572+-0.52923
52.58058+-0.52078
52.57642+-0.51098
52.57335+-0.50014
52.57147+-0.48858
52.57083+-0.47667
52.57147+-0.46475
52.57335+-0.45320
52.57642+-0.44236
52.58058+-0.43256
52.58572+-0.42410
52.59167+-0.41724
52.59825+-0.41218
52.60526+-0.40909
52.61250+-0.40805
52.61974+-0.40909
52.62675+-0.41218
52.63333+-0.41724
52.63928+-0.42410
52.64442+-0.43256
52.64858+-0.44236
52.65165+-0.45320
52.65353+-0.46475
52.65417+-0.47667
-1
{ATZ EGOW Woodvale}
$TYPE=8
53.61556+-3.05667
53.61505+-3.06642
53.61355+-3.07587
53.61109+-3.08474
53.60776+-3.09276
53.60365+-3.09968
53.59889+-3.10529
53.59362+-3.10943
53.58801+-3.11196
53.58222+-3.11281
53.57643+-3.11196
53.57082+-3.10943
53.56556+-3.10529
53.56080+-3.09968
53.55669+-3.09276
53.55335+-3.08474
53.55090+-3.07587
53.54940+-3.06642
53.54889+-3.05667
53.54940+-3.04692
53.55090+-3.03746
53.55335+-3.02859
53.55669+-3.02058
53.56080+-3.01365
53.56556+-3.00804
53.57082+-3.00390
53.57643+-3.00137
53.58222+-3.00052
53.58801+-3.00137
53.59362+-3.00390
53.59889+-3.00804
53.60365+-3.01365
53.60776+-3.02058
53.61109+-3.02859
53.61355+-3.03746
53.61505+-3.04692
53.61556+-3.05667
-1
{ATZ EGUY Wyton}
$TYPE=8
52.39861+-0.10778
52.39798+-0.11962
52.39610+-0.13111
52.39303+-0.14189
52.38886+-0.15163
52.38373+-0.16004
52.37778+-0.16686
52.37120+-0.17189
52.36418+-0.17496
52.35694+-0.17600
52.34971+-0.17496
52.34269+-0.17189
52.33611+-0.16686
52.33016+-0.16004
52.32503+-0.15163
52.32086+-0.14189
52.31779+-0.13111
52.31591+-0.11962
52.31528+-0.10778
52.31591+-0.09593
52.31779+-0.08444
52.32086+-0.07367
52.32503+-0.06392
52.33016+-0.05552
52.33611+-0.04869
52.34269+-0.04367
52.34971+-0.04059
52.35694+-0.03955
52.36418+-0.04059
52.37120+-0.04367
52.37778+-0.04869
52.38373+-0.05552
52.38886+-0.06392
52.39303+-0.07367
52.39610+-0.08444
52.39798+-0.09593
52.39861+-0.10778
-1
{ATZ EGDY Yeovilton}
$TYPE=8
51.04972+-2.64583
51.04909+-2.65733
51.04721+-2.66848
51.04414+-2.67894
51.03997+-2.68840
51.03484+-2.69656
51.02889+-2.70318
51.02231+-2.70806
51.01529+-2.71105
51.00806+-2.71205
51.00082+-2.71105
50.99380+-2.70806
50.98722+-2.70318
50.98127+-2.69656
50.97614+-2.68840
50.97197+-2.67894
50.96890+-2.66848
50.96702+-2.65733
50.96639+-2.64583
50.96702+-2.63433
50.96890+-2.62318
50.97197+-2.61272
50.97614+-2.60327
50.98127+-2.59511
50.98722+-2.58848
50.99380+-2.58361
51.00082+-2.58062
51.00806+-2.57961
51.01529+-2.58062
51.02231+-2.58361
51.02889+-2.58848
51.03484+-2.59511
51.03997+-2.60327
51.04414+-2.61272
51.04721+-2.62318
51.04909+-2.63433
51.04972+-2.64583
-1