;
; © John Woodside
;
{ATZ EGAA Belfast}
$TYPE=8
54.69917+-6.21583
54.69853+-6.22834
54.69665+-6.24047
54.69358+-6.25185
54.68942+-6.26213
54.68428+-6.27101
54.67833+-6.27821
54.67175+-6.28352
54.66474+-6.28677
54.65750+-6.28786
54.65026+-6.28677
54.64325+-6.28352
54.63667+-6.27821
54.63072+-6.27101
54.62558+-6.26213
54.62142+-6.25185
54.61835+-6.24047
54.61647+-6.22834
54.61583+-6.21583
54.61647+-6.20333
54.61835+-6.19120
54.62142+-6.17982
54.62558+-6.16953
54.63072+-6.16066
54.63667+-6.15345
54.64325+-6.14815
54.65026+-6.14490
54.65750+-6.14380
54.66474+-6.14490
54.67175+-6.14815
54.67833+-6.15345
54.68428+-6.16066
54.68942+-6.16953
54.69358+-6.17982
54.69665+-6.19120
54.69853+-6.20333
54.69917+-6.21583
-1
{ATZ EGAC Belfast City}
$TYPE=8
54.65139+-5.87250
54.65088+-5.88250
54.64938+-5.89219
54.64692+-5.90128
54.64359+-5.90950
54.63948+-5.91660
54.63472+-5.92236
54.62946+-5.92660
54.62384+-5.92919
54.61806+-5.93007
54.61227+-5.92919
54.60665+-5.92660
54.60139+-5.92236
54.59663+-5.91660
54.59252+-5.90950
54.58919+-5.90128
54.58673+-5.89219
54.58523+-5.88250
54.58472+-5.87250
54.58523+-5.86250
54.58673+-5.85281
54.58919+-5.84372
54.59252+-5.83550
54.59663+-5.82840
54.60139+-5.82264
54.60665+-5.81840
54.61227+-5.81581
54.61806+-5.81493
54.62384+-5.81581
54.62946+-5.81840
54.63472+-5.82264
54.63948+-5.82840
54.64359+-5.83550
54.64692+-5.84372
54.64938+-5.85281
54.65088+-5.86250
54.65139+-5.87250
-1
{ATZ EGAD Newtownards}
$TYPE=8
54.61444+-5.69194
54.61394+-5.70193
54.61243+-5.71162
54.60998+-5.72070
54.60665+-5.72891
54.60254+-5.73600
54.59778+-5.74175
54.59251+-5.74599
54.58690+-5.74859
54.58111+-5.74946
54.57532+-5.74859
54.56971+-5.74599
54.56444+-5.74175
54.55968+-5.73600
54.55558+-5.72891
54.55224+-5.72070
54.54979+-5.71162
54.54828+-5.70193
54.54778+-5.69194
54.54828+-5.68196
54.54979+-5.67227
54.55224+-5.66319
54.55558+-5.65497
54.55968+-5.64788
54.56444+-5.64213
54.56971+-5.63790
54.57532+-5.63530
54.58111+-5.63443
54.58690+-5.63530
54.59251+-5.63790
54.59778+-5.64213
54.60254+-5.64788
54.60665+-5.65497
54.60998+-5.66319
54.61243+-5.67227
54.61394+-5.68196
54.61444+-5.69194
-1
{ATZ EGAE Londonderry}
$TYPE=8
55.08444+-7.16111
55.08381+-7.17374
55.08193+-7.18598
55.07886+-7.19747
55.07470+-7.20786
55.06956+-7.21682
55.06361+-7.22409
55.05703+-7.22945
55.05001+-7.23273
55.04278+-7.23383
55.03554+-7.23273
55.02853+-7.22945
55.02194+-7.22409
55.01599+-7.21682
55.01086+-7.20786
55.00669+-7.19747
55.00362+-7.18598
55.00174+-7.17374
55.00111+-7.16111
55.00174+-7.14848
55.00362+-7.13624
55.00669+-7.12475
55.01086+-7.11437
55.01599+-7.10540
55.02194+-7.09813
55.02853+-7.09278
55.03554+-7.08949
55.04278+-7.08839
55.05001+-7.08949
55.05703+-7.09278
55.06361+-7.09813
55.06956+-7.10540
55.07470+-7.11437
55.07886+-7.12475
55.08193+-7.13624
55.08381+-7.14848
55.08444+-7.16111
-1
{ATZ EGBB Birmingham}
$TYPE=8
52.49778+-1.75056
52.49714+-1.76243
52.49526+-1.77394
52.49220+-1.78474
52.48803+-1.79451
52.48289+-1.80294
52.47694+-1.80977
52.47036+-1.81481
52.46335+-1.81789
52.45611+-1.81893
52.44888+-1.81789
52.44186+-1.81481
52.43528+-1.80977
52.42933+-1.80294
52.42419+-1.79451
52.42003+-1.78474
52.41696+-1.77394
52.41508+-1.76243
52.41444+-1.75056
52.41508+-1.73868
52.41696+-1.72717
52.42003+-1.71637
52.42419+-1.70660
52.42933+-1.69818
52.43528+-1.69134
52.44186+-1.68630
52.44888+-1.68322
52.45611+-1.68218
52.46335+-1.68322
52.47036+-1.68630
52.47694+-1.69134
52.48289+-1.69818
52.48803+-1.70660
52.49220+-1.71637
52.49526+-1.72717
52.49714+-1.73868
52.49778+-1.75056
-1
{ATZ EGBD Derby}
$TYPE=8
52.89194+-1.61639
52.89144+-1.62598
52.88993+-1.63527
52.88748+-1.64399
52.88415+-1.65188
52.88004+-1.65868
52.87528+-1.66420
52.87001+-1.66827
52.86440+-1.67076
52.85861+-1.67160
52.85282+-1.67076
52.84721+-1.66827
52.84194+-1.66420
52.83718+-1.65868
52.83308+-1.65188
52.82974+-1.64399
52.82729+-1.63527
52.82578+-1.62598
52.82528+-1.61639
52.82578+-1.60680
52.82729+-1.59751
52.82974+-1.58879
52.83308+-1.58090
52.83718+-1.57410
52.84194+-1.56858
52.84721+-1.56451
52.85282+-1.56202
52.85861+-1.56118
52.86440+-1.56202
52.87001+-1.56451
52.87528+-1.56858
52.88004+-1.57410
52.88415+-1.58090
52.88748+-1.58879
52.88993+-1.59751
52.89144+-1.60680
52.89194+-1.61639
-1
{ATZ EGBE Coventry}
$TYPE=8
52.40306+-1.47972
52.40255+-1.48920
52.40105+-1.49839
52.39859+-1.50702
52.39526+-1.51481
52.39115+-1.52154
52.38639+-1.52700
52.38112+-1.53102
52.37551+-1.53349
52.36972+-1.53432
52.36393+-1.53349
52.35832+-1.53102
52.35306+-1.52700
52.34830+-1.52154
52.34419+-1.51481
52.34085+-1.50702
52.33840+-1.49839
52.33690+-1.48920
52.33639+-1.47972
52.33690+-1.47024
52.33840+-1.46105
52.34085+-1.45243
52.34419+-1.44463
52.34830+-1.43790
52.35306+-1.43244
52.35832+-1.42842
52.36393+-1.42596
52.36972+-1.42513
52.37551+-1.42596
52.38112+-1.42842
52.38639+-1.43244
52.39115+-1.43790
52.39526+-1.44463
52.39859+-1.45243
52.40105+-1.46105
52.40255+-1.47024
52.40306+-1.47972
-1
{ATZ EGBG Leicester}
$TYPE=8
52.64111+-1.03194
52.64060+-1.04148
52.63910+-1.05072
52.63665+-1.05939
52.63331+-1.06723
52.62920+-1.07399
52.62444+-1.07948
52.61918+-1.08352
52.61357+-1.08600
52.60778+-1.08684
52.60199+-1.08600
52.59638+-1.08352
52.59111+-1.07948
52.58635+-1.07399
52.58224+-1.06723
52.57891+-1.05939
52.57645+-1.05072
52.57495+-1.04148
52.57444+-1.03194
52.57495+-1.02241
52.57645+-1.01317
52.57891+-1.00450
52.58224+-0.99666
52.58635+-0.98990
52.59111+-0.98441
52.59638+-0.98036
52.60199+-0.97789
52.60778+-0.97705
52.61357+-0.97789
52.61918+-0.98036
52.62444+-0.98441
52.62920+-0.98990
52.63331+-0.99666
52.63665+-1.00450
52.63910+-1.01317
52.64060+-1.02241
52.64111+-1.03194
-1
{ATZ EGBJ Gloucestershire}
$TYPE=8
51.92750+-2.16722
51.92699+-2.17660
51.92549+-2.18570
51.92303+-2.19423
51.91970+-2.20194
51.91559+-2.20860
51.91083+-2.21400
51.90557+-2.21798
51.89995+-2.22042
51.89417+-2.22124
51.88838+-2.22042
51.88277+-2.21798
51.87750+-2.21400
51.87274+-2.20860
51.86863+-2.20194
51.86530+-2.19423
51.86284+-2.18570
51.86134+-2.17660
51.86083+-2.16722
51.86134+-2.15784
51.86284+-2.14875
51.86530+-2.14021
51.86863+-2.13250
51.87274+-2.12584
51.87750+-2.12044
51.88277+-2.11647
51.88838+-2.11403
51.89417+-2.11321
51.89995+-2.11403
51.90557+-2.11647
51.91083+-2.12044
51.91559+-2.12584
51.91970+-2.13250
51.92303+-2.14021
51.92549+-2.14875
51.92699+-2.15784
51.92750+-2.16722
-1
{ATZ EGBK Northampton}
$TYPE=8
52.33853+-0.79296
52.33803+-0.80243
52.33652+-0.81161
52.33407+-0.82022
52.33073+-0.82800
52.32663+-0.83472
52.32187+-0.84017
52.31660+-0.84419
52.31099+-0.84665
52.30520+-0.84748
52.29941+-0.84665
52.29380+-0.84419
52.28853+-0.84017
52.28377+-0.83472
52.27967+-0.82800
52.27633+-0.82022
52.27388+-0.81161
52.27237+-0.80243
52.27187+-0.79296
52.27237+-0.78349
52.27388+-0.77432
52.27633+-0.76570
52.27967+-0.75792
52.28377+-0.75120
52.28853+-0.74575
52.29380+-0.74173
52.29941+-0.73927
52.30520+-0.73845
52.31099+-0.73927
52.31660+-0.74173
52.32187+-0.74575
52.32663+-0.75120
52.33073+-0.75792
52.33407+-0.76570
52.33652+-0.77432
52.33803+-0.78349
52.33853+-0.79296
-1
{ATZ EGBM Tatenhill}
$TYPE=8
52.84803+-1.76113
52.84753+-1.77070
52.84602+-1.77999
52.84357+-1.78870
52.84023+-1.79658
52.83613+-1.80337
52.83137+-1.80889
52.82610+-1.81295
52.82049+-1.81544
52.81470+-1.81628
52.80891+-1.81544
52.80330+-1.81295
52.79803+-1.80889
52.79327+-1.80337
52.78917+-1.79658
52.78583+-1.78870
52.78338+-1.77999
52.78187+-1.77070
52.78137+-1.76113
52.78187+-1.75155
52.78338+-1.74226
52.78583+-1.73355
52.78917+-1.72567
52.79327+-1.71888
52.79803+-1.71336
52.80330+-1.70930
52.80891+-1.70681
52.81470+-1.70597
52.82049+-1.70681
52.82610+-1.70930
52.83137+-1.71336
52.83613+-1.71888
52.84023+-1.72567
52.84357+-1.73355
52.84602+-1.74226
52.84753+-1.75155
52.84803+-1.76113
-1
{ATZ EGBN Nottingham}
$TYPE=8
52.95333+-1.07917
52.95283+-1.08877
52.95132+-1.09808
52.94887+-1.10681
52.94553+-1.11470
52.94143+-1.12152
52.93667+-1.12705
52.93140+-1.13112
52.92579+-1.13361
52.92000+-1.13445
52.91421+-1.13361
52.90860+-1.13112
52.90333+-1.12705
52.89857+-1.12152
52.89447+-1.11470
52.89113+-1.10681
52.88868+-1.09808
52.88717+-1.08877
52.88667+-1.07917
52.88717+-1.06957
52.88868+-1.06026
52.89113+-1.05152
52.89447+-1.04363
52.89857+-1.03682
52.90333+-1.03129
52.90860+-1.02722
52.91421+-1.02472
52.92000+-1.02388
52.92579+-1.02472
52.93140+-1.02722
52.93667+-1.03129
52.94143+-1.03682
52.94553+-1.04363
52.94887+-1.05152
52.95132+-1.06026
52.95283+-1.06957
52.95333+-1.07917
-1
{ATZ EGBO Wolverhampton}
$TYPE=8
52.55072+-2.25955
52.55021+-2.26906
52.54871+-2.27828
52.54625+-2.28694
52.54292+-2.29476
52.53881+-2.30151
52.53405+-2.30699
52.52878+-2.31102
52.52317+-2.31349
52.51738+-2.31432
52.51160+-2.31349
52.50598+-2.31102
52.50072+-2.30699
52.49596+-2.30151
52.49185+-2.29476
52.48852+-2.28694
52.48606+-2.27828
52.48456+-2.26906
52.48405+-2.25955
52.48456+-2.25004
52.48606+-2.24081
52.48852+-2.23216
52.49185+-2.22434
52.49596+-2.21759
52.50072+-2.21211
52.50598+-2.20807
52.51160+-2.20560
52.51738+-2.20477
52.52317+-2.20560
52.52878+-2.20807
52.53405+-2.21211
52.53881+-2.21759
52.54292+-2.22434
52.54625+-2.23216
52.54871+-2.24081
52.55021+-2.25004
52.55072+-2.25955
-1
{ATZ EGBP Kemble}
$TYPE=8
51.70139+-2.05701
51.70089+-2.06634
51.69938+-2.07539
51.69693+-2.08388
51.69360+-2.09155
51.68949+-2.09818
51.68473+-2.10355
51.67946+-2.10751
51.67385+-2.10994
51.66806+-2.11075
51.66227+-2.10994
51.65666+-2.10751
51.65139+-2.10355
51.64663+-2.09818
51.64253+-2.09155
51.63919+-2.08388
51.63674+-2.07539
51.63523+-2.06634
51.63473+-2.05701
51.63523+-2.04768
51.63674+-2.03863
51.63919+-2.03014
51.64253+-2.02246
51.64663+-2.01584
51.65139+-2.01046
51.65666+-2.00650
51.66227+-2.00408
51.66806+-2.00326
51.67385+-2.00408
51.67946+-2.00650
51.68473+-2.01046
51.68949+-2.01584
51.69360+-2.02246
51.69693+-2.03014
51.69938+-2.03863
51.70089+-2.04768
51.70139+-2.05701
-1
{ATZ EGBS Shobdon}
$TYPE=8
52.27500+-2.88139
52.27449+-2.89084
52.27299+-2.90001
52.27053+-2.90861
52.26720+-2.91638
52.26309+-2.92309
52.25833+-2.92853
52.25307+-2.93254
52.24745+-2.93500
52.24167+-2.93583
52.23588+-2.93500
52.23027+-2.93254
52.22500+-2.92853
52.22024+-2.92309
52.21613+-2.91638
52.21280+-2.90861
52.21034+-2.90001
52.20884+-2.89084
52.20833+-2.88139
52.20884+-2.87194
52.21034+-2.86277
52.21280+-2.85417
52.21613+-2.84640
52.22024+-2.83969
52.22500+-2.83425
52.23027+-2.83024
52.23588+-2.82778
52.24167+-2.82695
52.24745+-2.82778
52.25307+-2.83024
52.25833+-2.83425
52.26309+-2.83969
52.26720+-2.84640
52.27053+-2.85417
52.27299+-2.86277
52.27449+-2.87194
52.27500+-2.88139
-1
{ATZ EGBT Turweston}
$TYPE=8
52.07417+-1.09556
52.07366+-1.10497
52.07216+-1.11409
52.06970+-1.12265
52.06637+-1.13039
52.06226+-1.13707
52.05750+-1.14249
52.05223+-1.14648
52.04662+-1.14892
52.04083+-1.14975
52.03505+-1.14892
52.02943+-1.14648
52.02417+-1.14249
52.01941+-1.13707
52.01530+-1.13039
52.01197+-1.12265
52.00951+-1.11409
52.00801+-1.10497
52.00750+-1.09556
52.00801+-1.08615
52.00951+-1.07702
52.01197+-1.06846
52.01530+-1.06072
52.01941+-1.05404
52.02417+-1.04862
52.02943+-1.04463
52.03505+-1.04219
52.04083+-1.04136
52.04662+-1.04219
52.05223+-1.04463
52.05750+-1.04862
52.06226+-1.05404
52.06637+-1.06072
52.06970+-1.06846
52.07216+-1.07702
52.07366+-1.08615
52.07417+-1.09556
-1
{ATZ EGBW Wellesborne}
$TYPE=8
52.22554+-1.61440
52.22504+-1.62384
52.22353+-1.63300
52.22108+-1.64159
52.21774+-1.64935
52.21363+-1.65605
52.20888+-1.66149
52.20361+-1.66550
52.19800+-1.66795
52.19221+-1.66878
52.18642+-1.66795
52.18081+-1.66550
52.17554+-1.66149
52.17078+-1.65605
52.16667+-1.64935
52.16334+-1.64159
52.16089+-1.63300
52.15938+-1.62384
52.15888+-1.61440
52.15938+-1.60496
52.16089+-1.59580
52.16334+-1.58721
52.16667+-1.57945
52.17078+-1.57275
52.17554+-1.56731
52.18081+-1.56330
52.18642+-1.56085
52.19221+-1.56002
52.19800+-1.56085
52.20361+-1.56330
52.20888+-1.56731
52.21363+-1.57275
52.21774+-1.57945
52.22108+-1.58721
52.22353+-1.59580
52.22504+-1.60496
52.22554+-1.61440
-1
{ATZ EGCB Barton}
$TYPE=8
53.50491+-2.38972
53.50440+-2.39944
53.50290+-2.40887
53.50044+-2.41772
53.49711+-2.42571
53.49300+-2.43262
53.48824+-2.43822
53.48297+-2.44234
53.47736+-2.44487
53.47157+-2.44572
53.46578+-2.44487
53.46017+-2.44234
53.45491+-2.43822
53.45015+-2.43262
53.44604+-2.42571
53.44270+-2.41772
53.44025+-2.40887
53.43875+-2.39944
53.43824+-2.38972
53.43875+-2.37999
53.44025+-2.37056
53.44270+-2.36172
53.44604+-2.35372
53.45015+-2.34682
53.45491+-2.34122
53.46017+-2.33709
53.46578+-2.33457
53.47157+-2.33372
53.47736+-2.33457
53.48297+-2.33709
53.48824+-2.34122
53.49300+-2.34682
53.49711+-2.35372
53.50044+-2.36172
53.50290+-2.37056
53.50440+-2.37999
53.50491+-2.38972
-1
{ATZ EGCC Manchester}
$TYPE=8
53.39528+-2.27500
53.39464+-2.28712
53.39276+-2.29888
53.38970+-2.30990
53.38553+-2.31987
53.38039+-2.32848
53.37444+-2.33546
53.36786+-2.34060
53.36085+-2.34375
53.35361+-2.34481
53.34638+-2.34375
53.33936+-2.34060
53.33278+-2.33546
53.32683+-2.32848
53.32169+-2.31987
53.31753+-2.30990
53.31446+-2.29888
53.31258+-2.28712
53.31194+-2.27500
53.31258+-2.26288
53.31446+-2.25112
53.31753+-2.24010
53.32169+-2.23013
53.32683+-2.22152
53.33278+-2.21454
53.33936+-2.20940
53.34638+-2.20625
53.35361+-2.20519
53.36085+-2.20625
53.36786+-2.20940
53.37444+-2.21454
53.38039+-2.22152
53.38553+-2.23013
53.38970+-2.24010
53.39276+-2.25112
53.39464+-2.26288
53.39528+-2.27500
-1
{ATZ EGCD Woodford}
$TYPE=8
53.37972+-2.14889
53.37909+-2.16101
53.37721+-2.17276
53.37414+-2.18378
53.36997+-2.19374
53.36484+-2.20235
53.35889+-2.20932
53.35231+-2.21446
53.34529+-2.21761
53.33806+-2.21867
53.33082+-2.21761
53.32380+-2.21446
53.31722+-2.20932
53.31127+-2.20235
53.30614+-2.19374
53.30197+-2.18378
53.29890+-2.17276
53.29702+-2.16101
53.29639+-2.14889
53.29702+-2.13677
53.29890+-2.12502
53.30197+-2.11400
53.30614+-2.10403
53.31127+-2.09543
53.31722+-2.08846
53.32380+-2.08331
53.33082+-2.08017
53.33806+-2.07911
53.34529+-2.08017
53.35231+-2.08331
53.35889+-2.08846
53.36484+-2.09543
53.36997+-2.10403
53.37414+-2.11400
53.37721+-2.12502
53.37909+-2.13677
53.37972+-2.14889
-1
{ATZ EGCF Sandtoft}
$TYPE=8
53.59306+-0.85833
53.59255+-0.86808
53.59105+-0.87753
53.58859+-0.88639
53.58526+-0.89441
53.58115+-0.90132
53.57639+-0.90693
53.57112+-0.91107
53.56551+-0.91360
53.55972+-0.91445
53.55393+-0.91360
53.54832+-0.91107
53.54306+-0.90693
53.53830+-0.90132
53.53419+-0.89441
53.53085+-0.88639
53.52840+-0.87753
53.52690+-0.86808
53.52639+-0.85833
53.52690+-0.84859
53.52840+-0.83914
53.53085+-0.83027
53.53419+-0.82226
53.53830+-0.81534
53.54306+-0.80973
53.54832+-0.80560
53.55393+-0.80307
53.55972+-0.80222
53.56551+-0.80307
53.57112+-0.80560
53.57639+-0.80973
53.58115+-0.81534
53.58526+-0.82226
53.58859+-0.83027
53.59105+-0.83914
53.59255+-0.84859
53.59306+-0.85833
-1
{ATZ EGCJ Sherburn}
$TYPE=8
53.81758+-1.21761
53.81707+-1.22741
53.81557+-1.23691
53.81311+-1.24582
53.80978+-1.25388
53.80567+-1.26083
53.80091+-1.26647
53.79565+-1.27063
53.79003+-1.27317
53.78424+-1.27403
53.77846+-1.27317
53.77284+-1.27063
53.76758+-1.26647
53.76282+-1.26083
53.75871+-1.25388
53.75538+-1.24582
53.75292+-1.23691
53.75142+-1.22741
53.75091+-1.21761
53.75142+-1.20782
53.75292+-1.19832
53.75538+-1.18940
53.75871+-1.18135
53.76282+-1.17440
53.76758+-1.16875
53.77284+-1.16460
53.77846+-1.16205
53.78424+-1.16120
53.79003+-1.16205
53.79565+-1.16460
53.80091+-1.16875
53.80567+-1.17440
53.80978+-1.18135
53.81311+-1.18940
53.81557+-1.19832
53.81707+-1.20782
53.81758+-1.21761
-1
{ATZ EGCK Caernarfon}
$TYPE=8
53.13750+-4.34056
53.13699+-4.35020
53.13549+-4.35955
53.13303+-4.36832
53.12970+-4.37624
53.12559+-4.38309
53.12083+-4.38864
53.11557+-4.39273
53.10995+-4.39523
53.10417+-4.39608
53.09838+-4.39523
53.09277+-4.39273
53.08750+-4.38864
53.08274+-4.38309
53.07863+-4.37624
53.07530+-4.36832
53.07284+-4.35955
53.07134+-4.35020
53.07083+-4.34056
53.07134+-4.33091
53.07284+-4.32157
53.07530+-4.31279
53.07863+-4.30487
53.08274+-4.29802
53.08750+-4.29247
53.09277+-4.28838
53.09838+-4.28588
53.10417+-4.28503
53.10995+-4.28588
53.11557+-4.28838
53.12083+-4.29247
53.12559+-4.29802
53.12970+-4.30487
53.13303+-4.31279
53.13549+-4.32157
53.13699+-4.33091
53.13750+-4.34056
-1
{ATZ EGCL Fenland}
$TYPE=8
52.77278+-0.02987
52.77227+-0.03943
52.77077+-0.04870
52.76831+-0.05739
52.76498+-0.06526
52.76087+-0.07204
52.75611+-0.07755
52.75085+-0.08160
52.74523+-0.08409
52.73944+-0.08492
52.73366+-0.08409
52.72804+-0.08160
52.72278+-0.07755
52.71802+-0.07204
52.71391+-0.06526
52.71058+-0.05739
52.70812+-0.04870
52.70662+-0.03943
52.70611+-0.02987
52.70662+-0.02031
52.70812+-0.01104
52.71058+-0.00234
52.71391+0.00552
52.71802+0.01231
52.72278+0.01781
52.72804+0.02187
52.73366+0.02435
52.73944+0.02519
52.74523+0.02435
52.75085+0.02187
52.75611+0.01781
52.76087+0.01231
52.76498+0.00552
52.76831+-0.00234
52.77077+-0.01104
52.77227+-0.02031
52.77278+-0.02987
-1
{ATZ EGCN Doncaster}
$TYPE=8
53.51631+-1.00448
53.51567+-1.01663
53.51379+-1.02842
53.51072+-1.03948
53.50656+-1.04948
53.50142+-1.05811
53.49547+-1.06511
53.48889+-1.07026
53.48187+-1.07342
53.47464+-1.07448
53.46740+-1.07342
53.46039+-1.07026
53.45381+-1.06511
53.44786+-1.05811
53.44272+-1.04948
53.43855+-1.03948
53.43549+-1.02842
53.43361+-1.01663
53.43297+-1.00448
53.43361+-0.99232
53.43549+-0.98053
53.43855+-0.96947
53.44272+-0.95948
53.44786+-0.95085
53.45381+-0.94385
53.46039+-0.93869
53.46740+-0.93553
53.47464+-0.93447
53.48187+-0.93553
53.48889+-0.93869
53.49547+-0.94385
53.50142+-0.95085
53.50656+-0.95948
53.51072+-0.96947
53.51379+-0.98053
53.51567+-0.99232
53.51631+-1.00448
-1
{ATZ EGCV Sleap}
$TYPE=8
52.86722+-2.77167
52.86672+-2.78125
52.86521+-2.79054
52.86276+-2.79925
52.85942+-2.80713
52.85532+-2.81393
52.85056+-2.81945
52.84529+-2.82352
52.83968+-2.82600
52.83389+-2.82684
52.82810+-2.82600
52.82249+-2.82352
52.81722+-2.81945
52.81246+-2.81393
52.80835+-2.80713
52.80502+-2.79925
52.80257+-2.79054
52.80106+-2.78125
52.80056+-2.77167
52.80106+-2.76209
52.80257+-2.75280
52.80502+-2.74408
52.80835+-2.73620
52.81246+-2.72940
52.81722+-2.72388
52.82249+-2.71982
52.82810+-2.71733
52.83389+-2.71649
52.83968+-2.71733
52.84529+-2.71982
52.85056+-2.72388
52.85532+-2.72940
52.85942+-2.73620
52.86276+-2.74408
52.86521+-2.75280
52.86672+-2.76209
52.86722+-2.77167
-1
{ATZ EGCW Welshpool}
$TYPE=8
52.66266+-3.15244
52.66215+-3.16197
52.66065+-3.17122
52.65820+-3.17989
52.65486+-3.18774
52.65075+-3.19451
52.64599+-3.20000
52.64073+-3.20404
52.63512+-3.20652
52.62933+-3.20735
52.62354+-3.20652
52.61793+-3.20404
52.61266+-3.20000
52.60790+-3.19451
52.60379+-3.18774
52.60046+-3.17989
52.59800+-3.17122
52.59650+-3.16197
52.59599+-3.15244
52.59650+-3.14290
52.59800+-3.13365
52.60046+-3.12498
52.60379+-3.11714
52.60790+-3.11037
52.61266+-3.10488
52.61793+-3.10083
52.62354+-3.09835
52.62933+-3.09752
52.63512+-3.09835
52.64073+-3.10083
52.64599+-3.10488
52.65075+-3.11037
52.65486+-3.11714
52.65820+-3.12498
52.66065+-3.13365
52.66215+-3.14290
52.66266+-3.15244
-1
{ATZ EGHQ Newquay}
$TYPE=8
50.48222+-4.99528
50.48159+-5.00664
50.47971+-5.01765
50.47664+-5.02799
50.47247+-5.03733
50.46734+-5.04539
50.46139+-5.05194
50.45481+-5.05676
50.44779+-5.05971
50.44056+-5.06070
50.43332+-5.05971
50.42630+-5.05676
50.41972+-5.05194
50.41377+-5.04539
50.40864+-5.03733
50.40447+-5.02799
50.40140+-5.01765
50.39952+-5.00664
50.39889+-4.99528
50.39952+-4.98392
50.40140+-4.97290
50.40447+-4.96257
50.40864+-4.95322
50.41377+-4.94516
50.41972+-4.93862
50.42630+-4.93380
50.43332+-4.93085
50.44056+-4.92985
50.44779+-4.93085
50.45481+-4.93380
50.46139+-4.93862
50.46734+-4.94516
50.47247+-4.95322
50.47664+-4.96257
50.47971+-4.97290
50.48159+-4.98392
50.48222+-4.99528
-1
{ATZ EGEC Campbeltown}
$TYPE=8
55.47889+-5.68639
55.47826+-5.69914
55.47638+-5.71151
55.47331+-5.72311
55.46914+-5.73360
55.46401+-5.74265
55.45806+-5.75000
55.45147+-5.75541
55.44446+-5.75872
55.43722+-5.75984
55.42999+-5.75872
55.42297+-5.75541
55.41639+-5.75000
55.41044+-5.74265
55.40530+-5.73360
55.40114+-5.72311
55.39807+-5.71151
55.39619+-5.69914
55.39556+-5.68639
55.39619+-5.67364
55.39807+-5.66127
55.40114+-5.64967
55.40530+-5.63918
55.41044+-5.63013
55.41639+-5.62278
55.42297+-5.61737
55.42999+-5.61406
55.43722+-5.61294
55.44446+-5.61406
55.45147+-5.61737
55.45806+-5.62278
55.46401+-5.63013
55.46914+-5.63918
55.47331+-5.64967
55.47638+-5.66127
55.47826+-5.67364
55.47889+-5.68639
-1
{ATZ EGFE Haverford}
$TYPE=8
51.86648+-4.96099
51.86598+-4.97036
51.86447+-4.97944
51.86202+-4.98797
51.85868+-4.99567
51.85458+-5.00232
51.84982+-5.00771
51.84455+-5.01168
51.83894+-5.01412
51.83315+-5.01494
51.82736+-5.01412
51.82175+-5.01168
51.81648+-5.00771
51.81172+-5.00232
51.80762+-4.99567
51.80428+-4.98797
51.80183+-4.97944
51.80032+-4.97036
51.79982+-4.96099
51.80032+-4.95163
51.80183+-4.94255
51.80428+-4.93402
51.80762+-4.92632
51.81172+-4.91967
51.81648+-4.91428
51.82175+-4.91031
51.82736+-4.90787
51.83315+-4.90705
51.83894+-4.90787
51.84455+-4.91031
51.84982+-4.91428
51.85458+-4.91967
51.85868+-4.92632
51.86202+-4.93402
51.86447+-4.94255
51.86598+-4.95163
51.86648+-4.96099
-1
{ATZ EGFF Cardiff}
$TYPE=8
51.43833+-3.34333
51.43770+-3.35493
51.43582+-3.36617
51.43275+-3.37672
51.42859+-3.38626
51.42345+-3.39449
51.41750+-3.40117
51.41092+-3.40609
51.40390+-3.40910
51.39667+-3.41011
51.38943+-3.40910
51.38242+-3.40609
51.37583+-3.40117
51.36988+-3.39449
51.36475+-3.38626
51.36058+-3.37672
51.35751+-3.36617
51.35563+-3.35493
51.35500+-3.34333
51.35563+-3.33174
51.35751+-3.32049
51.36058+-3.30994
51.36475+-3.30041
51.36988+-3.29218
51.37583+-3.28550
51.38242+-3.28058
51.38943+-3.27757
51.39667+-3.27655
51.40390+-3.27757
51.41092+-3.28058
51.41750+-3.28550
51.42345+-3.29218
51.42859+-3.30041
51.43275+-3.30994
51.43582+-3.32049
51.43770+-3.33174
51.43833+-3.34333
-1
{ATZ EGFH Swansea}
$TYPE=8
51.63861+-4.06778
51.63810+-4.07710
51.63660+-4.08613
51.63415+-4.09461
51.63081+-4.10228
51.62670+-4.10889
51.62194+-4.11426
51.61668+-4.11821
51.61107+-4.12063
51.60528+-4.12145
51.59949+-4.12063
51.59388+-4.11821
51.58861+-4.11426
51.58385+-4.10889
51.57974+-4.10228
51.57641+-4.09461
51.57395+-4.08613
51.57245+-4.07710
51.57194+-4.06778
51.57245+-4.05846
51.57395+-4.04942
51.57641+-4.04094
51.57974+-4.03328
51.58385+-4.02666
51.58861+-4.02130
51.59388+-4.01734
51.59949+-4.01492
51.60528+-4.01411
51.61107+-4.01492
51.61668+-4.01734
51.62194+-4.02130
51.62670+-4.02666
51.63081+-4.03328
51.63415+-4.04094
51.63660+-4.04942
51.63810+-4.05846
51.63861+-4.06778
-1
{ATZ EGFP Pembrey}
$TYPE=8
51.74722+-4.31222
51.74672+-4.32156
51.74521+-4.33062
51.74276+-4.33912
51.73942+-4.34680
51.73532+-4.35343
51.73056+-4.35881
51.72529+-4.36278
51.71968+-4.36520
51.71389+-4.36602
51.70810+-4.36520
51.70249+-4.36278
51.69722+-4.35881
51.69246+-4.35343
51.68835+-4.34680
51.68502+-4.33912
51.68257+-4.33062
51.68106+-4.32156
51.68056+-4.31222
51.68106+-4.30288
51.68257+-4.29382
51.68502+-4.28532
51.68835+-4.27764
51.69246+-4.27101
51.69722+-4.26563
51.70249+-4.26167
51.70810+-4.25924
51.71389+-4.25842
51.71968+-4.25924
51.72529+-4.26167
51.73056+-4.26563
51.73532+-4.27101
51.73942+-4.27764
51.74276+-4.28532
51.74521+-4.29382
51.74672+-4.30288
51.74722+-4.31222
-1
{ATZ EGGD Bristol}
$TYPE=8
51.42444+-2.71917
51.42381+-2.73076
51.42193+-2.74200
51.41886+-2.75255
51.41470+-2.76208
51.40956+-2.77031
51.40361+-2.77698
51.39703+-2.78190
51.39001+-2.78491
51.38278+-2.78593
51.37554+-2.78491
51.36853+-2.78190
51.36194+-2.77698
51.35599+-2.77031
51.35086+-2.76208
51.34669+-2.75255
51.34362+-2.74200
51.34174+-2.73076
51.34111+-2.71917
51.34174+-2.70757
51.34362+-2.69633
51.34669+-2.68579
51.35086+-2.67625
51.35599+-2.66802
51.36194+-2.66135
51.36853+-2.65643
51.37554+-2.65342
51.38278+-2.65241
51.39001+-2.65342
51.39703+-2.65643
51.40361+-2.66135
51.40956+-2.66802
51.41470+-2.67625
51.41886+-2.68579
51.42193+-2.69633
51.42381+-2.70757
51.42444+-2.71917
-1
{ATZ EGGP Liverpool}
$TYPE=8
53.37528+-2.84972
53.37464+-2.86184
53.37276+-2.87359
53.36970+-2.88461
53.36553+-2.89457
53.36039+-2.90317
53.35444+-2.91015
53.34786+-2.91529
53.34085+-2.91844
53.33361+-2.91950
53.32638+-2.91844
53.31936+-2.91529
53.31278+-2.91015
53.30683+-2.90317
53.30169+-2.89457
53.29753+-2.88461
53.29446+-2.87359
53.29258+-2.86184
53.29194+-2.84972
53.29258+-2.83761
53.29446+-2.82586
53.29753+-2.81483
53.30169+-2.80487
53.30683+-2.79627
53.31278+-2.78930
53.31936+-2.78415
53.32638+-2.78101
53.33361+-2.77995
53.34085+-2.78101
53.34786+-2.78415
53.35444+-2.78930
53.36039+-2.79627
53.36553+-2.80487
53.36970+-2.81483
53.37276+-2.82586
53.37464+-2.83761
53.37528+-2.84972
-1
{ATZ EGGW Luton}
$TYPE=8
51.91630+-0.36844
51.91566+-0.38016
51.91378+-0.39153
51.91071+-0.40219
51.90655+-0.41183
51.90141+-0.42014
51.89546+-0.42689
51.88888+-0.43186
51.88187+-0.43491
51.87463+-0.43593
51.86740+-0.43491
51.86038+-0.43186
51.85380+-0.42689
51.84785+-0.42014
51.84271+-0.41183
51.83855+-0.40219
51.83548+-0.39153
51.83360+-0.38016
51.83296+-0.36844
51.83360+-0.35673
51.83548+-0.34536
51.83855+-0.33470
51.84271+-0.32506
51.84785+-0.31674
51.85380+-0.31000
51.86038+-0.30503
51.86740+-0.30198
51.87463+-0.30096
51.88187+-0.30198
51.88888+-0.30503
51.89546+-0.31000
51.90141+-0.31674
51.90655+-0.32506
51.91071+-0.33470
51.91378+-0.34536
51.91566+-0.35673
51.91630+-0.36844
-1
{ATZ EGHA Compton Abbas}
$TYPE=8
51.00083+-2.15361
51.00033+-2.16280
50.99882+-2.17171
50.99637+-2.18008
50.99303+-2.18763
50.98893+-2.19416
50.98417+-2.19945
50.97890+-2.20335
50.97329+-2.20574
50.96750+-2.20654
50.96171+-2.20574
50.95610+-2.20335
50.95083+-2.19945
50.94607+-2.19416
50.94197+-2.18763
50.93863+-2.18008
50.93618+-2.17171
50.93467+-2.16280
50.93417+-2.15361
50.93467+-2.14442
50.93618+-2.13551
50.93863+-2.12715
50.94197+-2.11959
50.94607+-2.11306
50.95083+-2.10777
50.95610+-2.10387
50.96171+-2.10149
50.96750+-2.10068
50.97329+-2.10149
50.97890+-2.10387
50.98417+-2.10777
50.98893+-2.11306
50.99303+-2.11959
50.99637+-2.12715
50.99882+-2.13551
51.00033+-2.14442
51.00083+-2.15361
-1
{ATZ EGHC Lands End}
$TYPE=8
50.13611+-5.67056
50.13560+-5.67958
50.13410+-5.68833
50.13165+-5.69654
50.12831+-5.70396
50.12420+-5.71037
50.11944+-5.71556
50.11418+-5.71939
50.10857+-5.72173
50.10278+-5.72252
50.09699+-5.72173
50.09138+-5.71939
50.08611+-5.71556
50.08135+-5.71037
50.07724+-5.70396
50.07391+-5.69654
50.07145+-5.68833
50.06995+-5.67958
50.06944+-5.67056
50.06995+-5.66153
50.07145+-5.65278
50.07391+-5.64457
50.07724+-5.63715
50.08135+-5.63075
50.08611+-5.62555
50.09138+-5.62172
50.09699+-5.61938
50.10278+-5.61859
50.10857+-5.61938
50.11418+-5.62172
50.11944+-5.62555
50.12420+-5.63075
50.12831+-5.63715
50.13165+-5.64457
50.13410+-5.65278
50.13560+-5.66153
50.13611+-5.67056
-1
{ATZ EGHD Plymouth}
$TYPE=8
50.45614+-4.10589
50.45564+-4.11497
50.45413+-4.12378
50.45168+-4.13205
50.44835+-4.13952
50.44424+-4.14596
50.43948+-4.15120
50.43421+-4.15505
50.42860+-4.15741
50.42281+-4.15821
50.41702+-4.15741
50.41141+-4.15505
50.40614+-4.15120
50.40138+-4.14596
50.39728+-4.13952
50.39394+-4.13205
50.39149+-4.12378
50.38998+-4.11497
50.38948+-4.10589
50.38998+-4.09680
50.39149+-4.08799
50.39394+-4.07973
50.39728+-4.07226
50.40138+-4.06581
50.40614+-4.06058
50.41141+-4.05672
50.41702+-4.05436
50.42281+-4.05357
50.42860+-4.05436
50.43421+-4.05672
50.43948+-4.06058
50.44424+-4.06581
50.44835+-4.07226
50.45168+-4.07973
50.45413+-4.08799
50.45564+-4.09680
50.45614+-4.10589
-1
{ATZ EGHE Scilly Isles}
$TYPE=8
49.94661+-6.29178
49.94610+-6.30077
49.94460+-6.30948
49.94215+-6.31766
49.93881+-6.32505
49.93470+-6.33143
49.92994+-6.33661
49.92468+-6.34042
49.91907+-6.34276
49.91328+-6.34354
49.90749+-6.34276
49.90188+-6.34042
49.89661+-6.33661
49.89185+-6.33143
49.88774+-6.32505
49.88441+-6.31766
49.88195+-6.30948
49.88045+-6.30077
49.87994+-6.29178
49.88045+-6.28279
49.88195+-6.27408
49.88441+-6.26590
49.88774+-6.25851
49.89185+-6.25213
49.89661+-6.24695
49.90188+-6.24314
49.90749+-6.24080
49.91328+-6.24002
49.91907+-6.24080
49.92468+-6.24314
49.92994+-6.24695
49.93470+-6.25213
49.93881+-6.25851
49.94215+-6.26590
49.94460+-6.27408
49.94610+-6.28279
49.94661+-6.29178
-1
{ATZ EGHG Yeovil}
$TYPE=8
50.97333+-2.65861
50.97283+-2.66780
50.97132+-2.67670
50.96887+-2.68506
50.96553+-2.69261
50.96143+-2.69913
50.95667+-2.70442
50.95140+-2.70832
50.94579+-2.71071
50.94000+-2.71151
50.93421+-2.71071
50.92860+-2.70832
50.92333+-2.70442
50.91857+-2.69913
50.91447+-2.69261
50.91113+-2.68506
50.90868+-2.67670
50.90717+-2.66780
50.90667+-2.65861
50.90717+-2.64943
50.90868+-2.64052
50.91113+-2.63216
50.91447+-2.62461
50.91857+-2.61809
50.92333+-2.61280
50.92860+-2.60890
50.93421+-2.60652
50.94000+-2.60571
50.94579+-2.60652
50.95140+-2.60890
50.95667+-2.61280
50.96143+-2.61809
50.96553+-2.62461
50.96887+-2.63216
50.97132+-2.64052
50.97283+-2.64943
50.97333+-2.65861
-1
{ATZ EGHH Bournemouth}
$TYPE=8
50.82173+-1.84251
50.82110+-1.85396
50.81922+-1.86505
50.81615+-1.87546
50.81198+-1.88487
50.80685+-1.89299
50.80090+-1.89958
50.79431+-1.90444
50.78730+-1.90741
50.78006+-1.90841
50.77283+-1.90741
50.76581+-1.90444
50.75923+-1.89958
50.75328+-1.89299
50.74815+-1.88487
50.74398+-1.87546
50.74091+-1.86505
50.73903+-1.85396
50.73840+-1.84251
50.73903+-1.83107
50.74091+-1.81998
50.74398+-1.80957
50.74815+-1.80016
50.75328+-1.79203
50.75923+-1.78545
50.76581+-1.78059
50.77283+-1.77762
50.78006+-1.77662
50.78730+-1.77762
50.79431+-1.78059
50.80090+-1.78545
50.80685+-1.79203
50.81198+-1.80016
50.81615+-1.80957
50.81922+-1.81998
50.82110+-1.83107
50.82173+-1.84251
-1
{ATZ EGHI Southampton}
$TYPE=8
50.98361+-1.35667
50.98310+-1.36585
50.98160+-1.37476
50.97915+-1.38312
50.97581+-1.39068
50.97170+-1.39720
50.96694+-1.40249
50.96168+-1.40639
50.95607+-1.40877
50.95028+-1.40958
50.94449+-1.40877
50.93888+-1.40639
50.93361+-1.40249
50.92885+-1.39720
50.92474+-1.39068
50.92141+-1.38312
50.91895+-1.37476
50.91745+-1.36585
50.91694+-1.35667
50.91745+-1.34748
50.91895+-1.33857
50.92141+-1.33021
50.92474+-1.32266
50.92885+-1.31613
50.93361+-1.31084
50.93888+-1.30695
50.94449+-1.30456
50.95028+-1.30376
50.95607+-1.30456
50.96168+-1.30695
50.96694+-1.31084
50.97170+-1.31613
50.97581+-1.32266
50.97915+-1.33021
50.98160+-1.33857
50.98310+-1.34748
50.98361+-1.35667
-1
{ATZ EGHJ Bembridge}
$TYPE=8
50.71136+-1.10954
50.71086+-1.11868
50.70935+-1.12754
50.70690+-1.13585
50.70357+-1.14336
50.69946+-1.14984
50.69470+-1.15510
50.68943+-1.15898
50.68333+-1.16083
50.64750+-1.13000
50.64671+-1.12754
50.64520+-1.11868
50.64470+-1.10954
50.64520+-1.10041
50.64671+-1.09155
50.64916+-1.08324
50.65250+-1.07573
50.65660+-1.06925
50.66136+-1.06399
50.66663+-1.06011
50.67224+-1.05774
50.67803+-1.05694
50.68382+-1.05774
50.68943+-1.06011
50.69470+-1.06399
50.69946+-1.06925
50.70357+-1.07573
50.70690+-1.08324
50.70935+-1.09155
50.71086+-1.10041
50.71136+-1.10954
-1
{ATZ EGHK Penzance}
$TYPE=8
50.16139+-5.51833
50.16088+-5.52736
50.15938+-5.53612
50.15692+-5.54433
50.15359+-5.55176
50.14948+-5.55816
50.14472+-5.56336
50.13946+-5.56719
50.13384+-5.56954
50.12806+-5.57033
50.12227+-5.56954
50.11665+-5.56719
50.11139+-5.56336
50.10663+-5.55816
50.10252+-5.55176
50.09919+-5.54433
50.09673+-5.53612
50.09523+-5.52736
50.09472+-5.51833
50.09523+-5.50930
50.09673+-5.50055
50.09919+-5.49234
50.10252+-5.48491
50.10663+-5.47850
50.11139+-5.47330
50.11665+-5.46947
50.12227+-5.46713
50.12806+-5.46634
50.13384+-5.46713
50.13946+-5.46947
50.14472+-5.47330
50.14948+-5.47850
50.15359+-5.48491
50.15692+-5.49234
50.15938+-5.50055
50.16088+-5.50930
50.16139+-5.51833
-1
{ATZ EGHN Sandown}
$TYPE=8
50.68634+-1.18216
50.68584+-1.19129
50.68433+-1.20014
50.68188+-1.20845
50.67854+-1.21595
50.67443+-1.22243
50.66968+-1.22769
50.66441+-1.23156
50.65880+-1.23393
50.65301+-1.23473
50.64722+-1.23393
50.64161+-1.23156
50.63634+-1.22769
50.63158+-1.22243
50.62747+-1.21595
50.62414+-1.20845
50.62169+-1.20014
50.62018+-1.19129
50.61968+-1.18216
50.62018+-1.17303
50.62169+-1.16418
50.62414+-1.15587
50.62747+-1.14836
50.63158+-1.14188
50.63634+-1.13663
50.64161+-1.13275
50.64722+-1.13038
50.64750+-1.13000
50.68333+-1.16083
50.68433+-1.16418
50.68584+-1.17303
50.68634+-1.18216
-1
{ATZ EGHO Thruxton}
$TYPE=8
51.24454+-1.59698
51.24404+-1.60622
51.24253+-1.61518
51.24008+-1.62359
51.23674+-1.63118
51.23263+-1.63774
51.22788+-1.64306
51.22261+-1.64698
51.21700+-1.64938
51.21121+-1.65019
51.20542+-1.64938
51.19981+-1.64698
51.19454+-1.64306
51.18978+-1.63774
51.18567+-1.63118
51.18234+-1.62359
51.17989+-1.61518
51.17838+-1.60622
51.17788+-1.59698
51.17838+-1.58774
51.17989+-1.57878
51.18234+-1.57038
51.18567+-1.56278
51.18978+-1.55622
51.19454+-1.55090
51.19981+-1.54698
51.20542+-1.54458
51.21121+-1.54377
51.21700+-1.54458
51.22261+-1.54698
51.22788+-1.55090
51.23263+-1.55622
51.23674+-1.56278
51.24008+-1.57038
51.24253+-1.57878
51.24404+-1.58774
51.24454+-1.59698
-1
{ATZ EGHR Chichester}
$TYPE=8
50.89268+-0.75922
50.89217+-0.76839
50.89067+-0.77728
50.88821+-0.78563
50.88488+-0.79317
50.88077+-0.79967
50.87601+-0.80495
50.87075+-0.80884
50.86514+-0.81123
50.85935+-0.81203
50.85356+-0.81123
50.84795+-0.80884
50.84268+-0.80495
50.83792+-0.79967
50.83381+-0.79317
50.83048+-0.78563
50.82802+-0.77728
50.82652+-0.76839
50.82601+-0.75922
50.82652+-0.75005
50.82802+-0.74116
50.83048+-0.73282
50.83381+-0.72528
50.83792+-0.71877
50.84268+-0.71349
50.84795+-0.70960
50.85356+-0.70722
50.85935+-0.70641
50.86514+-0.70722
50.87075+-0.70960
50.87601+-0.71349
50.88077+-0.71877
50.88488+-0.72528
50.88821+-0.73282
50.89067+-0.74116
50.89217+-0.75005
50.89268+-0.75922
-1
{ATZ EGHU Eaglescott}
$TYPE=8
50.96194+-3.98944
50.96144+-3.99863
50.95993+-4.00753
50.95748+-4.01589
50.95415+-4.02344
50.95004+-4.02996
50.94528+-4.03524
50.94001+-4.03914
50.93440+-4.04153
50.92861+-4.04233
50.92282+-4.04153
50.91721+-4.03914
50.91194+-4.03524
50.90718+-4.02996
50.90308+-4.02344
50.89974+-4.01589
50.89729+-4.00753
50.89578+-3.99863
50.89528+-3.98944
50.89578+-3.98026
50.89729+-3.97136
50.89974+-3.96300
50.90308+-3.95545
50.90718+-3.94893
50.91194+-3.94364
50.91721+-3.93975
50.92282+-3.93736
50.92861+-3.93656
50.93440+-3.93736
50.94001+-3.93975
50.94528+-3.94364
50.95004+-3.94893
50.95415+-3.95545
50.95748+-3.96300
50.95993+-3.97136
50.96144+-3.98026
50.96194+-3.98944
-1
{ATZ EGHY Truro}
$TYPE=8
50.29729+-5.18557
50.29528+-5.18767
50.29001+-5.19151
50.28440+-5.19387
50.27861+-5.19466
50.27282+-5.19387
50.26721+-5.19151
50.26194+-5.18767
50.25718+-5.18246
50.25308+-5.17603
50.24974+-5.16858
50.24729+-5.16034
50.24578+-5.15156
50.24528+-5.14250
50.24578+-5.13344
50.24729+-5.12466
50.24974+-5.11642
50.25308+-5.10897
50.25718+-5.10254
50.26194+-5.09733
50.26721+-5.09349
50.27282+-5.09113
50.27861+-5.09034
50.28440+-5.09113
50.29001+-5.09349
50.29528+-5.09733
50.30004+-5.10254
50.30415+-5.10897
50.30748+-5.11642
50.30993+-5.12466
50.31144+-5.13344
50.31164+-5.13616
-1
{ATZ EGKA Shoreham}
$TYPE=8
50.86889+-0.29722
50.86838+-0.30639
50.86688+-0.31527
50.86442+-0.32361
50.86109+-0.33115
50.85698+-0.33765
50.85222+-0.34293
50.84696+-0.34682
50.84134+-0.34920
50.83556+-0.35000
50.82977+-0.34920
50.82415+-0.34682
50.81889+-0.34293
50.81413+-0.33765
50.81002+-0.33115
50.80669+-0.32361
50.80423+-0.31527
50.80273+-0.30639
50.80222+-0.29722
50.80273+-0.28806
50.80423+-0.27917
50.80669+-0.27083
50.81002+-0.26330
50.81413+-0.25679
50.81889+-0.25151
50.82415+-0.24762
50.82977+-0.24524
50.83556+-0.24444
50.84134+-0.24524
50.84696+-0.24762
50.85222+-0.25151
50.85698+-0.25679
50.86109+-0.26330
50.86442+-0.27083
50.86688+-0.27917
50.86838+-0.28806
50.86889+-0.29722
-1
{ATZ EGKB Biggin}
$TYPE=8
51.37250+0.03250
51.37187+0.04408
51.36999+0.05531
51.36692+0.06584
51.36275+0.07536
51.35762+0.08358
51.35167+0.09025
51.34508+0.09516
51.33807+0.09817
51.33083+0.09919
51.32360+0.09817
51.31658+0.09516
51.31000+0.09025
51.30405+0.08358
51.29891+0.07536
51.29475+0.06584
51.29168+0.05531
51.28980+0.04408
51.28917+0.03250
51.28980+0.02092
51.29168+0.00969
51.29475+-0.00084
51.29891+-0.01036
51.30405+-0.01858
51.31000+-0.02525
51.31658+-0.03016
51.32360+-0.03317
51.33083+-0.03419
51.33807+-0.03317
51.34508+-0.03016
51.35167+-0.02525
51.35762+-0.01858
51.36275+-0.01036
51.36692+-0.00084
51.36999+0.00969
51.37187+0.02092
51.37250+0.03250
-1
{ATZ EGKH Headcorn}
$TYPE=8
51.19028+0.64167
51.18977+0.65090
51.18827+0.65984
51.18581+0.66824
51.18248+0.67583
51.17837+0.68238
51.17361+0.68769
51.16835+0.69161
51.16273+0.69401
51.15694+0.69481
51.15116+0.69401
51.14554+0.69161
51.14028+0.68769
51.13552+0.68238
51.13141+0.67583
51.12808+0.66824
51.12562+0.65984
51.12412+0.65090
51.12361+0.64167
51.12412+0.63244
51.12562+0.62349
51.12808+0.61509
51.13141+0.60750
51.13552+0.60095
51.14028+0.59564
51.14554+0.59172
51.15116+0.58933
51.15694+0.58852
51.16273+0.58933
51.16835+0.59172
51.17361+0.59564
51.17837+0.60095
51.18248+0.60750
51.18581+0.61509
51.18827+0.62349
51.18977+0.63244
51.19028+0.64167
-1
{ATZ EGKK Gatwick}
$TYPE=8
51.18972+-0.19028
51.18909+-0.20181
51.18721+-0.21300
51.18414+-0.22349
51.17997+-0.23297
51.17484+-0.24116
51.16889+-0.24780
51.16231+-0.25269
51.15529+-0.25569
51.14806+-0.25670
51.14082+-0.25569
51.13380+-0.25269
51.12722+-0.24780
51.12127+-0.24116
51.11614+-0.23297
51.11197+-0.22349
51.10890+-0.21300
51.10702+-0.20181
51.10639+-0.19028
51.10702+-0.17874
51.10890+-0.16756
51.11197+-0.15707
51.11614+-0.14758
51.12127+-0.13940
51.12722+-0.13276
51.13380+-0.12786
51.14082+-0.12487
51.14806+-0.12386
51.15529+-0.12487
51.16231+-0.12786
51.16889+-0.13276
51.17484+-0.13940
51.17997+-0.14758
51.18414+-0.15707
51.18721+-0.16756
51.18909+-0.17874
51.18972+-0.19028
-1
{ATZ EGKR Redhill}
$TYPE=8
51.24692+-0.13867
51.24641+-0.14791
51.24491+-0.15687
51.24245+-0.16528
51.23912+-0.17287
51.23501+-0.17943
51.23025+-0.18475
51.22499+-0.18867
51.21937+-0.19107
51.21359+-0.19188
51.20780+-0.19107
51.20219+-0.18867
51.19692+-0.18475
51.19216+-0.17943
51.18805+-0.17287
51.18472+-0.16528
51.18226+-0.15687
51.18076+-0.14791
51.18025+-0.13867
51.18076+-0.12943
51.18226+-0.12047
51.18472+-0.11206
51.18805+-0.10447
51.19216+-0.09791
51.19692+-0.09259
51.20219+-0.08867
51.20780+-0.08627
51.21359+-0.08546
51.21937+-0.08627
51.22499+-0.08867
51.23025+-0.09259
51.23501+-0.09791
51.23912+-0.10447
51.24245+-0.11206
51.24491+-0.12047
51.24641+-0.12943
51.24692+-0.13867
-1
{ATZ EGLA Bodmin}
$TYPE=8
50.53306+-4.66583
50.53255+-4.67493
50.53105+-4.68376
50.52859+-4.69204
50.52526+-4.69952
50.52115+-4.70598
50.51639+-4.71122
50.51112+-4.71508
50.50551+-4.71744
50.49972+-4.71824
50.49393+-4.71744
50.48832+-4.71508
50.48306+-4.71122
50.47830+-4.70598
50.47419+-4.69952
50.47085+-4.69204
50.46840+-4.68376
50.46690+-4.67493
50.46639+-4.66583
50.46690+-4.65673
50.46840+-4.64791
50.47085+-4.63963
50.47419+-4.63215
50.47830+-4.62569
50.48306+-4.62045
50.48832+-4.61659
50.49393+-4.61423
50.49972+-4.61343
50.50551+-4.61423
50.51112+-4.61659
50.51639+-4.62045
50.52115+-4.62569
50.52526+-4.63215
50.52859+-4.63963
50.53105+-4.64791
50.53255+-4.65673
50.53306+-4.66583
-1
{ATZ EGLC London City}
$TYPE=8
51.53856+0.05518
51.53806+0.06448
51.53655+0.07349
51.53410+0.08195
51.53077+0.08960
51.52666+0.09620
51.52190+0.10156
51.51663+0.10550
51.51102+0.10792
51.50523+0.10873
51.49944+0.10792
51.49383+0.10550
51.48856+0.10156
51.48380+0.09620
51.47970+0.08960
51.47636+0.08195
51.47391+0.07349
51.47240+0.06448
51.47190+0.05518
51.47240+0.04588
51.47391+0.03686
51.47636+0.02840
51.47970+0.02075
51.48380+0.01415
51.48856+0.00880
51.49383+0.00485
51.49944+0.00244
51.50523+0.00163
51.51102+0.00244
51.51663+0.00485
51.52190+0.00880
51.52666+0.01415
51.53077+0.02075
51.53410+0.02840
51.53655+0.03686
51.53806+0.04588
51.53856+0.05518
-1
{ATZ EGLD Denham}
$TYPE=8
51.62176+-0.51299
51.62125+-0.52231
51.61975+-0.53134
51.61729+-0.53982
51.61396+-0.54748
51.60985+-0.55409
51.60509+-0.55946
51.59983+-0.56341
51.59421+-0.56583
51.58843+-0.56664
51.58264+-0.56583
51.57702+-0.56341
51.57176+-0.55946
51.56700+-0.55409
51.56289+-0.54748
51.55956+-0.53982
51.55710+-0.53134
51.55560+-0.52231
51.55509+-0.51299
51.55560+-0.50368
51.55710+-0.49464
51.55956+-0.48617
51.56289+-0.47851
51.56700+-0.47190
51.57176+-0.46653
51.57702+-0.46258
51.58264+-0.46016
51.58843+-0.45934
51.59421+-0.46016
51.59983+-0.46258
51.60509+-0.46653
51.60985+-0.47190
51.61396+-0.47851
51.61729+-0.48617
51.61975+-0.49464
51.62125+-0.50368
51.62176+-0.51299
-1
{ATZ EGLF Farnborough}
$TYPE=8
51.31746+-0.77632
51.31683+-0.78788
51.31495+-0.79910
51.31188+-0.80962
51.30771+-0.81913
51.30258+-0.82734
51.29663+-0.83400
51.29005+-0.83891
51.28303+-0.84191
51.27579+-0.84292
51.26856+-0.84191
51.26154+-0.83891
51.25496+-0.83400
51.24901+-0.82734
51.24388+-0.81913
51.23971+-0.80962
51.23664+-0.79910
51.23476+-0.78788
51.23413+-0.77632
51.23476+-0.76475
51.23664+-0.75354
51.23971+-0.74301
51.24388+-0.73350
51.24901+-0.72529
51.25496+-0.71863
51.26154+-0.71373
51.26856+-0.71072
51.27579+-0.70971
51.28303+-0.71072
51.29005+-0.71373
51.29663+-0.71863
51.30258+-0.72529
51.30771+-0.73350
51.31188+-0.74301
51.31495+-0.75354
51.31683+-0.76475
51.31746+-0.77632
-1
{ATZ EGLG Panshangar}
$TYPE=8
51.83583+-0.15806
51.83533+-0.16742
51.83382+-0.17649
51.83137+-0.18501
51.82803+-0.19270
51.82393+-0.19935
51.81917+-0.20474
51.81390+-0.20871
51.80829+-0.21114
51.80250+-0.21196
51.79671+-0.21114
51.79110+-0.20871
51.78583+-0.20474
51.78107+-0.19935
51.77697+-0.19270
51.77363+-0.18501
51.77118+-0.17649
51.76967+-0.16742
51.76917+-0.15806
51.76967+-0.14870
51.77118+-0.13962
51.77363+-0.13110
51.77697+-0.12341
51.78107+-0.11676
51.78583+-0.11137
51.79110+-0.10740
51.79671+-0.10497
51.80250+-0.10415
51.80829+-0.10497
51.81390+-0.10740
51.81917+-0.11137
51.82393+-0.11676
51.82803+-0.12341
51.83137+-0.13110
51.83382+-0.13962
51.83533+-0.14870
51.83583+-0.15806
-1
{ATZ EGLK Blackbushe}
$TYPE=8
51.35722+-0.84750
51.35672+-0.85676
51.35521+-0.86574
51.35276+-0.87417
51.34942+-0.88179
51.34532+-0.88836
51.34056+-0.89369
51.33529+-0.89762
51.32968+-0.90003
51.32389+-0.90084
51.31810+-0.90003
51.31249+-0.89762
51.30722+-0.89369
51.30246+-0.88836
51.29835+-0.88179
51.29502+-0.87417
51.29257+-0.86574
51.29106+-0.85676
51.29056+-0.84750
51.29106+-0.83824
51.29257+-0.82926
51.29502+-0.82083
51.29835+-0.81321
51.30246+-0.80664
51.30722+-0.80131
51.31249+-0.79738
51.31810+-0.79497
51.32389+-0.79416
51.32968+-0.79497
51.33529+-0.79738
51.34056+-0.80131
51.34532+-0.80664
51.34942+-0.81321
51.35276+-0.82083
51.35521+-0.82926
51.35672+-0.83824
51.35722+-0.84750
-1
{ATZ EGLL Heathrow}
$TYPE=8
51.51925+-0.46135
51.51862+-0.47297
51.51674+-0.48423
51.51367+-0.49480
51.50950+-0.50435
51.50437+-0.51260
51.49842+-0.51929
51.49183+-0.52422
51.48482+-0.52723
51.47758+-0.52825
51.47035+-0.52723
51.46333+-0.52422
51.45675+-0.51929
51.45080+-0.51260
51.44566+-0.50435
51.44150+-0.49480
51.43843+-0.48423
51.43655+-0.47297
51.43592+-0.46135
51.43655+-0.44973
51.43843+-0.43847
51.44150+-0.42790
51.44566+-0.41835
51.45080+-0.41010
51.45675+-0.40341
51.46333+-0.39848
51.47035+-0.39547
51.47758+-0.39445
51.48482+-0.39547
51.49183+-0.39848
51.49842+-0.40341
51.50437+-0.41010
51.50950+-0.41835
51.51367+-0.42790
51.51674+-0.43847
51.51862+-0.44973
51.51925+-0.46135
-1
{ATZ EGLM White Waltham}
$TYPE=8
51.53411+-0.77439
51.53360+-0.78369
51.53210+-0.79271
51.52965+-0.80117
51.52631+-0.80881
51.52220+-0.81541
51.51744+-0.82076
51.51218+-0.82471
51.50657+-0.82713
51.50078+-0.82794
51.49499+-0.82713
51.48938+-0.82471
51.48411+-0.82076
51.47935+-0.81541
51.47524+-0.80881
51.47191+-0.80117
51.46945+-0.79271
51.46795+-0.78369
51.46744+-0.77439
51.46795+-0.76509
51.46945+-0.75608
51.47191+-0.74762
51.47524+-0.73997
51.47935+-0.73337
51.48411+-0.72802
51.48938+-0.72407
51.49499+-0.72166
51.50078+-0.72084
51.50657+-0.72166
51.51218+-0.72407
51.51744+-0.72802
51.52220+-0.73337
51.52631+-0.73997
51.52965+-0.74762
51.53210+-0.75608
51.53360+-0.76509
51.53411+-0.77439
-1
{ATZ EGLS Old Sarum}
$TYPE=8
51.13222+-1.78417
51.13172+-1.79338
51.13021+-1.80232
51.12776+-1.81071
51.12442+-1.81829
51.12032+-1.82483
51.11556+-1.83014
51.11029+-1.83405
51.10468+-1.83644
51.09889+-1.83725
51.09310+-1.83644
51.08749+-1.83405
51.08222+-1.83014
51.07746+-1.82483
51.07335+-1.81829
51.07002+-1.81071
51.06757+-1.80232
51.06606+-1.79338
51.06556+-1.78417
51.06606+-1.77495
51.06757+-1.76601
51.07002+-1.75763
51.07335+-1.75005
51.07746+-1.74350
51.08222+-1.73820
51.08749+-1.73429
51.09310+-1.73189
51.09889+-1.73109
51.10468+-1.73189
51.11029+-1.73429
51.11556+-1.73820
51.12032+-1.74350
51.12442+-1.75005
51.12776+-1.75763
51.13021+-1.76601
51.13172+-1.77495
51.13222+-1.78417
-1
{ATZ EGLW Westland}
$TYPE=8
51.50326+-0.17954
51.50276+-0.18883
51.50125+-0.19784
51.49880+-0.20629
51.49547+-0.21394
51.49136+-0.22053
51.48660+-0.22588
51.48133+-0.22982
51.47572+-0.23224
51.46993+-0.23305
51.46414+-0.23224
51.45853+-0.22982
51.45326+-0.22588
51.44850+-0.22053
51.44440+-0.21394
51.44106+-0.20629
51.43861+-0.19784
51.43710+-0.18883
51.43660+-0.17954
51.43710+-0.17025
51.43861+-0.16124
51.44106+-0.15278
51.44440+-0.14514
51.44850+-0.13855
51.45326+-0.13320
51.45853+-0.12926
51.46414+-0.12684
51.46993+-0.12603
51.47572+-0.12684
51.48133+-0.12926
51.48660+-0.13320
51.49136+-0.13855
51.49547+-0.14514
51.49880+-0.15278
51.50125+-0.16124
51.50276+-0.17025
51.50326+-0.17954
-1
{ATZ EGMC Southend}
$TYPE=8
51.60472+0.69556
51.60422+0.70487
51.60271+0.71390
51.60026+0.72237
51.59692+0.73003
51.59282+0.73664
51.58806+0.74200
51.58279+0.74595
51.57718+0.74837
51.57139+0.74919
51.56560+0.74837
51.55999+0.74595
51.55472+0.74200
51.54996+0.73664
51.54585+0.73003
51.54252+0.72237
51.54007+0.71390
51.53856+0.70487
51.53806+0.69556
51.53856+0.68624
51.54007+0.67721
51.54252+0.66874
51.54585+0.66108
51.54996+0.65447
51.55472+0.64911
51.55999+0.64516
51.56560+0.64274
51.57139+0.64193
51.57718+0.64274
51.58279+0.64516
51.58806+0.64911
51.59282+0.65447
51.59692+0.66108
51.60026+0.66874
51.60271+0.67721
51.60422+0.68624
51.60472+0.69556
-1
{ATZ EGMD Lydd}
$TYPE=8
50.98944+0.93917
50.98894+0.94836
50.98743+0.95727
50.98498+0.96563
50.98165+0.97318
50.97754+0.97970
50.97278+0.98499
50.96751+0.98889
50.96190+0.99128
50.95611+0.99208
50.95032+0.99128
50.94471+0.98889
50.93944+0.98499
50.93468+0.97970
50.93058+0.97318
50.92724+0.96563
50.92479+0.95727
50.92328+0.94836
50.92278+0.93917
50.92328+0.92998
50.92479+0.92107
50.92724+0.91271
50.93058+0.90515
50.93468+0.89863
50.93944+0.89334
50.94471+0.88944
50.95032+0.88705
50.95611+0.88625
50.96190+0.88705
50.96751+0.88944
50.97278+0.89334
50.97754+0.89863
50.98165+0.90515
50.98498+0.91271
50.98743+0.92107
50.98894+0.92998
50.98944+0.93917
-1
{ATZ EGMH Manston}
$TYPE=8
51.38389+1.34611
51.38326+1.35769
51.38138+1.36892
51.37831+1.37946
51.37414+1.38899
51.36901+1.39721
51.36306+1.40388
51.35647+1.40879
51.34946+1.41180
51.34222+1.41281
51.33499+1.41180
51.32797+1.40879
51.32139+1.40388
51.31544+1.39721
51.31030+1.38899
51.30614+1.37946
51.30307+1.36892
51.30119+1.35769
51.30056+1.34611
51.30119+1.33453
51.30307+1.32330
51.30614+1.31276
51.31030+1.30324
51.31544+1.29501
51.32139+1.28835
51.32797+1.28343
51.33499+1.28042
51.34222+1.27941
51.34946+1.28042
51.35647+1.28343
51.36306+1.28835
51.36901+1.29501
51.37414+1.30324
51.37831+1.31276
51.38138+1.32330
51.38326+1.33453
51.38389+1.34611
-1
{ATZ EGMJ Little Gransden}
$TYPE=8
52.20000+-0.15389
52.19949+-0.16333
52.19799+-0.17248
52.19553+-0.18106
52.19220+-0.18882
52.18809+-0.19552
52.18333+-0.20095
52.17807+-0.20496
52.17245+-0.20741
52.16667+-0.20823
52.16088+-0.20741
52.15527+-0.20496
52.15000+-0.20095
52.14524+-0.19552
52.14113+-0.18882
52.13780+-0.18106
52.13534+-0.17248
52.13384+-0.16333
52.13333+-0.15389
52.13384+-0.14445
52.13534+-0.13530
52.13780+-0.12672
52.14113+-0.11896
52.14524+-0.11226
52.15000+-0.10682
52.15527+-0.10282
52.16088+-0.10037
52.16667+-0.09954
52.17245+-0.10037
52.17807+-0.10282
52.18333+-0.10682
52.18809+-0.11226
52.19220+-0.11896
52.19553+-0.12672
52.19799+-0.13530
52.19949+-0.14445
52.20000+-0.15389
-1
{ATZ EGNA Hucknall}
$TYPE=8
53.04778+-1.21833
53.04727+-1.22795
53.04577+-1.23728
53.04331+-1.24604
53.03998+-1.25395
53.03587+-1.26078
53.03111+-1.26632
53.02585+-1.27040
53.02023+-1.27290
53.01444+-1.27374
53.00866+-1.27290
53.00304+-1.27040
52.99778+-1.26632
52.99302+-1.26078
52.98891+-1.25395
52.98558+-1.24604
52.98312+-1.23728
52.98162+-1.22795
52.98111+-1.21833
52.98162+-1.20871
52.98312+-1.19938
52.98558+-1.19063
52.98891+-1.18272
52.99302+-1.17589
52.99778+-1.17035
53.00304+-1.16627
53.00866+-1.16377
53.01444+-1.16293
53.02023+-1.16377
53.02585+-1.16627
53.03111+-1.17035
53.03587+-1.17589
53.03998+-1.18272
53.04331+-1.19063
53.04577+-1.19938
53.04727+-1.20871
53.04778+-1.21833
-1
{ATZ EGNC Carlisle}
$TYPE=8
54.97081+-2.80902
54.97030+-2.81910
54.96880+-2.82886
54.96635+-2.83803
54.96301+-2.84632
54.95890+-2.85347
54.95414+-2.85927
54.94888+-2.86354
54.94327+-2.86616
54.93748+-2.86704
54.93169+-2.86616
54.92608+-2.86354
54.92081+-2.85927
54.91605+-2.85347
54.91194+-2.84632
54.90861+-2.83803
54.90615+-2.82886
54.90465+-2.81910
54.90414+-2.80902
54.90465+-2.79894
54.90615+-2.78917
54.90861+-2.78001
54.91194+-2.77172
54.91605+-2.76457
54.92081+-2.75877
54.92608+-2.75449
54.93169+-2.75188
54.93748+-2.75099
54.94327+-2.75188
54.94888+-2.75449
54.95414+-2.75877
54.95890+-2.76457
54.96301+-2.77172
54.96635+-2.78001
54.96880+-2.78917
54.97030+-2.79894
54.97081+-2.80902
-1
{ATZ EGNE Gamston}
$TYPE=8
53.31389+-0.95139
53.31338+-0.96107
53.31188+-0.97046
53.30942+-0.97926
53.30609+-0.98722
53.30198+-0.99410
53.29722+-0.99967
53.29196+-1.00378
53.28634+-1.00629
53.28056+-1.00714
53.27477+-1.00629
53.26915+-1.00378
53.26389+-0.99967
53.25913+-0.99410
53.25502+-0.98722
53.25169+-0.97926
53.24923+-0.97046
53.24773+-0.96107
53.24722+-0.95139
53.24773+-0.94171
53.24923+-0.93232
53.25169+-0.92351
53.25502+-0.91555
53.25913+-0.90868
53.26389+-0.90311
53.26915+-0.89900
53.27477+-0.89648
53.28056+-0.89564
53.28634+-0.89648
53.29196+-0.89900
53.29722+-0.90311
53.30198+-0.90868
53.30609+-0.91555
53.30942+-0.92351
53.31188+-0.93232
53.31338+-0.94171
53.31389+-0.95139
-1
{ATZ EGNF Netherthorpe}
$TYPE=8
53.35020+-1.19635
53.34969+-1.20604
53.34819+-1.21543
53.34573+-1.22425
53.34240+-1.23222
53.33829+-1.23909
53.33353+-1.24467
53.32826+-1.24878
53.32265+-1.25130
53.31686+-1.25215
53.31108+-1.25130
53.30546+-1.24878
53.30020+-1.24467
53.29544+-1.23909
53.29133+-1.23222
53.28800+-1.22425
53.28554+-1.21543
53.28404+-1.20604
53.28353+-1.19635
53.28404+-1.18666
53.28554+-1.17727
53.28800+-1.16845
53.29133+-1.16048
53.29544+-1.15361
53.30020+-1.14803
53.30546+-1.14392
53.31108+-1.14140
53.31686+-1.14055
53.32265+-1.14140
53.32826+-1.14392
53.33353+-1.14803
53.33829+-1.15361
53.34240+-1.16048
53.34573+-1.16845
53.34819+-1.17727
53.34969+-1.18666
53.35020+-1.19635
-1
{ATZ EGNH Blackpool}
$TYPE=8
53.81333+-3.02861
53.81270+-3.04085
53.81082+-3.05272
53.80775+-3.06386
53.80359+-3.07393
53.79845+-3.08262
53.79250+-3.08967
53.78592+-3.09486
53.77890+-3.09804
53.77167+-3.09911
53.76443+-3.09804
53.75742+-3.09486
53.75083+-3.08967
53.74488+-3.08262
53.73975+-3.07393
53.73558+-3.06386
53.73251+-3.05272
53.73063+-3.04085
53.73000+-3.02861
53.73063+-3.01637
53.73251+-3.00450
53.73558+-2.99336
53.73975+-2.98329
53.74488+-2.97460
53.75083+-2.96756
53.75742+-2.96236
53.76443+-2.95918
53.77167+-2.95811
53.77890+-2.95918
53.78592+-2.96236
53.79250+-2.96756
53.79845+-2.97460
53.80359+-2.98329
53.80775+-2.99336
53.81082+-3.00450
53.81270+-3.01637
53.81333+-3.02861
-1
{ATZ EGNJ Humberside}
$TYPE=8
53.61611+-0.35083
53.61548+-0.36302
53.61360+-0.37483
53.61053+-0.38592
53.60636+-0.39594
53.60123+-0.40459
53.59528+-0.41160
53.58870+-0.41677
53.58168+-0.41994
53.57444+-0.42101
53.56721+-0.41994
53.56019+-0.41677
53.55361+-0.41160
53.54766+-0.40459
53.54253+-0.39594
53.53836+-0.38592
53.53529+-0.37483
53.53341+-0.36302
53.53278+-0.35083
53.53341+-0.33865
53.53529+-0.32683
53.53836+-0.31575
53.54253+-0.30573
53.54766+-0.29708
53.55361+-0.29006
53.56019+-0.28489
53.56721+-0.28173
53.57444+-0.28066
53.58168+-0.28173
53.58870+-0.28489
53.59528+-0.29006
53.60123+-0.29708
53.60636+-0.30573
53.61053+-0.31575
53.61360+-0.32683
53.61548+-0.33865
53.61611+-0.35083
-1
{ATZ EGNM Leeds}
$TYPE=8
53.90750+-1.66056
53.90687+-1.67283
53.90499+-1.68472
53.90192+-1.69589
53.89775+-1.70597
53.89262+-1.71468
53.88667+-1.72175
53.88008+-1.72695
53.87307+-1.73014
53.86583+-1.73122
53.85860+-1.73014
53.85158+-1.72695
53.84500+-1.72175
53.83905+-1.71468
53.83391+-1.70597
53.82975+-1.69589
53.82668+-1.68472
53.82480+-1.67283
53.82417+-1.66056
53.82480+-1.64829
53.82668+-1.63639
53.82975+-1.62523
53.83391+-1.61514
53.83905+-1.60643
53.84500+-1.59936
53.85158+-1.59416
53.85860+-1.59097
53.86583+-1.58990
53.87307+-1.59097
53.88008+-1.59416
53.88667+-1.59936
53.89262+-1.60643
53.89775+-1.61514
53.90192+-1.62523
53.90499+-1.63639
53.90687+-1.64829
53.90750+-1.66056
-1
{ATZ EGNO Warton}
$TYPE=8
53.78660+-2.88388
53.78597+-2.89612
53.78409+-2.90798
53.78102+-2.91911
53.77685+-2.92917
53.77172+-2.93786
53.76577+-2.94490
53.75918+-2.95009
53.75217+-2.95327
53.74493+-2.95434
53.73770+-2.95327
53.73068+-2.95009
53.72410+-2.94490
53.71815+-2.93786
53.71301+-2.92917
53.70885+-2.91911
53.70578+-2.90798
53.70390+-2.89612
53.70327+-2.88388
53.70390+-2.87165
53.70578+-2.85979
53.70885+-2.84866
53.71301+-2.83859
53.71815+-2.82991
53.72410+-2.82287
53.73068+-2.81768
53.73770+-2.81450
53.74493+-2.81343
53.75217+-2.81450
53.75918+-2.81768
53.76577+-2.82287
53.77172+-2.82991
53.77685+-2.83859
53.78102+-2.84866
53.78409+-2.85979
53.78597+-2.87165
53.78660+-2.88388
-1
{ATZ EGNR Hawarden}
$TYPE=8
53.21972+-2.97778
53.21909+-2.98985
53.21721+-3.00156
53.21414+-3.01254
53.20997+-3.02247
53.20484+-3.03103
53.19889+-3.03799
53.19231+-3.04311
53.18529+-3.04624
53.17806+-3.04730
53.17082+-3.04624
53.16380+-3.04311
53.15722+-3.03799
53.15127+-3.03103
53.14614+-3.02247
53.14197+-3.01254
53.13890+-3.00156
53.13702+-2.98985
53.13639+-2.97778
53.13702+-2.96571
53.13890+-2.95400
53.14197+-2.94302
53.14614+-2.93309
53.15127+-2.92452
53.15722+-2.91757
53.16380+-2.91245
53.17082+-2.90931
53.17806+-2.90826
53.18529+-2.90931
53.19231+-2.91245
53.19889+-2.91757
53.20484+-2.92452
53.20997+-2.93309
53.21414+-2.94302
53.21721+-2.95400
53.21909+-2.96571
53.21972+-2.97778
-1
{ATZ EGNS Ronaldsway}
$TYPE=8
54.11667+-4.62389
54.11616+-4.63376
54.11466+-4.64332
54.11220+-4.65230
54.10887+-4.66041
54.10476+-4.66742
54.10000+-4.67310
54.09473+-4.67729
54.08912+-4.67985
54.08333+-4.68071
54.07755+-4.67985
54.07193+-4.67729
54.06667+-4.67310
54.06191+-4.66742
54.05780+-4.66041
54.05447+-4.65230
54.05201+-4.64332
54.05051+-4.63376
54.05000+-4.62389
54.05051+-4.61402
54.05201+-4.60445
54.05447+-4.59548
54.05780+-4.58736
54.06191+-4.58036
54.06667+-4.57468
54.07193+-4.57049
54.07755+-4.56793
54.08333+-4.56707
54.08912+-4.56793
54.09473+-4.57049
54.10000+-4.57468
54.10476+-4.58036
54.10887+-4.58736
54.11220+-4.59548
54.11466+-4.60445
54.11616+-4.61402
54.11667+-4.62389
-1
{ATZ EGNT Newcastle}
$TYPE=8
55.07959+-1.68981
55.07896+-1.70244
55.07708+-1.71468
55.07401+-1.72617
55.06984+-1.73655
55.06471+-1.74551
55.05876+-1.75278
55.05217+-1.75814
55.04516+-1.76142
55.03792+-1.76252
55.03069+-1.76142
55.02367+-1.75814
55.01709+-1.75278
55.01114+-1.74551
55.00600+-1.73655
55.00184+-1.72617
54.99877+-1.71468
54.99689+-1.70244
54.99626+-1.68981
54.99689+-1.67718
54.99877+-1.66494
55.00184+-1.65345
55.00600+-1.64307
55.01114+-1.63411
55.01709+-1.62684
55.02367+-1.62148
55.03069+-1.61820
55.03792+-1.61710
55.04516+-1.61820
55.05217+-1.62148
55.05876+-1.62684
55.06471+-1.63411
55.06984+-1.64307
55.07401+-1.65345
55.07708+-1.66494
55.07896+-1.67718
55.07959+-1.68981
-1
{ATZ EGNV Teesside}
$TYPE=8
54.55083+-1.42944
54.55020+-1.44191
54.54832+-1.45399
54.54525+-1.46533
54.54109+-1.47558
54.53595+-1.48442
54.53000+-1.49160
54.52342+-1.49688
54.51640+-1.50012
54.50917+-1.50121
54.50193+-1.50012
54.49492+-1.49688
54.48833+-1.49160
54.48238+-1.48442
54.47725+-1.47558
54.47308+-1.46533
54.47001+-1.45399
54.46813+-1.44191
54.46750+-1.42944
54.46813+-1.41698
54.47001+-1.40490
54.47308+-1.39356
54.47725+-1.38331
54.48238+-1.37447
54.48833+-1.36729
54.49492+-1.36200
54.50193+-1.35877
54.50917+-1.35768
54.51640+-1.35877
54.52342+-1.36200
54.53000+-1.36729
54.53595+-1.37447
54.54109+-1.38331
54.54525+-1.39356
54.54832+-1.40490
54.55020+-1.41698
54.55083+-1.42944
-1
{ATZ EGNW Wickenby}
$TYPE=8
53.35004+-0.34970
53.34953+-0.35939
53.34803+-0.36878
53.34557+-0.37760
53.34224+-0.38557
53.33813+-0.39244
53.33337+-0.39802
53.32811+-0.40213
53.32249+-0.40465
53.31671+-0.40550
53.31092+-0.40465
53.30530+-0.40213
53.30004+-0.39802
53.29528+-0.39244
53.29117+-0.38557
53.28784+-0.37760
53.28538+-0.36878
53.28388+-0.35939
53.28337+-0.34970
53.28388+-0.34001
53.28538+-0.33062
53.28784+-0.32180
53.29117+-0.31383
53.29528+-0.30696
53.30004+-0.30138
53.30530+-0.29727
53.31092+-0.29475
53.31671+-0.29390
53.32249+-0.29475
53.32811+-0.29727
53.33337+-0.30138
53.33813+-0.30696
53.34224+-0.31383
53.34557+-0.32180
53.34803+-0.33062
53.34953+-0.34001
53.35004+-0.34970
-1
{ATZ EGNX Nottingham}
$TYPE=8
52.87278+-1.32806
52.87214+-1.34003
52.87026+-1.35164
52.86720+-1.36254
52.86303+-1.37239
52.85789+-1.38089
52.85194+-1.38778
52.84536+-1.39286
52.83835+-1.39597
52.83111+-1.39702
52.82388+-1.39597
52.81686+-1.39286
52.81028+-1.38778
52.80433+-1.38089
52.79919+-1.37239
52.79503+-1.36254
52.79196+-1.35164
52.79008+-1.34003
52.78944+-1.32806
52.79008+-1.31608
52.79196+-1.30447
52.79503+-1.29357
52.79919+-1.28373
52.80433+-1.27522
52.81028+-1.26833
52.81686+-1.26325
52.82388+-1.26014
52.83111+-1.25909
52.83835+-1.26014
52.84536+-1.26325
52.85194+-1.26833
52.85789+-1.27522
52.86303+-1.28373
52.86720+-1.29357
52.87026+-1.30447
52.87214+-1.31608
52.87278+-1.32806
-1
{ATZ EGNY Beverley}
$TYPE=8
53.93171+-0.36134
53.93121+-0.37116
53.92970+-0.38068
53.92725+-0.38962
53.92392+-0.39770
53.91981+-0.40467
53.91505+-0.41033
53.90978+-0.41450
53.90417+-0.41705
53.89838+-0.41791
53.89259+-0.41705
53.88698+-0.41450
53.88171+-0.41033
53.87695+-0.40467
53.87285+-0.39770
53.86951+-0.38962
53.86706+-0.38068
53.86555+-0.37116
53.86505+-0.36134
53.86555+-0.35151
53.86706+-0.34199
53.86951+-0.33305
53.87285+-0.32497
53.87695+-0.31800
53.88171+-0.31234
53.88698+-0.30818
53.89259+-0.30562
53.89838+-0.30476
53.90417+-0.30562
53.90978+-0.30818
53.91505+-0.31234
53.91981+-0.31800
53.92392+-0.32497
53.92725+-0.33305
53.92970+-0.34199
53.93121+-0.35151
53.93171+-0.36134
-1
{ATZ EGPA Kirkwall}
$TYPE=8
58.99135+-2.90048
58.99084+-2.91171
58.98934+-2.92259
58.98688+-2.93280
58.98355+-2.94203
58.97944+-2.95000
58.97468+-2.95646
58.96941+-2.96122
58.96380+-2.96414
58.95801+-2.96512
58.95223+-2.96414
58.94661+-2.96122
58.94135+-2.95646
58.93659+-2.95000
58.93248+-2.94203
58.92915+-2.93280
58.92669+-2.92259
58.92519+-2.91171
58.92468+-2.90048
58.92519+-2.88926
58.92669+-2.87837
58.92915+-2.86816
58.93248+-2.85893
58.93659+-2.85096
58.94135+-2.84450
58.94661+-2.83974
58.95223+-2.83682
58.95801+-2.83584
58.96380+-2.83682
58.96941+-2.83974
58.97468+-2.84450
58.97944+-2.85096
58.98355+-2.85893
58.98688+-2.86816
58.98934+-2.87837
58.99084+-2.88926
58.99135+-2.90048
-1
{ATZ EGPB Sumburgh}
$TYPE=8
59.91004+-1.29287
59.90954+-1.30440
59.90803+-1.31559
59.90558+-1.32608
59.90224+-1.33556
59.89813+-1.34375
59.89338+-1.35039
59.88811+-1.35528
59.88250+-1.35828
59.87671+-1.35929
59.87092+-1.35828
59.86531+-1.35528
59.86004+-1.35039
59.85528+-1.34375
59.85117+-1.33556
59.84784+-1.32608
59.84539+-1.31559
59.84388+-1.30440
59.84338+-1.29287
59.84388+-1.28134
59.84539+-1.27015
59.84784+-1.25966
59.85117+-1.25018
59.85528+-1.24199
59.86004+-1.23535
59.86531+-1.23046
59.87092+-1.22746
59.87671+-1.22645
59.88250+-1.22746
59.88811+-1.23046
59.89338+-1.23535
59.89813+-1.24199
59.90224+-1.25018
59.90558+-1.25966
59.90803+-1.27015
59.90954+-1.28134
59.91004+-1.29287
-1
{ATZ EGPC Wick}
$TYPE=8
58.49222+-3.09306
58.49172+-3.10412
58.49021+-3.11485
58.48776+-3.12492
58.48442+-3.13401
58.48032+-3.14187
58.47556+-3.14824
58.47029+-3.15293
58.46468+-3.15581
58.45889+-3.15678
58.45310+-3.15581
58.44749+-3.15293
58.44222+-3.14824
58.43746+-3.14187
58.43335+-3.13401
58.43002+-3.12492
58.42757+-3.11485
58.42606+-3.10412
58.42556+-3.09306
58.42606+-3.08199
58.42757+-3.07126
58.43002+-3.06119
58.43335+-3.05210
58.43746+-3.04424
58.44222+-3.03787
58.44749+-3.03318
58.45310+-3.03030
58.45889+-3.02933
58.46468+-3.03030
58.47029+-3.03318
58.47556+-3.03787
58.48032+-3.04424
58.48442+-3.05210
58.48776+-3.06119
58.49021+-3.07126
58.49172+-3.08199
58.49222+-3.09306
-1
{ATZ EGPD Aberdeen}
$TYPE=8
57.23526+-2.19779
57.23475+-2.20847
57.23325+-2.21884
57.23080+-2.22856
57.22746+-2.23734
57.22335+-2.24493
57.21859+-2.25108
57.21333+-2.25561
57.20772+-2.25839
57.20193+-2.25933
57.19614+-2.25839
57.19053+-2.25561
57.18526+-2.25108
57.18050+-2.24493
57.17639+-2.23734
57.17306+-2.22856
57.17060+-2.21884
57.16910+-2.20847
57.16859+-2.19779
57.16910+-2.18710
57.17060+-2.17674
57.17306+-2.16702
57.17639+-2.15823
57.18050+-2.15065
57.18526+-2.14450
57.19053+-2.13996
57.19614+-2.13719
57.20193+-2.13625
57.20772+-2.13719
57.21333+-2.13996
57.21859+-2.14450
57.22335+-2.15065
57.22746+-2.15823
57.23080+-2.16702
57.23325+-2.17674
57.23475+-2.18710
57.23526+-2.19779
-1
{ATZ EGPE Inverness}
$TYPE=8
57.58444+-4.04750
57.58381+-4.06098
57.58193+-4.07405
57.57886+-4.08632
57.57470+-4.09741
57.56956+-4.10698
57.56361+-4.11474
57.55703+-4.12046
57.55001+-4.12396
57.54278+-4.12514
57.53554+-4.12396
57.52853+-4.12046
57.52194+-4.11474
57.51599+-4.10698
57.51086+-4.09741
57.50669+-4.08632
57.50362+-4.07405
57.50174+-4.06098
57.50111+-4.04750
57.50174+-4.03402
57.50362+-4.02095
57.50669+-4.00868
57.51086+-3.99759
57.51599+-3.98802
57.52194+-3.98026
57.52853+-3.97454
57.53554+-3.97104
57.54278+-3.96986
57.55001+-3.97104
57.55703+-3.97454
57.56361+-3.98026
57.56956+-3.98802
57.57470+-3.99759
57.57886+-4.00868
57.58193+-4.02095
57.58381+-4.03402
57.58444+-4.04750
-1
{ATZ EGPF Glasgow}
$TYPE=8
55.91339+-4.43366
55.91276+-4.44656
55.91088+-4.45906
55.90781+-4.47079
55.90364+-4.48140
55.89851+-4.49055
55.89256+-4.49798
55.88597+-4.50345
55.87896+-4.50680
55.87172+-4.50793
55.86449+-4.50680
55.85747+-4.50345
55.85089+-4.49798
55.84494+-4.49055
55.83980+-4.48140
55.83564+-4.47079
55.83257+-4.45906
55.83069+-4.44656
55.83006+-4.43366
55.83069+-4.42076
55.83257+-4.40826
55.83564+-4.39653
55.83980+-4.38592
55.84494+-4.37677
55.85089+-4.36935
55.85747+-4.36387
55.86449+-4.36052
55.87172+-4.35940
55.87896+-4.36052
55.88597+-4.36387
55.89256+-4.36935
55.89851+-4.37677
55.90364+-4.38592
55.90781+-4.39653
55.91088+-4.40826
55.91276+-4.42076
55.91339+-4.43366
-1
{ATZ EGPG Cumbernauld}
$TYPE=8
56.00799+-3.97543
56.00748+-3.98578
56.00598+-3.99581
56.00352+-4.00522
56.00019+-4.01372
55.99608+-4.02107
55.99132+-4.02702
55.98606+-4.03141
55.98044+-4.03410
55.97466+-4.03500
55.96887+-4.03410
55.96325+-4.03141
55.95799+-4.02702
55.95323+-4.02107
55.94912+-4.01372
55.94579+-4.00522
55.94333+-3.99581
55.94183+-3.98578
55.94132+-3.97543
55.94183+-3.96509
55.94333+-3.95506
55.94579+-3.94565
55.94912+-3.93714
55.95323+-3.92980
55.95799+-3.92384
55.96325+-3.91946
55.96887+-3.91677
55.97466+-3.91586
55.98044+-3.91677
55.98606+-3.91946
55.99132+-3.92384
55.99608+-3.92980
56.00019+-3.93714
56.00352+-3.94565
56.00598+-3.95506
56.00748+-3.96509
56.00799+-3.97543
-1
{ATZ EGPH Edinburgh}
$TYPE=8
55.99167+-3.37250
55.99103+-3.38542
55.98915+-3.39795
55.98608+-3.40971
55.98192+-3.42033
55.97678+-3.42951
55.97083+-3.43695
55.96425+-3.44243
55.95724+-3.44579
55.95000+-3.44692
55.94276+-3.44579
55.93575+-3.44243
55.92917+-3.43695
55.92322+-3.42951
55.91808+-3.42033
55.91392+-3.40971
55.91085+-3.39795
55.90897+-3.38542
55.90833+-3.37250
55.90897+-3.35958
55.91085+-3.34705
55.91392+-3.33529
55.91808+-3.32467
55.92322+-3.31549
55.92917+-3.30805
55.93575+-3.30257
55.94276+-3.29921
55.95000+-3.29808
55.95724+-3.29921
55.96425+-3.30257
55.97083+-3.30805
55.97678+-3.31549
55.98192+-3.32467
55.98608+-3.33529
55.98915+-3.34705
55.99103+-3.35958
55.99167+-3.37250
-1
{ATZ EGPI Islay}
$TYPE=8
55.71667+-6.25972
55.71616+-6.26999
55.71466+-6.27994
55.71220+-6.28929
55.70887+-6.29773
55.70476+-6.30502
55.70000+-6.31093
55.69473+-6.31528
55.68912+-6.31795
55.68333+-6.31885
55.67755+-6.31795
55.67193+-6.31528
55.66667+-6.31093
55.66191+-6.30502
55.65780+-6.29773
55.65447+-6.28929
55.65201+-6.27994
55.65051+-6.26999
55.65000+-6.25972
55.65051+-6.24946
55.65201+-6.23950
55.65447+-6.23016
55.65780+-6.22172
55.66191+-6.21443
55.66667+-6.20852
55.67193+-6.20416
55.67755+-6.20149
55.68333+-6.20060
55.68912+-6.20149
55.69473+-6.20416
55.70000+-6.20852
55.70476+-6.21443
55.70887+-6.22172
55.71220+-6.23016
55.71466+-6.23950
55.71616+-6.24946
55.71667+-6.25972
-1
{ATZ EGPJ Glenrothes}
$TYPE=8
56.21667+-3.22028
56.21616+-3.23068
56.21466+-3.24076
56.21220+-3.25022
56.20887+-3.25878
56.20476+-3.26616
56.20000+-3.27215
56.19473+-3.27656
56.18912+-3.27926
56.18333+-3.28017
56.17755+-3.27926
56.17193+-3.27656
56.16667+-3.27215
56.16191+-3.26616
56.15780+-3.25878
56.15447+-3.25022
56.15201+-3.24076
56.15051+-3.23068
56.15000+-3.22028
56.15051+-3.20988
56.15201+-3.19979
56.15447+-3.19033
56.15780+-3.18178
56.16191+-3.17440
56.16667+-3.16841
56.17193+-3.16400
56.17755+-3.16129
56.18333+-3.16038
56.18912+-3.16129
56.19473+-3.16400
56.20000+-3.16841
56.20476+-3.17440
56.20887+-3.18178
56.21220+-3.19033
56.21466+-3.19979
56.21616+-3.20988
56.21667+-3.22028
-1
{ATZ EGPK Prestwick}
$TYPE=8
55.55106+-4.59458
55.55042+-4.60735
55.54854+-4.61974
55.54547+-4.63137
55.54131+-4.64187
55.53617+-4.65094
55.53022+-4.65830
55.52364+-4.66372
55.51662+-4.66704
55.50939+-4.66816
55.50215+-4.66704
55.49514+-4.66372
55.48856+-4.65830
55.48261+-4.65094
55.47747+-4.64187
55.47330+-4.63137
55.47024+-4.61974
55.46836+-4.60735
55.46772+-4.59458
55.46836+-4.58180
55.47024+-4.56941
55.47330+-4.55778
55.47747+-4.54728
55.48261+-4.53821
55.48856+-4.53085
55.49514+-4.52543
55.50215+-4.52211
55.50939+-4.52099
55.51662+-4.52211
55.52364+-4.52543
55.53022+-4.53085
55.53617+-4.53821
55.54131+-4.54728
55.54547+-4.55778
55.54854+-4.56941
55.55042+-4.58180
55.55106+-4.59458
-1
{ATZ EGPL Benbecula}
$TYPE=8
57.51442+-7.36269
57.51391+-7.35192
57.51241+-7.34148
57.50995+-7.33168
57.50662+-7.32283
57.50251+-7.31519
57.49775+-7.30899
57.49248+-7.30442
57.48687+-7.30162
57.48108+-7.30068
57.47530+-7.30162
57.46968+-7.30442
57.46442+-7.30899
57.45966+-7.31519
57.45555+-7.32283
57.45222+-7.33168
57.44976+-7.34148
57.44826+-7.35192
57.44775+-7.36269
57.44826+-7.37345
57.44976+-7.38389
57.45222+-7.39369
57.45555+-7.40254
57.45966+-7.41019
57.46442+-7.41639
57.46968+-7.42095
57.47530+-7.42375
57.48108+-7.42469
57.48687+-7.42375
57.49248+-7.42095
57.49775+-7.41639
57.50251+-7.41019
57.50662+-7.40254
57.50995+-7.39369
57.51241+-7.38389
57.51391+-7.37345
57.51442+-7.36269
-1
{ATZ EGPM Scatsta}
$TYPE=8
60.46611+-1.29611
60.46560+-1.30784
60.46410+-1.31922
60.46165+-1.32989
60.45831+-1.33953
60.45420+-1.34786
60.44944+-1.35461
60.44418+-1.35959
60.43857+-1.36264
60.43278+-1.36366
60.42699+-1.36264
60.42138+-1.35959
60.41611+-1.35461
60.41135+-1.34786
60.40724+-1.33953
60.40391+-1.32989
60.40145+-1.31922
60.39995+-1.30784
60.39944+-1.29611
60.39995+-1.28438
60.40145+-1.27301
60.40391+-1.26233
60.40724+-1.25269
60.41135+-1.24436
60.41611+-1.23761
60.42138+-1.23263
60.42699+-1.22959
60.43278+-1.22856
60.43857+-1.22959
60.44418+-1.23263
60.44944+-1.23761
60.45420+-1.24436
60.45831+-1.25269
60.46165+-1.26233
60.46410+-1.27301
60.46560+-1.28438
60.46611+-1.29611
-1
{ATZ EGPO Stornoway}
$TYPE=8
58.25726+-6.33107
58.25663+-6.34480
58.25475+-6.35812
58.25168+-6.37062
58.24752+-6.38191
58.24238+-6.39166
58.23643+-6.39957
58.22985+-6.40540
58.22283+-6.40897
58.21560+-6.41017
58.20836+-6.40897
58.20135+-6.40540
58.19476+-6.39957
58.18881+-6.39166
58.18368+-6.38191
58.17951+-6.37062
58.17644+-6.35812
58.17456+-6.34480
58.17393+-6.33107
58.17456+-6.31733
58.17644+-6.30401
58.17951+-6.29151
58.18368+-6.28022
58.18881+-6.27047
58.19476+-6.26256
58.20135+-6.25673
58.20836+-6.25316
58.21560+-6.25196
58.22283+-6.25316
58.22985+-6.25673
58.23643+-6.26256
58.24238+-6.27047
58.24752+-6.28022
58.25168+-6.29151
58.25475+-6.30401
58.25663+-6.31733
58.25726+-6.33107
-1
{ATZ EGPR Barra}
$TYPE=8
57.06028+-7.43750
57.05977+-7.44814
57.05827+-7.45845
57.05581+-7.46812
57.05248+-7.47687
57.04837+-7.48442
57.04361+-7.49054
57.03835+-7.49505
57.03273+-7.49782
57.02694+-7.49875
57.02116+-7.49782
57.01554+-7.49505
57.01028+-7.49054
57.00552+-7.48442
57.00141+-7.47687
56.99808+-7.46812
56.99562+-7.45845
56.99412+-7.44814
56.99361+-7.43750
56.99412+-7.42686
56.99562+-7.41655
56.99808+-7.40688
57.00141+-7.39813
57.00552+-7.39058
57.01028+-7.38446
57.01554+-7.37995
57.02116+-7.37718
57.02694+-7.37625
57.03273+-7.37718
57.03835+-7.37995
57.04361+-7.38446
57.04837+-7.39058
57.05248+-7.39813
57.05581+-7.40688
57.05827+-7.41655
57.05977+-7.42686
57.06028+-7.43750
-1
{ATZ EGPT Perth}
$TYPE=8
56.47446+-3.37391
56.47395+-3.38438
56.47245+-3.39453
56.46999+-3.40406
56.46666+-3.41267
56.46255+-3.42010
56.45779+-3.42613
56.45253+-3.43057
56.44691+-3.43329
56.44113+-3.43421
56.43534+-3.43329
56.42972+-3.43057
56.42446+-3.42613
56.41970+-3.42010
56.41559+-3.41267
56.41226+-3.40406
56.40980+-3.39453
56.40830+-3.38438
56.40779+-3.37391
56.40830+-3.36343
56.40980+-3.35328
56.41226+-3.34376
56.41559+-3.33515
56.41970+-3.32771
56.42446+-3.32168
56.42972+-3.31724
56.43534+-3.31452
56.44113+-3.31361
56.44691+-3.31452
56.45253+-3.31724
56.45779+-3.32168
56.46255+-3.32771
56.46666+-3.33515
56.46999+-3.34376
56.47245+-3.35328
56.47395+-3.36343
56.47446+-3.37391
-1
{ATZ EGPU Tiree}
$TYPE=8
56.53250+-6.86917
56.53199+-6.87965
56.53049+-6.88982
56.52803+-6.89936
56.52470+-6.90799
56.52059+-6.91543
56.51583+-6.92147
56.51057+-6.92592
56.50495+-6.92864
56.49917+-6.92956
56.49338+-6.92864
56.48777+-6.92592
56.48250+-6.92147
56.47774+-6.91543
56.47363+-6.90799
56.47030+-6.89936
56.46784+-6.88982
56.46634+-6.87965
56.46583+-6.86917
56.46634+-6.85868
56.46784+-6.84851
56.47030+-6.83897
56.47363+-6.83035
56.47774+-6.82290
56.48250+-6.81687
56.48777+-6.81242
56.49338+-6.80969
56.49917+-6.80877
56.50495+-6.80969
56.51057+-6.81242
56.51583+-6.81687
56.52059+-6.82290
56.52470+-6.83035
56.52803+-6.83897
56.53049+-6.84851
56.53199+-6.85868
56.53250+-6.86917
-1
{ATZ EGSC Cambridge}
$TYPE=8
52.24667+0.17500
52.24603+0.18681
52.24415+0.19825
52.24108+0.20899
52.23692+0.21870
52.23178+0.22708
52.22583+0.23388
52.21925+0.23889
52.21224+0.24196
52.20500+0.24299
52.19776+0.24196
52.19075+0.23889
52.18417+0.23388
52.17822+0.22708
52.17308+0.21870
52.16892+0.20899
52.16585+0.19825
52.16397+0.18681
52.16333+0.17500
52.16397+0.16319
52.16585+0.15175
52.16892+0.14101
52.17308+0.13130
52.17822+0.12292
52.18417+0.11612
52.19075+0.11111
52.19776+0.10804
52.20500+0.10701
52.21224+0.10804
52.21925+0.11111
52.22583+0.11612
52.23178+0.12292
52.23692+0.13130
52.24108+0.14101
52.24415+0.15175
52.24603+0.16319
52.24667+0.17500
-1
{ATZ EGSF Peterborough}
$TYPE=8
52.50140+-0.25093
52.50090+-0.26043
52.49939+-0.26964
52.49694+-0.27829
52.49360+-0.28610
52.48950+-0.29285
52.48474+-0.29832
52.47947+-0.30235
52.47386+-0.30482
52.46807+-0.30565
52.46228+-0.30482
52.45667+-0.30235
52.45140+-0.29832
52.44664+-0.29285
52.44253+-0.28610
52.43920+-0.27829
52.43675+-0.26964
52.43524+-0.26043
52.43474+-0.25093
52.43524+-0.24143
52.43675+-0.23222
52.43920+-0.22357
52.44253+-0.21576
52.44664+-0.20902
52.45140+-0.20354
52.45667+-0.19951
52.46228+-0.19705
52.46807+-0.19621
52.47386+-0.19705
52.47947+-0.19951
52.48474+-0.20354
52.48950+-0.20902
52.49360+-0.21576
52.49694+-0.22357
52.49939+-0.23222
52.50090+-0.24143
52.50140+-0.25093
-1
{ATZ EGSG Stapleford}
$TYPE=8
51.68583+0.15583
51.68533+0.16516
51.68382+0.17421
51.68137+0.18270
51.67803+0.19037
51.67393+0.19699
51.66917+0.20236
51.66390+0.20632
51.65829+0.20874
51.65250+0.20956
51.64671+0.20874
51.64110+0.20632
51.63583+0.20236
51.63107+0.19699
51.62697+0.19037
51.62363+0.18270
51.62118+0.17421
51.61967+0.16516
51.61917+0.15583
51.61967+0.14650
51.62118+0.13746
51.62363+0.12897
51.62697+0.12130
51.63107+0.11468
51.63583+0.10931
51.64110+0.10535
51.64671+0.10292
51.65250+0.10211
51.65829+0.10292
51.66390+0.10535
51.66917+0.10931
51.67393+0.11468
51.67803+0.12130
51.68137+0.12897
51.68382+0.13746
51.68533+0.14650
51.68583+0.15583
-1
{ATZ EGSH Norwich}
$TYPE=8
52.71750+1.28278
52.71687+1.29471
52.71499+1.30628
52.71192+1.31714
52.70775+1.32695
52.70262+1.33542
52.69667+1.34229
52.69008+1.34735
52.68307+1.35045
52.67583+1.35150
52.66860+1.35045
52.66158+1.34735
52.65500+1.34229
52.64905+1.33542
52.64391+1.32695
52.63975+1.31714
52.63668+1.30628
52.63480+1.29471
52.63417+1.28278
52.63480+1.27084
52.63668+1.25927
52.63975+1.24842
52.64391+1.23861
52.64905+1.23014
52.65500+1.22326
52.66158+1.21820
52.66860+1.21510
52.67583+1.21406
52.68307+1.21510
52.69008+1.21820
52.69667+1.22326
52.70262+1.23014
52.70775+1.23861
52.71192+1.24842
52.71499+1.25927
52.71687+1.27084
52.71750+1.28278
-1
{ATZ EGSJ Seething}
$TYPE=8
52.54431+1.41725
52.54380+1.42676
52.54230+1.43598
52.53984+1.44463
52.53651+1.45246
52.53240+1.45921
52.52764+1.46468
52.52238+1.46872
52.51676+1.47119
52.51098+1.47202
52.50519+1.47119
52.49957+1.46872
52.49431+1.46468
52.48955+1.45921
52.48544+1.45246
52.48211+1.44463
52.47965+1.43598
52.47815+1.42676
52.47764+1.41725
52.47815+1.40774
52.47965+1.39852
52.48211+1.38987
52.48544+1.38204
52.48955+1.37529
52.49431+1.36982
52.49957+1.36578
52.50519+1.36331
52.51098+1.36248
52.51676+1.36331
52.52238+1.36578
52.52764+1.36982
52.53240+1.37529
52.53651+1.38204
52.53984+1.38987
52.54230+1.39852
52.54380+1.40774
52.54431+1.41725
-1
{ATZ EGSL Andrewsfield}
$TYPE=8
51.92833+0.44917
51.92783+0.45855
51.92632+0.46764
51.92387+0.47617
51.92053+0.48389
51.91643+0.49055
51.91167+0.49595
51.90640+0.49992
51.90079+0.50236
51.89500+0.50318
51.88921+0.50236
51.88360+0.49992
51.87833+0.49595
51.87357+0.49055
51.86947+0.48389
51.86613+0.47617
51.86368+0.46764
51.86217+0.45855
51.86167+0.44917
51.86217+0.43979
51.86368+0.43069
51.86613+0.42216
51.86947+0.41445
51.87357+0.40779
51.87833+0.40239
51.88360+0.39841
51.88921+0.39597
51.89500+0.39515
51.90079+0.39597
51.90640+0.39841
51.91167+0.40239
51.91643+0.40779
51.92053+0.41445
51.92387+0.42216
51.92632+0.43069
51.92783+0.43979
51.92833+0.44917
-1
{ATZ EGSM Beccles}
$TYPE=8
52.46872+1.61833
52.46821+1.62783
52.46671+1.63703
52.46425+1.64567
52.46092+1.65348
52.45681+1.66022
52.45205+1.66568
52.44678+1.66971
52.44117+1.67218
52.43538+1.67301
52.42960+1.67218
52.42398+1.66971
52.41872+1.66568
52.41396+1.66022
52.40985+1.65348
52.40652+1.64567
52.40406+1.63703
52.40256+1.62783
52.40205+1.61833
52.40256+1.60884
52.40406+1.59963
52.40652+1.59100
52.40985+1.58319
52.41396+1.57645
52.41872+1.57098
52.42398+1.56696
52.42960+1.56449
52.43538+1.56366
52.44117+1.56449
52.44678+1.56696
52.45205+1.57098
52.45681+1.57645
52.46092+1.58319
52.46425+1.59100
52.46671+1.59963
52.46821+1.60884
52.46872+1.61833
-1
{ATZ EGSN Bourn}
$TYPE=8
52.24361+-0.04278
52.24310+-0.05222
52.24160+-0.06138
52.23915+-0.06998
52.23581+-0.07774
52.23170+-0.08445
52.22694+-0.08989
52.22168+-0.09390
52.21607+-0.09635
52.21028+-0.09718
52.20449+-0.09635
52.19888+-0.09390
52.19361+-0.08989
52.18885+-0.08445
52.18474+-0.07774
52.18141+-0.06998
52.17895+-0.06138
52.17745+-0.05222
52.17694+-0.04278
52.17745+-0.03333
52.17895+-0.02417
52.18141+-0.01558
52.18474+-0.00781
52.18885+-0.00111
52.19361+0.00433
52.19888+0.00834
52.20449+0.01079
52.21028+0.01162
52.21607+0.01079
52.22168+0.00834
52.22694+0.00433
52.23170+-0.00111
52.23581+-0.00781
52.23915+-0.01558
52.24160+-0.02417
52.24310+-0.03333
52.24361+-0.04278
-1
{ATZ EGSP Peterborough}
$TYPE=8
52.58917+-0.39083
52.58866+-0.40035
52.58716+-0.40958
52.58470+-0.41825
52.58137+-0.42607
52.57726+-0.43283
52.57250+-0.43831
52.56723+-0.44235
52.56162+-0.44483
52.55583+-0.44566
52.55005+-0.44483
52.54443+-0.44235
52.53917+-0.43831
52.53441+-0.43283
52.53030+-0.42607
52.52697+-0.41825
52.52451+-0.40958
52.52301+-0.40035
52.52250+-0.39083
52.52301+-0.38131
52.52451+-0.37208
52.52697+-0.36342
52.53030+-0.35559
52.53441+-0.34883
52.53917+-0.34335
52.54443+-0.33931
52.55005+-0.33684
52.55583+-0.33601
52.56162+-0.33684
52.56723+-0.33931
52.57250+-0.34335
52.57726+-0.34883
52.58137+-0.35559
52.58470+-0.36342
52.58716+-0.37208
52.58866+-0.38131
52.58917+-0.39083
-1
{ATZ EGSQ Clacton}
$TYPE=8
51.81845+1.13011
51.81795+1.13946
51.81644+1.14853
51.81399+1.15705
51.81065+1.16474
51.80655+1.17138
51.80179+1.17677
51.79652+1.18074
51.79091+1.18317
51.78512+1.18399
51.77933+1.18317
51.77372+1.18074
51.76845+1.17677
51.76369+1.17138
51.75958+1.16474
51.75625+1.15705
51.75380+1.14853
51.75229+1.13946
51.75179+1.13011
51.75229+1.12075
51.75380+1.11168
51.75625+1.10316
51.75958+1.09547
51.76369+1.08883
51.76845+1.08344
51.77372+1.07947
51.77933+1.07704
51.78512+1.07622
51.79091+1.07704
51.79652+1.07947
51.80179+1.08344
51.80655+1.08883
51.81065+1.09547
51.81399+1.10316
51.81644+1.11168
51.81795+1.12075
51.81845+1.13011
-1
{ATZ EGSR Earls Colne}
$TYPE=8
51.94778+0.68250
51.94727+0.69188
51.94577+0.70098
51.94331+0.70952
51.93998+0.71724
51.93587+0.72390
51.93111+0.72930
51.92585+0.73328
51.92023+0.73572
51.91444+0.73654
51.90866+0.73572
51.90304+0.73328
51.89778+0.72930
51.89302+0.72390
51.88891+0.71724
51.88558+0.70952
51.88312+0.70098
51.88162+0.69188
51.88111+0.68250
51.88162+0.67312
51.88312+0.66402
51.88558+0.65548
51.88891+0.64776
51.89302+0.64110
51.89778+0.63570
51.90304+0.63172
51.90866+0.62928
51.91444+0.62846
51.92023+0.62928
51.92585+0.63172
51.93111+0.63570
51.93587+0.64110
51.93998+0.64776
51.94331+0.65548
51.94577+0.66402
51.94727+0.67312
51.94778+0.68250
-1
{ATZ EGSS Stansted}
$TYPE=8
51.92667+0.23500
51.92603+0.24672
51.92415+0.25809
51.92108+0.26875
51.91692+0.27839
51.91178+0.28671
51.90583+0.29346
51.89925+0.29843
51.89224+0.30148
51.88500+0.30250
51.87776+0.30148
51.87075+0.29843
51.86417+0.29346
51.85822+0.28671
51.85308+0.27839
51.84892+0.26875
51.84585+0.25809
51.84397+0.24672
51.84333+0.23500
51.84397+0.22328
51.84585+0.21191
51.84892+0.20125
51.85308+0.19161
51.85822+0.18329
51.86417+0.17654
51.87075+0.17157
51.87776+0.16852
51.88500+0.16750
51.89224+0.16852
51.89925+0.17157
51.90583+0.17654
51.91178+0.18329
51.91692+0.19161
51.92108+0.20125
51.92415+0.21191
51.92603+0.22328
51.92667+0.23500
-1
{ATZ EGST Elmsett}
$TYPE=8
52.10876+0.97778
52.10825+0.98720
52.10675+0.99633
52.10430+1.00490
52.10096+1.01264
52.09685+1.01933
52.09209+1.02475
52.08683+1.02874
52.08122+1.03119
52.07543+1.03201
52.06964+1.03119
52.06403+1.02874
52.05876+1.02475
52.05400+1.01933
52.04989+1.01264
52.04656+1.00490
52.04410+0.99633
52.04260+0.98720
52.04209+0.97778
52.04260+0.96836
52.04410+0.95923
52.04656+0.95066
52.04989+0.94292
52.05400+0.93624
52.05876+0.93081
52.06403+0.92682
52.06964+0.92437
52.07543+0.92355
52.08122+0.92437
52.08683+0.92682
52.09209+0.93081
52.09685+0.93624
52.10096+0.94292
52.10430+0.95066
52.10675+0.95923
52.10825+0.96836
52.10876+0.97778
-1
{ATZ EGSU Duxford}
$TYPE=8
52.12417+0.13194
52.12366+0.14137
52.12216+0.15050
52.11970+0.15907
52.11637+0.16682
52.11226+0.17350
52.10750+0.17893
52.10223+0.18293
52.09662+0.18537
52.09083+0.18620
52.08505+0.18537
52.07943+0.18293
52.07417+0.17893
52.06941+0.17350
52.06530+0.16682
52.06197+0.15907
52.05951+0.15050
52.05801+0.14137
52.05750+0.13194
52.05801+0.12252
52.05951+0.11339
52.06197+0.10482
52.06530+0.09707
52.06941+0.09038
52.07417+0.08496
52.07943+0.08096
52.08505+0.07852
52.09083+0.07769
52.09662+0.07852
52.10223+0.08096
52.10750+0.08496
52.11226+0.09038
52.11637+0.09707
52.11970+0.10482
52.12216+0.11339
52.12366+0.12252
52.12417+0.13194
-1
{ATZ EGSV Old Buckenham}
$TYPE=8
52.53060+1.05096
52.53010+1.06047
52.52859+1.06969
52.52614+1.07834
52.52280+1.08616
52.51870+1.09291
52.51394+1.09838
52.50867+1.10241
52.50306+1.10488
52.49727+1.10572
52.49148+1.10488
52.48587+1.10241
52.48060+1.09838
52.47584+1.09291
52.47173+1.08616
52.46840+1.07834
52.46595+1.06969
52.46444+1.06047
52.46394+1.05096
52.46444+1.04146
52.46595+1.03224
52.46840+1.02359
52.47173+1.01577
52.47584+1.00902
52.48060+1.00355
52.48587+0.99951
52.49148+0.99704
52.49727+0.99621
52.50306+0.99704
52.50867+0.99951
52.51394+1.00355
52.51870+1.00902
52.52280+1.01577
52.52614+1.02359
52.52859+1.03224
52.53010+1.04146
52.53060+1.05096
-1
{ATZ EGSY Sheffield City}
$TYPE=8
53.42750+-1.38861
53.42699+-1.39832
53.42549+-1.40773
53.42303+-1.41656
53.41970+-1.42454
53.41559+-1.43143
53.41083+-1.43702
53.40557+-1.44114
53.39995+-1.44366
53.39417+-1.44451
53.38838+-1.44366
53.38277+-1.44114
53.37750+-1.43702
53.37274+-1.43143
53.36863+-1.42454
53.36530+-1.41656
53.36284+-1.40773
53.36134+-1.39832
53.36083+-1.38861
53.36134+-1.37890
53.36284+-1.36949
53.36530+-1.36066
53.36863+-1.35268
53.37274+-1.34579
53.37750+-1.34020
53.38277+-1.33608
53.38838+-1.33356
53.39417+-1.33271
53.39995+-1.33356
53.40557+-1.33608
53.41083+-1.34020
53.41559+-1.34579
53.41970+-1.35268
53.42303+-1.36066
53.42549+-1.36949
53.42699+-1.37890
53.42750+-1.38861
-1
{ATZ EGTB Wycombe}
$TYPE=8
51.64506+-0.80823
51.64456+-0.81755
51.64305+-0.82659
51.64060+-0.83507
51.63727+-0.84273
51.63316+-0.84935
51.62840+-0.85472
51.62313+-0.85867
51.61752+-0.86109
51.61173+-0.86191
51.60594+-0.86109
51.60033+-0.85867
51.59506+-0.85472
51.59030+-0.84935
51.58620+-0.84273
51.58286+-0.83507
51.58041+-0.82659
51.57890+-0.81755
51.57840+-0.80823
51.57890+-0.79891
51.58041+-0.78987
51.58286+-0.78139
51.58620+-0.77373
51.59030+-0.76711
51.59506+-0.76174
51.60033+-0.75779
51.60594+-0.75537
51.61173+-0.75455
51.61752+-0.75537
51.62313+-0.75779
51.62840+-0.76174
51.63316+-0.76711
51.63727+-0.77373
51.64060+-0.78139
51.64305+-0.78987
51.64456+-0.79891
51.64506+-0.80823
-1
{ATZ EGTC Cranfield}
$TYPE=8
52.10556+-0.61667
52.10505+-0.62608
52.10355+-0.63521
52.10109+-0.64378
52.09776+-0.65152
52.09365+-0.65821
52.08889+-0.66363
52.08362+-0.66763
52.07801+-0.67007
52.07222+-0.67090
52.06643+-0.67007
52.06082+-0.66763
52.05556+-0.66363
52.05080+-0.65821
52.04669+-0.65152
52.04335+-0.64378
52.04090+-0.63521
52.03940+-0.62608
52.03889+-0.61667
52.03940+-0.60725
52.04090+-0.59812
52.04335+-0.58955
52.04669+-0.58181
52.05080+-0.57512
52.05556+-0.56970
52.06082+-0.56571
52.06643+-0.56326
52.07222+-0.56244
52.07801+-0.56326
52.08362+-0.56571
52.08889+-0.56970
52.09365+-0.57512
52.09776+-0.58181
52.10109+-0.58955
52.10355+-0.59812
52.10505+-0.60725
52.10556+-0.61667
-1
{ATZ EGTE Exeter}
$TYPE=8
50.77611+-3.41389
50.77548+-3.42532
50.77360+-3.43641
50.77053+-3.44681
50.76636+-3.45621
50.76123+-3.46432
50.75528+-3.47090
50.74870+-3.47575
50.74168+-3.47872
50.73444+-3.47972
50.72721+-3.47872
50.72019+-3.47575
50.71361+-3.47090
50.70766+-3.46432
50.70253+-3.45621
50.69836+-3.44681
50.69529+-3.43641
50.69341+-3.42532
50.69278+-3.41389
50.69341+-3.40246
50.69529+-3.39137
50.69836+-3.38097
50.70253+-3.37157
50.70766+-3.36346
50.71361+-3.35688
50.72019+-3.35203
50.72721+-3.34906
50.73444+-3.34806
50.74168+-3.34906
50.74870+-3.35203
50.75528+-3.35688
50.76123+-3.36346
50.76636+-3.37157
50.77053+-3.38097
50.77360+-3.39137
50.77548+-3.40246
50.77611+-3.41389
-1
{ATZ EGTF Fairoaks}
$TYPE=8
51.38139+-0.55889
51.38088+-0.56816
51.37938+-0.57714
51.37692+-0.58557
51.37359+-0.59319
51.36948+-0.59977
51.36472+-0.60511
51.35946+-0.60904
51.35384+-0.61145
51.34806+-0.61226
51.34227+-0.61145
51.33665+-0.60904
51.33139+-0.60511
51.32663+-0.59977
51.32252+-0.59319
51.31919+-0.58557
51.31673+-0.57714
51.31523+-0.56816
51.31472+-0.55889
51.31523+-0.54962
51.31673+-0.54064
51.31919+-0.53220
51.32252+-0.52458
51.32663+-0.51801
51.33139+-0.51267
51.33665+-0.50874
51.34227+-0.50633
51.34806+-0.50552
51.35384+-0.50633
51.35946+-0.50874
51.36472+-0.51267
51.36948+-0.51801
51.37359+-0.52458
51.37692+-0.53220
51.37938+-0.54064
51.38088+-0.54962
51.38139+-0.55889
-1
{ATZ EGTG Filton}
$TYPE=8
51.56111+-2.59083
51.56048+-2.60246
51.55860+-2.61374
51.55553+-2.62431
51.55136+-2.63388
51.54623+-2.64213
51.54028+-2.64882
51.53370+-2.65376
51.52668+-2.65678
51.51944+-2.65779
51.51221+-2.65678
51.50519+-2.65376
51.49861+-2.64882
51.49266+-2.64213
51.48753+-2.63388
51.48336+-2.62431
51.48029+-2.61374
51.47841+-2.60246
51.47778+-2.59083
51.47841+-2.57921
51.48029+-2.56793
51.48336+-2.55735
51.48753+-2.54779
51.49266+-2.53954
51.49861+-2.53284
51.50519+-2.52791
51.51221+-2.52489
51.51944+-2.52387
51.52668+-2.52489
51.53370+-2.52791
51.54028+-2.53284
51.54623+-2.53954
51.55136+-2.54779
51.55553+-2.55735
51.55860+-2.56793
51.56048+-2.57921
51.56111+-2.59083
-1
{ATZ EGTH Old Warden}
$TYPE=8
52.12018+-0.32266
52.12011+-0.31320
52.11903+-0.30391
52.11698+-0.29507
52.11401+-0.28694
52.11022+-0.27977
52.10572+-0.27379
52.10065+-0.26916
52.09517+-0.26604
52.08943+-0.26451
52.08362+-0.26463
52.07791+-0.26639
52.07248+-0.26974
52.06748+-0.27457
52.06308+-0.28074
52.05940+-0.28806
52.05656+-0.29630
52.05464+-0.30523
52.05370+-0.31456
52.05378+-0.32402
52.05486+-0.33331
52.05691+-0.34215
52.05988+-0.35028
52.06367+-0.35745
52.06817+-0.36344
52.07324+-0.36806
52.07872+-0.37118
52.08446+-0.37271
52.09027+-0.37259
52.09598+-0.37083
52.10141+-0.36748
52.10641+-0.36265
52.11081+-0.35649
52.11449+-0.34917
52.11733+-0.34092
52.11925+-0.33199
52.12018+-0.32266
-1
{ATZ EGTK Oxford}
$TYPE=8
51.87028+-1.32000
51.86977+-1.32937
51.86827+-1.33845
51.86581+-1.34697
51.86248+-1.35468
51.85837+-1.36133
51.85361+-1.36672
51.84835+-1.37069
51.84273+-1.37313
51.83694+-1.37395
51.83116+-1.37313
51.82554+-1.37069
51.82028+-1.36672
51.81552+-1.36133
51.81141+-1.35468
51.80808+-1.34697
51.80562+-1.33845
51.80412+-1.32937
51.80361+-1.32000
51.80412+-1.31063
51.80562+-1.30155
51.80808+-1.29303
51.81141+-1.28532
51.81552+-1.27867
51.82028+-1.27328
51.82554+-1.26931
51.83116+-1.26687
51.83694+-1.26605
51.84273+-1.26687
51.84835+-1.26931
51.85361+-1.27328
51.85837+-1.27867
51.86248+-1.28532
51.86581+-1.29303
51.86827+-1.30155
51.86977+-1.31063
51.87028+-1.32000
-1
{ATZ EGTO Rochester}
$TYPE=8
51.38528+0.50333
51.38477+0.51260
51.38327+0.52159
51.38081+0.53002
51.37748+0.53764
51.37337+0.54422
51.36861+0.54956
51.36335+0.55349
51.35773+0.55590
51.35194+0.55671
51.34616+0.55590
51.34054+0.55349
51.33528+0.54956
51.33052+0.54422
51.32641+0.53764
51.32308+0.53002
51.32062+0.52159
51.31912+0.51260
51.31861+0.50333
51.31912+0.49407
51.32062+0.48508
51.32308+0.47665
51.32641+0.46903
51.33052+0.46245
51.33528+0.45711
51.34054+0.45318
51.34616+0.45077
51.35194+0.44996
51.35773+0.45077
51.36335+0.45318
51.36861+0.45711
51.37337+0.46245
51.37748+0.46903
51.38081+0.47665
51.38327+0.48508
51.38477+0.49407
51.38528+0.50333
-1
{ATZ EGTP Perranporth}
$TYPE=8
50.36389+-5.17944
50.36338+-5.18851
50.36188+-5.19730
50.35942+-5.20555
50.35609+-5.21301
50.35198+-5.21945
50.34722+-5.22467
50.34196+-5.22851
50.33634+-5.23087
50.33056+-5.23166
50.32477+-5.23087
50.31915+-5.22851
50.31389+-5.22467
50.30913+-5.21945
50.30502+-5.21301
50.30169+-5.20555
50.29923+-5.19730
50.29773+-5.18851
50.29729+-5.18557
50.31164+-5.13616
50.31389+-5.13422
50.31915+-5.13038
50.32477+-5.12802
50.33056+-5.12723
50.33634+-5.12802
50.34196+-5.13038
50.34722+-5.13422
50.35198+-5.13944
50.35609+-5.14588
50.35942+-5.15334
50.36188+-5.16159
50.36338+-5.17038
50.36389+-5.17944
-1
{ATZ EGTR Elstree}
$TYPE=8
51.68916+-0.32585
51.68865+-0.33518
51.68715+-0.34423
51.68469+-0.35272
51.68136+-0.36039
51.67725+-0.36701
51.67249+-0.37238
51.66723+-0.37634
51.66161+-0.37876
51.65583+-0.37958
51.65004+-0.37876
51.64442+-0.37634
51.63916+-0.37238
51.63440+-0.36701
51.63029+-0.36039
51.62696+-0.35272
51.62450+-0.34423
51.62300+-0.33518
51.62249+-0.32585
51.62300+-0.31652
51.62450+-0.30747
51.62696+-0.29898
51.63029+-0.29131
51.63440+-0.28469
51.63916+-0.27932
51.64442+-0.27536
51.65004+-0.27294
51.65583+-0.27212
51.66161+-0.27294
51.66723+-0.27536
51.67249+-0.27932
51.67725+-0.28469
51.68136+-0.29131
51.68469+-0.29898
51.68715+-0.30747
51.68865+-0.31652
51.68916+-0.32585
-1
{ATZ EGTU Dunkeswell}
$TYPE=8
50.89333+-3.23472
50.89283+-3.24389
50.89132+-3.25278
50.88887+-3.26113
50.88553+-3.26867
50.88143+-3.27518
50.87667+-3.28046
50.87140+-3.28435
50.86579+-3.28673
50.86000+-3.28753
50.85421+-3.28673
50.84860+-3.28435
50.84333+-3.28046
50.83857+-3.27518
50.83447+-3.26867
50.83113+-3.26113
50.82868+-3.25278
50.82717+-3.24389
50.82667+-3.23472
50.82717+-3.22555
50.82868+-3.21666
50.83113+-3.20832
50.83447+-3.20078
50.83857+-3.19427
50.84333+-3.18899
50.84860+-3.18510
50.85421+-3.18272
50.86000+-3.18191
50.86579+-3.18272
50.87140+-3.18510
50.87667+-3.18899
50.88143+-3.19427
50.88553+-3.20078
50.88887+-3.20832
50.89132+-3.21666
50.89283+-3.22555
50.89333+-3.23472
-1
