;
; © John Woodside
;
{L6}  
$TYPE=6
53.4133333+-3.6083333
53.1727778+-3.1519444
53.0308333+-2.8866667
52.8097222+-2.4788889
52.3566667+-1.6636111
-1
{L8}  
$TYPE=6
53.5872222+-3.0263889
53.4786111+-2.9072222
53.185+-2.6230556
52.8613889+-2.2430556
-1
{L9}
$TYPE=6
52.1586111+-5.8422222
51.99472222+-5.040277778
51.8405556+-3.9983333
51.72555556+-3.263055556
51.6916667+-2.9455556
51.6625+-2.6783333
51.6438889+-2.5111111
51.6238889+-2.335
51.5925+-2.0616667
51.5708333+-1.8747222
51.5491667+-1.6933333
51.5205556+-1.455
51.49166667+-1.219722222
51.4797222+-1.1233333
51.330875+0.034811111
51.1625+1.359166667
51.1308333+2
-1
{L10}
$TYPE=6
54.66114444+-6.229905556
54.3983333+-5.5711111
54.2011111+-5.0875
54.06694444+-4.763611111
53.9052778+-4.3641667
53.8311111+-4.1825
53.6158333+-3.6636111
53.39194444+-3.134444444
53.185+-2.623055556
53.1375+-2.5669444
52.8613889+-2.2430556
52.35666667+-1.663611111
52.18027778+-1.113888889
52.0194444+-0.7333333
51.9422222+-0.5522222
51.74972222+-0.106666667
51.64611111+0.151666667
51.1625+1.359166667
51.0327778+1.6155556
-1
{L15}  
$TYPE=6
50.9997222+0.8786111
50.9783333+1.0408333
50.9211111+1.4666667
-1
{L17}  
$TYPE=6
53.0522222+2.0947222
52.9577778+2.5
52.8219444+3.0686111
-1
{L18}  
$TYPE=6
53.0638889+-5.5
52.9966667+-5.3775
52.7827778+-4.9925
52.6583333+-4.7713889
52.4311111+-4.3725
-1
{L26}  
$TYPE=6
53.4416667+-1.5369444
53.4180556+-1.28
53.4113889+-1.2094444
53.3844444+-0.9255556
53.3580556+-0.6558333
53.2880556+0.0319444
-1
{L28}  
$TYPE=6
53.6161111+-3.6636111
53.4786111+-2.9072222
53.3569444+-2.2622222
53.2380556+-1.8619444
53.0538889+-1.67
-1
{L60}  
$TYPE=6
53.1088889+2.5
53.0436111+3.255
-1
{L70}  
$TYPE=6
53.68+-5.5
53.67+-5.1472222
53.6602778+-4.8394444
53.6469444+-4.4522222
53.6275+-3.9452778
53.6161111+-3.6636111
53.5872222+-3.0263889
53.5272222+-1.8927778
-1
{L74}  
$TYPE=6
54.4113889+3.5855556
54.3055556+3.6522222
54.1766667+3.6269444
54+3.5922222
53.6044444+3.5158333
53.4025+3.5613889
-1
{L151}
$TYPE=6
53.39194444+-3.134444444
52.8097222+-2.4788889
52.6644444+-2.3186111
52.4108333+-2.0419444
52.2675+-1.8872222
52.1030556+-1.7113889
51.8769444+-1.4722222
51.7713889+-1.3613889
51.05388889+-0.625
50.2094444+-0.0761111
50.1+0
-1
{L175}  
$TYPE=6
51.9947222+-5.0402778
51.9580556+-6.1030556
51.9527778+-6.2391667
-1
{L179}  
$TYPE=6
51.6461111+0.1516667
51.6294444+0.6463889
51.6255556+0.7466667
51.6047222+1.2811111
51.5905556+1.6119444
51.5702778+2.055
-1
{L180}  
$TYPE=6
51.9486111+-2.9227778
51.7769444+-3.2591667
-1
{L186}  
$TYPE=6
52.3566667+-1.6636111
52.0308333+-1.1111111
51.9963889+-1.0536111
51.7983333+-0.7244444
51.3308333+0.0347222
-1
{L602}  
$TYPE=6
55.4991667+-3.3527778
55.4611111+-2.9963889
55.3625+-2.6872222
55.2805556+-2.4333333
55.0383333+-1.6983333
-1
53.2055556+2.5
53.1708333+2.7727778
53.1269444+3.1080556
53.1008333+3.3036111
-1
{L603}  
$TYPE=6
53.5272222+-1.8927778
53.4738889+-1.59
53.4180556+-1.28
53.4058333+-1.2122222
53.3080556+-0.6822222
53.235+-0.2958333
53.1841667+-0.0319444
-1
52.7972222+2.5
52.7583333+2.8005556
52.7327778+2.9944444
-1
{L608}  
$TYPE=6
51.8486111+1.1475
51.7866667+1.4327778
51.7475+1.6119444
51.6372222+2.1077778
-1
{L610}  
$TYPE=6
51.8055556+-0.4194444
51.6461111+0.1516667
51.6016667+0.5836111
51.5961111+0.6344444
51.5422222+1.1372222
51.4888889+1.6119444
51.4438889+2
-1
{L613}  
$TYPE=6
51.3038889+0.5972222
51.0641667+1.0675
50.9541667+1.2225
50.7794444+1.4666667
-1
{L620}  
$TYPE=6
52.1147222+2.4880556
51.9052778+1.4258333
51.8486111+1.1475
-1
51.0538889+-0.625
51.0191667+-0.8830556
51.0052778+-0.9844444
50.9552778+-1.345
50.8452778+-1.9827778
50.8+-2.2388889
50.7497222+-2.5186111
50.7075+-2.75
50.5741667+-3.4638889
-1
{L975}  
$TYPE=6
53.48+-5.5
53.4705556+-5.1641667
53.4608333+-4.8580556
53.4572222+-4.7466667
53.4533333+-4.6352778
53.4425+-4.3333333
53.4372222+-4.1902778
53.4283333+-3.9677778
53.4238889+-3.8566667
53.4180556+-3.7175
53.4133333+-3.6083333
53.4122222+-3.5786111
53.4022222+-3.3566667
53.3919444+-3.1344444
53.4705556+-2.4280556
53.4980556+-2.1725
53.5202778+-1.9611111
53.5272222+-1.8927778
53.5347222+-1.8211111
53.5611111+-1.5608333
53.5869444+-1.3008333
53.5927778+-1.2411111
53.6080556+-1.0833333
-1
{L980}  
$TYPE=6
51.7847222+2.2241667
51.7475+1.6119444
51.7358333+1.4266667
51.7130556+1.0827778
51.7038889+0.9494444
51.6927778+0.7905556
51.6852778+0.6833333
51.6708333+0.4861111
51.6461111+0.1516667
51.305+-0.4472222
51.0538889+-0.625
50.8452778+-0.9047222
50.82+-0.9383333
50.6916667+-1.1083333
50.5205556+-1.3333333
50.2619444+-1.6691667
50.1394444+-1.8261111
49.9991667+-2.005
-1
{L989}  
$TYPE=6
53.1088889+2.5
53.0522222+2.0947222
-1
{M17}  
$TYPE=6
52.5544444+-5.5
51.9947222+-5.0402778
-1
{M140}
$TYPE=6
51.2463889+2
51.1625+1.3591667
51.1313889+1.0822222
51.1166667+0.9530556
51.0569444+0.4441667
51.0172222+0.1161111
51.0538889+-0.625
-1
{M183}  
$TYPE=6
52.1147222+2.4880556
52.1055556+2.2694444
52.085+1.8116667
52.0508333+1.1275
51.9969444+0.1766667
51.9897222+0.0619444
-1
{M185}  
$TYPE=6
51.8486111+1.1475
51.8219444+0.7941667
51.8111111+0.6516667
51.7791667+0.25
51.775+0.1966667
51.7497222+-0.1066667
51.305+-0.4472222
51.0538889+-0.625
51.0052778+-0.9844444
50.7625+-1.2355556
50.6633333+-1.3372222
49.9991667+-2.005
-1
{M189}
$TYPE=6
52.18027778+-1.113888889
52.1277778+-0.7341667
52.1122222+-0.6233333
52.0844444+-0.4272222
51.9969444+0.1766667
51.84861111+1.1475
51.7358333+1.4266667
51.1625+1.359166667
51.0641667+1.0675
50.99972222+0.878611111
50.7283333+0.5333333
50.5825+0.3497222
50.4705556+0.21
50.3741667+0.0902778
50.15+-0.1855556
50+-0.3683333
-1
{M604}  
$TYPE=6
52.5430556+2.1022222
52.3672222+1.9130556
52.3277778+1.8711111
52.2836111+1.8241667
52.2452778+1.7833333
52.1033333+1.6333333
51.9052778+1.4258333
-1
{M605}
$TYPE=6
53.74388889+-2.103333333
52.7466667+-1.7194444
52.18027778+-1.113888889
51.9963889+-1.0536111
51.8475+-1.0052778
51.5788889+-0.9188889
51.45277778+-0.878888889
50.76055556+0.121944444
50.5825+0.3497222
50.4711111+0.4911111
50.3516667+0.6413889
-1
{M733}  
$TYPE=6
51.3308333+0.0347222
50.4777778+0.9686111
-1
{M868}  
$TYPE=6
53.4416667+-1.5369444
53.3575+-1.6636111
53.1666667+-1.7397222
53.0538889+-1.67
-1
{M981}  
$TYPE=6
53.4136111+3
53.2491667+3.4297222
-1
{M982}  
$TYPE=6
53.6633333+3.1888889
53.4025+3.5613889
-1
{N14}  
$TYPE=6
51.8694444+-2.9291667
51.8177778+-2.5461111
51.7088889+-2.1397222
51.6444444+-1.9033333
51.5205556+-1.455
-1
{N34}
$TYPE=6
54.6611111+-6.23
54.2922222+-6.255
54.0683333+-6.27
-1
{N42}  
$TYPE=6
52.8927778+-3.1738889
52.8075+-3.1066667
52.715+-3.0341667
52.5116667+-2.8758333
-1
{N57}  
$TYPE=6
54.7219444+-3.3405556
54.2277778+-2.7061111
54.0922222+-2.5355556
54.0125+-2.4358333
53.8783333+-2.2691667
53.8116667+-2.1866667
53.7438889+-2.1033333
53.5202778+-1.9611111
53.1666667+-1.7397222
53.0538889+-1.67
52.5402778+-1.3569444
52.2472222+-0.8522222
52.1122222+-0.6233333
52.0719444+-0.5552778
51.9588889+-0.3658333
51.6461111+0.1516667
51.3038889+0.5972222
51.0641667+1.0675
50.8569444+1.4666667
-1
{N63} 
50.7497222+-2.5186111
50.6752778+-2.1258333
50.5752778+-1.6108333
-1
{N90}  
$TYPE=6
51.3019444+-3.0175
50.4366667+-3.1725
49.8247222+-3.0341667
-1
{N160}  
$TYPE=6
51.24+-7.5680556
50.9980556+-7.2047222
-1
{N514}  
$TYPE=6
50.7633333+-0.9541667
50.7625+-1.2355556
50.7619444+-1.3377778
50.7586111+-1.8102778
50.7497222+-2.5186111
-1
{N546}  
$TYPE=6
52.2416667+-5.6802778
51.9947222+-5.0402778
-1
{N552} 
$TYPE=6
55.3133333+-4.7838889
55.3430556+-5
55.43+-5.6502778
55.32+-6.9352778
-1
{N560} 
$TYPE=6
57.1216667+-4.1466667
56.8930556+-4.2027778
56.7+-4.2497222
56.4633333+-4.3066667
56.1427778+-4.3822222
55.8705556+-4.4458333
-1
{N562} 
$TYPE=6
56+-10
55.7191667+-7.6955556
55.43+-5.6502778
55.3430556+-5
55.3133333+-4.7838889
-1
{N580} 
$TYPE=6
56.2363889+-5.8411111
56.0488889+-5.1152778
-1
{N601}  
$TYPE=6
56.1966667+-3.6855556
55.4991667+-3.3527778
55.3775+-3.2625
55.2988889+-3.2041667
55.1277778+-3.0786111
54.7075+-2.7747222
54.5+-2.6272222
54.1561111+-2.3866667
54.0161111+-2.2897222
53.8633333+-2.1847222
53.7438889+-2.1033333
53.5983333+-1.95
52.9633333+-1.2958333
52.7408333+-1.0719444
52.61+-0.9416667
52.3591667+-0.6944444
52.225+-0.5633333
52.1275+-0.4686111
52.0844444+-0.4272222
52.05+-0.3938889
51.7497222+-0.1066667
51.495+0.2980556
51.3516667+0.5230556
51.3038889+0.5972222
-1
{N615}  
$TYPE=6
55.8705556+-4.4458333
55.1775+-4.1686111
55.1405556+-4.1008333
54.9422222+-3.7375
54.7219444+-3.3405556
54.2388889+-2.9811111
54.0027778+-2.8088889
53.9111111+-2.7425
53.7741667+-2.6438889
53.6269444+-2.5388889
53.4705556+-2.4280556
53.2516667+-2.2744444
53.1433333+-2.1991667
52.3566667+-1.6636111
51.6561111+-1.0969444
51.6161111+-1.065
51.4527778+-0.8788889
51.0538889+-0.625
50.7019444+-0.2516667
50.6666667+-0.2144444
50.4513889+0.0102778
50.3741667+0.0902778
50.2044444+0.2647222
-1
{N621} 
$TYPE=6
50.9552778+-1.345
50.675+-1.85
50.415+-1.9852778
50.2463889+-2.0722222
49.9825+-2.1063889
-1
{N859}  
$TYPE=6
52.3566667+-1.6636111
52.1452778+-1.5536111
52.0975+-1.5288889
52.05+-1.5041667
51.7713889+-1.3613889
51.6502778+-1.2997222
51.4916667+-1.2197222
51.2538889+-1.045
50.9425+-0.8194444
50.8552778+-0.7566667
50.7738889+-0.6697222
50.6480556+-0.5358333
50.2094444+-0.0761111
50.1+0
-1
{N862}  
$TYPE=6
53.0766667+-2.8827778
53.0308333+-2.8866667
52.8944444+-2.8983333
52.8011111+-2.8927778
52.7105556+-2.8875
52.5116667+-2.8758333
51.9486111+-2.9227778
51.8694444+-2.9291667
51.7094444+-2.9422222
51.6916667+-2.9455556
51.3019444+-3.0175
50.3986111+-3.4936111
50+-3.1730556
49.8247222+-3.0341667
-1
{N863}  
$TYPE=6
50.82+-0.9383333
50.6166667+-0.9675
50.3341667+-1.0072222
50+-1.0538889
-1
{N864}
$TYPE=6
56.6941667+-3.0555556
56.1166667+-3.2016667
55.49916667+-3.352777778
54.72194444+-3.340555556
54.38+-3.2863889
53.39194444+-3.134444444
53.1925+-3.1502778
53.1727778+-3.1519444
53.0666667+-3.1602778
52.8927778+-3.1738889
52.7194444+-3.1875
52.5533333+-3.2002778
51.9583333+-3.2455556
51.7769444+-3.2591667
51.72555556+-3.263055556
51.61+-3.2836111
51.1786111+-3.3597222
50.8091667+-3.4238889
50.6666667+-3.4483333
50.5741667+-3.4638889
50.39861111+-3.493611111
-1
{N866}  
$TYPE=6
50.9552778+-1.345
50.6752778+-2.1258333
50.6719444+-2.1275
50.5036111+-2.2141667
-1
{N867}  
$TYPE=6
50.9552778+-1.345
50.6633333+-1.3372222
50.5205556+-1.3333333
50+-1.3805556
-1
{P1}  
$TYPE=6
54.0372222+3.2580556
53.6633333+3.1888889
53.4016667+3.3413889
53.2491667+3.4297222
-1
{P6}  
$TYPE=6
54.6611111+-6.23
54.49+-5.3027778
54.3008333+-4.8313889
54.2061111+-4.5980556
54.1222222+-4.3938889
53.9783333+-4.0472222
-1
53.2380556+-1.8619444
52.7408333+-1.0719444
-1
{P7}  
$TYPE=6
52.4783333+2.5705556
52.3947222+2.5025
52.1055556+2.2694444
51.8977778+1.8855556
51.7475+1.6119444
-1
{P17}  
$TYPE=6
54.1766667+-1.9055556
54.0816667+-1.9491667
53.7438889+-2.1033333
-1
{P18}  
$TYPE=6
57.3105556+-2.2672222
56.9255556+-2.1163889
56.8225+-2.0763889
56.6597222+-2.0138889
56.4969444+-1.9519444
56.2119444+-1.8447222
55.9130556+-1.7338889
55.4472222+-1.565
55.1155556+-1.6733333
55.0383333+-1.6983333
54.7113889+-1.8030556
54.5475+-1.855
54.4166667+-1.8961111
54.2247222+-1.9558333
54.0952778+-1.9958333
53.7438889+-2.1033333
-1
{P20}  
$TYPE=6
52.1186111+1.21
51.8977778+1.8855556
51.9083333+2.3225
-1
{P25}  
$TYPE=6
52.4783333+2.5705556
52.2836111+1.8241667
52.2247222+1.6025
52.1186111+1.21
-1
{P44}  
$TYPE=6
52.3072222+2.6438889
52.0797222+1.9472222
51.9913889+1.6819444
51.9052778+1.4258333
-1
{P49}  
$TYPE=6
51.8977778+1.8855556
51.7847222+2.2241667
-1
{P87}  
$TYPE=6
50.2619444+-1.6691667
50.1216667+-1.6811111
50+-1.6913889
-1
{P137}  
$TYPE=6
52.3477778+0.7825
52.085+1.8116667
-1
{P155}  
$TYPE=6
52.3566667+-1.6636111
52.3591667+-0.6944444
52.3577778+-0.2325
52.3561111+0.0297222
52.355+0.1655556
52.3477778+0.7825
52.3355556+1.5052778
52.3277778+1.8711111
-1
{P166}  
$TYPE=6
52.3577778+-0.2325
52.2625+-0.4416667
52.1277778+-0.7341667
-1
{P600}  
$TYPE=6
57.7019444+-0.5619444
57.51+-1.415
-1
57.3105556+-2.2672222
56.9566667+-2.7238889
56.9+-2.7958333
56.7633333+-2.9688889
56.6941667+-3.0555556
56.4425+-3.3686111
56.2933333+-3.5613889
56.2333333+-3.6386111
56.1966667+-3.6855556
55.7152778+-4.2919444
55.3133333+-4.7838889
55.1855556+-4.8963889
54.8833333+-5.1588889
54.5947222+-5.5980556
54.0288889+-6.0661111
-1
{P620}  
$TYPE=6
54.8833333+-5.1588889
54.49+-5.3027778
54.1444444+-5.5933333
53.965+-5.7422222
-1
{Q3}  
$TYPE=6
51.8055556+-0.4194444
51.305+-0.4472222
-1
{Q4}  
$TYPE=6
53.3919444+-3.1344444
53.0538889+-1.67
52.9633333+-1.2958333
-1
{Q41}  
$TYPE=6
51.8530556+-0.9625
51.6161111+-1.065
51.4797222+-1.1233333
51.3636111+-1.1727778
51.1966667+-1.2436111
51.1322222+-1.2708333
50.9552778+-1.345
50.6661111+-1.5477778
50.5752778+-1.6108333
50.4986111+-1.6638889
50.2927778+-1.8055556
49.9991667+-2.005
-1
{Q70}  
$TYPE=6
51.6161111+-1.065
51.5788889+-0.9188889
51.3308333+0.0347222
51.3038889+0.5972222
51.2463889+2
-1
{T71}  
$TYPE=6
51.6161111+-1.065
51.2538889+-1.045
-1
{T420}  
$TYPE=6
53.0538889+-1.67
52.7002778+-1.3069444
52.5588889+-1.1638889
52.4866667+-1.0911111
52.2472222+-0.8522222
52.1277778+-0.7341667
51.9422222+-0.5522222
51.8055556+-0.4194444
51.56+-0.1830556
51.3308333+0.0347222
51.0672222+0.4394444
50.8572222+0.7780556
50.5755556+1.2255556
-1
{Y3}  
$TYPE=6
51.61+-3.2836111
51.4433333+-2.0616667
51.3708333+-1.5586111
51.3130556+-1.1708333
-1
{Y4}  
$TYPE=6
52.1055556+2.2694444
51.6541667+1.9125
-1
{Y6}  
$TYPE=6
52.3355556+1.5052778
52.0575+1.7477778
51.8977778+1.8855556
51.6372222+2.1077778
-1
{Y8}  
$TYPE=6
50.9552778+-1.345
50.8552778+-0.7566667
50.6236111+-0.1069444
50.5825+0.3497222
50.4777778+0.9686111
-1
{Y47}
$TYPE=6
51.01722222+0.116111111
50.76055556+0.121944444
50.4513889+0.0102778
50.2094444+-0.0761111
-1
{Y53}  
$TYPE=6
53.3919444+-3.1344444
53.1375+-2.5669444
53.0666667+-2.4113889
52.9758333+-2.2130556
52.8158333+-1.8675
52.7466667+-1.7194444
52.5402778+-1.3569444
-1
{Y70}  
$TYPE=6
53.7438889+-2.1033333
53.6458333+-1.3602778
53.6080556+-1.0833333
53.5369444+-0.8308333
53.4652778+-0.5788889
53.4002778+-0.3530556
53.2880556+0.0319444
53.2277778+0.5911111
53.0522222+2.0947222
-1
{Y76}  
$TYPE=6
51.7061111+2.1619444
51.6541667+1.9125
51.5905556+1.6119444
51.5561111+1.2713889
51.5422222+1.1372222
51.4494444+0.9255556
51.3038889+0.5972222
-1
{Y91}  
$TYPE=6
50.5741667+-3.4638889
50.4366667+-3.1725
50+-2.825
-1
{Y98}  
$TYPE=6
53.7438889+-2.1033333
53.4705556+-2.4280556
53.0766667+-2.8827778
52.5533333+-3.2002778
-1
{Y99}  
$TYPE=6
54.2247222+-1.9558333
54.0161111+-2.2897222
53.6269444+-2.5388889
53.0766667+-2.8827778
-1
{Y110}  
$TYPE=6
50.2927778+-1.8055556
50.1394444+-1.8261111
50+-1.845
-1
{Y250}  
$TYPE=6
54.2247222+-1.9558333
54.1766667+-1.9055556
53.7175+-1.4330556
53.6458333+-1.3602778
53.5869444+-1.3008333
53.4180556+-1.28
52.7408333+-1.0719444
52.4866667+-1.0911111
52.1802778+-1.1138889
-1
{Y321}  
$TYPE=6
51.4916667+-1.2197222
51.3380556+-1.2322222
51.1966667+-1.2436111
-1
{Y803}  
$TYPE=6
51.1625+1.3591667
51.0641667+1.0675
50.9997222+0.8786111
50.7605556+0.1219444
51.0538889+-0.625
-1
{A1D}  
$TYPE=6
60+-10
59.9644444+-9.5
58.2069444+-6.1830556
57.5305556+-5.6552778
57.0519444+-5.2947222
56.0627778+-4.58
55.8705556+-4.4458333
-1
{N160D}  
$TYPE=6
51.24+-7.5680556
50.9980556+-7.2047222
50.3952778+-6.3233333
50.1363889+-5.6369444
49.5902778+-4.3302778
-1
{N552D}
$TYPE=6
55.3133333+-4.7838889
55.3430556+-5
55.43+-5.6502778
55.3588889+-6.5
55.32+-6.9352778
-1
{N553D}  
$TYPE=6
56.0488889+-5.1152778
55.8+-5.3336111
55.43+-5.6502778
-1
{N560D}
$TYPE=6
59.8788889+-1.2866667
59.5083333+-1.9494444
59.2611111+-2.3808333
58.9597222+-2.8938889
58.4588889+-3.1002778
57.9641667+-4.1880556
57.8916667+-4.3433333
57.5425+-4.0416667
57.345+-4.0913889
57.2130556+-4.1241667
56.7+-4.2497222
56.1427778+-4.3822222
55.8705556+-4.4458333
-1
{N562D}  
$TYPE=6
56+-10
55.5547222+-6.5
55.43+-5.6502778
55.3430556+-5
55.3133333+-4.7838889
-1
{N580D}
$TYPE=6
57+-10
56.925+-9.5
56.4933333+-6.8755556
56.2363889+-5.8411111
56.0488889+-5.1152778
55.9633333+-4.7922222
55.8705556+-4.4458333
-1
{P600D}  
$TYPE=6
58.39+2.8288889
57.8241667+0
57.51+-1.415
57.3105556+-2.2672222
-1
{W2D}  
$TYPE=6
54.0669444+-4.7636111
53.9852778+-4.0391667
53.9194444+-3.4833333
53.8683333+-3.0683333
53.7438889+-2.1033333
53.865+-1.6527778
-1
{W4D}  
$TYPE=6
58.4588889+-3.1002778
58.3041667+-2.9847222
58.0833333+-2.8216667
57.7769444+-2.5988889
57.3105556+-2.2672222
-1
{W5D}  
$TYPE=6
59.8788889+-1.2866667
59.5488889+-1.3663889
59.3833333+-1.4061111
58.8869444+-1.5222222
57.5591667+-1.8172222
57.3105556+-2.2672222
-1
{W6D}  
$TYPE=6
58.2069444+-6.1830556
57.9+-5.1691667
57.6883333+-4.4947222
57.5425+-4.0416667
-1
{W911D}  
$TYPE=6
54.7219444+-3.3405556
54.0669444+-4.7636111
53.7672222+-5.5
-1
{W928D}  
$TYPE=6
54.8833333+-5.1588889
54.275+-4.8627778
54.0669444+-4.7636111
-1
{W958D}  
$TYPE=6
57.4780556+-7.3652778
56.2363889+-5.8411111
55.8+-5.3336111
55.5063889+-5
55.3133333+-4.7838889
-1