;
; © John Woodside
;
{UL6}
$TYPE=7
53.4133333+-3.6083333
53.1727778+-3.1519444
53.0308333+-2.8866667
52.8097222+-2.4788889
52.3566667+-1.6636111
-1
{UL7}
$TYPE=7
61+-1.85
59.8788889+-1.2866667
57.95+0.5958333
56.97+1.4675
55.8858333+2.3744444
54.9630556+3.2305556
54.6533333+3.4311111
54.4113889+3.5855556
54.3055556+3.6522222
53.8394444+3.9425
-1
{UL8}
$TYPE=7
53.7311111+-3.1858333
53.5872222+-3.0263889
53.4786111+-2.9072222
52.8613889+-2.2430556
-1
{UL9}
$TYPE=7
52.1586111+-5.8422222
51.9947222+-5.0402778
51.7769444+-3.2591667
51.5638889+-1.71
51.5205556+-1.455
51.4916667+-1.2197222
51.4797222+-1.1233333
51.4705556+-1.0491667
51.3308333+0.0347222
51.1625+1.3591667
51.1308333+2
-1
{UL10}
$TYPE=7
56+-10
55.3483333+-8.0919444
55.0608333+-7.2961111
54.6611111+-6.23
54.3983333+-5.5711111
54.0669444+-4.7636111
53.9052778+-4.3641667
53.6158333+-3.6636111
53.3919444+-3.1344444
52.3566667+-1.6636111
52.1802778+-1.1138889
51.7497222+-0.1066667
51.6461111+0.1516667
51.1625+1.3591667
-1
{UL15}
$TYPE=7
51.3308333+0.0347222
51.0641667+1.0675
50.9577778+1.4666667
-1
{UL18} - revised
$TYPE=7
56+-10
55.0838889+-8.5738889
54.8566667+-8.2336111
54.6236111+-7.8908333
54.2788889+-7.3927778
-1
53.0638889+-5.5
52.6583333+-4.7713889
52.4311111+-4.3725
51.9502778+-3.5494444
51.7769444+-3.2591667
51.5638889+-1.71
51.4780556+-1.5241667
51.3130556+-1.1708333
51.2538889+-1.045
51.0538889+-0.625
50.7605556+0.1219444
-1
{UL22} 
$TYPE=7
51.3333333+-5
51.4683333+-6.6708333
51.4986111+-7.0936111
-1
{UL26}
$TYPE=7
53.6158333+-3.6636111
53.4980556+-2.1725
53.4666667+-1.8125
53.4416667+-1.5369444
53.4180556+-1.28
53.395+-1.0358333
53.2880556+0.0319444
-1
{UL28}
$TYPE=7
53.6158333+-3.6636111
53.4786111+-2.9072222
53.3569444+-2.2622222
53.2380556+-1.8619444
53.0538889+-1.67
-1
{UL46}
$TYPE=7
53.9602778+-3.8255556
53.93+-3.4963889
53.735+-1.5805556
53.7175+-1.4330556
53.6519444+-0.8938889
53.5247222+0.0933333
53.4833333+0.4016667
-1
{UL60}
$TYPE=7
53.2880556+0.0319444
53.1088889+2.5
53.0436111+3.255
-1
{UL70}
$TYPE=7
53.68+-5.5
53.6602778+-4.8394444
53.6469444+-4.4522222
53.6275+-3.9452778
53.6158333+-3.6636111
53.5872222+-3.0263889
53.5738889+-2.7558333
53.5272222+-1.8927778
-1
{UL74}
$TYPE=7
54.6533333+3.4311111
54.4113889+3.5855556
54.3055556+3.6522222
54.1766667+3.6269444
54+3.5922222
53.6044444+3.5158333
53.4025+3.5613889
-1
{UL90}
$TYPE=7
53.6983333+-0.1036111
53.5247222+0.0933333
53.2277778+0.5911111
52.9786111+1.0008333
-1
{UL149} 
$TYPE=7
52.2416667+-5.6802778
51.7263889+-5.2905556
51.5025+-5.1244444
51.3333333+-5
50.8430556+-3.9972222
50.7216667+-3.7552778
50.5741667+-3.4638889
-1
{UL151}
$TYPE=7
53.39194444+-3.134444444
52.8097222+-2.4788889
52.6644444+-2.3186111
52.4108333+-2.0419444
52.1030556+-1.7113889
51.8769444+-1.4722222
51.7713889+-1.3613889
51.4705556+-1.0491667
51.05388889+-0.625
50.2094444+-0.0761111
50.1+0
-1
{UL175}
$TYPE=7
51.9947222+-5.0402778
51.9580556+-6.1030556
51.9527778+-6.2391667
-1
{UL179}
$TYPE=7
51.5702778+2.055
51.5905556+1.6119444
51.6047222+1.2808333
51.6294444+0.6463889
51.6330556+0.5391667
51.6461111+0.1516667
51.4916667+-1.2197222
51.4780556+-1.5241667
-1
{UL180}
$TYPE=7
51.9486111+-2.9227778
51.7769444+-3.2591667
51.6427778+-3.8002778
51.5594444+-4.13
51.3333333+-5
51+-8
-1
{UL186}
$TYPE=7
52.3566667+-1.6636111
52.0308333+-1.1111111
51.9963889+-1.0536111
51.3308333+0.0347222
-1
{UL602}
$TYPE=7
55.8705556+-4.4458333
55.4991667+-3.3527778
55.0383333+-1.6983333
54.4944444+-1.0355556
54.0288889+-0.4852778
53.6983333+-0.1036111
53.4833333+0.4016667
53.3263889+1.5127778
53.2055556+2.5
53.1708333+2.7727778
53.1269444+3.1080556
53.1008333+3.3036111
-1
{UL603}
$TYPE=7
54.0669444+-4.7636111
53.9602778+-3.8255556
53.8877778+-3.4897222
53.6005556+-2.2075
53.5272222+-1.8927778
53.4180556+-1.28
53.3080556+-0.6822222
53.1841667+-0.0319444
52.9786111+1.0008333
52.8013889+2.4675
52.7972222+2.5
52.7583333+2.8005556
52.7327778+2.9944444
-1
{UL607}
$TYPE=7
51.7822222+-6.5633333
51.7608333+-6.0361111
51.7263889+-5.2905556
51.6427778+-3.8002778
51.61+-3.2836111
51.4780556+-1.5241667
51.1308333+2
-1
{UL608}
$TYPE=7
51.8486111+1.1475
51.7475+1.6119444
51.6372222+2.1077778
-1
{UL610}
$TYPE=7
51.8055556+-0.4194444
51.6461111+0.1516667
51.6016667+0.5836111
51.5422222+1.1372222
51.4888889+1.6119444
51.4438889+2
-1
{UL613}
$TYPE=7
56.3691667+-3.4636111
55.4991667+-3.3527778
54.1480556+-1.9797222
53.735+-1.5805556
53.4180556+-1.28
53.0091667+-0.9008333
52.3083333+-0.2691667
52.0258333+-0.0208333
51.775+0.1966667
51.3038889+0.5972222
51.0641667+1.0675
50.9541667+1.2225
50.7794444+1.4666667
-1
{UL619}
$TYPE=7
55.8858333+2.3744444
55.5094444+3.7163889
55.1286111+5
-1
{UL620}
$TYPE=7
52.1147222+2.4880556
51.9052778+1.4258333
51.8486111+1.1475
51.6927778+0.7905556
51.6294444+0.6463889
51.6016667+0.5836111
51.0538889+-0.625
50.9552778+-1.345
50.7497222+-2.5186111
50.5741667+-3.4638889
50.1363889+-5.6369444
50+-8
-1
{UL722}
$TYPE=7
50.3986111+-3.4936111
49.6513889+-4.0013889
-1
{UL739}
$TYPE=7
50+-8
49.7847222+-5.9366667
49.5902778+-4.3302778
-1
{UL975}
$TYPE=7
55.3855556+5
55.305+4.6513889
55.1380556+3.9452778
54.9630556+3.2305556
54.905+2.4922222
53.8469444+0.5808333
53.5247222+0.0933333
53.6080556+-1.0833333
53.5869444+-1.3008333
53.5272222+-1.8927778
53.5202778+-1.9611111
53.4980556+-2.1725
53.4705556+-2.4280556
53.3919444+-3.1344444
53.4133333+-3.6083333
53.4283333+-3.9677778
53.4425+-4.3333333
53.4533333+-4.6352778
53.4608333+-4.8580556
53.48+-5.5
-1
{UL980}
$TYPE=7
51.7847222+2.2241667
51.7475+1.6119444
51.7130556+1.0827778
51.7038889+0.9494444
51.6927778+0.7905556
51.6852778+0.6833333
51.6708333+0.4858333
51.6461111+0.1516667
51.0538889+-0.625
50.82+-0.9383333
50.5205556+-1.3333333
50.2619444+-1.6691667
50.1394444+-1.8261111
49.9991667+-2.005
-1
{UL983}
$TYPE=7
55.9388889+5
55.9155556+3.5
55.8858333+2.3744444
55.9194444+-0.5441667
55.9130556+-1.7338889
55.9075+-2.2063889
55.8705556+-4.4458333
-1
{UM14}
$TYPE=7
52.0258333+-0.0208333
51.6708333+0.4858333
51.6330556+0.5391667
51.6016667+0.5836111
-1
{UM16}
$TYPE=7
53.3919444+-3.1344444
53.3569444+-2.2622222
53.2913889+-1.6308333
53.2063889+-0.8611111
52.9786111+1.0008333
-1
{UM17}
$TYPE=7
52.5544444+-5.5
52.1438889+-5.1613889
51.9947222+-5.0402778
51.5594444+-4.13
51.3255556+-3.6547222
51.1786111+-3.3597222
50.7497222+-2.5186111
-1
{UM25}
$TYPE=7
50+-8
49.8602778+-6.1941667
49.715+-4.6230556
49.6513889+-4.0013889
-1
{UM30}
$TYPE=7
50.4366667+-3.1725
49.7372222+-3.5294444
-1
{UM65}
$TYPE=7
53.6005556+-2.2075
53.2380556+-1.8619444
-1
{UM79}
$TYPE=7
55.0383333+-1.6983333
54.0288889+0.2463889
53.8869444+0.6502778
53.2055556+2.5
-1
{UM82}
$TYPE=7
57.57+4.1369444
56.4080556+0.7769444
55.4591667+-1.0205556
54.8036111+-1.6113889
-1
{UM83}
$TYPE=7
57.8919444+-9.5
57.3691667+-4.8986111
56.4080556+0.7769444
56.1747222+3.5
55.9388889+5
-1
{UM84}
$TYPE=7
57.3105556+-2.2672222
56.4080556+0.7769444
55.8858333+2.3744444
-1
{UM85}
$TYPE=7
59.9644444+-9.5
57.4313889+-1.7544444
56.4080556+0.7769444
-1
{UM86}
$TYPE=7
59.9644444+-9.5
58.9683333+-3.8727778
57.95+0.5958333
-1
{UM87}
$TYPE=7
61+-4.5833333
59.4333333+-3.9527778
58.9683333+-3.8727778
58.1563889+-3.7386111
57.4530556+-3.6272222
56.3691667+-3.4636111
-1
{UM89}
$TYPE=7
57.9075+3.6083333
56.4080556+0.7769444
55.9075+-2.2063889
55.31333333+-4.783888889
-1
{UM90}
$TYPE=7
56.2119444+-1.8447222
55.465+0.2480556
54.3055556+3.3086111
54.1766667+3.6269444
53.8394444+3.9425
-1
{UM91}
$TYPE=7
58.2069444+-6.1830556
58.1563889+-3.7386111
57.95+0.5958333
-1
{UM125}
$TYPE=7
61+-4.5833333
59.8788889+-1.2866667
59.6383333+0.6691667
-1
{UM132}
$TYPE=7
56.5+-10
55.9280556+-5.8786111
55.4991667+-3.3527778
-1
{UM140}
$TYPE=7
51.6191667+-6.8697222
51.5516667+-6.4075
51.3333333+-5
51.1786111+-3.3597222
50.9552778+-1.345
51.1625+1.3591667
-1
{UM142} 
$TYPE=7
51+-8
50.3952778+-6.3233333
50.1363889+-5.6369444
49.4844444+-5.0572222
49.4561111+-5.0325
-1
{UM183}
$TYPE=7
52.1147222+2.4880556
52.1055556+2.2694444
52.085+1.8116667
52.0508333+1.1275
51.9969444+0.1766667
51.9897222+0.0619444
-1
{UM185}
$TYPE=7
51.8486111+1.1475
51.8219444+0.7941667
51.8111111+0.6516667
51.7791667+0.25
51.775+0.1966667
51.7497222+-0.1066667
51.305+-0.4472222
51.0538889+-0.625
51.0052778+-0.9844444
50.6633333+-1.3372222
49.9991667+-2.005
-1
{UM189}
$TYPE=7
50.99972222+0.878611111
50.5825+0.3497222
50.3741667+0.0902778
50.2094444+-0.0761111
-1
{UM195}
$TYPE=7
50.2463889+-2.0722222
49.9383333+-2.3711111
-1
{UM197}
$TYPE=7
52.1147222+2.4880556
51.9913889+1.6819444
51.6747222+-0.2263889
50+-8
-1
{UM604}
$TYPE=7
55.6069444+5
55.305+4.6513889
54.8638889+4.1533333
54.3055556+3.6522222
53.6633333+3.1888889
53.2861111+2.8691667
53.1708333+2.7727778
52.9861111+2.6194444
52.8013889+2.4675
52.5430556+2.1022222
52.3277778+1.8711111
51.9052778+1.4258333
-1
{UM605}
$TYPE=7
52.18027778+-1.113888889
51.9963889+-1.0536111
51.8475+-1.0052778
51.5788889+-0.9188889
51.45277778+-0.878888889
50.76055556+0.121944444
50.5825+0.3497222
50.4711111+0.4911111
50.3516667+0.6413889
-1
{UM733}
$TYPE=7
51.3308333+0.0347222
50.4777778+0.9686111
-1
{UM868}
$TYPE=7
53.4416667+-1.5369444
53.3575+-1.6636111
53.1666667+-1.7397222
53.0538889+-1.67
-1
{UM869}
$TYPE=7
56.0533333+5
55.9155556+3.5
-1
{UM981}
$TYPE=7
55.0383333+-1.6983333
53.4136111+3
53.2491667+3.4297222
-1
{UM982}
$TYPE=7
56.3691667+-3.4636111
55.9075+-2.2063889
55.4591667+-1.0205556
55.2872222+-0.585
53.6633333+3.1888889
53.4025+3.5613889
-1
{UN12}
$TYPE=7
50.3666667+-8
50.1238889+-7.1166667
49.8602778+-6.1941667
49.7847222+-5.9366667
49.4844444+-5.0572222
-1
{UN14}
$TYPE=7
52.2416667+-5.6802778
52.1438889+-5.1613889
52.1027778+-4.8033333
51.9502778+-3.5494444
51.9116667+-3.2491667
51.8697222+-2.9291667
51.8177778+-2.5461111
51.5205556+-1.455
-1
{UN16}
$TYPE=7
50.4197222+-3.8047222
49.6513889+-4.0013889
-1
{UN18}
$TYPE=7
52.1438889+-5.1613889
51.5025+-5.1244444
51.1744444+-5.1058333
50.1363889+-5.6369444
-1
{UN20}
$TYPE=7
50.9552778+-1.345
50.8044444+-3.3494444
50.3333333+-5.7
50.2708333+-5.9913889
50.1238889+-7.1166667
50+-8
-1
{UN22}
$TYPE=7
51.3255556+-3.6547222
50.7216667+-3.7552778
50.4197222+-3.8047222
49.7372222+-3.5294444
-1
{UN24}
$TYPE=7
52.1586111+-5.8422222
52.1438889+-5.1613889
-1
{UN26}
$TYPE=7
50.7216667+-3.7552778
50.3986111+-3.4936111
49.7852778+-3.2594444
-1
{UN28}
$TYPE=7
51.9527778+-6.2391667
51.5230556+-6.4983333
51.2977778+-6.6319444
-1
{UN30}
$TYPE=7
52.1438889+-5.1613889
51.9763889+-6.1094444
51.9527778+-6.2391667
-1
{UN32}
$TYPE=7
50.4366667+-3.1725
49.6513889+-4.0013889
-1
{UN34}
$TYPE=7
57.4780556+-7.3652778
56.4933333+-6.8755556
54.6611111+-6.23
54.2922222+-6.255
54.0683333+-6.27
-1
51.7822222+-6.5633333
51.4891667+-6.605
51.2977778+-6.6319444
50.3952778+-6.3233333
49.7847222+-5.9366667
49.5163889+-5.8011111
-1
{UN38}
$TYPE=7
53.0766667+-2.8827778
52.8927778+-3.1738889
52.6711111+-3.5202778
51.7408333+-3.5838889
51.3255556+-3.6547222
-1
{UN40}
$TYPE=7
51.7822222+-6.5633333
51.5883333+-6.29
51.4216667+-6.0580556
-1
{UN42}
$TYPE=7
52.8927778+-3.1738889
52.5116667+-2.8758333
-1
{UN57}
$TYPE=7
56.925+-9.5
55.43+-5.6502778
54.7219444+-3.3405556
54.0125+-2.4358333
53.7438889+-2.1033333
53.0538889+-1.67
52.5402778+-1.3569444
52.2472222+-0.8522222
51.6461111+0.1516667
51.0641667+1.0675
-1
{UN63}
$TYPE=7
50.7497222+-2.5186111
50.6752778+-2.1258333
50.5752778+-1.6108333
-1
{UN90}
$TYPE=7
51.3019444+-3.0175
50.4366667+-3.1725
49.8247222+-3.0341667
-1
{UN97}
$TYPE=7
55.0383333+-1.6983333
54.2380556+1.2697222
53.6633333+3.1888889
-1
{UN160}
$TYPE=7
51.24+-7.5680556
50.9980556+-7.2047222
50.3952778+-6.3233333
50.1363889+-5.6369444
49.715+-4.6230556
49.5902778+-4.3302778
-1
{UN490/491}
$TYPE=7
49.0072222+-7.2147222
49.0052778+-7.4980556
49+-8
-1
{UN502}
$TYPE=7
49.5+-8
49.4752778+-7.0213889
49.4488889+-6.2180556
49.4338889+-5.8227778
49.4105556+-5.2663889
-1
{UN512}
$TYPE=7
49.5+-8
49.3780556+-7.1208333
49.1705556+-6.4483333
-1
{UN514}
$TYPE=7
51+-8
50.9347222+-5.8955556
50.8430556+-3.9972222
50.7497222+-2.5186111
50.7586111+-1.8102778
50.7625+-1.2355556
50.7633333+-0.9541667
-1
{UN517}
$TYPE=7
55.43+-5.6502778
54.6611111+-6.23
54.1891667+-6.9063889
-1
{UN521}
$TYPE=7
49.5+-8
49.3780556+-7.1208333
49.2338889+-6.1430556
-1
{UN537}
$TYPE=7
55.8705556+-4.4458333
55.43+-5.6502778
54.6613889+-7.8402778
54.4525+-8.4027778
-1
{UN545}
$TYPE=7
55.43+-5.6502778
55.1166667+-7.2188889
54.6136111+-9.5063889
-1
{UN546}
$TYPE=7
52.2416667+-5.6802778
51.9947222+-5.0402778
-1
{UN550}
$TYPE=7
55+-10
54.7433333+-9.0375
54.4783333+-8.085
54.2788889+-7.3927778
-1
{UN551}
$TYPE=7
55+-10
54.9055556+-8.8025
54.8566667+-8.2336111
54.8030556+-7.6488889
54.6611111+-6.23
54.49+-5.3027778
-1
{UN552}
$TYPE=7
55.4991667+-3.3527778
55.43+-5.6502778
55.32+-6.9352778
55.1708333+-8.4616667
55+-10
-1
{UN562}
$TYPE=7
56+-10
55.7191667+-7.6955556
55.43+-5.6502778
55.9075+-2.2063889
-1
{UN563}
$TYPE=7
56+-10
55.9280556+-5.8786111
55.8705556+-4.4458333
-1
{UN570}
$TYPE=7
56.925+-9.5
55.7191667+-7.6955556
55.3980556+-7.2397222
55.2502778+-7.0330556
54.9463889+-6.6152778
54.6611111+-6.23
-1
{UN572}
$TYPE=7
57+-10
56.925+-9.5
56.4933333+-6.8755556
56.3691667+-3.4636111
-1
{UN580}
$TYPE=7
57.8919444+-9.5
56.4933333+-6.8755556
56.2363889+-5.8411111
55.8705556+-4.4458333
-1
{UN581}
$TYPE=7
57.8919444+-9.5
57.4530556+-3.6272222
57.3105556+-2.2672222
56.97+1.4675
56.7630556+3.2694444
56.7052778+3.7327778
56.5375+5
-1
{UN583}
$TYPE=7
58.2069444+-6.1830556
57.8919444+-9.5
-1
{UN584}
$TYPE=7
59.8788889+-1.2866667
59.4333333+-3.9527778
57.8919444+-9.5
-1
{UN590}
$TYPE=7
58.8555556+-9.5
57.4780556+-7.3652778
57.3325+-7.085
55.8705556+-4.4458333
54.7075+-2.7747222
54.5+-2.5138889
53.735+-1.5805556
-1
{UN591}
$TYPE=7
58.8555556+-9.5
58.2069444+-6.1830556
57.3105556+-2.2672222
-1
{UN593}
$TYPE=7
59.4333333+-3.9527778
58.8555556+-9.5
-1
{UN601}
$TYPE=7
59.9644444+-9.5
58.2069444+-6.1830556
56.6952778+-4.5447222
56.4633333+-4.3066667
55.4991667+-3.3527778
54.7075+-2.7747222
54.5+-2.6272222
54.0161111+-2.2897222
53.7438889+-2.1033333
53.4666667+-1.8125
53.2913889+-1.6308333
52.9633333+-1.2958333
52.7408333+-1.0719444
52.61+-0.9416667
52.3591667+-0.6944444
52.225+-0.5633333
52.0844444+-0.4272222
51.7497222+-0.1066667
51.3038889+0.5972222
-1
{UN603}
$TYPE=7
59.9644444+-9.5
60.0197222+-8.5688889
60.0161111+-6.0155556
59.8788889+-1.2866667
-1
{UN610}
$TYPE=7
61+-10
60.605+-9.41
60.0197222+-8.5688889
58.2069444+-6.1830556
57.3691667+-4.8986111
56.8930556+-4.2027778
56.3691667+-3.4636111
55.8583333+-2.7675
55.0383333+-1.6983333
-1
{UN612}
$TYPE=7
61+-10
60.7897222+-7.9127778
60.6213889+-6.4538889
59.8788889+-1.2866667
-1
{UN614}
$TYPE=7
61+-6.5
60.6213889+-6.4538889
60.1175+-6.3941667
58.2069444+-6.1830556
-1
{UN615}
$TYPE=7
61+-8.0666667
60.7897222+-7.9127778
60.4452778+-7.6652778
58.2069444+-6.1830556
57.0519444+-5.2947222
55.8705556+-4.4458333
55.7152778+-4.2919444
54.7219444+-3.3405556
54.2388889+-2.9811111
53.7741667+-2.6438889
53.6269444+-2.5388889
53.4705556+-2.4280556
53.2516667+-2.2744444
52.3566667+-1.6636111
51.6161111+-1.065
51.4527778+-0.8788889
51.0538889+-0.625
50.7019444+-0.2516667
50.4513889+0.0102778
50.3741667+0.0902778
50.2044444+0.2647222
-1
{UN621}
$TYPE=7
50.9552778+-1.345
50.675+-1.85
50.415+-1.9852778
50.2463889+-2.0722222
49.9825+-2.1063889
-1
{UN859}
$TYPE=7
52.3566667+-1.6636111
51.7713889+-1.3613889
51.6502778+-1.2997222
51.4916667+-1.2197222
51.2538889+-1.045
50.8552778+-0.7566667
50.1+0
-1
{UN862}
$TYPE=7
53.3919444+-3.1344444
53.0766667+-2.8827778
53.0308333+-2.8866667
52.8944444+-2.8983333
52.5116667+-2.8758333
52.1147222+-2.9091667
51.9486111+-2.9227778
51.8697222+-2.9291667
51.7094444+-2.9422222
51.3019444+-3.0175
50.3986111+-3.4936111
50+-3.1730556
49.8247222+-3.0341667
-1
{UN863}
$TYPE=7
50.82+-0.9383333
50.6166667+-0.9675
50.3341667+-1.0072222
50+-1.0538889
-1
{UN864}
$TYPE=7
55.4991667+-3.3527778
54.7219444+-3.3405556
54.38+-3.2863889
53.7311111+-3.1858333
53.3919444+-3.1344444
53.1727778+-3.1519444
52.8927778+-3.1738889
52.5533333+-3.2002778
51.9116667+-3.2491667
51.7769444+-3.2591667
51.7255556+-3.2630556
51.61+-3.2836111
51.1786111+-3.3597222
50.8091667+-3.4238889
50.5741667+-3.4638889
50.3986111+-3.4936111
49.7372222+-3.5294444
-1
{UN866}
$TYPE=7
55.2447222+5
54.5983333+4.3988889
53.6044444+3.5158333
53.4016667+3.3413889
53.2377778+3.2019444
53.1269444+3.1080556
52.9427778+2.9536111
52.7583333+2.8005556
52.5430556+2.1022222
52.3355556+1.5052778
51.7497222+-0.1066667
51.6747222+-0.2263889
50.9552778+-1.345
50.6752778+-2.1258333
50.2794444+-2.3286111
49.9383333+-2.3711111
-1
{UN867}
$TYPE=7
50.9552778+-1.345
50.6633333+-1.3372222
50.5205556+-1.3333333
50+-1.3805556
-1
{UP1}
$TYPE=7
54.7988889+2.8930556
54.6072222+3.1694444
54.3055556+3.3086111
54.0372222+3.2580556
53.6633333+3.1888889
53.4016667+3.3413889
53.2491667+3.4297222
-1
{UP2}
$TYPE=7
51.9947222+-5.0402778
51.61+-3.2836111
51.4433333+-2.0616667
51.3708333+-1.5586111
51.3130556+-1.1708333
-1
{UP4}
$TYPE=7
51.7769444+-3.2591667
51.7877778+-6.045
51.7822222+-6.5633333
-1
{UP5}
$TYPE=7
57.57+4.1369444
57.0308333+3.5525
56.7630556+3.2694444
55.8858333+2.3744444
-1
{UP6}
$TYPE=7
56+-10
55.3655556+-7.9047222
55.1366667+-7.1913889
54.9463889+-6.6152778
54.5947222+-5.5980556
54.49+-5.3027778
54.1558333+-4.3541667
53.9602778+-3.8255556
53.8380556+-3.4819444
53.7311111+-3.1858333
53.5738889+-2.7558333
53.2380556+-1.8619444
53.0777778+-1.6041667
52.7408333+-1.0719444
52.3083333+-0.2691667
-1
{UP7}
$TYPE=7
52.7583333+2.8005556
52.4783333+2.5705556
52.1055556+2.2694444
51.8977778+1.8855556
51.7475+1.6119444
-1
{UP13}
$TYPE=7
54.9630556+3.2305556
54.3055556+3.3086111
-1
{UP15}
$TYPE=7
56.5375+5
56.1747222+3.5
55.8858333+2.3744444
55.5869444+0.8419444
55.465+0.2480556
55.2872222+-0.585
55.185+-1.0502778
55.0383333+-1.6983333
-1
{UP16}
$TYPE=7
55.8858333+2.3744444
55.7313889+0.2508333
55.6047222+-0.3505556
55.4591667+-1.0205556
55.0383333+-1.6983333
54.9216667+-1.8827778
54.5625+-1.9958333
54.1569444+-2.1208333
-1
{UP17}
$TYPE=7
55.185+-1.0502778
54.8036111+-1.6113889
54.535+-1.7386111
54.1766667+-1.9055556
53.7438889+-2.1033333
-1
{UP18}
$TYPE=7
57.3105556+-2.2672222
56.4969444+-1.9519444
56.2119444+-1.8447222
55.9130556+-1.7338889
55.4472222+-1.565
55.0383333+-1.6983333
54.5475+-1.855
54.2247222+-1.9558333
54.1480556+-1.9797222
53.7438889+-2.1033333
-1
{UP20}
$TYPE=7
52.1186111+1.21
51.8977778+1.8855556
51.9083333+2.3225
-1
{UP24}
$TYPE=7
58.8555556+-9.5
57.0519444+-5.2947222
56.6952778+-4.5447222
-1
{UP25}
$TYPE=7
52.4783333+2.5705556
52.2836111+1.8241667
52.1186111+1.21
-1
{UP44}
$TYPE=7
52.3072222+2.6438889
51.9913889+1.6819444
51.9052778+1.4258333
-1
{UP49}
$TYPE=7
51.8977778+1.8855556
51.7847222+2.2241667
-1
{UP58}
$TYPE=7
58+-10
57.8919444+-9.5
57.3325+-7.085
56.6952778+-4.5447222
56.3691667+-3.4636111
55.9130556+-1.7338889
55.6047222+-0.3505556
55.465+0.2480556
54.7988889+2.8930556
54.6533333+3.4311111
-1
{UP59}
$TYPE=7
59+-10
58.8555556+-9.5
57.3691667+-4.8986111
56.2119444+-1.8447222
55.9194444+-0.5441667
55.7313889+0.2508333
55.5869444+0.8419444
54.9630556+3.2305556
-1
{UP60}
$TYPE=7
60+-10
59.9644444+-9.5
59.4333333+-3.9527778
57.95+0.5958333
57.0308333+3.5525
56.8947222+3.9605556
56.5375+5
-1
{UP61}
$TYPE=7
61+-10
60.715+-8.7694444
60.4452778+-7.6652778
60.1175+-6.3941667
60.0161111+-6.0155556
59.4333333+-3.9527778
-1
{UP87} 
$TYPE=7
50.2619444+-1.6691667
50.00000+-1.6913889
-1
{UP137}
$TYPE=7
52.3477778+0.7825
52.085+1.8116667
-1
{UP144}
$TYPE=7
55.3055556+5
54.8638889+4.1533333
-1
{UP155}
$TYPE=7
52.3566667+-1.6636111
52.3591667+-0.6944444
52.3577778+-0.2325
52.3561111+0.0297222
52.3477778+0.7825
52.3355556+1.5052778
52.3277778+1.8711111
52.3072222+2.6438889
-1
{UP600}
$TYPE=7
58.39+2.8288889
57.95+0.5958333
57.3105556+-2.2672222
56.4425+-3.3686111
56.3691667+-3.4636111
55.8705556+-4.4458333
55.3133333+-4.7838889
54.8833333+-5.1588889
54.5947222+-5.5980556
54.0288889+-6.0661111
-1
{UP612}
$TYPE=7
61.0+-10.0
60.7897222222222+-7.91277777777778
60.6213888888889+-6.45388888888889
59.8788888888889+-1.28666666666667
59.9919444444444+-0.015
-1
{UP620}
$TYPE=7
54.8833333+-5.1588889
54.49+-5.3027778
54.1444444+-5.5933333
53.965+-5.7422222
-1
51.9527778+-6.2391667
51.6377778+-6.1311111
51.4216667+-6.0580556
50.9347222+-5.8955556
50.1363889+-5.6369444
49.5163889+-5.8011111
49.4338889+-5.8227778
49.2916667+-5.8597222
-1
{UP857}
$TYPE=7
56.5+-10
55.43+-5.6502778
-1
{UP858}
$TYPE=7
56.5+-10
55.8705556+-4.4458333
-1
{UP867}
$TYPE=7
55.0383333+-1.6983333
54.5947222+-5.5980556
54.4655556+-8.1019444
54.4525+-8.4027778
-1
;
{UQ3}
$TYPE=7
51.8055556+-0.4194444
51.305+-0.4472222
-1
;
{UQ41}
$TYPE=7
51.8530556+-0.9625
51.6161111+-1.065
51.4797222+-1.1233333
51.1966667+-1.2436111
50.9552778+-1.345
50.5752778+-1.6108333
50.2927778+-1.8055556
49.9991667+-2.005
-1
;
{UQ70}
$TYPE=7
51.6161111+-1.065
51.5788889+-0.9188889
51.3308333+0.0347222
-1
;
{UQ295}
$TYPE=7
51.7497222+-0.1066667
51.4916667+-1.2197222
-1
;
{UT7}
$TYPE=7
50.1363889+-5.6369444
49.7847222+-5.9366667
49.53+-6.1508333
49.4488889+-6.2180556
49.1705556+-6.4483333
-1
{UT29}
$TYPE=7
53.5247222+0.0933333
53.4002778+-0.3530556
53.3080556+-0.6822222
-1
{UT55}
$TYPE=7
56.2508333+5
56.05+3.5
55.8858333+2.3744444
-1
{UT71}
$TYPE=7
51.6161111+-1.065
51.2538889+-1.045
-1
{UT420}
$TYPE=7
53.0538889+-1.67
52.7002778+-1.3069444
52.5588889+-1.1638889
52.4866667+-1.0911111
52.2472222+-0.8522222
51.9422222+-0.5522222
51.8055556+-0.4194444
51.3308333+0.0347222
51.0672222+0.4394444
50.8572222+0.7780556
50.5755556+1.2255556
-1
{UY4}
$TYPE=7
52.1055556+2.2694444
51.6541667+1.9125
-1
{UY6}
$TYPE=7
52.3355556+1.5052778
51.8977778+1.8855556
51.6372222+2.1077778
-1
{UY8}
$TYPE=7
50.9552778+-1.345
50.8552778+-0.7566667
-1
{UY47}
$TYPE=7
50.76055556+0.121944444
50.4513889+0.0102778
50.2094444+-0.0761111
-1
{UY70}
$TYPE=7
53.7438889+-2.1033333
53.6458333+-1.3602778
53.6080556+-1.0833333
53.4002778+-0.3530556
53.2880556+0.0319444
53.2277778+0.5911111
53.0522222+2.0947222
53.0013889+2.5
52.9861111+2.6194444
52.9427778+2.9536111
52.9169444+3.1483333
-1
{UY76}
$TYPE=7
51.7061111+2.1619444
51.6541667+1.9125
51.5905556+1.6119444
51.5422222+1.1372222
51.4494444+0.9255556
51.3038889+0.5972222
-1
{UY91}
$TYPE=7
50.5741667+-3.4638889
50.4366667+-3.1725
50+-2.825
-1
{UY98}
$TYPE=7
53.7438889+-2.1033333
53.4705556+-2.4280556
53.0766667+-2.8827778
52.5533333+-3.2002778
-1
{UY99}
$TYPE=7
54.1569444+-2.1208333
54.0161111+-2.2897222
53.6269444+-2.5388889
53.0766667+-2.8827778
-1
{UY110}
$TYPE=7
50.2927778+-1.8055556
50.1394444+-1.8261111
50+-1.845
-1
{UY250}
$TYPE=7
54.2247222+-1.9558333
54.1766667+-1.9055556
53.7175+-1.4330556
53.6458333+-1.3602778
53.5869444+-1.3008333
53.4180556+-1.28
52.7408333+-1.0719444
52.4866667+-1.0911111
52.1802778+-1.1138889
-1
{UY321}
$TYPE=7
51.4916667+-1.2197222
51.1966667+-1.2436111
-1
{UZ105}
$TYPE=7
58.7933333+2.155
57.95+0.5958333
-1