;
; © John Woodside
;
{CTR_D_Jersey}
$TYPE=10
;
;EGJJ CTR
;
49.34139+-2.19556
49.33936+-2.23099
49.33335+-2.26536
49.32353+-2.29760
49.31019+-2.32674
49.29376+-2.35190
49.27472+-2.37230
49.25366+-2.38734
49.23121+-2.39654
49.20806+-2.39964
49.18490+-2.39654
49.16245+-2.38734
49.14139+-2.37230
49.12235+-2.35190
49.10592+-2.32674
49.09259+-2.29760
49.08276+-2.26536
49.07675+-2.23099
49.07472+-2.19556
49.07675+-2.16012
49.08276+-2.12575
49.09259+-2.09351
49.10592+-2.06437
49.12235+-2.03922
49.14139+-2.01881
49.16245+-2.00378
49.18490+-1.99457
49.20806+-1.99147
49.23121+-1.99457
49.25366+-2.00378
49.27472+-2.01881
49.29376+-2.03922
49.31019+-2.06437
49.32353+-2.09351
49.33335+-2.12575
49.33936+-2.16012
49.34139+-2.19556
-1