;
; © John Woodside
;
{CTA_Worthing}
$TYPE=9
;
;CTA 1
;
50.7519444+0.75
50.9783333+1.0408333
51.4033333+1.1566667
51.3247222+1.5111111
51.2394444+1.5011111
51.1+1.6938889
51.065+1.7625
51+1.4666667
50.6619444+0.8855556
50.7519444+0.75
-1
;
;CTA 2
;
50.6666667+-0.3722222
50.6666667+0.5
50.7519444+0.75
50.6619444+0.8855556
51+1.4666667
50.6666667+1.4666667
50.0555556+-0.1108333
50.1741667+-0.1952778
50.2297222+-0.2530556
50.2880556+-0.1813889
50.4347222+-0.1294444
50.6666667+-0.3722222
-1
;
;CTA 3
;
51.3247222+1.5111111
51.2141667+2
51.1166667+2
51.065+1.7625
51.1+1.6938889
51.2394444+1.5011111
51.3247222+1.5111111
-1
;
;CTA 4
;
51.3583333+1.3611111
51.3516667+1.5144444
51.3247222+1.5111111
51.3583333+1.3611111
-1
;
;CTA 5
;
51.3516667+1.5144444
51.33+2
51.2141667+2
51.3247222+1.5111111
51.3516667+1.5144444
-1
