;
; © John Woodside
;
{CTA_Isle_of_Man}
$TYPE=9
;
; CTA 1
;
53.97389+-4.28389
53.81611+-4.46806
53.90306+-4.80667
53.96194+-4.34111
53.96688+-4.31042
53.97389+-4.28389
-1
;
; CTA 2
;
54.26917+-5.00583
54.18944+-4.81278
54.18222+-4.86639
54.17757+-4.89502
54.16713+-4.93314
54.15297+-4.96759
54.13551+-4.99733
54.11528+-5.02145
54.09290+-5.03922
54.08194+-5.04444
54.13306+-5.16889
54.26917+-5.00583
-1
;
; CTA 3
;
54.04250+-4.17333
53.96111+-4.13278
53.78333+-4.34111
53.81611+-4.46806
53.97389+-4.28389
53.97731+-4.27226
53.99148+-4.23776
54.00894+-4.20798
54.02917+-4.18383
54.04250+-4.17333
-1
;
; CTA 4
;
53.96111+-4.13278
53.89944+-4.10222
53.76278+-4.26250
53.78333+-4.34111
53.96111+-4.13278
-1