;
; © John Woodside
;
{CTR_D_Edinburgh}
$TYPE=10
;
;  CTR 1
;
56.11667+-3.37250
56.11413+-3.32081
56.10662+-3.27069
56.09434+-3.22367
56.07767+-3.18117
56.05713+-3.14448
56.03333+-3.11472
56.00700+-3.09279
55.97894+-3.07936
55.95000+-3.07484
55.92106+-3.07936
55.89300+-3.09279
55.86667+-3.11472
55.84287+-3.14448
55.82233+-3.18117
55.80566+-3.22367
55.79338+-3.27069
55.78587+-3.32081
55.78333+-3.37250
55.78587+-3.42419
55.79338+-3.47431
55.80566+-3.52133
55.82233+-3.56383
55.84287+-3.60052
55.86667+-3.63028
55.89300+-3.65221
55.92106+-3.66564
55.95000+-3.67016
55.97894+-3.66564
56.00700+-3.65221
56.03333+-3.63028
56.05713+-3.60052
56.07767+-3.56383
56.09434+-3.52133
56.10662+-3.47431
56.11413+-3.42419
56.11667+-3.37250
-1