;
; © John Woodside
;
{CTR_D_Guernsey}
$TYPE=10
;
;  CTR 1
;
49.55222+-2.26056
49.45472+-2.40000
49.43500+-2.39691
49.41185+-2.40003
49.38940+-2.40928
49.36833+-2.42438
49.34929+-2.44488
49.33286+-2.47015
49.31953+-2.49943
49.30971+-2.53182
49.30369+-2.56634
49.30167+-2.60194
49.30369+-2.63755
49.30971+-2.67207
49.31953+-2.70446
49.33286+-2.73374
49.34929+-2.75901
49.36833+-2.77951
49.38940+-2.79461
49.41185+-2.80386
49.43500+-2.80697
49.45815+-2.80386
49.48060+-2.79461
49.50167+-2.77951
49.52071+-2.75901
49.53714+-2.73374
49.55047+-2.70446
49.56029+-2.67207
49.56631+-2.63755
49.56833+-2.60194
49.56778+-2.58750
49.66583+-2.44806
49.55222+-2.26056
-1