;
; © John Woodside
;
{CTR_D_Belfast}
$TYPE=10
;
;  CTR 1
;
54.80750+-6.21583
54.80522+-6.17080
54.79845+-6.12714
54.78740+-6.08618
54.77241+-6.04915
54.75392+-6.01719
54.73250+-5.99127
54.70880+-5.97216
54.68355+-5.96046
54.65750+-5.95653
54.63145+-5.96046
54.60620+-5.97216
54.58250+-5.99127
54.56108+-6.01719
54.54259+-6.04915
54.52760+-6.08618
54.51655+-6.12714
54.50978+-6.17080
54.50750+-6.21583
54.50978+-6.26086
54.51655+-6.30452
54.52760+-6.34549
54.54259+-6.38251
54.56108+-6.41447
54.58250+-6.44040
54.60620+-6.45950
54.63145+-6.47120
54.65750+-6.47514
54.68355+-6.47120
54.70880+-6.45950
54.73250+-6.44040
54.75392+-6.41447
54.77241+-6.38251
54.78740+-6.34549
54.79845+-6.30452
54.80522+-6.26086
54.80750+-6.21583
-1