;
; © John Woodside
;
{CTA_Edinburgh}
$TYPE=9
;
; CTA 1
;
;arc
55.98778+-3.66139
55.97894+-3.66564
55.95000+-3.67016
55.92106+-3.66564
55.89300+-3.65221
55.86667+-3.63028
55.84287+-3.60052
55.82233+-3.56383
55.81417+-3.54306
;endarc
55.81417+-3.54306
55.73028+-3.7875
55.80167+-3.90306
55.90473+-3.90362
55.98778+-3.66139
-1
;
; CTA 2
;
56.11667+-3.37250
56.11667+-2.93556
56.00222+-2.81361
55.91167+-3.08417
55.92106+-3.07936
55.95000+-3.07484
55.97894+-3.07936
56.00700+-3.09279
56.03333+-3.11472
56.05713+-3.14448
56.07767+-3.18117
56.09434+-3.22367
56.10662+-3.27069
56.11413+-3.32081
56.11667+-3.37250
56.11667+-3.37250
-1
;
;
; CTA 3
;
56.11667+-3.81528
;arc
56.11667+-3.37250
56.11413+-3.42419
56.10662+-3.47431
56.09434+-3.52133
56.07767+-3.56383
56.05713+-3.60052
56.03333+-3.63028
56.00700+-3.65221
;endarc
55.98778+-3.66139
55.90473+-3.90362
55.95667+-3.90473
56.11667+-3.81528
-1
;
; CTA 4
;
56.00223+-2.81362
55.69028+-2.91945
55.69028+-3.72334
55.73028+-3.7875
55.81417+-3.54306
;arc
55.80566+-3.52133
55.79338+-3.47431
55.78587+-3.42419
55.78333+-3.37250
55.78587+-3.32081
55.79338+-3.27069
55.80566+-3.22367
55.82233+-3.18117
55.84287+-3.14448
55.86667+-3.11472
55.89300+-3.09279
;endarc
55.91167+-3.08417
56.00223+-2.81362
-1