;
; © John Woodside
;
{CTR_D_Bristol}
$TYPE=10
;
;  CTR 1
;
51.46611+-2.71917
51.46485+-2.69598
51.46109+-2.67350
51.45495+-2.65241
51.44661+-2.63334
51.43634+-2.61688
51.42444+-2.60353
51.41128+-2.59370
51.39725+-2.58767
51.38278+-2.58564
51.36831+-2.58767
51.35428+-2.59370
51.34111+-2.60353
51.32921+-2.61688
51.31894+-2.63334
51.31061+-2.65241
51.30447+-2.67350
51.30071+-2.69598
51.29944+-2.71917
51.30071+-2.74235
51.30447+-2.76483
51.31061+-2.78593
51.31894+-2.80499
51.32921+-2.82145
51.34111+-2.83480
51.35428+-2.84464
51.36831+-2.85066
51.38278+-2.85269
51.39725+-2.85066
51.41128+-2.84464
51.42444+-2.83480
51.43634+-2.82145
51.44661+-2.80499
51.45495+-2.78593
51.46109+-2.76483
51.46485+-2.74235
51.46611+-2.71917
-1