;
; © John Woodside
;
{CTA_London_City}
$TYPE=9
;
; CTA 1
;
51.59639+-0.20584
51.58473+0.17278
; arc
51.57598+0.19066
51.56028+0.20832
51.5429+0.22134
51.52438+0.22932
51.50528+0.232
51.48618+0.22932
51.46766+0.22134
51.45028+0.20832
51.43457+0.19066
;endarc
51.41862+0.15889
51.42806+-0.14112
51.44445+-0.13639
;arc
51.43619+0.12959
51.44139+0.14123
51.45166+0.15774
51.46356+0.17112
51.47673+0.18098
51.49076+0.18702
51.50523+0.18906
51.51970+0.18702
51.53373+0.18098
51.54690+0.17112
51.55880+0.15774
51.56907+0.14123
51.56918+0.14060
51.57923+-0.18551
;endarc
51.57917+-0.18556
51.59639+-0.20584
-1