;
; © John Woodside
;
{CTA_LONDONDERRY}
$TYPE=9
;
;CTA 1
;
55.0908333+-7.2555556
54.9183333+-7.4905556
55.0347222+-7.5588889
55.0908333+-7.2555556
-1
;
;CTA 2
;
55.0347222+-7.5588889
54.9183333+-7.4905556
54.87+-7.5580556
55.0205556+-7.6352778
55.0347222+-7.5588889
-1
;
;CTA 3
;
55.2047222+-7.0963889
55.0908333+-7.2555556
55.0547222+-7.4508333
;arc
55.07171914+-7.44840996
55.09978113+-7.43528666
55.12611111+-7.41385799
55.14990905+-7.38477506
55.17045185+-7.34892153
55.18711535+-7.3073868
55.19939321+-7.26143287
55.2069124+-7.21245604
55.20944444+-7.16194444
55.2069124+-7.11143284
;
55.2047222+-7.0963889
-1