;
; © John Woodside
;
{CTA_Leeds}
$TYPE=9
;
; CTA 1
;
53.81778+-1.45083
53.74583+-1.39083
53.73728+-1.40074
53.71262+-1.44254
53.69263+-1.49097
53.67789+-1.54455
53.67556+-1.55861
53.73306+-1.64639
53.73453+-1.62129
53.74054+-1.58322
53.75036+-1.54750
53.76369+-1.51521
53.78013+-1.48734
53.79917+-1.46474
53.81778+-1.45083
-1
;
; CTA 2
;
53.88667+-1.88306
53.73306+-1.64639
53.73250+-1.66056
53.73453+-1.69982
53.74054+-1.73789
53.75036+-1.77361
53.76369+-1.80590
53.78013+-1.83377
53.79917+-1.85637
53.82023+-1.87303
53.84268+-1.88323
53.86583+-1.88667
53.88667+-1.88306
-1
;
; CTA 3
;
54.04333+-1.81667
53.99861+-1.67417
53.99714+-1.69982
53.99113+-1.73789
53.98130+-1.77361
53.96797+-1.80590
53.95154+-1.83377
53.93250+-1.85637
53.91144+-1.87303
53.88899+-1.88323
53.86583+-1.88667
53.84268+-1.88323
53.82023+-1.87303
53.79917+-1.85637
53.78013+-1.83377
53.76369+-1.80590
53.75036+-1.77361
53.74054+-1.73789
53.73453+-1.69982
53.73250+-1.66056
53.73306+-1.64639
53.67556+-1.55861
53.67789+-1.54455
53.69263+-1.49097
53.71262+-1.44254
53.73728+-1.40074
53.74583+-1.39083
53.66861+-1.32694
53.62028+-1.80833
53.79056+-1.98694
53.92750+-2.15528
54.04333+-1.81667
-1