;
; © John Woodside
;
{CTA_Prestwick}
$TYPE=9
;
; CTA 1
;
55.67306+-4.84441
55.62617+-4.70750
55.62491+-4.71217
55.61158+-4.74579
55.59515+-4.77482
55.57611+-4.79836
55.55505+-4.81570
55.53260+-4.82633
55.50944+-4.82990
55.48629+-4.82633
55.46979+-4.81846
55.52342+-4.97506
55.54707+-4.97125
55.58355+-4.95399
55.61778+-4.92580
55.64872+-4.88755
55.67306+-4.84441
-1
;
; CTA 2
;
55.51235+-4.82918
55.45083+-4.65053
55.42167+-4.67879
55.46979+-4.81846
55.48629+-4.82633
55.50944+-4.82990
55.51235+-4.82918
-1
;
; CTA 3
;
55.45083+-4.65053
55.36378+-4.39993
55.35067+-4.43257
55.34434+-4.45601
55.42167+-4.67879
55.45083+-4.65053
-1
;
; CTA 4
;
55.47718+-4.27746
55.44952+-4.19846
55.42964+-4.20724
55.39278+-4.23760
55.35946+-4.27879
55.33620+-4.32106
55.36378+-4.39993
55.36900+-4.38634
55.39160+-4.34643
55.41778+-4.31406
55.44674+-4.29021
55.47718+-4.27746
-1
;
; CTA 5
;
55.52342+-4.97506
55.34434+-4.45601
55.31341+-4.78386
55.52342+-4.97506
-1
;
; CTA 6
;
55.44952+-4.19846
55.42236+-4.12114
55.41254+-4.12427
55.36778+-4.16113
55.32732+-4.21115
55.29240+-4.27283
55.28617+-4.28976
55.34434+-4.45601
55.35067+-4.43257
55.36378+-4.39993
55.33620+-4.32106
55.35946+-4.27879
55.39278+-4.23760
55.42964+-4.20724
55.44952+-4.19846
-1