;
; © John Woodside
;
{CTA_Nottingham}
$TYPE=9
;
; CTA 1
;
52.98639+-1.46694
52.98361+-1.15500
52.90583+-1.00167
52.85583+-0.95694
52.84917+-0.95667
52.91556+-1.30111
52.91944+-1.42500
52.98639+-1.46694
-1
;
; CTA 2
;
52.88194+-1.12583
52.84917+-0.95667
52.83722+-0.95611
52.77194+-0.96333
52.76611+-1.12583
52.88194+-1.12583
-1
;
; CTA 3
;
52.77194+-0.96333
52.72083+-0.96361
52.68944+-1.28139
52.76000+-1.32556
52.76028+-1.27444
52.77194+-0.96333
-1
;
; CTA 4
;
;
52.76000+-1.32556
52.68944+-1.28139
52.67028+-1.47222
52.75917+-1.56806
52.76000+-1.32556
-1
;
; CTA 5
;
52.86167+-1.61833
52.87583+-1.54472
52.75972+-1.47111
52.75917+-1.56806
52.78389+-1.59472
52.82833+-1.64917
52.86167+-1.61833
-1
;
; CTA 6
;
52.94139+-1.66056
52.98639+-1.46694
52.91944+-1.42500
52.87583+-1.54472
52.86167+-1.61833
52.82833+-1.64917
52.84972+-1.67528
52.94139+-1.66056
-1
;
; CTA 7
;
53.06944+-1.51944
53.06722+-1.23944
52.98361+-1.15500
52.98639+-1.46694
53.06944+-1.51944
-1
;
; CTA 8
;
52.97583+-1.83000
53.02306+-1.71944
53.06944+-1.51944
52.98639+-1.46694
52.91833+-1.75917
52.97583+-1.83000
-1
;
; CTA 9
;
52.68944+-1.28139
52.60278+-1.22778
52.57972+-1.37528
52.67028+-1.47222
52.68944+-1.28139
-1
;
; CTA 10
;
52.91833+-1.75917
52.94139+-1.66056
52.84972+-1.67528
52.91833+-1.75917
-1
;
; CTA 11
;
52.87556+-1.70667
52.82833+-1.64917
52.76167+-1.64528
52.76056+-1.70028
52.87556+-1.70667
-1
;
; CTA 12
;
52.87917+-1.76194
52.88000+-1.71250
52.87556+-1.70667
52.76056+-1.70028
52.75917+-1.75500
52.87917+-1.76194
-1
;
; CTA 13
;
52.82833+-1.64917
52.78389+-1.59472
52.67028+-1.47222
52.76167+-1.64528
52.82833+-1.64917
-1
;
; CTA 14
;
52.79056+-0.96139
52.63139+-0.80306
52.67389+-0.96389
52.77194+-0.96333
52.79056+-0.96139
-1
;
; CTA 15
;
52.72083+-0.96361
52.64333+-0.96389
52.60278+-1.22778
52.68944+-1.28139
52.72083+-0.96361
-1
;
; CTA 16
;
52.67389+-0.96389
52.63139+-0.80306
52.61028+-0.78222
52.39944+-0.91583
52.47306+-1.04222
52.49083+-0.96472
52.67389+-0.96389
-1
;
; CTA 17
;
52.64333+-0.96389
52.56667+-0.96444
52.52806+-1.18167
52.60278+-1.22778
52.64333+-0.96389
-1
;
; CTA 18
;
52.56667+-0.96444
52.49083+-0.96472
52.47306+-1.04222
52.53417+-1.14750
52.56667+-0.96444
-1
;
; CTA 19
;
53.15000+-1.52944
53.14833+-1.32167
53.06722+-1.23944
53.06944+-1.51944
53.08806+-1.53111
53.15000+-1.52944
-1
;
; CTA 20
;
53.19528+-1.52833
53.19417+-1.36833
53.14833+-1.32167
53.15000+-1.52944
53.19528+-1.52833
-1
;
; CTA 21
;
53.15028+-1.57056
53.15000+-1.52944
53.08806+-1.53111
53.15028+-1.57056
-1
;
; CTA 22
;
53.19583+-1.59944
53.19528+-1.52833
53.15000+-1.52944
53.15028+-1.57056
53.19583+-1.59944
-1