;
; © John Woodside
;
{CTR_D_Doncaster}
$TYPE=10
;
; CTR 1
;
53.57555+-1.10083
;
53.58020831+-1.08936765
53.58818892+-1.06060447
53.5930764+-1.02994922
53.59472222+-0.99833333
53.5930764+-0.96671745
53.58818892+-0.9360622
53.58020831+-0.90729902
53.56937704+-0.88130188
53.55602421+-0.85886067
53.54055556+-0.84065728
;
53.52694+-0.83
53.45555+-0.86833
53.52194+-1.10388
53.51916+-1.13083
53.57555+-1.10083
-1
;
; CTR 2
;
53.51916+-1.13083
53.52194+-1.10388
53.45555+-0.86833
53.37305+-0.9125
;
53.37034725+-0.91901335
53.36236663+-0.94776146
53.35747916+-0.97840067
53.35583333+-1.01
53.35747916+-1.04159933
53.36236663+-1.07223854
53.37034725+-1.10098665
53.38117852+-1.12697019
53.39453134+-1.14939964
53.41+-1.16759351
;
53.42638+-1.17972
53.51916+-1.13083
-1