;
; © John Woodside
;
{CTA_London_Luton}
$TYPE=9
;
; CTA 1
;
51.98250+-0.24278
52.02417+0.00000
51.86278+-0.00167
51.85028+-0.00694
51.80833+-0.25167
51.84500+-0.15861
51.85148+-0.15576
51.87463+-0.15248
51.89778+-0.15576
51.92023+-0.16550
51.94130+-0.18141
51.96034+-0.20301
51.97677+-0.22962
51.98250+-0.24278
-1
;
; CTA 2
;
51.80278+-0.69861
51.81806+-0.61306
51.75083+-0.58250
51.73583+-0.66806
51.80278+-0.69861
-1
;
; CTA 3
;
51.80278+-0.69861
51.86389+-0.72667
51.87889+-0.64111
51.81806+-0.61306
51.80278+-0.69861
-1
;
; CTA 4
;
51.86389+-0.72667
51.80278+-0.69861
51.78306+-0.81056
51.84667+-0.82389
51.86389+-0.72667
-1
;
; CTA 5
;
52.01056+-0.47556
51.96194+-0.36250
51.83917+-0.49194
51.81806+-0.61306
51.87889+-0.64111
51.88278+-0.61917
52.01056+-0.47556
-1
;
; CTA 6
;
52.05444+-0.57806
52.01056+-0.47556
51.88278+-0.61917
51.87889+-0.64111
51.91750+-0.73139
52.05444+-0.57806
-1
;
; CTA 7
;
52.10167+-0.28667
51.99306+-0.18222
51.96194+-0.36250
52.01056+-0.47556
52.10167+-0.28667
-1
;
; CTA 8
;
51.86389+-0.72667
51.87889+-0.64112
51.9175+-0.73139
51.86389+-0.72667
-1
;
; CTA 9
;
51.86389+-0.72667
51.9175+-0.73139
51.96362+-0.68
51.89889+-0.835
51.84667+-0.82389
51.86389+-0.72667
-1