;
; © John Woodside
;
{CTR_Aberdeen}
$TYPE=10
;
;  CTR 1
;
57.35000+-2.56556
57.35000+-1.96722
57.25611+-1.90778
57.23087+-1.89478
57.20193+-1.89010
57.17299+-1.89478
57.14492+-1.90866
57.11859+-1.93133
57.09480+-1.96209
57.07425+-2.00001
57.05759+-2.04395
57.04531+-2.09255
57.03779+-2.14436
57.03526+-2.19779
57.03779+-2.25122
57.04531+-2.30302
57.05759+-2.35163
57.07425+-2.39556
57.09480+-2.43349
57.11859+-2.46425
57.14492+-2.48692
57.14722+-2.48694
57.25556+-2.55722
57.28050+-2.57112
57.30944+-2.57581
57.33839+-2.57112
57.35000+-2.56556
-1