;
; © John Woodside
;
{CTA_Aberdeen}
$TYPE=9
;
; CTA 1
;
57.36472+-1.97639
57.35000+-1.96722
57.35000+-2.56556
57.36645+-2.55719625
57.39278+-2.534463732
57.41658+-2.503611216
57.43712+-2.465576139
57.45378+-2.42151418
57.46606+-2.372764137
57.47358+-2.320807257
57.47611+-2.267222222
57.47358+-2.213637188
57.46606+-2.161680307
57.45378+-2.112930265
57.43712+-2.068868305
57.41658+-2.030833229
57.39278+-1.999980713
57.36472+-1.97639
-1
;
; CTA 2
;
57.25611+-1.90778
57.14583+-1.83861
57.12089+-1.825666801
57.09194+-1.821006252
57.06300+-1.825666801
57.03494+-1.839506839
57.00861+-1.862105843
56.98481+-1.892777155
56.96427+-1.930588842
56.94761+-1.974392015
56.93533+-2.022855737
56.92781+-2.074507461
56.92528+-2.127777778
56.92781+-2.181048094
56.93533+-2.232699819
56.94761+-2.281163541
56.96427+-2.324966714
56.98481+-2.3627784
57.00861+-2.393449712
57.03722+-2.41611
57.14722+-2.48694
57.11859+-2.46425
57.09480+-2.43349
57.07425+-2.39556
57.05759+-2.35163
57.04531+-2.30302
57.03779+-2.25122
57.03526+-2.19779
57.03779+-2.14436
57.04531+-2.09255
57.05759+-2.04395
57.07425+-2.00001
57.09480+-1.96209
57.11859+-1.93133
57.14492+-1.90866
57.17299+-1.89478
57.20193+-1.89010
57.23087+-1.89478
57.25893+-1.90866
57.25611+-1.90778
-1
;
; CTA 3
;
57.35000+-2.56556
57.00417+-2.84889
56.90917+-2.59917
56.92583+-2.10972
56.92528+-2.127777778
56.92781+-2.181048094
56.93533+-2.232699819
56.94761+-2.281163541
56.96427+-2.324966714
56.98481+-2.3627784
57.00861+-2.393449712
57.03722+-2.41611
57.25556+-2.55722
57.28050+-2.571118054
57.30944+-2.575806137
57.33839+-2.571118054
57.35000+-2.56556
-1