;
; © John Woodside
;
{CTA_Bristol}
$TYPE=9
;
; CTA 1
;
51.47334+-2.52834
;
51.45778+-2.51103
51.43408+-2.49332
51.40883+-2.48248
51.38278+-2.47883
51.35673+-2.48248
51.33147+-2.49332
51.30778+-2.51103
;
51.30723+-2.5125
51.29973+-2.71084
;
51.29944+-2.71917
51.30071+-2.69598
51.30447+-2.6735
51.31061+-2.65241
51.31894+-2.63334
51.32921+-2.61688
51.34111+-2.60353
51.35428+-2.5937
51.36831+-2.58767
51.38278+-2.58564
51.39725+-2.58767
51.41128+-2.5937
51.42444+-2.60353
51.43634+-2.61688
51.44661+-2.63334
51.45495+-2.65241
51.46109+-2.6735
51.46485+-2.69598
;
51.46584+-2.7275
51.47334+-2.52834
-1
;
; CTA 2
;
51.46584+-2.7275
;
51.46485+-2.74235
51.46109+-2.76483
51.45495+-2.78593
51.44661+-2.80499
51.43634+-2.82145
51.42444+-2.8348
51.41128+-2.84464
51.39725+-2.85066
51.38278+-2.85269
51.36831+-2.85066
51.35428+-2.84464
51.34111+-2.8348
51.32921+-2.82145
51.31894+-2.80499
51.31061+-2.78593
51.30447+-2.76483
51.30071+-2.74235
;
51.29973+-2.71084
51.29167+-2.90917
;
51.30778+-2.92731
51.33147+-2.94501
51.35673+-2.95586
51.38278+-2.95951
51.40883+-2.95586
51.43408+-2.94501
51.45778+-2.92731
;
51.45778+-2.92639
51.46584+-2.7275
-1
;
;CTA 3
;
51.47667+-2.43723
;
51.45118+-2.41804
51.41751+-2.40358
51.38278+-2.39871
51.34805+-2.40358
51.31437+-2.41804
;
51.31056+-2.42167
51.30723+-2.5125
;
51.30778+-2.51103
51.33147+-2.49332
51.35673+-2.48248
51.38278+-2.47883
51.40883+-2.48248
51.43408+-2.49332
51.45778+-2.51103
;
51.47334+-2.52834
51.47667+-2.43723
-1
;
;CTA 4
;
51.45778+-2.92639
;
51.45778+-2.92731
51.43408+-2.94501
51.40883+-2.95586
51.38278+-2.95951
51.35673+-2.95586
51.33147+-2.94501
51.30778+-2.92731
;
51.29167+-2.90917
51.28584+-3.05056
51.39695+-3.05056
51.45417+-3.01612
51.45778+-2.92639
-1
;
;CTA 5
;
51.30723+-2.5125
;
51.28636+-2.53506
;
51.27223+-2.55778
51.26056+-2.85556
51.21306+-3.05056
51.28584+-3.05056
51.30723+-2.5125
-1
;
;CTA 6
;
51.47973+-2.35112
;
51.46828+-2.34276
51.42619+-2.32468
51.38278+-2.3186
51.33937+-2.32468
;
51.31362+-2.33584
51.31056+-2.42167
;
51.31437+-2.41804
51.34805+-2.40358
51.38278+-2.39871
51.41751+-2.40358
51.45118+-2.41804
;
51.47667+-2.43723
51.47973+-2.35112
-1
;
;CTA 7
;
51.58056+-2.70167
51.54306+-2.36778
51.47834+-2.39389
51.45417+-3.01612
51.58056+-2.70167
-1
;
;CTA 8
;
51.54306+-2.36778
51.51084+-2.08612
51.38889+-2.32028
;
51.42619+-2.32468
51.46828+-2.34276
;
51.47973+-2.35112
51.47834+-2.39389
51.54306+-2.36778
-1
