;
; © John Woodside
;
{CTA_Cardiff}
$TYPE=9
;
; CTA 1
;
51.47084+-3.28334
51.42389+-3.135
;
51.41982+-3.13288
51.39667+-3.12963
51.37351+-3.13288
51.35106+-3.14252
51.33+-3.15826
51.31096+-3.17963
51.29453+-3.20597
51.2812+-3.23648
;
51.27556+-3.255
51.32223+-3.40306
;
51.31836+-3.38901
51.3146+-3.36653
51.31333+-3.34333
51.3146+-3.32014
51.31836+-3.29765
51.3245+-3.27655
51.33283+-3.25748
51.3431+-3.24102
51.355+-3.22766
51.36816+-3.21783
51.3822+-3.2118
51.39667+-3.20977
51.41114+-3.2118
51.42517+-3.21783
51.43833+-3.22766
51.45023+-3.24102
51.4605+-3.25748
51.46884+-3.27655
;
51.47084+-3.28334
;
; CTA 2
;
51.42389+-3.135
51.39695+-3.05056
;
51.39667+-3.04949
51.36483+-3.05396
51.33396+-3.06722
51.305+-3.08886
51.27882+-3.11824
51.25623+-3.15446
;
51.24862+-3.17112
51.27556+-3.255
;
51.2812+-3.23648
51.29453+-3.20597
51.31096+-3.17963
51.33+-3.15826
51.35106+-3.14252
51.37351+-3.13288
51.39667+-3.12963
51.41982+-3.13288
;
51.42389+-3.135
-1
;
; CTA 3
;
51.49917+-3.37278
51.50583+-3.46528
51.49881+-3.48070
51.48237+-3.50704
51.46333+-3.52840
51.44227+-3.54415
51.41982+-3.55379
51.39667+-3.55703
51.37351+-3.55379
51.36917+-3.55167
51.40389+-3.66250
51.43140+-3.659014755
51.46507+-3.64455304
51.49667+-3.620938916
51.52522+-3.588889888
51.54988+-3.549379748
51.55278+-3.54306
51.49917+-3.37278
-1
;
;CTA 4
;
51.58278+-3.42278
51.45417+-3.01612
51.39695+-3.05056
51.5525+-3.54334
51.55973+-3.53473
51.58278+-3.42278
-1
;
;CTA 5
;
51.40389+-3.6625
51.24862+-3.17139
;
51.25623+-3.15446
51.27882+-3.11824
51.305+-3.08886
51.33396+-3.06722
51.36483+-3.05396
51.39667+-3.04949
;
51.39695+-3.05056
51.21306+-3.05056
51.16945+-3.22806
51.1875+-3.49139
51.21917+-3.48612
51.40389+-3.6625
-1
;
;CTA 6
;
51.66278+-3.40889
51.64417+-3.29084
51.58056+-2.70167
51.45417+-3.01612
51.58278+-3.42278
51.55973+-3.53473
51.66278+-3.40889
-1
;
;CTA 7
;
51.1875+-3.49139
51.16945+-3.22806
51.08667+-3.24278
51.10473+-3.50556
51.1875+-3.49139
-1
;
;CTA 8
;
51.66389+-3.13945
51.66306+-2.81612
51.58056+-2.70167
51.62862+-3.14584
51.66389+-3.13945
-1