;
; © John Woodside
;
{CTA_Doncaster}
$TYPE=9
;
; CTA 1
;
53.6097222+-1.0825
;
53.61168124+-1.07497473
53.61769659+-1.03724519
53.61972222+-0.99833333
53.61972222+-0.99833333
53.61769659+-0.95942147
53.61168124+-0.92169193
53.60185894+-0.8862911
53.58852815+-0.85429462
53.5720939+-0.82667468
;
53.56+-0.8122222
53.5269444+-0.83
;
53.54055556+-0.84065728
53.55602421+-0.85886067
53.56937704+-0.88130188
53.58020831+-0.90729902
53.58818892+-0.9360622
53.5930764+-0.96671745
53.59472222+-0.99833333
53.5930764+-1.02994922
53.58818892+-1.06060447
53.58020831+-1.08936765
;
53.5755556+-1.1008333
53.6097222+-1.0825
-1
;
; CTA 2
;
53.4241667+-1.2077778
53.4263889+-1.1797222
;
53.41+-1.16759351
53.39453134+-1.14939964
53.38117852+-1.12697019
53.37034725+-1.10098665
53.36236663+-1.07223854
53.35747916+-1.04159933
53.35583333+-1.01
53.35747916+-0.97840067
53.36236663+-0.94776146
53.37034725+-0.91901335
;
53.3730556+-0.9125
53.34+-0.9302778
;
53.33887432+-0.93339872
53.33285897+-0.97110851
53.33083333+-1.01
53.33285897+-1.04889149
53.33887432+-1.08660128
53.34869661+-1.12198357
53.36202741+-1.15396331
53.37846165+-1.18156879
53.3975+-1.20396124
;
53.4002778+-1.2055556
53.4241667+-1.2077778
-1
;
; CTA 3
;
53.3161111+-1.1977778
53.2666667+-0.9283333
53.2525+-0.9361111
;
53.25079165+-0.94680133
53.2475+-1.01
53.25079165+-1.07319867
53.2605666+-1.13447707
53.27652783+-1.19197331
;
53.2780556+-1.1941667
53.3161111+-1.1977778
-1
;
; CTA 4
;
53.6941667+-1.0644444
53.6969444+-1.0358333
53.5191667+-1.1308333
53.5163889+-1.1588889
53.6941667+-1.0644444
-1
;
; CTA 5
;
53.6969444+-1.0358333
;
53.69805556+-0.99833333
53.69805556+-0.99833333
53.69483986+-0.93656076
53.68529049+-0.87666511
53.6696976+-0.82046629
53.64853496+-0.76967187
;
53.6280556+-0.7341667
53.4452778+-0.8327778
53.4555556+-0.8683333
53.56+-0.8122222
;
53.5720939+-0.82667468
53.58852815+-0.85429462
53.60185894+-0.8862911
53.61168124+-0.92169193
53.61769659+-0.95942147
53.61972222+-0.99833333
53.61972222+-0.99833333
53.61769659+-1.03724519
53.61168124+-1.07497473
;
53.6097222+-1.0825
53.6969444+-1.0358333
-1
;
; CTA 6
;
53.4002778+-1.2055556
;
53.3975+-1.20396124
53.37846165+-1.18156879
53.36202741+-1.15396331
53.34869661+-1.12198357
53.33887432+-1.08660128
53.33285897+-1.04889149
53.33083333+-1.01
53.33285897+-0.97110851
53.33887432+-0.93339872
;
53.34+-0.9302778
53.4555556+-0.8683333
53.4452778+-0.8327778
53.2666667+-0.9283333
53.3161111+-1.1977778
53.4002778+-1.2055556
-1
;
; CTA 7
;
53.5163889+-1.1588889
53.5191667+-1.1308333
53.4263889+-1.1797222
53.4241667+-1.2077778
53.5163889+-1.1588889
-1
;
; CTA 8
;
53.675+-1.26388
53.69416+-1.06444
53.51638+-1.15888
53.51055+-1.21861
53.675+-1.26388
-1
;
; CTA 9
;
53.49722+-1.35555
53.51638+-1.15888
53.42416+-1.20777
53.41361+-1.3325
53.49722+-1.35555
-1
;
; CTA 10
;
53.66138+-1.40138
53.675+-1.26388
53.51055+-1.21861
53.49722+-1.35555
53.66138+-1.40138
-1
;
; CTA 11
;
53.41361+-1.3325
53.42416+-1.20777
53.32722+-1.25888
53.33666+-1.31111
53.41361+-1.3325
-1
;
; CTA 12
;
53.42416+-1.20777
53.31611+-1.19777
53.32722+-1.25888
53.42416+-1.20777
-1