;
; © John Woodside
;
{CTR_D_Cardiff}
$TYPE=10
;
;  CTR 1
;
51.49917+-3.37278
51.47083+-3.28306
51.46884+-3.27655
51.46050+-3.25748
51.45023+-3.24102
51.43833+-3.22766
51.42517+-3.21783
51.41114+-3.21180
51.39667+-3.20977
51.38220+-3.21180
51.36816+-3.21783
51.35500+-3.22766
51.34310+-3.24102
51.33283+-3.25748
51.32450+-3.27655
51.31836+-3.29765
51.31460+-3.32014
51.31333+-3.34333
51.31460+-3.36653
51.31836+-3.38901
51.32222+-3.40333
51.36917+-3.55167
51.37351+-3.55379
51.39667+-3.55703
51.41982+-3.55379
51.44227+-3.54415
51.46333+-3.52840
51.48237+-3.50704
51.49881+-3.48070
51.50583+-3.46528
51.49917+-3.37278
-1