;
; © John Woodside
;
{CTR_D_Birmingham}
$TYPE=10
;
;  CTR 1
;
52.58528+-1.69833
52.44056+-1.53417
52.43296+-1.53507
52.41051+-1.54495
52.38944+-1.56106
52.37041+-1.58294
52.35397+-1.60991
52.34064+-1.64115
52.33082+-1.67572
52.32480+-1.71256
52.32278+-1.75056
52.32480+-1.78855
52.32583+-1.79444
52.47639+-1.96611
52.47926+-1.96604
52.50171+-1.95617
52.52278+-1.94005
52.54182+-1.91817
52.55825+-1.89120
52.57158+-1.85996
52.58140+-1.82539
52.58742+-1.78855
52.58944+-1.75056
52.58742+-1.71256
52.58528+-1.69833
-1