;
; © John Woodside
;
{CTR_D_Newcastle}
$TYPE=10
;
; CTR 1
;
55.09028+-1.90306
55.16528+-1.62194
55.16321+-1.61023
55.15339+-1.57347
55.14006+-1.54025
55.12363+-1.51157
55.10459+-1.48830
55.08352+-1.47116
55.06108+-1.46067
55.03792+-1.45713
55.01477+-1.46067
54.99232+-1.47116
54.98861+-1.47472
54.91667+-1.78472
54.92245+-1.80615
54.93578+-1.83937
54.95222+-1.86805
54.97126+-1.89132
54.99232+-1.90846
55.01477+-1.91896
55.03792+-1.92249
55.06108+-1.91896
55.08352+-1.90846
55.09028+-1.90306
-1