;
; © John Woodside
;
{CTR_D_Alderney}
$TYPE=10
;
; CTR 1
;
49.55222+-2.26056
49.66583+-2.44806
49.76333+-2.30833
49.77050+-2.29727
49.77884+-2.27887
49.78497+-2.25852
49.78873+-2.23682
49.79000+-2.21444
49.78873+-2.19207
49.78497+-2.17037
49.77884+-2.15001
49.77050+-2.13162
49.76023+-2.11573
49.74833+-2.10285
49.73517+-2.09336
49.72114+-2.08754
49.70667+-2.08559
49.69220+-2.08754
49.67816+-2.09336
49.66500+-2.10285
49.65310+-2.11573
49.64972+-2.12056
49.55222+-2.26056
-1