;
; © John Woodside
;
{CTA_Solent}
$TYPE=9
;
; CTA 1
;
51.08306+-1.33806
51.02306+-1.45611
51.07583+-1.42667
51.08159+-1.39342
51.08306+-1.33806
-1
;
; CTA 2
;
51.08306+-1.33806
51.08159+-1.31992
51.07557+-1.28428
51.06575+-1.25085
51.05242+-1.22063
51.03598+-1.19454
51.02083+-1.17750
50.82444+-1.28722
50.67639+-1.39722
50.74472+-1.64000
50.67667+-2.04833
50.69667+-2.07077
50.72300+-2.09019
50.75106+-2.10208
50.78000+-2.10609
50.80894+-2.10208
50.82389+-2.09583
50.92000+-1.51306
51.02306+-1.45611
51.08306+-1.33806
-1
;
; CTA 3
;
51.11667+-1.36278
51.11694+-1.35667
51.11441+-1.31073
51.10689+-1.26618
51.09462+-1.22439
51.07795+-1.18662
51.06111+-1.15972
51.02083+-1.17750
51.03598+-1.19454
51.05242+-1.22063
51.06575+-1.25085
51.07557+-1.28428
51.08159+-1.31992
51.08306+-1.33806
51.08159+-1.39342
51.07583+-1.42667
51.11667+-1.36278
-1
;
; CTA 4
;
51.0758333+-1.4266667
50.92+-1.5130556
50.8927778+-1.6808333
51.0758333+-1.4266667
-1
;
; CTA 5
;
51.14111+-1.32444
51.11000+-1.13806
51.06111+-1.15972
51.07795+-1.18662
51.09462+-1.22439
51.10689+-1.26618
51.11441+-1.31073
51.11694+-1.35667
51.11667+-1.36278
51.14111+-1.32444
-1
;
; CTA 6
;
50.88250+-1.25500
50.90972+-1.05944
50.82444+-1.28722
50.88250+-1.25500
-1
;
; CTA 7
;
51.11000+-1.13806
51.07222+-1.11583
50.90972+-1.05944
50.88250+-1.25500
51.02083+-1.17750
51.11000+-1.13806
-1
;
; CTA 8
;
50.70389+-1.88694
50.74472+-1.64000
50.53222+-1.78333
50.70389+-1.88694
-1
;
; CTA 9
;
50.74472+-1.64000
50.67639+-1.39722
50.46500+-1.54444
50.53222+-1.78333
50.74472+-1.64000
-1