;
; © John Woodside
;
{CTA_Manchester}
$TYPE=9
;
; CTA 1
;
53.575+-2.0666667
53.4594444+-3.0527778
53.5333333+-2.8333333
53.575+-2.0666667
-1
;
; CTA 2
;
53.1797222+-2.0830556
53.1005556+-2.3794444
53.1072222+-2.7302778
53.2408333+-3.0277778
53.1805556+-2.54
53.1819444+-2.3686111
53.2711111+-2.0252778
53.1797222+-2.0830556
-1
;
; CTA 3
;
53.6138889+-1.8711111
53.4552778+-1.7713889
53.4488889+-1.8333333
53.1255556+-2.0155556
53.1797222+-2.0830556
53.4583333+-1.9
53.575+-2.0666667
53.6138889+-1.8711111
-1
;
; CTA 4
;
53.5030556+-2.6897222
53.4522222+-2.6288889
53.1916667+-2.6288889
53.2191667+-2.8497222
53.4838889+-2.8497222
53.5030556+-2.6897222
-1
;
; CTA 5
;
53.5233333+-2.5172222
53.3488889+-2.5175
53.4438889+-2.3827778
53.575+-2.0666667
53.5233333+-2.5172222
-1