;
; © John Woodside
;
{Lower AWY edges}
$TYPE=19
;
;Good luck trying to work this
;one out. I get lost too.
;
; P600 E GIRVA NELBO
55.17000+-4.77000
54.84000+-5.05000
54.52500+-5.13956
-1
;
; P600 west
;
57.00417+-2.84889
56.48000+-3.49000
56.33000+-3.75000
56.23333+-4.15722
-1
55.20389+-5.04278
54.95417+-5.25833
-1
54.47333+-6.40778
54.09000+-6.43000
-1
;
; P600 east
;
56.90917+-2.59917
56.64758+-2.92975
56.11667+-3.05212
-1
;
;P6
;
54.52500+-5.13956
54.27551+-4.53016
54.05051+-3.97638
53.91750+-4.11000
-1
;
;
; L10 slyda pepod nimat
;
53.94+-5.61
54.21+-5.38
54.13306+-5.16889
-1
;
;
;L18 - NEW
53.18073+-5.50000
52.48796+-4.27255
52.37429+-4.47246
52.95000+-5.50000
-1
;
; L975 south
;
53.33000+-3.65000
53.38750+-5.17139
53.26500+-5.46300
53.24600+-5.50000
-1
;
; L975 north
;
$TYPE=19
53.76667+-5.50000
53.74328+-4.83184
53.72000+-4.33000
53.88000+-4.72000
-1
;
; LAKEY ESTRY CROFT
53.67056+-3.02639
53.65000+-2.73000
54.17000+-3.11600
53.67056+-3.02639
-1
; NGY SUBUK ESTRY
55.10083+-4.23861
54.51000+-3.45000
53.68300+-3.32000
53.69200+-3.60000
53.89917+-4.10223
-1
;
;ANGUS - PIPAR
56.11667+-3.35107
56.37000+-3.29000
56.23333+-3.54972
-1
;adn-aleso-new
56.92000+-2.26000
56.83000+-2.17000
55.44729+-1.71184
55.17000+-1.80000
55.43500+-2.62000
55.63000+-2.85000
-1
57.04000+-1.83700
56.84000+-1.87000
55.44729+-1.41799
55.18500+-1.50000
-1
;
;new haven
55.21000+-2.52000
55.01000+-1.92000
54.29000+-2.14000
55.21000+-2.52000
-1
;
;NEW south
54.98000+-1.51000
54.50000+-1.67000
54.20446+-1.75939
53.69500+-1.25000
53.69110+-1.07120
53.37100+0.04399
53.13531+2.10673
53.19220+2.50000
-1
;
;bodso south
52.86800+2.50000
52.96896+2.09464
53.21000+-0.02000
53.10586+-0.07956
53.3+-1.12532
52.827250+-0.99
52.78945+-0.96139
52.18445+-0.36639
-1
;
; NEVAL
;
50.0000+-0.5500
50.2300+-0.2500
50.5500+-0.5880
50.5500+-0.83885
50.0000+-0.9242
-1
;
;
;LELNA MARUK ROKSI GIBSO LUMEK NOTRO BIGNO
49.99697068+-2.23401651
50.24638889+-2.20253492
50.47510943+-2.09104705
50.53211279+-2.33728628
50.62000+-2.29000
50.66000+-2.52000
50.57000+-3.01000
50.44000+-3.04000
50.03390+-2.70657
50.00000+-2.68000
-1
;
;skery
50.00000+-3.30272
50.39861+-3.62435
51.17854+-3.49269
51.65000+-3.41000
51.91139+-5.04027
51.86948+-6.23905
51.86700+-6.39000
-1
;
;BANBA
;52.10100+-5.93000
;52.05500+-5.71000
;52.04000+-6.06000
;-1
;
;
;VATRY STU BCN RADNO KEGUN
52.74000+-5.50000
52.59611+-5.38131
52.06750+-4.94800
51.92261+-3.97491
51.83100+-3.39000
52.20300+-3.36300
52.39000+-3.35000
52.56781+-3.33537
52.90726+-3.31004
53.14000+-3.29000
53.33000+-3.65000
-1
;
;
;TELBA KIDLI CPT KENET X MADLI KARNO
51.93700+-2.79000
52.50152+-2.73994
52.85300+-2.76300
52.76+-2.59
52.60061+-2.40694
51.74800+-1.49000
51.66300+-1.4480
51.72100+-1.8520
51.89268+-2.48703
51.93700+-2.79000
-1
;
;
; LAMAT TINAN SAM PEPIS CPT
51.41000+-2.86000
51.28748+-2.88624
50.75000+-2.98400
50.83022+-2.55270
50.93800+-1.93300
51.02000+-1.46000
51.22517+-1.36858
51.27400+-1.36480
51.27139+-1.34917
51.28917+-1.34167
51.44000+-1.49250
-1
;
;KENET BCN
51.46867+-1.72802
51.51201+-2.09638
51.56339+-2.54587
51.62800+-3.14600
-1
;
;
;LEDGO BOGMI
51.18870+-7.67296
50.94676+-7.30908
51.04937+-7.10039
51.29131+-7.46317
-1