;
; © John Woodside
;
{CTR_A_London}
$TYPE=10
;
;  CTR 1
;
51.60306+-0.69250
51.60306+-0.21472
51.59856+-0.20766
51.57000+-0.17556
51.53840+-0.15191
51.50473+-0.13742
51.47000+-0.13254
51.43527+-0.13742
51.40160+-0.15191
51.37000+-0.17556
51.34144+-0.20766
51.33694+-0.21528
51.33694+-0.63333
51.35111+-0.71167
51.37000+-0.73166
51.40160+-0.75531
51.43527+-0.76980
51.47000+-0.77468
51.50473+-0.76980
51.53840+-0.75531
51.57000+-0.73166
51.59856+-0.69956
51.60306+-0.69250
-1