;
; © John Woodside
;
{CTA_Clacton}
$TYPE=9
;
;CTA 1
;
52.4422222+-0.6172222
52.4391667+0.0313889
52.3561111+0.0297222
52.1905556+-0.3722222
52.4422222+-0.6172222
-1
;
;
;CTA 2
;
52.3405556+1.2472222
52.3355556+1.5052778
52.0575+1.7477778
51.9688889+1.3080556
52.1186111+1.21
52.1755556+1.0333333
52.1441667+0.8463889
52.2058333+0.8052778
52.2125+0.8894444
52.3405556+1.2472222
-1
;
;CTA 3
;
52.1755556+1.0333333
52.1186111+1.21
51.9688889+1.3080556
51.93+1.1180556
51.9683333+0.9666667
52.1441667+0.8463889
52.1755556+1.0333333
-1
;
;CTA 4
;
52.4194444+1.4711111
52.4144444+1.7102778
52.1733333+1.9194444
52.1611111+1.6577778
52.3355556+1.5052778
52.3405556+1.2472222
52.4194444+1.4711111
-1
;
;CTA 5
;
52.2177778+2.5713889
51.8722222+2.2936111
51.8727778+1.4430556
51.9844444+1.3838889
52.2177778+2.5713889
-1
;
;CTA 6
;
52.1972222+2.4633333
52.0575+1.7477778
52.1611111+1.6577778
52.1972222+2.4633333
-1
;
;CTA 7
;
51.8727778+1.4430556
51.8722222+2.2938889
51.5+2
51.4894444+2
51.5069444+1.6180556
51.4983333+1.5322222
51.6513889+1.4166667
51.8727778+1.4430556
-1
;
;CTA 8
;
51.6513889+1.4166667
51.4983333+1.5322222
51.3516667+1.5144444
51.3583333+1.3611111
51.4033333+1.1566667
51.4205556+0.9683333
51.4747222+0.8333333
51.5105556+0.8333333
51.6308333+1.1075
51.6513889+1.4166667
-1
;
;CTA 9
;
51.5069444+1.6180556
51.4894444+2
51.33+2
51.3516667+1.5144444
51.4983333+1.5322222
51.5069444+1.6180556
-1