;
; © John Woodside
;
{CTA_Durham_Tees}
$TYPE=9
;
; CTA 1
;
54.55083+-1.56306
54.53938+-1.57242
54.52451+-1.57928
54.50917+-1.58159
54.49383+-1.57928
54.47895+-1.57242
54.46500+-1.56121
54.45239+-1.54600
54.44150+-1.52724
54.43267+-1.50552
54.42616+-1.48148
54.42218+-1.45586
54.42083+-1.42944
54.42218+-1.40302
54.42616+-1.37741
54.42806+-1.36972
54.40472+-1.41361
54.40417+-1.429444444
54.40576+-1.460849742
54.41050+-1.491300806
54.41823+-1.519872396
54.42873+-1.545696378
54.44167+-1.567988104
54.45667+-1.586070251
54.47325+-1.599393402
54.49093+-1.60755274
54.50917+-1.610300348
54.52722+-1.60694
54.55083+-1.56306
-1
;
; CTA 2
;
54.52722+-1.60694
54.50917+-1.61030
54.49093+-1.60755
54.47325+-1.59939
54.45667+-1.58607
54.44167+-1.56799
54.42873+-1.54570
54.41823+-1.51987
54.41050+-1.49130
54.40576+-1.46085
54.40417+-1.42944
54.40472+-1.41361
54.38083+-1.51667
54.38937+-1.548579682
54.40320+-1.582601754
54.42025+-1.611970218
54.44000+-1.63579273
54.46185+-1.653345452
54.48515+-1.664095056
54.49583+-1.66556
54.52722+-1.60694
-1
;
; CTA 3
;
54.70528+-1.27250
54.69681+-1.24285
54.67514+-1.18956
54.64844+-1.14356
54.61750+-1.10625
54.58222+-1.07944
54.55778+-1.12611
54.57187+-1.13271
54.60083+-1.15597
54.62701+-1.18754
54.64961+-1.22646
54.66794+-1.27155
54.68056+-1.31917
54.70528+-1.27250
-1