{CTA_Norwich}
$TYPE=9
;
; CTA 1
;
52.7814+0.9738472
52.7855+1.4961111
52.7178333+1.6316111
;
;arc
52.71221281+1.63465447
52.67603611+1.63987456
52.63985941+1.63465447
52.60478191+1.61915281
;
52.5947778+1.6109444
52.5919167+1.1801944
52.6373889+0.9329167
;
;arc
52.63965385+0.93067212
52.67583056+0.92545205
52.71200726+0.93067212
52.74708475+0.94617371
52.77999722+0.97148582
;
52.7813889+0.9738333
-1
;
; CTA 2
;
52.5930528+1.3226167
52.5947778+1.6109444
52.5691667+1.4878333
52.5686944+1.4132778
52.5930278+1.3226111
-1
;
; CTA 3
;
52.6373917+0.932925
52.5919167+1.1801944
52.5907778+1.0531667
52.6373889+0.9329167
-1