;
; © John Woodside
;
{CTR_D_Durham_Tees}
$TYPE=10
;
;  CTR 1
;
54.67389+-1.33194
54.68056+-1.31917
54.66794+-1.27155
54.64961+-1.22646
54.62701+-1.18754
54.60083+-1.15597
54.57187+-1.13271
54.55778+-1.12611
54.42806+-1.36972
54.42616+-1.37741
54.42218+-1.40302
54.42083+-1.42944
54.42218+-1.45586
54.42616+-1.48148
54.43267+-1.50552
54.44150+-1.52724
54.45239+-1.54600
54.46500+-1.56121
54.47895+-1.57242
54.49383+-1.57928
54.50917+-1.58159
54.52451+-1.57928
54.53938+-1.57242
54.55083+-1.56306
54.67389+-1.33194
-1