;
; © John Woodside
;
{CTA_Southern}
$TYPE=9
;
;CTA 1
;
52.4422222+-0.6172222
52.4380556+0.1675
52.1844444+0.1616667
52.1844444+0.545
52.2125+0.8894444
52.4197222+1.4713889
52.3886111+2.7102778
51.5+2
51.1166667+2
51+1.4666667
50.6666667+1.4666667
50.0555556+-0.1108333
50.1741667+-0.1952778
50.2297222+-0.2530556
50.2880556+-0.1813889
50.4347222+-0.1294444
50.9608333+-0.6844444
50.9577778+-0.7066667
51.1144444+-0.8080556
51.0580556+-1.22
51.3966667+-1.1394444
51.4097222+-1.2455556
51.5730556+-1.1938889
51.7388889+-1.0113889
51.9625+-1.1905556
52.0725+-0.62
52.0544444+-0.5780556
52.1905556+-0.3722222
52.4422222+-0.6172222
-1
;
;CTA 2
;
52.4380556+0.1675
52.4197222+1.4713889
52.2125+0.8894444
52.1844444+0.545
52.1844444+0.1616667
52.4380556+0.1675
-1
;
;CTA 3
;
52.57+1.9027778
52.4783333+2.5705556
52.4719444+2.7788889
52.3886111+2.7102778
52.4197222+1.4713889
52.57+1.9027778
-1
