;
; © John Woodside
;
{CTA_Daventry}
$TYPE=9
;
;CTA 1
;
53.4372222222222+-1.84
53.3311111111111+-1.79916666666667
53.07+-1.94638888888889
53.1255555555556+-2.01555555555556
53.4372222222222+-1.84
-1
;
;CTA 2
;
53.3311111111111+-1.79916666666667
53.1644444444444+-1.73527777777778
53.0188888888889+-1.88333333333333
53.07+-1.94638888888889
53.3311111111111+-1.79916666666667
-1
;
;CTA 3
;
53.1958333333333+-1.59944444444444
52.2341666666667+-1.0025
52.2319444444444+-1.00722222222222
52.7838888888889+-1.59472222222222
53.0188888888889+-1.88333333333333
53.1644444444444+-1.73527777777778
53.1958333333333+-1.59944444444444
-1
;
;CTA 4
;
52.2341666666667+-1.0025
52.1802777777778+-1.11388888888889
52.1091666666667+-1.43805555555556
52.0744444444444+-1.37916666666667
52.1452777777778+-1.06083333333333
52.2061111111111+-0.935555555555556
52.2341666666667+-1.0025
;
;CTA 5
;
52.2061111111111+-0.935555555555556
52.1452777777778+-1.06083333333333
52.0744444444444+-1.37916666666667
51.9625+-1.19055555555556
52.0725+-0.62
52.2061111111111+-0.935555555555556
-1
;
;CTA 6
;
51.9405555555556+-1.17277777777778
51.7388888888889+-1.01138888888889
51.6719444444444+-1.08527777777778
51.9405555555556+-1.17277777777778
-1
;
;CTA 7
;
53.1255555555556+-2.01555555555556
53.07+-1.94638888888889
53.0208333333333+-1.97388888888889
52.9744444444444+-2.14833333333333
52.9827777777778+-2.55388888888889
53.0786111111111+-2.66694444444444
53.1072222222222+-2.73027777777778
53.1005555555556+-2.37944444444444
53.1255555555556+-2.01555555555556
-1
;
;CTA 8
;
53.07+-1.94638888888889
52.9758333333333+-1.83
52.8+-1.87111111111111
52.7044444444444+-2.22861111111111
52.9827777777778+-2.55388888888889
52.9744444444444+-2.14833333333333
53.0208333333333+-1.97388888888889
53.07+-1.94638888888889
-1
;
;CTA 9
;
52.9758333333333+-1.83
52.7838888888889+-1.59472222222222
52.2319444444444+-1.00722222222222
52.1802777777778+-1.11388888888889
52.1091666666667+-1.43805555555556
52.1930555555556+-1.58055555555556
52.1775+-1.67
52.2419444444444+-1.69972222222222
52.7044444444444+-2.22861111111111
52.8+-1.87111111111111
52.9758333333333+-1.83
-1
;
;CTA 10
;
53.4488888888889+-1.83333333333333
53.4552777777778+-1.77138888888889
53.1936111111111+-1.60861111111111
53.1644444444444+-1.73527777777778
53.4372222222222+-1.84
53.4488888888889+-1.83333333333333
-1
;
;CTA 11
;
53.1958333333333+-1.59944444444444
53.1952777777778+-1.52833333333333
53.0880555555556+-1.53111111111111
53.1958333333333+-1.59944444444444
-1
;
;CTA 12
;
53.1952777777778+-1.52833333333333
53.1941666666667+-1.36833333333333
52.1905555555556+-0.372222222222222
52.1672222222222+-0.4075
52.1883333333333+-0.556388888888889
52.5683333333333+-1.20666666666667
53.0880555555556+-1.53111111111111
53.1952777777778+-1.52833333333333
-1
;
;CTA 13
;
52.5683333333333+-1.20666666666667
52.1883333333333+-0.556388888888889
52.1672222222222+-0.4075
52.0544444444444+-0.578055555555556
52.2341666666667+-1.0025
52.5683333333333+-1.20666666666667
-1
;
;CTA 14
;
52.0247222222222+-1.63277777777778
52.0744444444444+-1.37916666666667
51.9625+-1.19055555555556
51.9405555555556+-1.17277777777778
51.6719444444444+-1.08527777777778
51.5730555555556+-1.19388888888889
51.6111111111111+-1.50305555555556
51.6530555555556+-1.44138888888889
52.0247222222222+-1.63277777777778
-1
;
;CTA 15
;
51.9813888888889+-1.88861111111111
52.0747222222222+-1.65888888888889
51.6619444444444+-1.44611111111111
51.6819444444444+-1.58277777777778
51.7030555555556+-1.59361111111111
51.9813888888889+-1.88861111111111
-1
;
;CTA 16
;
52.0722222222222+-1.6575
52.1138888888889+-1.44583333333333
52.0744444444444+-1.37916666666667
52.0247222222222+-1.63277777777778
52.0722222222222+-1.6575
-1
;
;CTA 17
;
52.1197222222222+-1.68222222222222
52.1530555555556+-1.51277777777778
52.1138888888889+-1.44583333333333
52.0722222222222+-1.6575
52.1197222222222+-1.68222222222222
-1
;
;CTA 18
;
52.3155555555556+-1.78472222222222
52.2419444444444+-1.69972222222222
52.1775+-1.67
52.1930555555556+-1.58055555555556
52.1530555555556+-1.51277777777778
52.1197222222222+-1.68222222222222
52.3155555555556+-1.78472222222222
-1
;
;CTA 19
;
53.0016666666667+-2.75111111111111
52.3155555555556+-1.78472222222222
52.0747222222222+-1.65888888888889
51.9813888888889+-1.88861111111111
52.5480555555556+-2.50305555555556
52.8461111111111+-2.75805555555556
52.8927777777778+-2.76083333333333
53.0016666666667+-2.75111111111111
-1
;
;CTA 20
;
53.0538888888889+-2.82638888888889
53.1072222222222+-2.73027777777778
53.0786111111111+-2.66694444444444
52.3155555555556+-1.78472222222222
53.0538888888889+-2.82638888888889
-1