;
; © John Woodside
;
{CTR_D_Norwich}
$TYPE=10
;
; CTR 1
;
52.7583111+1.1763806
52.7598611+1.3855556
;arc
52.75264056+1.40228662
52.74031487+1.42261526
52.72603611+1.43910503
52.71023813+1.4512549
52.69340093+1.4586957
52.67603611+1.46120135
52.65867129+1.4586957
52.6418341+1.4512549
52.62603611+1.43910503
52.61175735+1.42261526
52.59943167+1.40228662
;
52.5935+1.3885833
52.5919167+1.1801944
;arc
52.59922611+1.16303888
52.61155179+1.14271033
52.62583056+1.12622064
52.64162854+1.11407083
52.65846574+1.10663006
52.67583056+1.10412443
52.69319537+1.10663006
52.71003257+1.11407083
52.72583056+1.12622064
52.74010932+1.14271033
52.752435+1.16303888
;
52.7583111+1.1763806
-1