{CTA_Newcastle}
$TYPE=9
;
; CTA 1
;
55.06250+-2.00556
55.09028+-1.90306
55.08352+-1.90846
55.06108+-1.91896
55.03792+-1.92249
55.01477+-1.91896
54.99232+-1.90846
54.97126+-1.89132
54.95222+-1.86805
54.93578+-1.83937
54.92245+-1.80615
54.91667+-1.78472
54.89333+-1.88444
54.89748+-1.89546
54.92008+-1.93490
54.94626+-1.96688
54.97522+-1.99045
55.00609+-2.00488
55.03792+-2.00975
55.06250+-2.00556
-1
;
; CTA 2
;
55.16528+-1.62194
55.19278+-1.51889
55.17836+-1.48416
55.15577+-1.44473
55.12959+-1.41274
55.10063+-1.38917
55.06976+-1.37474
55.03792+-1.36988
55.01167+-1.37444
54.98861+-1.47472
54.99232+-1.47116
55.01477+-1.46067
55.03792+-1.45713
55.06108+-1.46067
55.08352+-1.47116
55.10459+-1.48830
55.12363+-1.51157
55.14006+-1.54025
55.15339+-1.57347
55.16321+-1.61023
55.16528+-1.62194
-1
;
; CTA 3
;
55.2272222+-1.3630556
;arc
55.20946558+-1.33323526
55.17138889+-1.28670806
55.12926093+-1.25242623
55.08436174+-1.23143142
55.03805556+-1.22436155
;endarc
55.0302778+-1.2266667
54.8361111+-1.5583333
54.9802778+-1.5111111
55.0116667+-1.3744444
;arc
55.01167+-1.37444
55.03792+-1.36988
55.06976+-1.37474
55.10063+-1.38917
55.12959+-1.41274
55.15577+-1.44473
55.17836+-1.48416
55.19278+-1.51889
;endarc
55.1927778+-1.5188889
55.2272222+-1.3630556
-1
;
; CTA 4
;
55.0358333+-2.0083333
;arc
55.00609+-2.00488
54.97522+-1.99045
54.94626+-1.96688
;endarc
54.9252778+-1.9405556
54.7322222+-2.0011111
55.0358333+-2.0083333
-1
;
; CTA 5
;
54.9802778+-1.5111111
54.8361111+-1.5583333
54.7322222+-2.0011111
54.9252778+-1.9405556
;arc
54.92008+-1.93490
54.89748+-1.89546
;endarc
54.8933333+-1.8844444
54.9802778+-1.5111111
-1
;
; CTA 6
;
54.8361111+-1.5583333
54.69+-1.6055556
54.7322222+-2.0011111
54.8361111+-1.5583333
-1
;
; CTA 7
;
54.7322222+-2.0011111
54.7052778+-1.7466667
54.6233333+-1.7727778
54.6502778+-2.0266667
54.7322222+-2.0011111
-1