;
; © John Woodside
;
{CTA_Strangford}
$TYPE=9
;
; CTA 1
;
54.1347222+-4.6813889
54.595+-5.2455556
54.11+-5.6536111
53.9988889+-4.8452778
54.1347222+-4.6813889
-1
;
; CTA 2
;
54.595+-5.2455556
54.7469444+-5.4355556
54.5219444+-5.6263889
54.4261111+-5.3888889
54.595+-5.2455556
-1
;
; CTA 3
;
54.9541667+-5.2583333
54.1833333+-5.9077778
54.3608333+-6.0880556
54.8961111+-5.6361111
54.905+-5.5
54.9541667+-5.2583333
-1
;
; CTA 4
;
54.1833333+-5.9077778
54.5219444+-5.6263889
54.4261111+-5.3888889
54.11+-5.6536111
54.1833333+-5.9077778
-1