;
; © John Woodside
;
{CTR_D_Isle_of_Man}
$TYPE=10
;
;  CTR 1
;
54.23806+-4.44528
54.18222+-4.86639
54.17757+-4.89502
54.16713+-4.93314
54.15297+-4.96759
54.13551+-4.99733
54.11528+-5.02145
54.09290+-5.03922
54.06904+-5.05011
54.04444+-5.05378
54.01984+-5.05011
53.99833+-5.03972
53.90306+-4.80667
53.96194+-4.34111
53.96688+-4.31042
53.97731+-4.27226
53.99148+-4.23776
54.00894+-4.20798
54.02917+-4.18383
54.04250+-4.17333
54.21833+-4.26111
54.22269+-4.27226
54.23312+-4.31042
54.23951+-4.35110
54.24167+-4.39306
54.23806+-4.44528
-1