;
; © John Woodside
;
{CTA_Cotswold}
$TYPE=9
;
;CTA Class C
51.7952778+-3.1236111
51.6577778+-1.8938889
51.7205556+-1.8494444
51.6619444+-1.4461111
51.6530556+-1.4413889
51.6111111+-1.5030556
51.5730556+-1.1938889
51.4097222+-1.2455556
51.44+-1.4925
51.2891667+-1.3416667
51.2713889+-1.3491667
51.3263889+-1.7222222
51.4355556+-3.1805556
51.7188889+-3.1294444
51.7952778+-3.1236111
-1
;
;
;
;CTA Class A
51.7952778+-3.1236111
51.6577778+-1.8938889
51.7205556+-1.8494444
51.6619444+-1.4461111
51.6530556+-1.4413889
51.6111111+-1.5030556
51.6022222+-1.4294444
51.4386111+-1.4805556
51.44+-1.4925
51.2891667+-1.3416667
51.2713889+-1.3491667
51.3263889+-1.7222222
51.4355556+-3.1805556
51.7188889+-3.1294444
51.7952778+-3.1236111
-1