;
; © John Woodside
;
{CTA_Birmingham}
$TYPE=9
;
; CTA 1
;
52.67083+-1.79556
52.58528+-1.69833
52.58742+-1.71256
52.58944+-1.75056
52.58742+-1.78855
52.58140+-1.82539
52.57158+-1.85996
52.55825+-1.89120
52.54182+-1.91817
52.52278+-1.94005
52.50171+-1.95617
52.47926+-1.96604
52.47639+-1.96611
52.55972+-2.06167
52.59538+-2.022929611
52.62209+-1.979104525
52.64375+-1.928335094
52.65971+-1.872163922
52.66949+-1.812297741
52.67083+-1.79556
-1
;
; CTA 2
;
52.44056+-1.53417
52.35500+-1.43778
52.34778+-1.44263
52.31684+-1.47818
52.29013+-1.52201
52.26847+-1.57278
52.25251+-1.62895
52.24274+-1.68881
52.24194+-1.69972
52.32583+-1.79444
52.32480+-1.78855
52.32278+-1.75056
52.32480+-1.71256
52.33082+-1.67572
52.34064+-1.64115
52.35397+-1.60991
52.37041+-1.58294
52.38944+-1.56106
52.41051+-1.54495
52.43296+-1.53507
52.44056+-1.53417
-1
;
;
; CTA 3
;
52.72833+-1.87722
52.67222+-1.73056
52.67278+-1.75056
52.67083+-1.79556
52.66949+-1.812297741
52.65971+-1.872163922
52.64375+-1.928335094
52.62209+-1.97910
52.59538+-2.02293
52.55972+-2.06167
52.61889+-2.13000
52.63823+-2.106737013
52.67316+-2.049427285
52.70148+-1.983036491
52.72236+-1.909581881
52.72833+-1.87722
-1
;
;
; CTA 4
;
52.39139+-1.41278
52.29722+-1.36806
52.27399+-1.394374098
52.23907+-1.451683826
52.21074+-1.51807462
52.18986+-1.59152923
52.17708+-1.669815774
52.17750+-1.67000
52.24194+-1.69972
52.24274+-1.68881
52.25251+-1.62895
52.26847+-1.57278
52.29013+-1.52201
52.31684+-1.47818
52.34778+-1.44263
52.38201+-1.41644
52.39139+-1.41278
-1
;
; CTA 5
;
52.55972+-2.06167
52.24194+-1.69972
52.23944+-1.750555556
52.24274+-1.812297741
52.24639+-1.83667
52.47944+-2.10278
52.49373+-2.100712892
52.53022+-2.084671797
52.55972+-2.06167
-1
;
;
; CTA 6
;
52.61889+-2.13000
52.55972+-2.06167
52.53022+-2.08467
52.49373+-2.10071
52.47944+-2.10278
52.53778+-2.16972
52.61889+-2.13000
-1
;
;
; CTA 7
;
52.53778+-2.16972
52.27611+-1.87056
52.26222+-2.13194
52.30361+-2.19167
52.42639+-2.21306
52.53778+-2.16972
-1
;
;
; CTA 8
;
52.67222+-1.73056
52.39139+-1.41278
52.38201+-1.416439314
52.35500+-1.43778
52.67083+-1.79556
52.67278+-1.750555556
52.67222+-1.73056
-1
;
;
; CTA 9
;
52.67361+-2.19306
52.61889+-2.13000
52.57833+-2.15000
52.64639+-2.24556
52.67361+-2.19306
-1