;
; © John Woodside
;
{CTA_Midland}
$TYPE=9
;
;CTA 1
;
53.0538889+-2.8263889
53.1072222+-2.7302778
53.1005556+-2.3794444
53.1255556+-2.0155556
53.4488889+-1.8333333
53.4552778+-1.7713889
53.1936111+-1.6086111
53.1958333+-1.5994444
53.1941667+-1.3683333
52.1905556+-0.3722222
52.0544444+-0.5780556
52.0725+-0.62
51.9625+-1.1905556
51.7388889+-1.0113889
51.5730556+-1.1938889
51.6111111+-1.5030556
51.6530556+-1.4413889
51.6619444+-1.4461111
51.6819444+-1.5827778
51.7030556+-1.5936111
52.5480556+-2.5030556
52.8461111+-2.7580556
52.8927778+-2.7608333
53.0016667+-2.7511111
53.0538889+-2.8263889
-1
