;
; © John Woodside
;
{CTA_London_Stansted}
$TYPE=9
;
; CTA 1
;
51.90444+0.44806
51.90815+0.44773
51.93060+0.43799
51.95167+0.42207
51.97071+0.40048
51.98714+0.37385
52.00047+0.34301
52.01029+0.30888
52.01631+0.27251
52.01778+0.25083
52.08806+0.35667
52.07264+0.41051
52.05098+0.46063
52.02427+0.50390
51.99333+0.53900
51.97444+0.55389
51.90444+0.44806
-1
;
; CTA 2
;
51.75222+0.21917
51.68194+0.11444
51.68140+0.11494
51.69736+0.05949
51.71902+0.00937
51.74573+-0.03390
51.76389+-0.05444
51.86278+-0.00167
51.86528+0.02222
51.86185+0.02227
51.83940+0.03201
51.81833+0.04793
51.79929+0.06952
51.78286+0.09615
51.76953+0.12699
51.75971+0.16112
51.75369+0.19749
51.75222+0.21917
-1
;
; CTA 3
;
51.97444+0.55389
51.95910+0.56485
51.92262+0.58069
51.89694+0.58417
51.76556+0.38583
51.75222+0.21917
51.97444+0.55389
-1
;
; CTA 4
;
52.05000+0.15194
52.08806+0.35667
51.86528+0.02222
51.86278+-0.00167
52.02417+0.00000
52.05000+0.15194
-1