;
; © John Woodside
;
{Prohibited_Areas}
$TYPE=11
;
; EGP047
50.69778+-2.25972
50.69752+-2.25515
50.69677+-2.25073
50.69554+-2.24657
50.69388+-2.24281
50.69182+-2.23957
50.68944+-2.23694
50.68681+-2.23501
50.68401+-2.23382
50.68111+-2.23342
50.67822+-2.23382
50.67541+-2.23501
50.67278+-2.23694
50.67040+-2.23957
50.66834+-2.24281
50.66668+-2.24657
50.66545+-2.25073
50.66470+-2.25515
50.66444+-2.25972
50.66470+-2.26429
50.66545+-2.26872
50.66668+-2.27287
50.66834+-2.27663
50.67040+-2.27987
50.67278+-2.28250
50.67541+-2.28444
50.67822+-2.28563
50.68111+-2.28603
50.68401+-2.28563
50.68681+-2.28444
50.68944+-2.28250
50.69182+-2.27987
50.69388+-2.27663
50.69554+-2.27287
50.69677+-2.26872
50.69752+-2.26429
50.69778+-2.25972
-1
;
; EGP106
51.60833+-1.31806
51.60783+-1.30874
51.60632+-1.29971
51.60387+-1.29124
51.60053+-1.28358
51.59643+-1.27697
51.59167+-1.27161
51.58640+-1.26766
51.58079+-1.26524
51.57500+-1.26442
51.56921+-1.26524
51.56360+-1.26766
51.55833+-1.27161
51.55357+-1.27697
51.54947+-1.28358
51.54613+-1.29124
51.54368+-1.29971
51.54217+-1.30874
51.54167+-1.31806
51.54217+-1.32737
51.54368+-1.33640
51.54613+-1.34487
51.54947+-1.35253
51.55357+-1.35914
51.55833+-1.36450
51.56360+-1.36846
51.56921+-1.37088
51.57500+-1.37169
51.58079+-1.37088
51.58640+-1.36846
51.59167+-1.36450
51.59643+-1.35914
51.60053+-1.35253
51.60387+-1.34487
51.60632+-1.33640
51.60783+-1.32737
51.60833+-1.31806
-1
;
; EGP611
56.09194+-4.86639
56.09144+-4.85602
56.08993+-4.84597
56.08748+-4.83654
56.08415+-4.82801
56.08004+-4.82066
56.07528+-4.81469
56.07001+-4.81029
56.06440+-4.80760
56.05861+-4.80669
56.05282+-4.80760
56.04721+-4.81029
56.04194+-4.81469
56.03718+-4.82066
56.03308+-4.82801
56.02974+-4.83654
56.02729+-4.84597
56.02578+-4.85602
56.02528+-4.86639
56.02578+-4.87676
56.02729+-4.88681
56.02974+-4.89624
56.03308+-4.90476
56.03718+-4.91212
56.04194+-4.91809
56.04721+-4.92249
56.05282+-4.92518
56.05861+-4.92609
56.06440+-4.92518
56.07001+-4.92249
56.07528+-4.91809
56.08004+-4.91212
56.08415+-4.90476
56.08748+-4.89624
56.08993+-4.88681
56.09144+-4.87676
56.09194+-4.86639
-1
;
; EGP813
58.60972+-3.74278
58.60922+-3.73168
58.60771+-3.72091
58.60526+-3.71081
58.60192+-3.70168
58.59782+-3.69380
58.59306+-3.68741
58.58779+-3.68270
58.58218+-3.67981
58.57639+-3.67884
58.57060+-3.67981
58.56499+-3.68270
58.55972+-3.68741
58.55496+-3.69380
58.55085+-3.70168
58.54752+-3.71081
58.54507+-3.72091
58.54356+-3.73168
58.54306+-3.74278
58.54356+-3.75388
58.54507+-3.76464
58.54752+-3.77475
58.55085+-3.78387
58.55496+-3.79175
58.55972+-3.79815
58.56499+-3.80286
58.57060+-3.80574
58.57639+-3.80671
58.58218+-3.80574
58.58779+-3.80286
58.59306+-3.79815
58.59782+-3.79175
58.60192+-3.78387
58.60526+-3.77475
58.60771+-3.76464
58.60922+-3.75388
58.60972+-3.74278
-1