;
; © John Woodside
;
{Restricted_Areas}
$TYPE=11
; R002/2 Devonport
50.39889+-4.18861
50.39876+-4.18634
50.39839+-4.18414
50.39777+-4.18208
50.39694+-4.18021
50.39591+-4.17860
50.39472+-4.17729
50.39341+-4.17633
50.39200+-4.17574
50.39056+-4.17554
50.38911+-4.17574
50.38771+-4.17633
50.38639+-4.17729
50.38520+-4.17860
50.38417+-4.18021
50.38334+-4.18208
50.38272+-4.18414
50.38235+-4.18634
50.38222+-4.18861
50.38235+-4.19088
50.38272+-4.19308
50.38334+-4.19515
50.38417+-4.19701
50.38520+-4.19862
50.38639+-4.19993
50.38771+-4.20089
50.38911+-4.20148
50.39056+-4.20168
50.39200+-4.20148
50.39341+-4.20089
50.39472+-4.19993
50.39591+-4.19862
50.39694+-4.19701
50.39777+-4.19515
50.39839+-4.19308
50.39876+-4.19088
50.39889+-4.18861
-1
;
; R063
50.94694+0.95472
50.94644+0.96390
50.94493+0.97280
50.94248+0.98116
50.93915+0.98871
50.93504+0.99522
50.93028+1.00051
50.92501+1.00440
50.91940+1.00679
50.91361+1.00759
50.90782+1.00679
50.90221+1.00440
50.89694+1.00051
50.89218+0.99522
50.88808+0.98871
50.88474+0.98116
50.88229+0.97280
50.88078+0.96390
50.88028+0.95472
50.88078+0.94554
50.88229+0.93664
50.88474+0.92829
50.88808+0.92074
50.89218+0.91422
50.89694+0.90894
50.90221+0.90504
50.90782+0.90266
50.91361+0.90185
50.91940+0.90266
50.92501+0.90504
50.93028+0.90894
50.93504+0.91422
50.93915+0.92074
50.94248+0.92829
50.94493+0.93664
50.94644+0.94554
50.94694+0.95472
-1
;
; R095
49.47944+-2.36250
49.47868+-2.34915
49.47643+-2.33621
49.47275+-2.32406
49.46775+-2.31308
49.46158+-2.30361
49.45444+-2.29592
49.44655+-2.29026
49.43813+-2.28679
49.42944+-2.28562
49.42076+-2.28679
49.41234+-2.29026
49.40444+-2.29592
49.39731+-2.30361
49.39114+-2.31308
49.38614+-2.32406
49.38246+-2.33621
49.38020+-2.34915
49.37944+-2.36250
49.38020+-2.37585
49.38246+-2.38879
49.38614+-2.40094
49.39114+-2.41192
49.39731+-2.42139
49.40444+-2.42908
49.41234+-2.43474
49.42076+-2.43821
49.42944+-2.43938
49.43813+-2.43821
49.44655+-2.43474
49.45444+-2.42908
49.46158+-2.42139
49.46775+-2.41192
49.47275+-2.40094
49.47643+-2.38879
49.47868+-2.37585
49.47944+-2.36250
-1
;
; R101
51.39250+-1.14639
51.39212+-1.13944
51.39099+-1.13269
51.38915+-1.12637
51.38665+-1.12065
51.38357+-1.11571
51.38000+-1.11171
51.37605+-1.10876
51.37184+-1.10695
51.36750+-1.10635
51.36316+-1.10695
51.35895+-1.10876
51.35500+-1.11171
51.35143+-1.11571
51.34835+-1.12065
51.34585+-1.12637
51.34401+-1.13269
51.34288+-1.13944
51.34250+-1.14639
51.34288+-1.15334
51.34401+-1.16008
51.34585+-1.16641
51.34835+-1.17213
51.35143+-1.17706
51.35500+-1.18107
51.35895+-1.18402
51.36316+-1.18582
51.36750+-1.18643
51.37184+-1.18582
51.37605+-1.18402
51.38000+-1.18107
51.38357+-1.17706
51.38665+-1.17213
51.38915+-1.16641
51.39099+-1.16008
51.39212+-1.15334
51.39250+-1.14639
-1
;
; R104
51.42333+-1.02361
51.42308+-1.01897
51.42233+-1.01447
51.42110+-1.01025
51.41943+-1.00644
51.41738+-1.00314
51.41500+-1.00047
51.41237+-0.99850
51.40956+-0.99730
51.40667+-0.99689
51.40377+-0.99730
51.40097+-0.99850
51.39833+-1.00047
51.39595+-1.00314
51.39390+-1.00644
51.39223+-1.01025
51.39101+-1.01447
51.39025+-1.01897
51.39000+-1.02361
51.39025+-1.02825
51.39101+-1.03275
51.39223+-1.03697
51.39390+-1.04079
51.39595+-1.04408
51.39833+-1.04675
51.40097+-1.04872
51.40377+-1.04992
51.40667+-1.05033
51.40956+-1.04992
51.41237+-1.04872
51.41500+-1.04675
51.41738+-1.04408
51.41943+-1.04079
51.42110+-1.03697
51.42233+-1.03275
51.42308+-1.02825
51.42333+-1.02361
-1
;
; R105
51.64722+-2.18056
51.64684+-2.17356
51.64571+-2.16678
51.64387+-2.16042
51.64137+-2.15467
51.63829+-2.14971
51.63472+-2.14568
51.63077+-2.14272
51.62656+-2.14090
51.62222+-2.14029
51.61788+-2.14090
51.61367+-2.14272
51.60972+-2.14568
51.60615+-2.14971
51.60307+-2.15467
51.60057+-2.16042
51.59873+-2.16678
51.59760+-2.17356
51.59722+-2.18056
51.59760+-2.18755
51.59873+-2.19433
51.60057+-2.20069
51.60307+-2.20644
51.60615+-2.21140
51.60972+-2.21543
51.61367+-2.21839
51.61788+-2.22021
51.62222+-2.22082
51.62656+-2.22021
51.63077+-2.21839
51.63472+-2.21543
51.63829+-2.21140
51.64137+-2.20644
51.64387+-2.20069
51.64571+-2.19433
51.64684+-2.18755
51.64722+-2.18056
-1
;
; R107
51.50556+0.09139
51.50533+0.09014
51.50472+0.08803
51.50388+0.08612
51.50286+0.08447
51.50167+0.08313
51.50035+0.08214
51.49895+0.08154
51.49750+0.08134
51.49605+0.08154
51.49528+0.08167
51.50556+0.09139
-1
;
; R153
51.24238+-3.13018
51.24187+-3.12094
51.24036+-3.11198
51.23791+-3.10358
51.23458+-3.09598
51.23047+-3.08942
51.22571+-3.08410
51.22044+-3.08018
51.21483+-3.07778
51.20904+-3.07697
51.20325+-3.07778
51.19764+-3.08018
51.19238+-3.08410
51.18762+-3.08942
51.18351+-3.09598
51.18017+-3.10358
51.17772+-3.11198
51.17621+-3.12094
51.17571+-3.13018
51.17621+-3.13942
51.17772+-3.14838
51.18017+-3.15678
51.18351+-3.16438
51.18762+-3.17094
51.19238+-3.17626
51.19764+-3.18018
51.20325+-3.18258
51.20904+-3.18339
51.21483+-3.18258
51.22044+-3.18018
51.22571+-3.17626
51.23047+-3.17094
51.23458+-3.16438
51.23791+-3.15678
51.24036+-3.14838
51.24187+-3.13942
51.24238+-3.13018
-1
;
; R154
51.68119+-2.57086
51.68069+-2.56154
51.67918+-2.55249
51.67673+-2.54400
51.67340+-2.53633
51.66929+-2.52971
51.66453+-2.52434
51.65926+-2.52038
51.65365+-2.51796
51.64786+-2.51714
51.64207+-2.51796
51.63646+-2.52038
51.63119+-2.52434
51.62643+-2.52971
51.62233+-2.53633
51.61899+-2.54400
51.61654+-2.55249
51.61503+-2.56154
51.61453+-2.57086
51.61503+-2.58019
51.61654+-2.58924
51.61899+-2.59772
51.62233+-2.60539
51.62643+-2.61202
51.63119+-2.61739
51.63646+-2.62134
51.64207+-2.62377
51.64786+-2.62458
51.65365+-2.62377
51.65926+-2.62134
51.66453+-2.61739
51.66929+-2.61202
51.67340+-2.60539
51.67673+-2.59772
51.67918+-2.58924
51.68069+-2.58019
51.68119+-2.57086
-1
;
; R155
51.72606+-2.49330
51.72555+-2.48396
51.72405+-2.47491
51.72159+-2.46641
51.71826+-2.45873
51.71415+-2.45211
51.70939+-2.44673
51.70412+-2.44277
51.69851+-2.44034
51.69272+-2.43953
51.68693+-2.44034
51.68132+-2.44277
51.67606+-2.44673
51.67130+-2.45211
51.66719+-2.45873
51.66385+-2.46641
51.66140+-2.47491
51.65990+-2.48396
51.65939+-2.49330
51.65990+-2.50264
51.66140+-2.51169
51.66385+-2.52019
51.66719+-2.52787
51.67130+-2.53449
51.67606+-2.53987
51.68132+-2.54383
51.68693+-2.54626
51.69272+-2.54707
51.69851+-2.54626
51.70412+-2.54383
51.70939+-2.53987
51.71415+-2.53449
51.71826+-2.52787
51.72159+-2.52019
51.72405+-2.51169
51.72555+-2.50264
51.72606+-2.49330
-1
;
; R156
51.77543+0.89772
51.77492+0.90707
51.77342+0.91613
51.77096+0.92464
51.76763+0.93232
51.76352+0.93896
51.75876+0.94434
51.75350+0.94831
51.74788+0.95073
51.74209+0.95155
51.73631+0.95073
51.73069+0.94831
51.72543+0.94434
51.72067+0.93896
51.71656+0.93232
51.71323+0.92464
51.71077+0.91613
51.70927+0.90707
51.70876+0.89772
51.70927+0.88837
51.71077+0.87931
51.71323+0.87080
51.71656+0.86312
51.72067+0.85648
51.72543+0.85110
51.73069+0.84713
51.73631+0.84470
51.74209+0.84389
51.74788+0.84470
51.75350+0.84713
51.75876+0.85110
51.76352+0.85648
51.76763+0.86312
51.77096+0.87080
51.77342+0.87931
51.77492+0.88837
51.77543+0.89772
-1
;
; R157
51.53661+-0.15293
51.50559+-0.11341
51.50448+-0.11214
51.50303+-0.11106
51.50148+-0.11039
51.50032+-0.11024
51.48799+-0.10931
51.48756+-0.12396
51.48816+-0.13859
51.49414+-0.19218
51.50316+-0.18960
51.50766+-0.20237
51.53542+-0.17720
51.53091+-0.16442
51.53661+-0.15293
-1
;
; R158
51.52371+-0.09653
51.52161+-0.07759
51.51207+-0.07165
51.50449+-0.07571
51.51030+-0.11769
51.51888+-0.11474
51.52371+-0.09653
-1
;
; R159
51.50971+-0.00686
51.49840+-0.00927
51.49377+-0.00619
51.49194+-0.01361
51.48911+-0.02027
51.49997+-0.03170
51.50508+-0.01939
51.50971+-0.00686
-1
;
; R160
51.486667+-0.287778
51.572222+-0.235278
51.555000+-0.151111
51.569167+-0.055000
51.525000+-0.012500
51.445833+-0.012222
51.453333+-0.102778
51.420833+-0.206111
51.481667+-0.235278
51.486667+-0.287778
-1
; R204
52.14083+-1.85528
52.14033+-1.84585
52.13882+-1.83672
52.13637+-1.82814
52.13303+-1.82039
52.12893+-1.81370
52.12417+-1.80828
52.11890+-1.80428
52.11329+-1.80183
52.10750+-1.80101
52.10171+-1.80183
52.09610+-1.80428
52.09083+-1.80828
52.08607+-1.81370
52.08197+-1.82039
52.07863+-1.82814
52.07618+-1.83672
52.07467+-1.84585
52.07417+-1.85528
52.07467+-1.86470
52.07618+-1.87384
52.07863+-1.88241
52.08197+-1.89016
52.08607+-1.89685
52.09083+-1.90228
52.09610+-1.90628
52.10171+-1.90873
52.10750+-1.90955
52.11329+-1.90873
52.11890+-1.90628
52.12417+-1.90228
52.12893+-1.89685
52.13303+-1.89016
52.13637+-1.88241
52.13882+-1.87384
52.14033+-1.86470
52.14083+-1.85528
-1
;
; R212
52.60833+0.07944
52.60783+0.08897
52.60632+0.09820
52.60387+0.10687
52.60053+0.11470
52.59643+0.12146
52.59167+0.12695
52.58640+0.13099
52.58079+0.13346
52.57500+0.13429
52.56921+0.13346
52.56360+0.13099
52.55833+0.12695
52.55357+0.12146
52.54947+0.11470
52.54613+0.10687
52.54368+0.09820
52.54217+0.08897
52.54167+0.07944
52.54217+0.06992
52.54368+0.06068
52.54613+0.05202
52.54947+0.04419
52.55357+0.03743
52.55833+0.03194
52.56360+0.02790
52.56921+0.02543
52.57500+0.02459
52.58079+0.02543
52.58640+0.02790
52.59167+0.03194
52.59643+0.03743
52.60053+0.04419
52.60387+0.05202
52.60632+0.06068
52.60783+0.06992
52.60833+0.07944
-1
;
; R214
52.03861+-0.80361
52.03823+-0.79656
52.03710+-0.78972
52.03526+-0.78330
52.03276+-0.77750
52.02968+-0.77250
52.02611+-0.76843
52.02216+-0.76544
52.01795+-0.76361
52.01361+-0.76299
52.00927+-0.76361
52.00506+-0.76544
52.00111+-0.76843
51.99754+-0.77250
51.99446+-0.77750
51.99196+-0.78330
51.99012+-0.78972
51.98899+-0.79656
51.98861+-0.80361
51.98899+-0.81066
51.99012+-0.81750
51.99196+-0.82392
51.99446+-0.82972
51.99754+-0.83473
52.00111+-0.83879
52.00506+-0.84178
52.00927+-0.84361
52.01361+-0.84423
52.01795+-0.84361
52.02216+-0.84178
52.02611+-0.83879
52.02968+-0.83473
52.03276+-0.82972
52.03526+-0.82392
52.03710+-0.81750
52.03823+-0.81066
52.03861+-0.80361
-1
;
; R217
52.24722+1.61861
52.24672+1.62806
52.24521+1.63722
52.24276+1.64581
52.23942+1.65358
52.23532+1.66029
52.23056+1.66573
52.22529+1.66973
52.21968+1.67219
52.21389+1.67301
52.20810+1.67219
52.20249+1.66973
52.19722+1.66573
52.19246+1.66029
52.18835+1.65358
52.18502+1.64581
52.18257+1.63722
52.18106+1.62806
52.18056+1.61861
52.18106+1.60916
52.18257+1.60000
52.18502+1.59141
52.18835+1.58364
52.19246+1.57694
52.19722+1.57150
52.20249+1.56749
52.20810+1.56503
52.21389+1.56421
52.21968+1.56503
52.22529+1.56749
52.23056+1.57150
52.23532+1.57694
52.23942+1.58364
52.24276+1.59141
52.24521+1.60000
52.24672+1.60916
52.24722+1.61861
-1
;
; R218
52.95808+-3.94866
52.95757+-3.93906
52.95607+-3.92975
52.95361+-3.92102
52.95028+-3.91312
52.94617+-3.90631
52.94141+-3.90078
52.93615+-3.89670
52.93054+-3.89421
52.92475+-3.89337
52.91896+-3.89421
52.91335+-3.89670
52.90808+-3.90078
52.90332+-3.90631
52.89921+-3.91312
52.89588+-3.92102
52.89342+-3.92975
52.89192+-3.93906
52.89141+-3.94866
52.89192+-3.95826
52.89342+-3.96757
52.89588+-3.97631
52.89921+-3.98420
52.90332+-3.99102
52.90808+-3.99655
52.91335+-4.00062
52.91896+-4.00311
52.92475+-4.00395
52.93054+-4.00311
52.93615+-4.00062
52.94141+-3.99655
52.94617+-3.99102
52.95028+-3.98420
52.95361+-3.97631
52.95607+-3.96757
52.95757+-3.95826
52.95808+-3.94866
-1
;
; R311
53.29722+-2.95222
53.29672+-2.94254
53.29521+-2.93316
53.29276+-2.92436
53.28942+-2.91640
53.28532+-2.90953
53.28056+-2.90396
53.27529+-2.89985
53.26968+-2.89734
53.26389+-2.89649
53.25810+-2.89734
53.25249+-2.89985
53.24722+-2.90396
53.24246+-2.90953
53.23835+-2.91640
53.23502+-2.92436
53.23257+-2.93316
53.23106+-2.94254
53.23056+-2.95222
53.23106+-2.96190
53.23257+-2.97128
53.23502+-2.98009
53.23835+-2.98804
53.24246+-2.99491
53.24722+-3.00049
53.25249+-3.00459
53.25810+-3.00710
53.26389+-3.00795
53.26968+-3.00710
53.27529+-3.00459
53.28056+-3.00049
53.28532+-2.99491
53.28942+-2.98804
53.29276+-2.98009
53.29521+-2.97128
53.29672+-2.96190
53.29722+-2.95222
-1
;
; R312
53.80944+-2.80417
53.80894+-2.79437
53.80743+-2.78487
53.80498+-2.77596
53.80165+-2.76791
53.79754+-2.76096
53.79278+-2.75532
53.78751+-2.75116
53.78190+-2.74862
53.77611+-2.74776
53.77032+-2.74862
53.76471+-2.75116
53.75944+-2.75532
53.75468+-2.76096
53.75058+-2.76791
53.74724+-2.77596
53.74479+-2.78487
53.74328+-2.79437
53.74278+-2.80417
53.74328+-2.81396
53.74479+-2.82346
53.74724+-2.83237
53.75058+-2.84042
53.75468+-2.84738
53.75944+-2.85302
53.76471+-2.85717
53.77032+-2.85972
53.77611+-2.86057
53.78190+-2.85972
53.78751+-2.85717
53.79278+-2.85302
53.79754+-2.84738
53.80165+-2.84042
53.80498+-2.83237
53.80743+-2.82346
53.80894+-2.81396
53.80944+-2.80417
-1
;
; R313
53.39111+-0.55083
53.38985+-0.52662
53.38609+-0.50313
53.37995+-0.48110
53.37161+-0.46119
53.36134+-0.44400
53.34944+-0.43005
53.33628+-0.41978
53.32225+-0.41349
53.30778+-0.41137
53.29331+-0.41349
53.27928+-0.41978
53.26611+-0.43005
53.25421+-0.44400
53.24394+-0.46119
53.23561+-0.48110
53.22947+-0.50313
53.22571+-0.52662
53.22444+-0.55083
53.22571+-0.57505
53.22947+-0.59853
53.23561+-0.62057
53.24394+-0.64048
53.25421+-0.65767
53.26611+-0.67161
53.27928+-0.68189
53.29331+-0.68818
53.30778+-0.69030
53.32225+-0.68818
53.33628+-0.68189
53.34944+-0.67161
53.36134+-0.65767
53.37161+-0.64048
53.37995+-0.62057
53.38609+-0.59853
53.38985+-0.57505
53.39111+-0.55083
-1
;
; R315
54.01028+-0.87333
54.00977+-0.86349
54.00827+-0.85395
54.00581+-0.84499
54.00248+-0.83690
53.99837+-0.82991
53.99361+-0.82425
53.98835+-0.82007
53.98273+-0.81752
53.97694+-0.81665
53.97116+-0.81752
53.96554+-0.82007
53.96028+-0.82425
53.95552+-0.82991
53.95141+-0.83690
53.94808+-0.84499
53.94562+-0.85395
53.94412+-0.86349
53.94361+-0.87333
53.94412+-0.88318
53.94562+-0.89272
53.94808+-0.90167
53.95141+-0.90977
53.95552+-0.91675
53.96028+-0.92242
53.96554+-0.92659
53.97116+-0.92915
53.97694+-0.93001
53.98273+-0.92915
53.98835+-0.92659
53.99361+-0.92242
53.99837+-0.91675
54.00248+-0.90977
54.00581+-0.90167
54.00827+-0.89272
54.00977+-0.88318
54.01028+-0.87333
-1
;
; R319
53.50944+-2.24722
53.50919+-2.24236
53.50844+-2.23764
53.50721+-2.23321
53.50555+-2.22921
53.50349+-2.22576
53.50111+-2.22296
53.49848+-2.22090
53.49567+-2.21963
53.49278+-2.21921
53.48988+-2.21963
53.48708+-2.22090
53.48444+-2.22296
53.48206+-2.22576
53.48001+-2.22921
53.47834+-2.23321
53.47712+-2.23764
53.47636+-2.24236
53.47611+-2.24722
53.47636+-2.25209
53.47712+-2.25680
53.47834+-2.26123
53.48001+-2.26523
53.48206+-2.26868
53.48444+-2.27148
53.48708+-2.27355
53.48988+-2.27481
53.49278+-2.27524
53.49567+-2.27481
53.49848+-2.27355
53.50111+-2.27148
53.50349+-2.26868
53.50555+-2.26523
53.50721+-2.26123
53.50844+-2.25680
53.50919+-2.25209
53.50944+-2.24722
-1
;
; R321
53.70417+-1.50944
53.70384+-1.50309
53.70286+-1.49693
53.70126+-1.49115
53.69910+-1.48593
53.69643+-1.48142
53.69333+-1.47776
53.68991+-1.47507
53.68626+-1.47342
53.68250+-1.47286
53.67874+-1.47342
53.67509+-1.47507
53.67167+-1.47776
53.66857+-1.48142
53.66590+-1.48593
53.66374+-1.49115
53.66214+-1.49693
53.66116+-1.50309
53.66083+-1.50944
53.66116+-1.51580
53.66214+-1.52196
53.66374+-1.52774
53.66590+-1.53296
53.66857+-1.53747
53.67167+-1.54113
53.67509+-1.54382
53.67874+-1.54547
53.68250+-1.54603
53.68626+-1.54547
53.68991+-1.54382
53.69333+-1.54113
53.69643+-1.53747
53.69910+-1.53296
53.70126+-1.52774
53.70286+-1.52196
53.70384+-1.51580
53.70417+-1.50944
-1
;
; R322
53.44942+-4.48122
53.44891+-4.47151
53.44741+-4.46209
53.44495+-4.45326
53.44162+-4.44527
53.43751+-4.43838
53.43275+-4.43278
53.42749+-4.42866
53.42187+-4.42614
53.41609+-4.42529
53.41030+-4.42614
53.40469+-4.42866
53.39942+-4.43278
53.39466+-4.43838
53.39055+-4.44527
53.38722+-4.45326
53.38476+-4.46209
53.38326+-4.47151
53.38275+-4.48122
53.38326+-4.49093
53.38476+-4.50035
53.38722+-4.50918
53.39055+-4.51717
53.39466+-4.52406
53.39942+-4.52965
53.40469+-4.53378
53.41030+-4.53630
53.41609+-4.53715
53.42187+-4.53630
53.42749+-4.53378
53.43275+-4.52965
53.43751+-4.52406
53.44162+-4.51717
53.44495+-4.50918
53.44741+-4.50035
53.44891+-4.49093
53.44942+-4.48122
-1
;
; R413
54.45139+-3.49556
54.45088+-3.48561
54.44938+-3.47596
54.44692+-3.46691
54.44359+-3.45873
54.43948+-3.45167
54.43472+-3.44594
54.42946+-3.44172
54.42384+-3.43914
54.41806+-3.43827
54.41227+-3.43914
54.40665+-3.44172
54.40139+-3.44594
54.39663+-3.45167
54.39252+-3.45873
54.38919+-3.46691
54.38673+-3.47596
54.38523+-3.48561
54.38472+-3.49556
54.38523+-3.50550
54.38673+-3.51515
54.38919+-3.52420
54.39252+-3.53238
54.39663+-3.53944
54.40139+-3.54517
54.40665+-3.54939
54.41227+-3.55197
54.41806+-3.55284
54.42384+-3.55197
54.42946+-3.54939
54.43472+-3.54517
54.43948+-3.53944
54.44359+-3.53238
54.44692+-3.52420
54.44938+-3.51515
54.45088+-3.50550
54.45139+-3.49556
-1
;
; R431
54.54806+-6.18611
54.54755+-6.17614
54.54605+-6.16647
54.54359+-6.15740
54.54026+-6.14920
54.53615+-6.14212
54.53139+-6.13638
54.52612+-6.13215
54.52051+-6.12956
54.51472+-6.12869
54.50893+-6.12956
54.50332+-6.13215
54.49806+-6.13638
54.49330+-6.14212
54.48919+-6.14920
54.48585+-6.15740
54.48340+-6.16647
54.48190+-6.17614
54.48139+-6.18611
54.48190+-6.19608
54.48340+-6.20575
54.48585+-6.21482
54.48919+-6.22302
54.49330+-6.23010
54.49806+-6.23584
54.50332+-6.24007
54.50893+-6.24266
54.51472+-6.24353
54.52051+-6.24266
54.52612+-6.24007
54.53139+-6.23584
54.53615+-6.23010
54.54026+-6.22302
54.54359+-6.21482
54.54605+-6.20575
54.54755+-6.19608
54.54806+-6.18611
-1
;
; R432
54.81639+-1.60472
54.81696+-1.60462
54.82222+-1.60036
54.82698+-1.59458
54.83109+-1.58745
54.83442+-1.57920
54.83688+-1.57006
54.83838+-1.56032
54.83889+-1.55028
54.83838+-1.54023
54.83688+-1.53050
54.83442+-1.52136
54.83109+-1.51310
54.82698+-1.50597
54.82222+-1.50019
54.81696+-1.49593
54.81134+-1.49332
54.80556+-1.49244
54.79977+-1.49332
54.79472+-1.49583
54.76222+-1.51500
54.76165+-1.51514
54.75639+-1.51940
54.75163+-1.52518
54.74752+-1.53230
54.74419+-1.54055
54.74173+-1.54968
54.74023+-1.55941
54.73972+-1.56944
54.74023+-1.57948
54.74173+-1.58921
54.74419+-1.59834
54.74752+-1.60659
54.75163+-1.61371
54.75639+-1.61949
54.76165+-1.62375
54.76727+-1.62635
54.77306+-1.62723
54.77884+-1.62635
54.78389+-1.62389
54.81639+-1.60472
-1
;
; R444
54.06315+-2.91442
54.06264+-2.90457
54.06114+-2.89501
54.05868+-2.88605
54.05535+-2.87794
54.05124+-2.87095
54.04648+-2.86527
54.04121+-2.86109
54.03560+-2.85853
54.02981+-2.85767
54.02403+-2.85853
54.01841+-2.86109
54.01315+-2.86527
54.00839+-2.87095
54.00428+-2.87794
54.00095+-2.88605
53.99849+-2.89501
53.99699+-2.90457
53.99648+-2.91442
53.99699+-2.92428
53.99849+-2.93383
54.00095+-2.94280
54.00428+-2.95090
54.00839+-2.95790
54.01315+-2.96357
54.01841+-2.96775
54.02403+-2.97031
54.02981+-2.97117
54.03560+-2.97031
54.04121+-2.96775
54.04648+-2.96357
54.05124+-2.95790
54.05535+-2.95090
54.05868+-2.94280
54.06114+-2.93383
54.06264+-2.92428
54.06315+-2.91442
-1
;
; R445
54.11806+-3.23611
54.11793+-3.23364
54.11755+-3.23125
54.11694+-3.22900
54.11611+-3.22697
54.11508+-3.22522
54.11389+-3.22380
54.11257+-3.22275
54.11117+-3.22211
54.10972+-3.22190
54.10828+-3.22211
54.10687+-3.22275
54.10556+-3.22380
54.10437+-3.22522
54.10334+-3.22697
54.10251+-3.22900
54.10189+-3.23125
54.10152+-3.23364
54.10139+-3.23611
54.10152+-3.23858
54.10189+-3.24097
54.10251+-3.24322
54.10334+-3.24525
54.10437+-3.24700
54.10556+-3.24842
54.10687+-3.24947
54.10828+-3.25011
54.10972+-3.25033
54.11117+-3.25011
54.11257+-3.24947
54.11389+-3.24842
54.11508+-3.24700
54.11611+-3.24525
54.11694+-3.24322
54.11755+-3.24097
54.11793+-3.23858
54.11806+-3.23611
-1
;
; R446
54.66861+-1.18028
54.66810+-1.17028
54.66660+-1.16058
54.66415+-1.15148
54.66081+-1.14326
54.65670+-1.13616
54.65194+-1.13040
54.64668+-1.12616
54.64107+-1.12356
54.63528+-1.12269
54.62949+-1.12356
54.62388+-1.12616
54.61861+-1.13040
54.61385+-1.13616
54.60974+-1.14326
54.60641+-1.15148
54.60395+-1.16058
54.60245+-1.17028
54.60194+-1.18028
54.60245+-1.19028
54.60395+-1.19998
54.60641+-1.20907
54.60974+-1.21730
54.61385+-1.22440
54.61861+-1.23015
54.62388+-1.23440
54.62949+-1.23700
54.63528+-1.23787
54.64107+-1.23700
54.64668+-1.23440
54.65194+-1.23015
54.65670+-1.22440
54.66081+-1.21730
54.66415+-1.20907
54.66660+-1.19998
54.66810+-1.19028
54.66861+-1.18028
-1
;
; R501
55.04972+-3.22611
55.04922+-3.21602
55.04771+-3.20623
55.04526+-3.19704
55.04192+-3.18874
55.03782+-3.18157
55.03306+-3.17576
55.02779+-3.17148
55.02218+-3.16886
55.01639+-3.16797
55.01060+-3.16886
55.00499+-3.17148
54.99972+-3.17576
54.99496+-3.18157
54.99085+-3.18874
54.98752+-3.19704
54.98507+-3.20623
54.98356+-3.21602
54.98306+-3.22611
54.98356+-3.23621
54.98507+-3.24600
54.98752+-3.25518
54.99085+-3.26348
54.99496+-3.27065
54.99972+-3.27646
55.00499+-3.28074
55.01060+-3.28337
55.01639+-3.28425
55.02218+-3.28337
55.02779+-3.28074
55.03306+-3.27646
55.03782+-3.27065
55.04192+-3.26348
55.04526+-3.25518
55.04771+-3.24600
55.04922+-3.23621
55.04972+-3.22611
-1
;
; R504
55.86389+-3.82639
55.86338+-3.81608
55.86188+-3.80609
55.85942+-3.79671
55.85609+-3.78824
55.85198+-3.78092
55.84722+-3.77499
55.84196+-3.77062
55.83634+-3.76794
55.83056+-3.76704
55.82477+-3.76794
55.81915+-3.77062
55.81389+-3.77499
55.80913+-3.78092
55.80502+-3.78824
55.80169+-3.79671
55.79923+-3.80609
55.79773+-3.81608
55.79722+-3.82639
55.79773+-3.83669
55.79923+-3.84669
55.80169+-3.85606
55.80502+-3.86454
55.80913+-3.87185
55.81389+-3.87779
55.81915+-3.88216
55.82477+-3.88484
55.83056+-3.88574
55.83634+-3.88484
55.84196+-3.88216
55.84722+-3.87779
55.85198+-3.87185
55.85609+-3.86454
55.85942+-3.85606
55.86188+-3.84669
55.86338+-3.83669
55.86389+-3.82639
-1
;
; R515
55.75472+-4.89389
55.75422+-4.88361
55.75271+-4.87365
55.75026+-4.86430
55.74692+-4.85585
55.74282+-4.84855
55.73806+-4.84263
55.73279+-4.83827
55.72718+-4.83560
55.72139+-4.83471
55.71560+-4.83560
55.70999+-4.83827
55.70472+-4.84263
55.69996+-4.84855
55.69585+-4.85585
55.69252+-4.86430
55.69007+-4.87365
55.68856+-4.88361
55.68806+-4.89389
55.68856+-4.90417
55.69007+-4.91413
55.69252+-4.92348
55.69585+-4.93193
55.69996+-4.93923
55.70472+-4.94514
55.70999+-4.94950
55.71560+-4.95217
55.72139+-4.95307
55.72718+-4.95217
55.73279+-4.94950
55.73806+-4.94514
55.74282+-4.93923
55.74692+-4.93193
55.75026+-4.92348
55.75271+-4.91413
55.75422+-4.90417
55.75472+-4.89389
-1
;
; R516
56.00161+-2.40848
56.00110+-2.39814
55.99960+-2.38811
55.99714+-2.37870
55.99381+-2.37019
55.98970+-2.36285
55.98494+-2.35690
55.97967+-2.35251
55.97406+-2.34982
55.96827+-2.34892
55.96248+-2.34982
55.95687+-2.35251
55.95161+-2.35690
55.94685+-2.36285
55.94274+-2.37019
55.93940+-2.37870
55.93695+-2.38811
55.93545+-2.39814
55.93494+-2.40848
55.93545+-2.41882
55.93695+-2.42885
55.93940+-2.43826
55.94274+-2.44676
55.94685+-2.45410
55.95161+-2.46006
55.95687+-2.46445
55.96248+-2.46713
55.96827+-2.46804
55.97406+-2.46713
55.97967+-2.46445
55.98494+-2.46006
55.98970+-2.45410
55.99381+-2.44676
55.99714+-2.43826
55.99960+-2.42885
56.00110+-2.41882
56.00161+-2.40848
-1
;
; R603
56.03083+-3.45250
56.03071+-3.44991
56.03033+-3.44740
56.02972+-3.44504
56.02888+-3.44292
56.02786+-3.44108
56.02667+-3.43959
56.02535+-3.43849
56.02395+-3.43782
56.02250+-3.43759
56.02105+-3.43782
56.01965+-3.43849
56.01833+-3.43959
56.01714+-3.44108
56.01612+-3.44292
56.01528+-3.44504
56.01467+-3.44740
56.01429+-3.44991
56.01417+-3.45250
56.01429+-3.45509
56.01467+-3.45760
56.01528+-3.45996
56.01612+-3.46208
56.01714+-3.46392
56.01833+-3.46541
56.01965+-3.46651
56.02105+-3.46718
56.02250+-3.46741
56.02395+-3.46718
56.02535+-3.46651
56.02667+-3.46541
56.02786+-3.46392
56.02888+-3.46208
56.02972+-3.45996
56.03033+-3.45760
56.03071+-3.45509
56.03083+-3.45250
-1
;
; R610A
58.50000+-3.45000
58.42333+-3.42556
58.06250+-4.21333
58.05000+-4.50000
58.00000+-4.61667
57.78333+-4.41667
57.65000+-4.50000
57.63333+-4.75000
57.50000+-4.63333
57.30000+-4.86667
57.18333+-4.88333
57.15000+-5.00000
57.00000+-5.03333
56.90000+-5.08333
56.93333+-5.78333
57.21667+-5.58333
57.83333+-5.71667
58.00000+-5.25000
58.50000+-4.81667
58.50000+-4.50000
58.41667+-4.50000
58.50000+-4.33333
58.50000+-3.45000
-1
;
; R610B
57.83333+-5.71667
57.66778+-5.68056
57.64444+-5.96083
57.00000+-5.94556
57.00000+-6.25111
57.78750+-6.27694
57.83333+-5.71667
-1
;
; R610C
58.37167+-3.54000
58.24278+-3.32472
58.18917+-3.44833
58.31667+-3.66111
58.37167+-3.54000
-1
;
; R610D
57.81667+-4.10167
57.75000+-4.05000
57.70944+-4.18222
57.65000+-4.50000
57.78333+-4.41667
57.81667+-4.10167
-1
;
; R612
56.60528+-2.61250
56.60490+-2.60462
56.60377+-2.59698
56.60193+-2.58980
56.59943+-2.58332
56.59635+-2.57773
56.59278+-2.57319
56.58883+-2.56985
56.58462+-2.56780
56.58028+-2.56711
56.57594+-2.56780
56.57173+-2.56985
56.56778+-2.57319
56.56421+-2.57773
56.56113+-2.58332
56.55863+-2.58980
56.55679+-2.59698
56.55566+-2.60462
56.55528+-2.61250
56.55566+-2.62038
56.55679+-2.62802
56.55863+-2.63520
56.56113+-2.64168
56.56421+-2.64727
56.56778+-2.65181
56.57173+-2.65515
56.57594+-2.65720
56.58028+-2.65789
56.58462+-2.65720
56.58883+-2.65515
56.59278+-2.65181
56.59635+-2.64727
56.59943+-2.64168
56.60193+-2.63520
56.60377+-2.62802
56.60490+-2.62038
56.60528+-2.61250
-1