;
; © John Woodside
;
{Danger Areas}
;UK DA's under 2nm radius are not included.
$TYPE=11
; EGD001
50.32167+-5.51167
50.40000+-5.65000
50.53333+-5.56667
50.65833+-5.40000
50.71667+-5.20833
50.64167+-5.07500
50.32167+-5.51167
-1
;
; EGD003
50.16694+-3.79444
50.06083+-3.57500
49.68472+-3.82000
49.62194+-4.16056
50.16694+-3.79444
-1
;
; EGD004
50.06083+-3.57500
50.01750+-3.48611
49.78139+-3.28194
49.68472+-3.82000
50.06083+-3.57500
-1
;
; EGD006
50.15667+-4.90833
50.00000+-4.90833
49.85667+-5.00000
49.85667+-5.20000
50.08333+-4.99667
50.15667+-4.90833
-1
;
; EGD006A
50.21222+-4.78306
50.12389+-4.70778
50.00000+-4.90833
50.15667+-4.90833
50.21222+-4.78306
-1
;
; EGD007
50.29250+-4.72611
50.30028+-4.61194
50.20056+-4.77306
50.21222+-4.78306
50.23722+-4.74472
50.27972+-4.74639
50.29250+-4.72611
-1
;
; EGD007A
50.30028+-4.61194
50.30556+-4.53111
50.31583+-4.46056
50.26389+-4.41611
50.15611+-4.73528
50.20056+-4.77306
50.30028+-4.61194
-1
;
; EGD007B
50.26389+-4.41611
50.22833+-4.38583
50.12389+-4.70778
50.15611+-4.73528
50.26389+-4.41611
-1
;
; EGD008
50.19444+-4.49194
50.18028+-4.48214
50.14101+-4.43908
50.10712+-4.38600
50.07962+-4.32451
50.05936+-4.25647
50.04696+-4.18395
50.04278+-4.10917
50.04696+-4.03438
50.05936+-3.96187
50.07962+-3.89383
50.10712+-3.83233
50.10639+-3.83556
49.74389+-4.07944
49.79444+-4.57500
49.94833+-4.94139
50.00000+-4.90833
50.12389+-4.70778
50.19444+-4.49194
-1
;
; EGD008A
49.94833+-4.94139
49.62083+-4.16750
49.46250+-5.00000
49.85667+-5.00000
49.94833+-4.94139
-1
;
; EGD008B
49.79444+-4.57500
49.74389+-4.07944
49.62194+-4.16056
49.62083+-4.16750
49.79444+-4.57500
-1
;
; EGD009
50.22833+-4.38583
50.33083+-4.17083
50.33203+-4.17049
50.33861+-4.16568
50.34456+-4.15915
50.34970+-4.15111
50.35386+-4.14179
50.35693+-4.13148
50.35881+-4.12050
50.35944+-4.10917
50.35881+-4.09784
50.35693+-4.08685
50.35386+-4.07654
50.34970+-4.06722
50.34456+-4.05918
50.33861+-4.05265
50.33203+-4.04785
50.32501+-4.04490
50.31778+-4.04391
50.31054+-4.04490
50.30353+-4.04785
50.29694+-4.05265
50.29306+-4.05694
50.31778+-4.10917
50.22833+-4.38583
-1
;
; EGD009A
50.31778+-4.10917
50.16694+-3.79444
50.10639+-3.83556
50.07962+-3.89383
50.05936+-3.96187
50.04696+-4.03438
50.04278+-4.10917
50.04696+-4.18395
50.05936+-4.25647
50.07962+-4.32451
50.10712+-4.38600
50.14101+-4.43908
50.18028+-4.48214
50.19444+-4.49194
50.31778+-4.10917
-1
;
; EGD011
50.70722+-4.02944
50.71972+-3.98167
50.66028+-3.93694
50.57389+-3.97556
50.56722+-4.06000
50.62972+-4.09806
50.70722+-4.02944
-1
;
; EGD012
50.70556+-2.75000
50.56667+-2.75000
50.56667+-3.08333
50.50000+-3.29167
50.61389+-3.25000
50.68500+-3.09556
50.70000+-3.06000
50.69000+-3.01000
50.73000+-2.91000
50.70556+-2.75000
-1
;
; EGD013
50.56667+-2.75000
50.03333+-2.75000
50.03333+-2.96667
50.13333+-3.07500
50.41667+-3.29167
50.50000+-3.29167
50.56667+-3.08333
50.56667+-2.75000
-1
;
; EGD014
50.63833+-2.57333
50.62667+-2.54167
50.59167+-2.49667
50.56667+-2.52333
50.56667+-2.50000
50.49194+-2.50000
50.56667+-2.75000
50.56667+-2.70000
50.61667+-2.69167
50.63833+-2.57333
-1
;
; EGD015
50.72783+-2.24000
50.72776+-2.23877
50.72756+-2.23757
50.72723+-2.23645
50.72678+-2.23543
50.72623+-2.23455
50.72558+-2.23384
50.72487+-2.23332
50.72411+-2.23300
50.72333+-2.23289
50.72255+-2.23300
50.72179+-2.23332
50.72108+-2.23384
50.72044+-2.23455
50.71989+-2.23543
50.71944+-2.23645
50.71910+-2.23757
50.71890+-2.23877
50.71883+-2.24000
50.71890+-2.24123
50.71910+-2.24243
50.71944+-2.24355
50.71989+-2.24457
50.72044+-2.24545
50.72108+-2.24616
50.72179+-2.24668
50.72255+-2.24700
50.72333+-2.24711
50.72411+-2.24700
50.72487+-2.24668
50.72558+-2.24616
50.72623+-2.24545
50.72678+-2.24457
50.72723+-2.24355
50.72756+-2.24243
50.72776+-2.24123
50.72783+-2.24000
-1
;
; EGD017
50.56667+-2.75000
50.49194+-2.50000
50.03333+-2.50000
50.03333+-2.75000
50.56667+-2.75000
-1
;
; EGD021
50.58333+-2.33333
50.58333+-2.27056
50.53167+-2.27333
50.50000+-2.28333
50.50000+-2.28333
50.48833+-2.28833
50.41667+-2.25000
50.49194+-2.50000
50.50000+-2.50000
50.50000+-2.33333
50.58333+-2.33333
-1
;
; EGD023
50.49194+-2.50000
50.41667+-2.25000
50.03333+-2.25000
50.03333+-2.50000
50.49194+-2.50000
-1
;
; EGD026
50.67222+-2.13194
50.66389+-2.12556
50.63083+-2.13139
50.61222+-2.13694
50.58417+-2.07778
50.50833+-2.01194
50.44833+-2.04167
50.41667+-2.14500
50.41667+-2.25000
50.48833+-2.28833
50.50000+-2.28333
50.53167+-2.27333
50.59333+-2.27000
50.61667+-2.24639
50.63333+-2.24167
50.64028+-2.19361
50.67444+-2.19361
50.67222+-2.13194
-1
;
; EGD031
50.5+-2.0161111
50.5083333+-2.0119444
50.57+-2.0655556
50.5763889+-2.0555556
50.5+-2.0161111
-1
;
; EGD036
50.49083+-1.20222
50.00000+-1.19056
50.00000+-1.71694
50.10556+-1.70194
50.49083+-1.20222
-1
;
; EGD037
50.61667+-1.03639
50.61667+-0.66056
50.50000+-0.53694
50.50000+-1.19000
50.61667+-1.03639
-1
;
; EGD038
50.50000+-1.19000
50.50000+-0.83333
50.00000+-0.83333
50.00000+-1.19056
50.49083+-1.20222
50.50000+-1.19000
-1
;
; EGD039
50.50000+-0.83333
50.50000+-0.53694
50.49667+-0.53333
50.00000+-0.53333
50.00000+-0.83333
50.50000+-0.83333
-1
;
; EGD040
50.49667+-0.53333
50.22972+-0.25306
50.00000+-0.53194
50.00000+-0.53333
50.49667+-0.53333
-1
;
; EGD044
50.92361+0.92611
50.89111+0.93694
50.87722+0.89972
50.87694+0.83750
50.90556+0.79667
50.93167+0.83583
50.94722+0.89667
50.92361+0.92611
-1
;
;EGD064A
51.33778+-7.1875
51.27112+-6.27862
50.47723+-6.01278
50.29778+-7.08917
50.43917+-7.60084
50.63556+-7.82056
50.78473+-7.86862
50.9625+-7.86806
51.33778+-7.1875
-1
;
;EGD064B
51.27112+-6.27862
51.20195+-5.42556
51.10667+-5.41945
50.50334+-5.72639
50.47723+-6.01278
51.27112+-6.27862
-1
;
;EGD064C
51.20195+-5.42556
51.17445+-5.10584
50.91195+-4.56445
50.78667+-4.5575
50.73973+-4.65389
50.72445+-4.65584
50.50334+-5.72639
51.10667+-5.41945
51.20195+-5.42556
-1
;
; EGD110
51.10057+-4.25803
51.10166+-4.20094
51.08324+-4.20007
51.08285+-4.22076
51.08764+-4.22884
51.08709+-4.25737
51.10057+-4.25803
-1
;
; EGD113A
51.66028+-5.30834
51.66028+-5.07862
51.65167+-5.05556
51.525+-5.09167
51.48334+-5.05834
51.48334+-4.90889
51.40834+-5.03889
;
51.42014+-5.11287
51.44236+-5.18977
51.47252+-5.25928
51.50970+-5.31928
51.55278+-5.36795
51.60044+-5.40380
;
51.60278+-5.40223
51.66028+-5.30834
-1
;
; EGD113B
51.65167+-5.05556
;
51.65000+-5.03595
51.64503+-5.00618
51.63693+-4.97823
51.62593+-4.95298
51.61237+-4.93118
;
51.605+-4.92223
51.605+-4.89223
51.54167+-4.80834
51.48334+-4.90889
51.48334+-5.05834
51.525+-5.09167
51.65167+-5.05556
-1
;
; EGD115A
51.63750+-4.83667
51.63750+-4.83704
51.64329+-4.83623
51.64890+-4.83380
51.65417+-4.82985
51.65893+-4.82448
51.66303+-4.81786
51.66637+-4.81019
51.66882+-4.80170
51.67033+-4.79266
51.67083+-4.78333
51.67033+-4.77401
51.66882+-4.76496
51.66637+-4.75648
51.66303+-4.74881
51.65893+-4.74219
51.65417+-4.73682
51.64890+-4.73286
51.64329+-4.73044
51.63750+-4.72962
51.63750+-4.73000
51.63750+-4.83667
-1
;
; EGD115B
51.63750+-4.83667
51.63750+-4.73000
51.56250+-4.50528
51.54300+-4.51961
51.51601+-4.55005
51.49272+-4.58759
51.47382+-4.63107
51.45990+-4.67918
51.45137+-4.73045
51.44850+-4.78333
51.45137+-4.83621
51.45990+-4.88749
51.47382+-4.93560
51.49272+-4.97908
51.51601+-5.01661
51.53556+-5.03833
51.63750+-4.83667
-1
;
; EGD117
51.58611+-4.40000
51.60806+-4.63111
51.66611+-4.62861
51.75417+-4.55000
51.75667+-4.42139
51.74583+-4.40000
51.58611+-4.40000
-1
;
; EGD118
51.77861+-4.36222
51.77772+-4.37857
51.77509+-4.39443
51.77361+-4.40000
51.66694+-4.40000
51.66546+-4.39443
51.66283+-4.37857
51.66194+-4.36222
51.66283+-4.34587
51.66546+-4.33002
51.66976+-4.31514
51.67559+-4.30170
51.68278+-4.29009
51.69111+-4.28068
51.70033+-4.27374
51.71015+-4.26949
51.72028+-4.26806
51.73041+-4.26949
51.74023+-4.27374
51.74944+-4.28068
51.75777+-4.29009
51.76496+-4.30170
51.77080+-4.31514
51.77509+-4.33002
51.77772+-4.34587
51.77861+-4.36222
-1
;
;EGD119
51.27333+-3.23139
51.27232+-3.21291
51.26931+-3.19499
51.26440+-3.17818
51.25774+-3.16299
51.24952+-3.14987
51.24000+-3.13924
51.22947+-3.13140
51.21824+-3.12660
51.20667+-3.12498
51.19509+-3.12660
51.18387+-3.13140
51.17333+-3.13924
51.16381+-3.14987
51.15560+-3.16299
51.14893+-3.17818
51.14402+-3.19499
51.14101+-3.21291
51.14000+-3.23139
51.14101+-3.24987
51.14402+-3.26778
51.14893+-3.28459
51.15560+-3.29979
51.16381+-3.31290
51.17333+-3.32354
51.18387+-3.33138
51.19509+-3.33618
51.20667+-3.33780
51.21824+-3.33618
51.22947+-3.33138
51.24000+-3.32354
51.24952+-3.31290
51.25774+-3.29979
51.26440+-3.28459
51.26931+-3.26778
51.27232+-3.24987
51.27333+-3.23139
-1
;
; EGD121
51.39083+-2.96806
51.41556+-2.96083
51.43500+-2.90194
51.41583+-2.88639
51.39+-2.92
51.39+-2.93
51.39+-2.95
51.39083+-2.96806
-1
;
; EGD123
51.29000+-2.01861
51.22750+-1.96278
51.23000+-1.95139
51.17306+-1.89028
51.16833+-1.95056
51.18500+-2.12028
51.22472+-2.19694
51.25444+-2.16083
51.28472+-2.05333
51.29000+-2.01861
-1
;
;EGD124
51.28250+-1.97000
51.28212+-1.96306
51.28099+-1.95634
51.27915+-1.95003
51.27665+-1.94432
51.27357+-1.93940
51.27000+-1.93540
51.26605+-1.93246
51.26184+-1.93066
51.25750+-1.93005
51.25316+-1.93066
51.24895+-1.93246
51.24500+-1.93540
51.24143+-1.93940
51.23835+-1.94432
51.23585+-1.95003
51.23401+-1.95634
51.23288+-1.96306
51.23250+-1.97000
51.23288+-1.97694
51.23401+-1.98366
51.23585+-1.98997
51.23835+-1.99568
51.24143+-2.00060
51.24500+-2.00460
51.24895+-2.00754
51.25316+-2.00934
51.25750+-2.00995
51.26184+-2.00934
51.26605+-2.00754
51.27000+-2.00460
51.27357+-2.00060
51.27665+-1.99568
51.27915+-1.98997
51.28099+-1.98366
51.28212+-1.97694
51.28250+-1.97000
-1
;
; EGD125
51.30778+-1.83444
51.18306+-1.77806
51.17306+-1.89028
51.23000+-1.95139
51.22750+-1.96278
51.29000+-2.01861
51.30194+-1.94306
51.30778+-1.83444
-1
;
; EGD126
51.27250+-1.62944
51.25694+-1.60167
51.21306+-1.63306
51.20917+-1.66167
51.17889+-1.71889
51.18306+-1.77806
51.23083+-1.79972
51.23164+-1.79655
51.23540+-1.77418
51.23667+-1.75111
51.23540+-1.72804
51.23167+-1.70694
51.27250+-1.62944
-1
;
; EGD127
51.09778+-1.72083
51.10889+-1.74306
51.12500+-1.71333
51.13361+-1.71333
51.17000+-1.63056
51.13111+-1.61389
51.11750+-1.64528
51.09778+-1.72083
-1
;
; EGD128
51.31444+-1.70417
51.27250+-1.62944
51.23167+-1.70694
51.23164+-1.70567
51.23540+-1.72804
51.23667+-1.75111
51.23540+-1.77418
51.23164+-1.79655
51.23083+-1.79972
51.30778+-1.83444
51.31444+-1.70417
-1
;
; EGD129
51.91278+-1.22222
51.91227+-1.21285
51.91077+-1.20375
51.90831+-1.19522
51.90498+-1.18751
51.90087+-1.18086
51.89611+-1.17546
51.89085+-1.17148
51.88523+-1.16905
51.87944+-1.16823
51.87366+-1.16905
51.86804+-1.17148
51.86278+-1.17546
51.85802+-1.18086
51.85391+-1.18751
51.85058+-1.19522
51.84812+-1.20375
51.84662+-1.21285
51.84611+-1.22222
51.84662+-1.23160
51.84812+-1.24069
51.85058+-1.24922
51.85391+-1.25693
51.85802+-1.26359
51.86278+-1.26899
51.86804+-1.27296
51.87366+-1.27540
51.87944+-1.27622
51.88523+-1.27540
51.89085+-1.27296
51.89611+-1.26899
51.90087+-1.26359
51.90498+-1.25693
51.90831+-1.24922
51.91077+-1.24069
51.91227+-1.23160
51.91278+-1.22222
-1
;
; EGD130
51.099722+-0.870278
51.094722+-0.827222
51.079444+-0.827778
51.073889+-0.883611
51.099722+-0.870278
-1
;
; EGD132
51.295833+-0.665556
51.273056+-0.661667
51.263333+-0.676111
51.256667+-0.716667
51.268333+-0.719167
51.277222+-0.716389
51.292222+-0.687778
51.295833+-0.665556
-1
;
; EGD133
51.34444+-0.67472
51.34278+-0.66583
51.32278+-0.65194
51.30833+-0.68833
51.32083+-0.69611
51.33861+-0.69944
51.34444+-0.67472
-1
;
; EGD133A
51.32278+-0.65194
51.32083+-0.64944
51.30778+-0.66417
51.30444+-0.67444
51.30417+-0.68417
51.30833+-0.68833
51.32278+-0.65194
-1
;
; EGD136
51.538056+0.801111
51.504722+0.851111
51.508333+0.783333
51.538056+0.801111
-1
;
; EGD138
51.62056+0.92667
51.62056+1.20083
51.50000+0.88333
51.50250+0.85417
51.53806+0.80111
51.56667+0.83333
51.58333+0.83833
51.59472+0.83778
51.60000+0.88000
51.61000+0.89000
51.61667+0.91528
51.62056+0.92667
-1
;
; EGD138A
51.66667+1.06667
51.66667+1.27028
51.62056+1.20083
51.62056+0.92667
51.66667+1.06667
-1
;
; EGD138B
51.7+1.19
51.7+1.32
51.6666667+1.2702778
51.6666667+1.0666667
51.7+1.19
-1
;
; EGD139
51.83333+0.91611
51.83167+0.98111
51.80917+0.98000
51.81083+0.91444
51.83333+0.91611
-1
;
; EGD141
51.071944+1.073889
51.036667+1.091944
51.022222+1.030000
51.032778+1.019722
51.056389+1.037222
51.071944+1.073889
-1
;
; EGD147
52.00000+-2.88333
51.99949+-2.87394
51.99799+-2.86483
51.99553+-2.85628
51.99220+-2.84856
51.98809+-2.84189
51.98333+-2.83648
51.97807+-2.83249
51.97245+-2.83005
51.96667+-2.82923
51.96088+-2.83005
51.95527+-2.83249
51.95000+-2.83648
51.94524+-2.84189
51.94113+-2.84856
51.93780+-2.85628
51.93534+-2.86483
51.93384+-2.87394
51.93333+-2.88333
51.93384+-2.89273
51.93534+-2.90184
51.93780+-2.91038
51.94113+-2.91811
51.94524+-2.92478
51.95000+-2.93019
51.95527+-2.93417
51.96088+-2.93661
51.96667+-2.93744
51.97245+-2.93661
51.97807+-2.93417
51.98333+-2.93019
51.98809+-2.92478
51.99220+-2.91811
51.99553+-2.91038
51.99799+-2.90184
51.99949+-2.89273
52.00000+-2.88333
-1
;
; EGD201
53.05+-5.5
53.05+-4.88862
52.75+-4.88862
52.75+-4.67167
52.55445+-4.2
52.26667+-4.2
52.16667+-4.495
;
52.16667+-4.49472
52.15877+-4.48872
52.15035+-4.48504
52.14167+-4.48381
52.13298+-4.48504
52.12457+-4.48872
52.11667+-4.49472
52.10953+-4.50287
52.10336+-4.51291
52.09837+-4.52454
52.09468+-4.53741
52.09243+-4.55113
52.09167+-4.56528
52.09243+-4.57943
52.09468+-4.59314
52.09837+-4.60601
52.10336+-4.61765
52.10953+-4.62769
52.11667+-4.63583
52.12457+-4.64184
52.13298+-4.64551
52.14167+-4.64675
;
52.14445+-4.64639
52.15084+-5.01584
52.73806+-5.5
53.05+-5.5
-1
;
; EGD201A
52.73806+-5.50000
52.15083+-5.01583
52.14444+-4.64639
52.10333+-4.81667
52.13778+-5.30806
52.17722+-5.50000
52.73806+-5.50000
-1
;
; EGD201B
53.05+-5.500
53.25+-5.500
53.3875+-5.17139
53.38195+-5.000
53.2+-5.000
53.12084+-4.88862
53.05+-4.88862
53.05+-5.500
-1
;
; EGD201C
52.83862+-4.88862
52.75+-4.67167
52.75+-4.88862
52.83862+-4.88862
-1
;
; EGD201D
53.17639+-5.5
53.05+-5.27
53.05+-5.5
53.17639+-5.5
-1
;
; EGD202
52.1444444+-4.6463889
;arc
52.14166667+-4.64674932
52.13298426+-4.64551159
52.12456566+-4.64183599
52.11666667+-4.63583421
52.10952729+-4.6276886
52.10336444+-4.61764668
52.0983654+-4.60601355
52.09468204+-4.59314269
52.09242628+-4.57942516
52.09166667+-4.56527778
52.09242628+-4.55113039
52.09468204+-4.53741287
52.0983654+-4.524542
52.10336444+-4.51290888
52.10952729+-4.50286695
52.11666667+-4.49472135
52.12456566+-4.48871957
52.13298426+-4.48504397
52.14166667+-4.48380623
52.15034908+-4.48504397
52.15876767+-4.48871957
52.16666667+-4.49472135
;
52.1666667+-4.495
52.2138889+-4.3558333
52.0052778+-4.4219444
51.9777778+-4.6505556
52.0986111+-4.6916667
;arc
52.10025154+-4.69308662
52.11472222+-4.69514827
52.1291929+-4.69308662
;
52.1336111+-4.6911111
52.1444444+-4.6463889
-1
;
; EGD202A
52.2138889+-4.3558333
52.2666667+-4.2
52.2625+-4.1661111
52.0263889+-4.2416667
52.0052778+-4.4219444
52.2138889+-4.3558333
-1
;
; EGD202B
52.2138889+-4.3558333
52.2666667+-4.2
52.2425+-4.0011111
52.0555556+-4.0619444
52.0958333+-4.3933333
52.2138889+-4.3558333
-1
;
; EGD202C
52.2425+-4.0011111
52.1797222+-3.5005556
52.1225+-3.5041667
52.0836111+-3.5922222
52.0363889+-3.6719444
52.0083333+-3.6813889
52.0555556+-4.0619444
52.2425+-4.0011111
-1
;
;
; EGD203
52.12861+-3.49000
52.10361+-3.44583
52.08083+-3.42556
52.04778+-3.46778
52.03222+-3.49528
52.03056+-3.52750
51.98278+-3.62472
51.97083+-3.65972
51.99639+-3.68472
52.03639+-3.67194
52.08361+-3.59222
52.12861+-3.49000
-1
;
; EGD206
52.12250+-0.42250
52.12225+-0.41779
52.12149+-0.41322
52.12027+-0.40893
52.11860+-0.40506
52.11655+-0.40171
52.11417+-0.39900
52.11153+-0.39700
52.10873+-0.39578
52.10583+-0.39536
52.10294+-0.39578
52.10013+-0.39700
52.09750+-0.39900
52.09512+-0.40171
52.09307+-0.40506
52.09140+-0.40893
52.09017+-0.41322
52.08942+-0.41779
52.08917+-0.42250
52.08942+-0.42721
52.09017+-0.43178
52.09140+-0.43607
52.09307+-0.43994
52.09512+-0.44329
52.09750+-0.44600
52.10013+-0.44800
52.10294+-0.44922
52.10583+-0.44964
52.10873+-0.44922
52.11153+-0.44800
52.11417+-0.44600
52.11655+-0.44329
52.11860+-0.43994
52.12027+-0.43607
52.12149+-0.43178
52.12225+-0.42721
52.12250+-0.42250
-1
;
; EGD207
52.80833+0.20000
52.90000+0.10917
52.90297+0.11263
52.91632+0.13474
52.92715+0.16034
52.93513+0.18867
52.94002+0.21886
52.94167+0.25000
52.94002+0.28114
52.93513+0.31133
52.92715+0.33966
52.91632+0.36526
52.90297+0.38737
52.88750+0.40530
52.88333+0.40833
52.80833+0.33333
52.80833+0.20000
-1
;
; EGD208
52.55417+0.68056
52.55556+0.75000
52.54861+0.80000
52.51250+0.83333
52.44722+0.84722
52.43889+0.80833
52.46667+0.75000
52.48333+0.65000
52.51667+0.66667
52.55417+0.68056
-1
;
; EGD216
52.11472+-2.80167
52.11422+-2.79225
52.11271+-2.78312
52.11026+-2.77455
52.10692+-2.76680
52.10282+-2.76012
52.09806+-2.75469
52.09279+-2.75070
52.08718+-2.74825
52.08139+-2.74743
52.07560+-2.74825
52.06999+-2.75070
52.06472+-2.75469
52.05996+-2.76012
52.05585+-2.76680
52.05252+-2.77455
52.05007+-2.78312
52.04856+-2.79225
52.04806+-2.80167
52.04856+-2.81109
52.05007+-2.82022
52.05252+-2.82879
52.05585+-2.83653
52.05996+-2.84322
52.06472+-2.84864
52.06999+-2.85264
52.07560+-2.85508
52.08139+-2.85591
52.08718+-2.85508
52.09279+-2.85264
52.09806+-2.84864
52.10282+-2.84322
52.10692+-2.83653
52.11026+-2.82879
52.11271+-2.82022
52.11422+-2.81109
52.11472+-2.80167
-1
;
; EGD305
53.098333+-0.692778
53.095000+-0.676111
53.074167+-0.678889
53.074444+-0.701389
53.092778+-0.704722
53.098333+-0.692778
-1
;
; EGD306
53.88667+-0.10306
53.88616+-0.09324
53.88466+-0.08373
53.88220+-0.07480
53.87887+-0.06673
53.87476+-0.05977
53.87000+-0.05412
53.86473+-0.04995
53.85912+-0.04740
53.85333+-0.04654
53.84755+-0.04740
53.84193+-0.04995
53.83667+-0.05412
53.83191+-0.05977
53.82780+-0.06673
53.82447+-0.07480
53.82201+-0.08373
53.82051+-0.09324
53.82000+-0.10306
53.82051+-0.11287
53.82201+-0.12238
53.82447+-0.13131
53.82780+-0.13938
53.83191+-0.14635
53.83667+-0.15200
53.84193+-0.15616
53.84755+-0.15871
53.85333+-0.15957
53.85912+-0.15871
53.86473+-0.15616
53.87000+-0.15200
53.87476+-0.14635
53.87887+-0.13938
53.88220+-0.13131
53.88466+-0.12238
53.88616+-0.11287
53.88667+-0.10306
-1
;
; EGD307
53.39194+0.23167
53.49222+0.08417
53.50350+0.08926
53.51667+0.09958
53.52857+0.11358
53.53884+0.13083
53.54717+0.15083
53.55331+0.17295
53.55707+0.19652
53.55833+0.22083
53.55707+0.24515
53.55331+0.26872
53.54717+0.29084
53.53884+0.31083
53.52857+0.32809
53.51667+0.34209
53.50350+0.35240
53.48947+0.35872
53.47500+0.36085
53.46053+0.35872
53.44650+0.35240
53.43333+0.34209
53.42143+0.32809
53.41116+0.31083
53.40283+0.29084
53.39669+0.26872
53.39293+0.24515
53.39194+0.23167
-1
;
; EGD308
53.00000+0.16667
52.97500+0.32333
53.02611+0.35556
53.02692+0.35644
53.03815+0.36144
53.04972+0.36313
53.06130+0.36144
53.07252+0.35644
53.08306+0.34827
53.09257+0.33718
53.10079+0.32351
53.10746+0.30767
53.11237+0.29015
53.11538+0.27148
53.11639+0.25222
53.11538+0.23296
53.11237+0.21429
53.10917+0.20250
53.09194+0.14500
53.00000+0.16667
-1
;
; EGD323A Southern MDA
55.286111+0.241111
55.122222+0.918889
54.452222+-0.262500
54.554444+-0.351667
54.737222+-0.762500
54.962222+-0.915833
55.286111+0.241111
-1
;
; EGD323B Southern MDA
55.122222+0.918889
54.704167+2.560278
53.634444+0.634444
53.643611+0.506111
53.698056+0.379167
54.452222+-0.262500
55.122222+0.918889
-1
;
; EGD323C Southern MDA
54.70409+2.56025
54.66318+2.71451
54.52853+2.90954
54.29238+3.02011
53.92635+2.95393
53.46849+2.71149
53.63454+0.63434
54.70409+2.56025
-1
;
; EGD323D Southern MDA
54.737222+-0.762500
54.554444+-0.351667
54.452222+-0.262500
54.322500+-0.484722
54.737222+-0.762500
-1
;
; EGD323E  Southern MDA
54.452222+-0.262500
53.698056+0.379167
53.816389+0.100556
54.322500+-0.484722
54.452222+-0.262500
-1
;
; EGD323F  Southern MDA
54.869444+-1.137500
54.920278+-1.061944
54.962222+-0.915833
54.322500+-0.484722
54.869444+-1.137500
-1
;
; EGD401
54.22611+-5.77000
54.21556+-5.79278
54.22111+-5.84389
54.24444+-5.82778
54.25722+-5.83611
54.25694+-5.78833
54.22611+-5.77000
-1
;
; EGD402A
55.05889+-5.08583
54.93333+-4.96667
54.93333+-4.79556
54.78056+-4.64361
54.83556+-4.82750
54.85000+-4.82944
54.87139+-4.85944
54.86889+-4.90111
54.83139+-4.94806
54.76139+-4.94083
54.70417+-4.89417
54.66861+-4.84222
54.65417+-4.78139
54.63750+-4.89778
54.97000+-5.20278
55.03833+-5.15250
55.05889+-5.08583
-1
;
; EGD402B
55.058889+-5.085833
55.048333+-4.902778
54.933333+-4.795556
54.933333+-4.966667
55.058889+-5.085833
-1
;
; EGD402C
54.95795+-4.96444
54.95782+-4.96196
54.95745+-4.95955
54.95684+-4.95728
54.95602+-4.95524
54.95501+-4.95348
54.95383+-4.95204
54.95253+-4.95099
54.95115+-4.95034
54.94972+-4.95013
54.94829+-4.95034
54.94691+-4.95099
54.94561+-4.95204
54.94444+-4.95348
54.94342+-4.95524
54.94260+-4.95728
54.94199+-4.95955
54.94162+-4.96196
54.94150+-4.96444
54.94162+-4.96693
54.94199+-4.96934
54.94260+-4.97160
54.94342+-4.97365
54.94444+-4.97541
54.94561+-4.97685
54.94691+-4.97790
54.94829+-4.97855
54.94972+-4.97876
54.95115+-4.97855
54.95253+-4.97790
54.95383+-4.97685
54.95501+-4.97541
54.95602+-4.97365
54.95684+-4.97160
54.95745+-4.96934
54.95782+-4.96693
54.95795+-4.96444
-1
;
; EGD403
54.86889+-4.90111
54.87139+-4.85944
54.85000+-4.82944
54.83556+-4.82750
54.78056+-4.64361
54.71778+-4.58333
54.68056+-4.59528
54.65417+-4.78139
54.66861+-4.84222
54.70417+-4.89417
54.76139+-4.94083
54.83139+-4.94806
54.86889+-4.90111
-1
;
; EGD403A
54.86139+-4.91056
54.86083+-4.84472
54.85000+-4.82944
54.81389+-4.94611
54.83139+-4.94806
54.86139+-4.91056
-1
;
; EGD405
54.77972+-4.06361
54.79556+-4.03722
54.80778+-4.01111
54.80500+-3.95139
54.78611+-3.94167
54.63333+-3.80167
54.55056+-3.95556
54.55417+-4.22806
54.59361+-4.25389
54.77972+-4.06361
-1
;
; EGD405A
54.63333+-3.80167
54.58472+-3.75778
54.54806+-3.78444
54.55056+-3.95556
54.63333+-3.80167
-1
;
; EGD406
54.34917+-3.46306
54.34949+-3.46131
54.35000+-3.45139
54.34949+-3.44147
54.34799+-3.43184
54.34553+-3.42282
54.34220+-3.41466
54.33809+-3.40761
54.33333+-3.40190
54.32807+-3.39769
54.32245+-3.39511
54.31667+-3.39424
54.31088+-3.39511
54.30527+-3.39769
54.30000+-3.40190
54.29524+-3.40761
54.29113+-3.41466
54.28780+-3.42282
54.28534+-3.43184
54.28384+-3.44147
54.28333+-3.45139
54.28361+-3.45639
54.10944+-3.65556
54.12516+-3.69355
54.15597+-3.74638
54.19167+-3.78923
54.23116+-3.82080
54.27325+-3.84014
54.31667+-3.84665
54.36008+-3.84014
54.39917+-3.82139
54.47944+-3.64500
54.34917+-3.46306
-1
;
; EGD406B
54.320278+-3.845000
;
54.31666667+-3.84664783
54.27325462+-3.84013655
54.23116163+-3.82080055
54.19166667+-3.78922735
;
54.180278+-3.775000
54.134444+-3.893333
;
54.15+-3.91295129
54.20265995+-3.95504889
54.25878394+-3.98083022
54.31666667+-3.98951192
;
54.321111+-3.987222
54.320278+-3.845000
-1
;
; EGD406C
54.321111+-3.987222
;
54.31666667+-3.98951192
54.25878394+-3.98083022
54.20265995+-3.95504889
54.15+-3.91295129
;
54.134444+-3.893333
54.174167+-4.145556
;
54.2006413+-4.160399
;
54.236944+-4.173611
54.321111+-3.987222
-1
;
; EGD407
54.63667+-2.34639
54.64889+-2.24583
54.63139+-2.23389
54.57556+-2.26250
54.53222+-2.34528
54.53389+-2.36917
54.56194+-2.42667
54.59056+-2.40528
54.63667+-2.34639
-1
;
; EGD408
54.47389+-1.86639
54.46389+-1.82250
54.44889+-1.78167
54.42028+-1.80528
54.41306+-1.83444
54.41806+-1.86639
54.45556+-1.89722
54.47389+-1.86639
-1
;
; EGD412 
54.966667+-0.383333
55.416667+1.000000
55.066667+1.350000
54.333333+0.316667
54.966667+-0.383333
-1
;
; EGD505
55.18806+-6.97417
55.21861+-6.90639
55.21472+-6.85917
55.18528+-6.83000
55.16944+-6.86611
55.16889+-6.94250
55.18806+-6.97417
-1
;
; EGD509
55.208333+-5.650000
55.208333+-5.110000
55.118333+-5.116667
54.991667+-5.261667
54.930000+-5.466667
55.108333+-5.716667
55.208333+-5.650000
-1
;
; EGD510
55.25000+-2.90000
55.25000+-2.66417
55.08139+-2.29528
55.07139+-2.28806
55.03500+-2.27778
55.00000+-2.46444
55.00000+-2.70972
55.15000+-3.00000
55.25000+-2.90000
-1
;
; EGD510A
55.250000+-2.882222
55.020000+-2.748056
55.150000+-3.000000
55.250000+-2.900000
55.250000+-2.882222
-1
;
; EGD512
55.40722+-2.23194
55.28861+-2.06000
55.23833+-2.04417
55.25694+-2.23111
55.31583+-2.38750
55.37000+-2.33583
55.40722+-2.23194
-1
;
; EGD512A
55.238333+-2.044167
55.181667+-2.219722
55.270833+-2.431111
55.315833+-2.387500
55.256944+-2.231111
55.238333+-2.044167
-1
;
; EGD513
55.833333+-1.300000
55.833333+0.083333
55.333333+0.283333
55.033333+-0.666667
55.033333+-1.000000
55.833333+-1.300000
-1
;
; EGD513A
55.033333+-1.000000
55.333333+-1.111111
55.333333+-0.383333
55.033333+-0.666667
55.033333+-1.000000
-1
;
; EGD513B
55.733333+-1.261944
55.733333+0.123889
55.333333+0.283333
55.033333+-0.666667
55.333333+-0.383333
55.333333+-1.111111
55.733333+-1.261944
-1
;
;EGD601
56.13472+-4.77667
56.08472+-4.78222
56.07778+-4.79444
56.09639+-4.82000
56.11833+-4.82000
56.13472+-4.77667
-1
;
; EGD602
56.366667+-3.991667
56.341667+-3.933333
56.300000+-3.933333
56.266667+-4.066667
56.333333+-4.066667
56.366667+-3.991667
-1
;
; EGD604
56.48028+-2.81361
56.49917+-2.66944
56.45972+-2.66194
56.46056+-2.80806
56.48028+-2.81361
-1
;
; EGD609
56.58333+-1.50000
56.58333+-0.95833
56.43528+-0.60000
56.11667+-0.60000
56.03333+-1.50000
56.58333+-1.50000
-1
;
; EGD613A Central MDA
57.739167+0.441944
57.327778+0.814167
56.790278+-1.599722
57.246389+-1.771667
57.739167+0.441944
-1
;
; EGD613B Central MDA
57.327778+0.814167
56.882222+1.206944
56.297222+-1.418611
56.790278+-1.599722
57.327778+0.814167
-1
;
; EGD613C Central MDA
56.882222+1.206944
56.062222+1.903056
56.085833+-0.485278
56.297222+-1.418611
56.882222+1.206944
-1
;
; EGD701
57.56306+-7.80083
57.38139+-7.42528
57.39000+-7.37583
57.36306+-7.35444
57.18222+-7.38139
57.17611+-7.52528
57.03333+-7.57250
57.03688+-7.59705
57.06020+-7.68974
57.09186+-7.77352
57.13090+-7.84583
57.17611+-7.90449
57.22614+-7.94771
57.27946+-7.97418
57.33444+-7.98310
57.38943+-7.97418
57.44275+-7.94771
57.49278+-7.90449
57.53799+-7.84583
57.56306+-7.80083
-1
;
; EGD701A
57.363056+-7.354444
57.182222+-7.381389
57.176111+-7.525278
56.953611+-7.598889
57.400000+-10.000000
58.500000+-10.000000
58.500000+-9.716667
58.077500+-8.898056
57.381389+-7.425278
57.390000+-7.375833
57.363056+-7.354444
-1
;
; EGD701B
57.500000+-10.000000
57.966667+-11.666667
58.500000+-11.333333
58.500000+-10.000000
57.500000+-10.000000
-1
;
; EGD701C
58.077500+-8.898056
57.865000+-7.758889
57.390000+-7.375833
57.381389+-7.425278
58.077500+-8.898056
-1
;
; EGD701D
57.250000+-9.158611
57.250000+-11.666667
57.966667+-11.666667
57.500000+-10.000000
57.400000+-10.000000
57.250000+-9.158611
-1
;
; EGD701E
57.624167+-7.303056
57.528611+-7.181944
57.440278+-7.415833
57.551389+-7.504722
57.624167+-7.303056
-1
;
; EGD702
57.60472+-4.01306
57.58028+-4.02444
57.57778+-4.04917
57.58222+-4.07722
57.59278+-4.06056
57.60472+-4.01306
-1
;
; EGD703
57.87333+-3.50833
57.87333+-3.50000
58.05000+-3.50000
58.11667+-3.61667
58.05667+-3.74500
57.86000+-4.13833
57.75000+-4.05000
57.75000+-3.91667
57.84833+-3.77500
57.87333+-3.50833
-1
;
; EGD712A Northern MDA
58.867222+-5.449722
58.219444+-5.395556
58.322222+-5.878611
58.742222+-5.919444
58.867222+-5.449722
-1
;
; EGD712B Northern MDA
59.245556+-3.966944
59.121111+-3.552222
58.070000+-4.713056
58.219444+-5.395556
58.867222+-5.449722
59.245556+-3.966944
-1
;
; EGD712C Northern MDA
59.121111+-3.552222
58.781667+-2.455556
57.807500+-3.563889
58.070000+-4.713056
59.121111+-3.552222
-1
;
; EGD712D Northern MDA
58.781667+-2.455556
58.606111+-1.907500
57.666667+-2.106667
57.666667+-2.972500
57.807500+-3.563889
58.781667+-2.455556
-1
;
; EGD801
59.000000+-4.500000
58.750000+-4.500000
58.750000+-5.000000
59.000000+-5.000000
59.000000+-4.500000
-1
;
; EGD807
58.13333+-2.83333
58.13080+-2.77877
58.12328+-2.72586
58.11100+-2.67622
58.09434+-2.63136
58.07380+-2.59263
58.05000+-2.56121
58.02367+-2.53806
57.99561+-2.52389
57.96667+-2.51911
57.93773+-2.52389
57.90966+-2.53806
57.88333+-2.56121
57.85954+-2.59263
57.83899+-2.63136
57.82233+-2.67622
57.81005+-2.72586
57.80253+-2.77877
57.80000+-2.83333
57.80253+-2.88790
57.81005+-2.94080
57.82233+-2.99044
57.83899+-3.03531
57.85954+-3.07404
57.88333+-3.10546
57.90966+-3.12860
57.93773+-3.14278
57.96667+-3.14755
57.99561+-3.14278
58.02367+-3.12860
58.05000+-3.10546
58.07380+-3.07404
58.09434+-3.03531
58.11100+-2.99044
58.12328+-2.94080
58.13080+-2.88790
58.13333+-2.83333
-1
;
; EGD809N
59.383333+-1.858333
59.383333+-1.700000
59.083333+-1.700000
58.833333+-1.757222
58.833333+-2.553889
58.966667+-2.511111
59.383333+-1.858333
-1
;
; EGD809C
58.833333+-2.553889
58.833333+-1.757222
58.433333+-1.846944
58.433333+-2.680000
58.833333+-2.553889
-1
;
; EGD809S
58.433333+-2.680000
58.433333+-1.846944
57.833333+-1.977778
57.833333+-2.404167
58.275000+-2.729167
58.433333+-2.680000
-1