;
; © John Woodside
;
{EGMD-03/21}
$TYPE=5
50.86636+0.84757
50.88038+0.86187
50.89441+0.87617
50.90843+0.89047
50.92245+0.90477
50.93647+0.91907
50.95049+0.93337
-1
50.86869+0.84209
50.86636+0.84757
-1
50.88521+0.85116
50.88038+0.86187
-1
50.89676+0.87073
50.89441+0.87617
-1
50.91082+0.88508
50.90843+0.89047
-1
50.9249+0.89947
50.92245+0.90477
-1
50.93908+0.9141
50.93647+0.91907
-1
;
51.04573+1.03052
51.03171+1.01621
51.01769+1.0019
51.00367+0.9876
50.98965+0.97329
50.97563+0.95898
50.9616+0.94467
-1
51.04791+1.02488
51.04573+1.03052
-1
51.03584+1.00478
51.03171+1.01621
-1
51.01983+0.99624
51.01769+1.0019
-1
51.00577+0.9819
51.00367+0.9876
-1
50.99166+0.96755
50.98965+0.97329
-1
50.97739+0.95316
50.97563+0.95898
-1
