;
; © John Woodside
;
{EGPO-18/36}
$TYPE=5
58.39017+-6.36433
58.37359+-6.36117
58.357+-6.35801
58.34042+-6.35485
58.32384+-6.35169
58.30725+-6.34853
58.29067+-6.34537
58.27409+-6.34221
58.2575+-6.33905
58.24092+-6.33589
58.22433+-6.33273
-1
58.39079+-6.34857
58.39017+-6.36433
-1
58.37394+-6.35329
58.37359+-6.36117
-1
58.35735+-6.35013
58.357+-6.35801
-1
58.34076+-6.34697
58.34042+-6.35485
-1
58.32416+-6.34381
58.32384+-6.35169
-1
58.30767+-6.33279
58.30725+-6.34853
-1
58.29095+-6.33749
58.29067+-6.34537
-1
58.27433+-6.33434
58.27409+-6.34221
-1
58.25766+-6.33119
58.2575+-6.33905
-1
58.24083+-6.32816
58.24092+-6.33589
-1
;
58.03933+-6.31415
58.05598+-6.31565
58.07262+-6.31716
58.08927+-6.31867
58.10592+-6.32017
58.12257+-6.32168
58.13921+-6.32319
58.15586+-6.32469
58.17251+-6.3262
58.18916+-6.32771
58.2058+-6.32921
-1
58.03993+-6.29839
58.03933+-6.31415
-1
58.05623+-6.30776
58.05598+-6.31565
-1
58.07289+-6.30927
58.07262+-6.31716
-1
58.08954+-6.31078
58.08927+-6.31867
-1
58.1062+-6.31229
58.10592+-6.32017
-1
58.12337+-6.306
58.12257+-6.32168
-1
58.13954+-6.31532
58.13921+-6.32319
-1
58.15623+-6.31684
58.15586+-6.32469
-1
58.17296+-6.31839
58.17251+-6.3262
-1
58.18985+-6.32009
58.18916+-6.32771
-1
{EGPO-07/25}
$TYPE=5
58.16171+-6.50109
58.17007+-6.47373
58.17844+-6.44636
58.18681+-6.419
58.19517+-6.39163
58.20354+-6.36427
58.2119+-6.3369
-1
58.16535+-6.50491
58.16171+-6.50109
-1
58.17745+-6.48095
58.17007+-6.47373
-1
58.1821+-6.45011
58.17844+-6.44636
-1
58.19048+-6.42267
58.18681+-6.419
-1
58.19888+-6.39515
58.19517+-6.39163
-1
58.20728+-6.3673
58.20354+-6.36427
-1
;
58.26659+-6.15797
58.25822+-6.18534
58.24986+-6.21271
58.2415+-6.24008
58.23313+-6.26745
58.22477+-6.29482
58.2164+-6.32219
-1
58.27014+-6.16208
58.26659+-6.15797
-1
58.26519+-6.19392
58.25822+-6.18534
-1
58.25339+-6.21689
58.24986+-6.21271
-1
58.245+-6.24432
58.2415+-6.24008
-1
58.23658+-6.27182
58.23313+-6.26745
-1
58.22802+-6.29949
58.22477+-6.29482
-1