;
; © John Woodside
;
{EGTE-26}
$TYPE=5
50.77639+-3.14433
50.7724+-3.1699
50.76841+-3.19546
50.76441+-3.22103
50.76042+-3.2466
50.75643+-3.27217
50.75244+-3.29773
50.74844+-3.3233
50.74445+-3.34887
50.74046+-3.37444
50.73646+-3.4
-1
50.78442+-3.1478
50.77639+-3.14433
-1
50.77643+-3.17156
50.7724+-3.1699
-1
50.77243+-3.19714
50.76841+-3.19546
-1
50.76844+-3.22272
50.76441+-3.22103
-1
50.76444+-3.24831
50.76042+-3.2466
-1
50.76438+-3.27594
50.75643+-3.27217
-1
50.75644+-3.29951
50.75244+-3.29773
-1
50.75243+-3.32514
50.74844+-3.3233
-1
50.7484+-3.35083
50.74445+-3.34887
-1
50.74426+-3.37673
50.74046+-3.37444
-1
{EGTE-08}
$TYPE=5
50.69207+-3.68363
50.69607+-3.65807
50.70007+-3.63251
50.70407+-3.60695
50.70807+-3.58139
50.71207+-3.55582
50.71607+-3.53026
50.72007+-3.5047
50.72407+-3.47914
50.72807+-3.45358
50.73207+-3.42801
-1
50.70019+-3.68647
50.69207+-3.68363
-1
50.70012+-3.65956
50.69607+-3.65807
-1
50.70413+-3.63399
50.70007+-3.63251
-1
50.70813+-3.60841
50.70407+-3.60695
-1
50.71213+-3.58283
50.70807+-3.58139
-1
50.72022+-3.55833
50.71207+-3.55582
-1
50.72014+-3.53164
50.71607+-3.53026
-1
50.72414+-3.50601
50.72007+-3.5047
-1
50.72815+-3.48031
50.72407+-3.47914
-1
50.73212+-3.45435
50.72807+-3.45358
-1
