;
; © John Woodside
;
{EGCD-06}
$TYPE=5
53.29459+-2.31714
53.3012+-2.29152
53.30782+-2.2659
53.31444+-2.24029
53.32105+-2.21467
53.32767+-2.18905
53.33428+-2.16343
-1
53.29844+-2.31977
53.29459+-2.31714
-1
53.30898+-2.2964
53.3012+-2.29152
-1
53.31169+-2.26847
53.30782+-2.2659
-1
53.31832+-2.24278
53.31444+-2.24029
-1
53.32495+-2.21702
53.32105+-2.21467
-1
53.33158+-2.19097
53.32767+-2.18905
-1
{EGCD-24}
$TYPE=5
53.40632+-1.88454
53.3997+-1.91016
53.39309+-1.93578
53.38647+-1.9614
53.37985+-1.98702
53.37324+-2.01264
53.36662+-2.03826
53.36+-2.06388
53.35339+-2.0895
53.34677+-2.11512
53.34015+-2.14074
-1
53.41388+-1.89039
53.40632+-1.88454
-1
53.4035+-1.91302
53.3997+-1.91016
-1
53.39688+-1.93865
53.39309+-1.93578
-1
53.39026+-1.96428
53.38647+-1.9614
-1
53.38364+-1.98992
53.37985+-1.98702
-1
53.38068+-2.01879
53.37324+-2.01264
-1
53.37039+-2.04123
53.36662+-2.03826
-1
53.36375+-2.06691
53.36+-2.06388
-1
53.35708+-2.09265
53.35339+-2.0895
-1
53.35028+-2.11858
53.34677+-2.11512
-1
