;
; © John Woodside
;
{EGPA-27}
$TYPE=5
58.9658+-2.56565
58.96505+-2.59794
58.9643+-2.63023
58.96355+-2.66252
58.9628+-2.69481
58.96205+-2.72709
58.9613+-2.75938
58.96055+-2.79167
58.9598+-2.82396
58.95905+-2.85625
58.95829+-2.88853
-1
58.9741+-2.56678
58.9658+-2.56565
-1
58.96921+-2.59842
58.96505+-2.59794
-1
58.96845+-2.63072
58.9643+-2.63023
-1
58.9677+-2.66303
58.96355+-2.66252
-1
58.96695+-2.69534
58.9628+-2.69481
-1
58.97031+-2.72862
58.96205+-2.72709
-1
58.96544+-2.76
58.9613+-2.75938
-1
58.96469+-2.79237
58.96055+-2.79167
-1
58.96391+-2.82482
58.9598+-2.82396
-1
58.96306+-2.85756
58.95905+-2.85625
-1
{EGPA-09}
$TYPE=5
58.95023+-3.23301
58.95099+-3.20072
58.95175+-3.16843
58.9525+-3.13615
58.95326+-3.10386
58.95401+-3.07157
58.95477+-3.03928
58.95553+-3.007
58.95628+-2.97471
58.95704+-2.94242
58.95779+-2.91013
-1
58.95856+-3.23334
58.95023+-3.23301
-1
58.95515+-3.20097
58.95099+-3.20072
-1
58.95591+-3.16867
58.95175+-3.16843
-1
58.95667+-3.13637
58.9525+-3.13615
-1
58.95742+-3.10406
58.95326+-3.10386
-1
58.96232+-3.0715
58.95401+-3.07157
-1
58.95893+-3.0394
58.95477+-3.03928
-1
58.95968+-3.00703
58.95553+-3.007
-1
58.96042+-2.97457
58.95628+-2.97471
-1
58.9611+-2.94181
58.95704+-2.94242
-1
{EGPA-15/33}
$TYPE=5
59.03756+-3.03287
59.02472+-3.01226
59.01188+-2.99166
58.99904+-2.97105
58.9862+-2.95044
58.97336+-2.92983
58.96051+-2.90922
-1
59.04014+-3.02654
59.03756+-3.03287
-1
59.02968+-2.99936
59.02472+-3.01226
-1
59.01443+-2.98528
59.01188+-2.99166
-1
59.00155+-2.96463
58.99904+-2.97105
-1
58.98863+-2.94394
58.9862+-2.95044
-1
58.97555+-2.92318
58.97336+-2.92983
-1
;
58.87961+-2.77941
58.89245+-2.80002
58.90529+-2.82062
58.91813+-2.84123
58.93097+-2.86183
58.94381+-2.88244
58.95665+-2.90304
-1
58.88234+-2.7733
58.87961+-2.77941
-1
58.89806+-2.78814
58.89245+-2.80002
-1
58.90805+-2.81457
58.90529+-2.82062
-1
58.92092+-2.83524
58.91813+-2.84123
-1
58.93381+-2.85598
58.93097+-2.86183
-1
58.94678+-2.87702
58.94381+-2.88244
-1
