;
; © John Woodside
;
{EGPD-34}
$TYPE=5
57.03958+-2.07782
57.05505+-2.08926
57.07052+-2.10069
57.08599+-2.11213
57.10147+-2.12356
57.11694+-2.13499
57.13241+-2.14643
57.14788+-2.15786
57.16336+-2.16930
57.17883+-2.18073
57.19430+-2.19216
-1
57.04286+-2.06370
57.03958+-2.07782
-1
57.05665+-2.08216
57.05505+-2.08926
-1
57.07213+-2.09360
57.07052+-2.10069
-1
57.08761+-2.10504
57.08599+-2.11213
-1
57.10310+-2.11649
57.10147+-2.12356
-1
57.12041+-2.12107
57.11694+-2.13499
-1
57.13408+-2.13939
57.13241+-2.14643
-1
57.14959+-2.15087
57.14788+-2.15786
-1
57.16513+-2.16239
57.16336+-2.16930
-1
57.18079+-2.17414
57.17883+-2.18073
-1
{EGPD-16}
$TYPE=5
57.36427+-2.31785
57.34879+-2.30641
57.33332+-2.29496
57.31785+-2.28352
57.30238+-2.27208
57.28691+-2.26063
57.27144+-2.24919
57.25596+-2.23775
57.24049+-2.22630
57.22502+-2.21486
57.20955+-2.20341
-1
57.36717+-2.30344
57.36427+-2.31785
-1
57.35029+-2.29923
57.34879+-2.30641
-1
57.33481+-2.28778
57.33332+-2.29496
-1
57.31933+-2.27633
57.31785+-2.28352
-1
57.30385+-2.26488
57.30238+-2.27208
-1
57.28961+-2.24614
57.28691+-2.26063
-1
57.27286+-2.24197
57.27144+-2.24919
-1
57.25735+-2.23051
57.25596+-2.23775
-1
57.24179+-2.21904
57.24049+-2.22630
-1
57.22606+-2.20759
57.22502+-2.21486
-1
{EGPD-36}
$TYPE=5
57.10462+-2.19852
57.12128+-2.19906
57.13795+-2.1996
57.15461+-2.20013
57.17128+-2.20067
57.18794+-2.20121
57.2046+-2.20174
-1
57.10478+-2.19084
57.10462+-2.19852
-1
57.12184+-2.18377
57.12128+-2.19906
-1
57.13815+-2.19192
57.13795+-2.1996
-1
57.15486+-2.19247
57.15461+-2.20013
-1
57.17161+-2.19305
57.17128+-2.20067
-1
57.18851+-2.19376
57.18794+-2.20121
-1
{EGPD-05}
$TYPE=5
57.13408+-2.33555
57.14566+-2.31341
57.15723+-2.29128
57.16881+-2.26915
57.18039+-2.24701
57.19197+-2.22488
57.20354+-2.20274
-1
57.13713+-2.34077
57.13408+-2.33555
-1
57.15191+-2.3235
57.14566+-2.31341
-1
57.16032+-2.29644
57.15723+-2.29128
-1
57.17192+-2.27424
57.16881+-2.26915
-1
57.18354+-2.25197
57.18039+-2.24701
-1
57.19522+-2.2294
57.19197+-2.22488
-1
{EGPD-23}
$TYPE=5
57.27649+-2.0632
57.26491+-2.08533
57.25334+-2.10747
57.24176+-2.12961
57.23018+-2.15174
57.2186+-2.17388
57.20702+-2.19601
-1
57.27943+-2.06865
57.27649+-2.0632
-1
57.27059+-2.09652
57.26491+-2.08533
-1
57.25624+-2.11298
57.25334+-2.10747
-1
57.24462+-2.13516
57.24176+-2.12961
-1
57.23298+-2.15739
57.23018+-2.15174
-1
57.22116+-2.17972
57.2186+-2.17388
-1
{EGPD-14}
$TYPE=5
57.27916+-2.32289
57.26658+-2.3027
57.254+-2.28251
57.24142+-2.26233
57.22884+-2.24214
57.21626+-2.22195
57.20368+-2.20176
-1
57.28182+-2.31698
57.27916+-2.32289
-1
57.27171+-2.29064
57.26658+-2.3027
-1
57.25663+-2.27656
57.254+-2.28251
-1
57.24401+-2.25633
57.24142+-2.26233
-1
57.23136+-2.23607
57.22884+-2.24214
-1
57.21854+-2.21572
57.21626+-2.22195
-1
{EGPD-32}
$TYPE=5
57.12377+-2.07356
57.13635+-2.09374
57.14893+-2.11393
57.16151+-2.13411
57.17409+-2.1543
57.18667+-2.17448
57.19924+-2.19466
-1
57.12657+-2.06786
57.12377+-2.07356
-1
57.1421+-2.08269
57.13635+-2.09374
-1
57.15176+-2.10829
57.14893+-2.11393
-1
57.16436+-2.12854
57.16151+-2.13411
-1
57.17699+-2.14885
57.17409+-2.1543
-1
57.18969+-2.16945
57.18667+-2.17448
-1
