;
; © John Woodside
;
{EGNH-28}
$TYPE=5
53.75734+-2.73338
53.7587+-2.76148
53.76005+-2.78959
53.76141+-2.8177
53.76276+-2.8458
53.76411+-2.87391
53.76547+-2.90202
53.76682+-2.93012
53.76818+-2.95823
53.76953+-2.98634
53.77088+-3.01444
-1
53.76566+-2.73258
53.75734+-2.73338
-1
53.76285+-2.76101
53.7587+-2.76148
-1
53.76421+-2.78913
53.76005+-2.78959
-1
53.76556+-2.81725
53.76141+-2.8177
-1
53.76692+-2.84538
53.76276+-2.8458
-1
53.77241+-2.87347
53.76411+-2.87391
-1
53.76962+-2.90167
53.76547+-2.90202
-1
53.77098+-2.92985
53.76682+-2.93012
-1
53.77232+-2.9581
53.76818+-2.95823
-1
53.7736+-2.98662
53.76953+-2.98634
-1
{EGNH-10}
$TYPE=5
53.78573+-3.32378
53.78438+-3.29567
53.78303+-3.26756
53.78168+-3.23945
53.78033+-3.21135
53.77899+-3.18324
53.77764+-3.15513
53.77629+-3.12702
53.77494+-3.09891
53.77359+-3.0708
53.77224+-3.04269
-1
53.79401+-3.32229
53.78573+-3.32378
-1
53.78853+-3.295
53.78438+-3.29567
-1
53.78718+-3.26688
53.78303+-3.26756
-1
53.78583+-3.23876
53.78168+-3.23945
-1
53.78448+-3.21063
53.78033+-3.21135
-1
53.78722+-3.18141
53.77899+-3.18324
-1
53.78177+-3.15434
53.77764+-3.15513
-1
53.78041+-3.12616
53.77629+-3.12702
-1
53.77904+-3.09791
53.77494+-3.09891
-1
53.77758+-3.06941
53.77359+-3.0708
-1
{EGNH-07/25}
$TYPE=5
53.73479+-3.1975
53.74107+-3.17139
53.74736+-3.14527
53.75365+-3.11915
53.75993+-3.09303
53.76622+-3.06691
53.7725+-3.04079
-1
53.73867+-3.20002
53.73479+-3.1975
-1
53.74891+-3.17603
53.74107+-3.17139
-1
53.75126+-3.14772
53.74736+-3.14527
-1
53.75756+-3.12153
53.75365+-3.11915
-1
53.76386+-3.09527
53.75993+-3.09303
-1
53.77015+-3.06871
53.76622+-3.06691
-1
;
53.81229+-2.87547
53.806+-2.90159
53.79972+-2.92771
53.79344+-2.95383
53.78715+-2.97995
53.78087+-3.00607
53.77458+-3.03219
-1
53.81611+-2.87826
53.81229+-2.87547
-1
53.81353+-2.90753
53.806+-2.90159
-1
53.80352+-2.93057
53.79972+-2.92771
-1
53.79722+-2.95675
53.79344+-2.95383
-1
53.79089+-2.98299
53.78715+-2.97995
-1
53.78443+-3.00943
53.78087+-3.00607
-1
{EGNH-13/31}
$TYPE=5
53.83434+-3.17656
53.82424+-3.15413
53.81413+-3.1317
53.80403+-3.10927
53.79393+-3.08684
53.78383+-3.06441
53.77372+-3.04197
-1
53.8376+-3.17217
53.83434+-3.17656
-1
53.83058+-3.14507
53.82424+-3.15413
-1
53.81736+-3.12726
53.81413+-3.1317
-1
53.80723+-3.10478
53.80403+-3.10927
-1
53.79706+-3.08225
53.79393+-3.08684
-1
53.78674+-3.05959
53.78383+-3.06441
-1
;
53.70805+-2.89624
53.71815+-2.91867
53.72826+-2.94109
53.73836+-2.96352
53.74847+-2.98594
53.75857+-3.00837
53.76867+-3.03079
-1
53.71141+-2.89209
53.70805+-2.89624
-1
53.725+-2.91072
53.71815+-2.91867
-1
53.73164+-2.937
53.72826+-2.94109
-1
53.74177+-2.95949
53.73836+-2.96352
-1
53.75191+-2.98205
53.74847+-2.98594
-1
53.76209+-3.00489
53.75857+-3.00837
-1