;
; © John Woodside
;
{EGKB-03}
$TYPE=5
51.23556+-0.04103
51.25058+-0.02947
51.26559+-0.0179
51.28061+-0.00633
51.29563+0.00524
51.31065+0.01681
51.32566+0.02837
-1
51.23744+-0.04698
51.23556+-0.04103
-1
51.25454+-0.04114
51.25058+-0.02947
-1
51.26751+-0.02381
51.26559+-0.0179
-1
51.28257+-0.0122
51.28061+-0.00633
-1
51.29765+-0.00055
51.29563+0.00524
-1
51.31285+0.01133
51.31065+0.01681
-1
{EGKB-11/29}
$TYPE=5
51.35005+-0.12642
51.34563+-0.10071
51.34121+-0.07499
51.33679+-0.04928
51.33237+-0.02356
51.32795+0.00216
51.32352+0.02787
-1
51.35404+-0.12452
51.35005+-0.12642
-1
51.35351+-0.09655
51.34563+-0.10071
-1
51.34518+-0.07303
51.34121+-0.07499
-1
51.34074+-0.04725
51.33679+-0.04928
-1
51.33628+-0.02141
51.33237+-0.02356
-1
51.33171+0.00464
51.32795+0.00216
-1
;
51.29512+0.19307
51.29954+0.16735
51.30396+0.14164
51.30838+0.11593
51.3128+0.09021
51.31722+0.0645
51.32164+0.03878
-1
51.29916+0.1947
51.29512+0.19307
-1
51.30765+0.17024
51.29954+0.16735
-1
51.30801+0.1432
51.30396+0.14164
-1
51.31243+0.11742
51.30838+0.11593
-1
51.31686+0.09157
51.3128+0.09021
-1
51.32125+0.06545
51.31722+0.0645
-1
{EGKB-21}
$TYPE=5
51.48844+0.15374
51.47342+0.14217
51.45840+0.13061
51.44338+0.11904
51.42836+0.10747
51.41335+0.09590
51.39833+0.08433
51.38331+0.07276
51.36829+0.06119
51.35327+0.04962
51.33826+0.03805
-1
51.49186+0.14159
51.48844+0.15374
-1
51.47517+0.13613
51.47342+0.14217
-1
51.46015+0.12455
51.45840+0.13061
-1
51.44512+0.11298
51.44338+0.11904
-1
51.43009+0.10140
51.42836+0.10747
-1
51.41657+0.08365
51.41335+0.09590
-1
51.40001+0.07824
51.39833+0.08433
-1
51.38495+0.06665
51.38331+0.07276
-1
51.36985+0.05505
51.36829+0.06119
-1
51.35458+0.04344
51.35327+0.04962
-1
