;
; © John Woodside
;
{EGNX-27}
$TYPE=5
52.83643+-1.03287
52.83592+-1.06044
52.83541+-1.08802
52.83491+-1.11559
52.8344+-1.14316
52.8339+-1.17074
52.83339+-1.19831
52.83288+-1.22588
52.83238+-1.25346
52.83187+-1.28103
52.83136+-1.3086
-1
52.84474+-1.03363
52.83643+-1.03287
-1
52.84008+-1.06075
52.83592+-1.06044
-1
52.83957+-1.08833
52.83541+-1.08802
-1
52.83907+-1.11592
52.83491+-1.11559
-1
52.83856+-1.14352
52.8344+-1.14316
-1
52.84217+-1.17184
52.8339+-1.17074
-1
52.83754+-1.19873
52.83339+-1.19831
-1
52.83703+-1.22638
52.83288+-1.22588
-1
52.8365+-1.25409
52.83238+-1.25346
-1
52.8359+-1.28206
52.83187+-1.28103
-1
{EGNX-09}
$TYPE=5
52.8256+-1.62265
52.82611+-1.59507
52.82662+-1.5675
52.82712+-1.53993
52.82763+-1.51235
52.82813+-1.48478
52.82864+-1.45721
52.82915+-1.42963
52.82965+-1.40206
52.83016+-1.37449
52.83066+-1.34691
-1
52.83393+-1.62272
52.8256+-1.62265
-1
52.83028+-1.59519
52.82611+-1.59507
-1
52.83078+-1.5676
52.82662+-1.5675
-1
52.83129+-1.54001
52.82712+-1.53993
-1
52.83179+-1.51242
52.82763+-1.51235
-1
52.83644+-1.48451
52.82813+-1.48478
-1
52.8328+-1.4572
52.82864+-1.45721
-1
52.8333+-1.42956
52.82915+-1.42963
-1
52.83379+-1.40184
52.82965+-1.40206
-1
52.83421+-1.37387
52.83016+-1.37449
-1
