;
; © John Woodside
;
{EGSU-06/24}
$TYPE=5
52.03382+-0.01509
52.04267+0.0079
52.05153+0.03088
52.06039+0.05385
52.06924+0.07683
52.0781+0.09981
52.08695+0.12278
-1
52.03739+-0.01857
52.03382+-0.01509
-1
52.04992+0.0013
52.04267+0.0079
-1
52.05512+0.02746
52.05153+0.03088
-1
52.06399+0.0505
52.06039+0.05385
-1
52.07288+0.07361
52.06924+0.07683
-1
52.08179+0.097
52.0781+0.09981
-1
;
52.14648+0.27734
52.13763+0.25436
52.12877+0.23138
52.11991+0.2084
52.11106+0.18542
52.1022+0.16244
52.09334+0.13945
-1
52.14997+0.27362
52.14648+0.27734
-1
52.14443+0.24662
52.13763+0.25436
-1
52.13223+0.2276
52.12877+0.23138
-1
52.12334+0.20457
52.11991+0.2084
-1
52.11442+0.18149
52.11106+0.18542
-1
52.10536+0.15825
52.1022+0.16244
-1
