;
; © John Woodside
;
{EGJB-09}
$TYPE=5
49.4305+-2.86826
49.43092+-2.84264
49.43133+-2.81702
49.43175+-2.7914
49.43217+-2.76578
49.43259+-2.74016
49.43301+-2.71454
49.43343+-2.68892
49.43385+-2.6633
49.43427+-2.63768
49.43468+-2.61205
-1
49.43882+-2.86826
49.4305+-2.86826
-1
49.43508+-2.84271
49.43092+-2.84264
-1
49.4355+-2.81708
49.43133+-2.81702
-1
49.43592+-2.79145
49.43175+-2.7914
-1
49.43634+-2.76581
49.43217+-2.76578
-1
49.44089+-2.73984
49.43259+-2.74016
-1
49.43717+-2.7145
49.43301+-2.71454
-1
49.43758+-2.68881
49.43343+-2.68892
-1
49.43799+-2.66306
49.43385+-2.6633
-1
49.43832+-2.63707
49.43427+-2.63768
-1
{EGJB-27}
$TYPE=5
49.44231+-2.33585
49.4416+-2.36145
49.4409+-2.38706
49.44019+-2.41266
49.43948+-2.43827
49.43878+-2.46388
49.43807+-2.48948
49.43736+-2.51509
49.43666+-2.54069
49.43595+-2.5663
49.43524+-2.5919
-1
49.45062+-2.33671
49.44231+-2.33585
-1
49.44576+-2.36181
49.4416+-2.36145
-1
49.44506+-2.38743
49.4409+-2.38706
-1
49.44435+-2.41305
49.44019+-2.41266
-1
49.44364+-2.43867
49.43948+-2.43827
-1
49.44705+-2.46505
49.43878+-2.46388
-1
49.44222+-2.48995
49.43807+-2.48948
-1
49.44151+-2.51562
49.43736+-2.51509
-1
49.44078+-2.54136
49.43666+-2.54069
-1
49.43997+-2.56733
49.43595+-2.5663
-1
