;
; © John Woodside
;
{EGPG-08/26}
$TYPE=5
55.94349+-4.15214
55.94851+-4.12373
55.95352+-4.09533
55.95853+-4.06692
55.96354+-4.03852
55.96855+-4.01011
55.97356+-3.9817
-1
55.94749+-4.15423
55.94349+-4.15214
-1
55.95654+-4.12749
55.94851+-4.12373
-1
55.95752+-4.09734
55.95352+-4.09533
-1
55.96254+-4.06886
55.95853+-4.06692
-1
55.96756+-4.0403
55.96354+-4.03852
-1
55.97256+-4.01144
55.96855+-4.01011
-1
;
56.00585+-3.79873
56.00083+-3.82714
55.99582+-3.85554
55.99081+-3.88395
55.9858+-3.91236
55.98079+-3.94077
55.97577+-3.96917
-1
56.00979+-3.80111
56.00585+-3.79873
-1
56.00862+-3.8323
56.00083+-3.82714
-1
55.99975+-3.858
55.99582+-3.85554
-1
55.99472+-3.88648
55.99081+-3.88395
-1
55.98966+-3.91502
55.9858+-3.91236
-1
55.98449+-3.94379
55.98079+-3.94077
-1
