;
; © John Woodside
;
{EGTB-06/24}
$TYPE=5
51.56373+-0.95548
51.57148+-0.93172
51.57923+-0.90795
51.58697+-0.88419
51.59472+-0.86043
51.60247+-0.83667
51.61021+-0.8129
-1
51.56746+-0.95847
51.56373+-0.95548
-1
51.57901+-0.93733
51.57148+-0.93172
-1
51.58297+-0.91088
51.57923+-0.90795
-1
51.59073+-0.88705
51.58697+-0.88419
-1
51.5985+-0.86316
51.59472+-0.86043
-1
51.60628+-0.83898
51.60247+-0.83667
-1
;
51.65975+-0.66099
51.652+-0.68476
51.64425+-0.70852
51.63651+-0.73228
51.62876+-0.75605
51.62101+-0.77981
51.61326+-0.80357
-1
51.66339+-0.66423
51.65975+-0.66099
-1
51.65915+-0.69155
51.652+-0.68476
-1
51.64788+-0.71182
51.64425+-0.70852
-1
51.6401+-0.73564
51.63651+-0.73228
-1
51.6323+-0.75951
51.62876+-0.75605
-1
51.62436+-0.78355
51.62101+-0.77981
-1
{EGTB-17/35}
$TYPE=5
51.71087+-0.84414
51.6946+-0.83829
51.67834+-0.83243
51.66207+-0.82658
51.64581+-0.82072
51.62954+-0.81487
51.61327+-0.80901
-1
51.71169+-0.83757
51.71087+-0.84414
-1
51.69601+-0.82511
51.6946+-0.83829
-1
51.67912+-0.82585
51.67834+-0.83243
-1
51.66281+-0.81999
51.66207+-0.82658
-1
51.64646+-0.81414
51.64581+-0.82072
-1
51.62994+-0.80834
51.62954+-0.81487
-1
;
51.50954+-0.7715
51.52581+-0.77735
51.54207+-0.78321
51.55834+-0.78906
51.5746+-0.79492
51.59087+-0.80077
51.60713+-0.80662
-1
51.51054+-0.76499
51.50954+-0.7715
-1
51.52802+-0.76447
51.52581+-0.77735
-1
51.54311+-0.77672
51.54207+-0.78321
-1
51.55941+-0.7826
51.55834+-0.78906
-1
51.57576+-0.78851
51.5746+-0.79492
-1
51.59224+-0.79459
51.59087+-0.80077
-1