;
; © John Woodside
;
{EGNF-06/24}
$TYPE=5
53.25643+-1.33318
53.26635+-1.31076
53.27626+-1.28833
53.28617+-1.2659
53.29609+-1.24348
53.306+-1.22105
53.31591+-1.19862
-1
53.25983+-1.33721
53.25643+-1.33318
-1
53.27326+-1.31846
53.26635+-1.31076
-1
53.27968+-1.2923
53.27626+-1.28833
-1
53.28961+-1.26981
53.28617+-1.2659
-1
53.29956+-1.24725
53.29609+-1.24348
-1
53.30955+-1.22441
53.306+-1.22105
-1
;
53.37717+-1.05987
53.36725+-1.0823
53.35734+-1.10473
53.34743+-1.12715
53.33751+-1.14958
53.3276+-1.17201
53.31768+-1.19443
-1
53.38046+-1.06413
53.37717+-1.05987
-1
53.37367+-1.09111
53.36725+-1.0823
-1
53.36061+-1.10904
53.35734+-1.10473
-1
53.35066+-1.13152
53.34743+-1.12715
-1
53.34068+-1.15404
53.33751+-1.14958
-1
53.33055+-1.1767
53.3276+-1.17201
-1
{EGNF-18/36}
$TYPE=5
53.41797+-1.21036
53.40137+-1.20793
53.38477+-1.2055
53.36816+-1.20307
53.35156+-1.20064
53.33496+-1.19821
53.31835+-1.19577
-1
53.41825+-1.20341
53.41797+-1.21036
-1
53.40168+-1.19404
53.40137+-1.20793
-1
53.385+-1.19855
53.38477+-1.2055
-1
53.36835+-1.19612
53.36816+-1.20307
-1
53.35167+-1.19371
53.35156+-1.20064
-1
53.33481+-1.19139
53.33496+-1.19821
-1
;
53.21611+-1.18077
53.23271+-1.1832
53.24931+-1.18563
53.26592+-1.18806
53.28252+-1.19049
53.29912+-1.19292
53.31572+-1.19535
-1
53.21655+-1.17384
53.21611+-1.18077
-1
53.23384+-1.16943
53.23271+-1.1832
-1
53.2498+-1.17871
53.24931+-1.18563
-1
53.26645+-1.18116
53.26592+-1.18806
-1
53.28314+-1.18364
53.28252+-1.19049
-1
53.29997+-1.18626
53.29912+-1.19292
-1
