;
; © John Woodside
;
{EGPE-23}
$TYPE=5
57.65632+-3.7995
57.64549+-3.8231
57.63466+-3.84671
57.62383+-3.87032
57.613+-3.89393
57.60217+-3.91754
57.59134+-3.94114
57.58051+-3.96475
57.56968+-3.98836
57.55885+-4.01197
57.54801+-4.03557
-1
57.66251+-3.80987
57.65632+-3.7995
-1
57.64862+-3.82823
57.64549+-3.8231
-1
57.63778+-3.85185
57.63466+-3.84671
-1
57.62695+-3.87547
57.62383+-3.87032
-1
57.61611+-3.89909
57.613+-3.89393
-1
57.6082+-3.92816
57.60217+-3.91754
-1
57.59441+-3.94636
57.59134+-3.94114
-1
57.58355+-3.97002
57.58051+-3.96475
-1
57.57265+-3.99373
57.56968+-3.98836
-1
57.56159+-4.01757
57.55885+-4.01197
-1
{EGPE-05}
$TYPE=5
57.42907+-4.29454
57.43991+-4.27095
57.45074+-4.24736
57.46158+-4.22376
57.47241+-4.20017
57.48325+-4.17657
57.49408+-4.15298
57.50492+-4.12939
57.51575+-4.10579
57.52659+-4.0822
57.53742+-4.0586
-1
57.43553+-4.30433
57.42907+-4.29454
-1
57.44311+-4.27591
57.43991+-4.27095
-1
57.45395+-4.25231
57.45074+-4.24736
-1
57.46479+-4.2287
57.46158+-4.22376
-1
57.47563+-4.20509
57.47241+-4.20017
-1
57.48982+-4.18603
57.48325+-4.17657
-1
57.49733+-4.15783
57.49408+-4.15298
-1
57.50819+-4.13417
57.50492+-4.12939
-1
57.51906+-4.11044
57.51575+-4.10579
-1
57.52998+-4.08639
57.52659+-4.0822
-1
{EGPE-12/30}
$TYPE=5
57.57818+-4.23543
57.5726+-4.20617
57.56701+-4.17691
57.56142+-4.14765
57.55583+-4.11839
57.55024+-4.08913
57.54465+-4.05987
-1
57.58208+-4.23268
57.57818+-4.23543
-1
57.58027+-4.20027
57.5726+-4.20617
-1
57.57088+-4.17409
57.56701+-4.17691
-1
57.56527+-4.14476
57.56142+-4.14765
-1
57.55964+-4.11536
57.55583+-4.11839
-1
57.55388+-4.08574
57.55024+-4.08913
-1
;
57.50899+-3.87329
57.51458+-3.90254
57.52017+-3.9318
57.52576+-3.96106
57.53135+-3.99031
57.53694+-4.01957
57.54253+-4.04882
-1
57.51294+-3.87084
57.50899+-3.87329
-1
57.52253+-3.89809
57.51458+-3.90254
-1
57.52413+-3.92943
57.52017+-3.9318
-1
57.52973+-3.95876
57.52576+-3.96106
-1
57.53533+-3.98818
57.53135+-3.99031
-1
57.54092+-4.01792
57.53694+-4.01957
-1
