;
; © John Woodside
;
{EGPH-12}
$TYPE=5
56.03117+-3.62072
56.02319+-3.5946
56.0152+-3.56847
56.00722+-3.54234
55.99923+-3.51621
55.99124+-3.49008
55.98326+-3.46396
55.97527+-3.43783
55.96729+-3.4117
55.9593+-3.38557
55.95131+-3.35944
-1
56.03838+-3.61327
56.03117+-3.62072
-1
56.02682+-3.59094
56.02319+-3.5946
-1
56.01883+-3.5648
56.0152+-3.56847
-1
56.01084+-3.53866
56.00722+-3.54234
-1
56.00284+-3.51251
55.99923+-3.51621
-1
55.99832+-3.48234
55.99124+-3.49008
-1
55.98685+-3.46019
55.98326+-3.46396
-1
55.97883+-3.434
55.97527+-3.43783
-1
55.97079+-3.40776
55.96729+-3.4117
-1
55.96261+-3.38133
55.9593+-3.38557
-1
{EGPH-06}
$TYPE=5
55.85878+-3.64194
55.8674+-3.61647
55.87602+-3.59099
55.88465+-3.56552
55.89327+-3.54005
55.90189+-3.51458
55.91051+-3.48911
55.91913+-3.46364
55.92775+-3.43817
55.93637+-3.4127
55.94499+-3.38722
-1
55.86601+-3.64931
55.85878+-3.64194
-1
55.871+-3.62023
55.8674+-3.61647
-1
55.87962+-3.59474
55.87602+-3.59099
-1
55.88825+-3.56926
55.88465+-3.56552
-1
55.89687+-3.54377
55.89327+-3.54005
-1
55.9092+-3.52161
55.90189+-3.51458
-1
55.91414+-3.49275
55.91051+-3.48911
-1
55.92277+-3.46721
55.91913+-3.46364
-1
55.93142+-3.44159
55.92775+-3.43817
-1
55.94009+-3.41567
55.93637+-3.4127
-1
{EGPH-24}
$TYPE=5
56.04104+-3.10313
56.03243+-3.12861
56.02382+-3.1541
56.0152+-3.17958
56.00659+-3.20507
55.99797+-3.23056
55.98936+-3.25604
55.98075+-3.28153
55.97213+-3.30701
55.96352+-3.3325
55.9549+-3.35798
-1
56.04806+-3.11113
56.04104+-3.10313
-1
56.03597+-3.13255
56.03243+-3.12861
-1
56.02735+-3.15804
56.02382+-3.1541
-1
56.01873+-3.18354
56.0152+-3.17958
-1
56.01011+-3.20905
56.00659+-3.20507
-1
56.00486+-3.23884
55.99797+-3.23056
-1
55.99285+-3.26008
55.98936+-3.25604
-1
55.98421+-3.28562
55.98075+-3.28153
-1
55.97554+-3.31122
55.97213+-3.30701
-1
55.96672+-3.33699
55.96352+-3.3325
-1
{EGPH-30}
$TYPE=5
55.86389+-3.07374
55.87188+-3.09986
55.87987+-3.12597
55.88786+-3.15209
55.89585+-3.17821
55.90384+-3.20433
55.91183+-3.23044
55.91982+-3.25656
55.92781+-3.28268
55.9358+-3.3088
55.94379+-3.33491
-1
55.87129+-3.06694
55.86389+-3.07374
-1
55.87556+-3.09638
55.87188+-3.09986
-1
55.88355+-3.12251
55.87987+-3.12597
-1
55.89155+-3.14864
55.88786+-3.15209
-1
55.89954+-3.17478
55.89585+-3.17821
-1
55.91132+-3.19788
55.90384+-3.20433
-1
55.91554+-3.22709
55.91183+-3.23044
-1
55.92355+-3.25328
55.91982+-3.25656
-1
55.93156+-3.27954
55.92781+-3.28268
-1
55.93959+-3.30612
55.9358+-3.3088
-1
