;
; © John Woodside
;
{FIR}
$TYPE=12
;
; Scottish FIR
61.0+0.0
60.5+-0.0
60.0+0.0
57.0+5.0
56.5+5.0
56.0+5.0
55.5+5.0
55.0+5.0
55.0+4.0
55.0+3.0
55.0+2.0
55.0+1.0
55.0+0.0
55.0+-1.0
55.0+-2.0
55.0+-3.0
55.0+-4.0
55.0+-5.0
55.00000+-5.50000
54.0+-5.5
53.91667+-5.50000
54.41667+-8.16667
55.33333+-6.91667
55.41667+-7.33333
55.33333+-8.25000
54.75000+-9.00000
54.56667+-10.00000
61.00000+-10.00000
61.00000+0.00000
-1
;
; London FIR
55.0+5.0
51.5+2.0
51.11667+2.0
51.0+1.46667
50.66667+1.46667
50.00+-0.25
50.00+-0.5
50.00+-1.0
50.00+-1.5
50.00+-2.0
48.83333+-8.00000
49.0+-8.0
49.5+-8.0
50.0+-8.0
50.5+-8.0
51.0+-8.0
52.33333+-5.50000
53.0+-5.5
53.5+-5.5
54.0+-5.5
54.5+-5.5
55.0+-5.5
55.0+5.00
-1