;
; © John Woodside
;
{EGFA-08/26}
$TYPE=5
52.0832+-4.71771
52.08835+-4.6919
52.0935+-4.66608
52.09865+-4.64027
52.1038+-4.61446
52.10895+-4.58865
52.1141+-4.56283
-1
52.08719+-4.71967
52.0832+-4.71771
-1
52.09637+-4.69543
52.08835+-4.6919
-1
52.0975+-4.66797
52.0935+-4.66608
-1
52.10266+-4.64209
52.09865+-4.64027
-1
52.10782+-4.61614
52.1038+-4.61446
-1
52.11295+-4.58991
52.10895+-4.58865
-1
;
52.14723+-4.39633
52.14208+-4.42214
52.13693+-4.44795
52.13178+-4.47377
52.12663+-4.49958
52.12148+-4.52539
52.11632+-4.5512
-1
52.15116+-4.39855
52.14723+-4.39633
-1
52.14983+-4.42695
52.14208+-4.42214
-1
52.14084+-4.45025
52.13693+-4.44795
-1
52.13567+-4.47612
52.13178+-4.47377
-1
52.13048+-4.50206
52.12663+-4.49958
-1
52.12517+-4.5282
52.12148+-4.52539
-1