;
; © John Woodside
;
{EGMH-28}
$TYPE=5
51.30716+1.62721
51.31042+1.60105
51.31368+1.57488
51.31693+1.54872
51.32019+1.52255
51.32345+1.49639
51.32671+1.47022
51.32996+1.44406
51.33322+1.41789
51.33648+1.39173
51.33973+1.36556
-1
51.31537+1.62949
51.30716+1.62721
-1
51.31452+1.60226
51.31042+1.60105
-1
51.31777+1.57609
51.31368+1.57488
-1
51.32103+1.54991
51.31693+1.54872
-1
51.32429+1.52372
51.32019+1.52255
-1
51.33166+1.49833
51.32345+1.49639
-1
51.33081+1.47132
51.32671+1.47022
-1
51.33407+1.44509
51.32996+1.44406
-1
51.33733+1.41878
51.33322+1.41789
-1
51.34054+1.39221
51.33648+1.39173
-1
{EGMH-10}
$TYPE=5
51.37704+1.06514
51.37379+1.09131
51.37054+1.11748
51.3673+1.14365
51.36405+1.16982
51.3608+1.19599
51.35755+1.22216
51.3543+1.24833
51.35105+1.2745
51.3478+1.30067
51.34455+1.32684
-1
51.38516+1.06806
51.37704+1.06514
-1
51.37787+1.0927
51.37379+1.09131
-1
51.37462+1.11888
51.37054+1.11748
-1
51.37137+1.14507
51.3673+1.14365
-1
51.36811+1.17126
51.36405+1.16982
-1
51.36885+1.19923
51.3608+1.19599
-1
51.3616+1.22366
51.35755+1.22216
-1
51.35834+1.2499
51.3543+1.24833
-1
51.35506+1.2762
51.35105+1.2745
-1
51.35167+1.30272
51.3478+1.30067
-1
