;
; © John Woodside
;
{EGNJ-21}
$TYPE=5
53.73567+-0.23902
53.72026+-0.24971
53.70484+-0.26039
53.68943+-0.27107
53.67402+-0.28176
53.65861+-0.29244
53.64319+-0.30313
53.62778+-0.31381
53.61237+-0.3245
53.59696+-0.33518
53.58154+-0.34586
-1
53.73864+-0.25212
53.73567+-0.23902
-1
53.72179+-0.25623
53.72026+-0.24971
-1
53.70637+-0.26692
53.70484+-0.26039
-1
53.69095+-0.27761
53.68943+-0.27107
-1
53.67552+-0.2883
53.67402+-0.28176
-1
53.66138+-0.30562
53.65861+-0.29244
-1
53.64466+-0.30969
53.64319+-0.30313
-1
53.6292+-0.32039
53.62778+-0.31381
-1
53.61371+-0.3311
53.61237+-0.3245
-1
53.59804+-0.3418
53.59696+-0.33518
-1
{EGNJ-03}
$TYPE=5
53.47286+-0.42112
53.48828+-0.41044
53.50369+-0.39977
53.5191+-0.38909
53.53452+-0.37842
53.54993+-0.36774
53.56534+-0.35706
-1
53.47453+-0.42755
53.47286+-0.42112
-1
53.49181+-0.42309
53.48828+-0.41044
-1
53.50539+-0.40616
53.50369+-0.39977
-1
53.52084+-0.39545
53.5191+-0.38909
-1
53.53633+-0.38469
53.53452+-0.37842
-1
53.55193+-0.37372
53.54993+-0.36774
-1
{EGNJ-09/27}
$TYPE=5
53.5627+-0.52043
53.56489+-0.49261
53.56708+-0.46478
53.56927+-0.43695
53.57146+-0.40913
53.57365+-0.3813
53.57583+-0.35347
-1
53.56683+-0.52121
53.5627+-0.52043
-1
53.57316+-0.49375
53.56489+-0.49261
-1
53.57122+-0.46548
53.56708+-0.46478
-1
53.5734+-0.43758
53.56927+-0.43695
-1
53.57559+-0.40961
53.57146+-0.40913
-1
53.57772+-0.38137
53.57365+-0.3813
-1
;
53.58997+-0.17369
53.58778+-0.20152
53.58559+-0.22934
53.58341+-0.25717
53.58122+-0.285
53.57903+-0.31283
53.57684+-0.34065
-1
53.59408+-0.17475
53.58997+-0.17369
-1
53.59595+-0.20404
53.58778+-0.20152
-1
53.5897+-0.23048
53.58559+-0.22934
-1
53.5875+-0.25838
53.58341+-0.25717
-1
53.58528+-0.28634
53.58122+-0.285
-1
53.58297+-0.31455
53.57903+-0.31283
-1
