;
; © John Woodside
;
{EGHE-15/33}
$TYPE=5
49.99126+-6.39557
49.97861+-6.37873
49.96595+-6.36188
49.9533+-6.34504
49.94064+-6.32819
49.92799+-6.31135
49.91533+-6.2945
-1
49.99391+-6.39057
49.99126+-6.39557
-1
49.98369+-6.36853
49.97861+-6.37873
-1
49.96856+-6.35685
49.96595+-6.36188
-1
49.95587+-6.33997
49.9533+-6.34504
-1
49.94314+-6.32306
49.94064+-6.32819
-1
49.93024+-6.30608
49.92799+-6.31135
-1
;
49.83532+-6.18802
49.84797+-6.20486
49.86063+-6.2217
49.87328+-6.23855
49.88594+-6.25539
49.89859+-6.27223
49.91124+-6.28907
-1
49.83809+-6.1832
49.83532+-6.18802
-1
49.85368+-6.1955
49.84797+-6.20486
-1
49.86343+-6.21693
49.86063+-6.2217
-1
49.87611+-6.23383
49.87328+-6.23855
-1
49.88882+-6.25078
49.88594+-6.25539
-1
49.9016+-6.26797
49.89859+-6.27223
-1
{EGHE-09/27}
$TYPE=5
49.90816+-6.45052
49.90902+-6.42468
49.90987+-6.39883
49.91072+-6.37298
49.91157+-6.34713
49.91242+-6.32128
49.91327+-6.29543
-1
49.91233+-6.45072
49.90816+-6.45052
-1
49.91732+-6.42469
49.90902+-6.42468
-1
49.91403+-6.39896
49.90987+-6.39883
-1
49.91487+-6.37304
49.91072+-6.37298
-1
49.91571+-6.34706
49.91157+-6.34713
-1
49.91649+-6.32083
49.91242+-6.32128
-1
;
49.91862+-6.13336
49.91776+-6.15921
49.91691+-6.18506
49.91606+-6.21091
49.91521+-6.23676
49.91436+-6.26261
49.9135+-6.28845
-1
49.92277+-6.13383
49.91862+-6.13336
-1
49.92602+-6.16051
49.91776+-6.15921
-1
49.92106+-6.18559
49.91691+-6.18506
-1
49.9202+-6.21151
49.91606+-6.21091
-1
49.91932+-6.23749
49.91521+-6.23676
-1
49.91837+-6.2637
49.91436+-6.26261
-1
{EGHE-18/36}
$TYPE=5
50.01496+-6.31225
49.99841+-6.30912
49.98187+-6.30598
49.96533+-6.30284
49.94878+-6.29971
49.93224+-6.29657
49.91569+-6.29343
-1
50.01538+-6.30582
50.01496+-6.31225
-1
49.99901+-6.29626
49.99841+-6.30912
-1
49.98225+-6.29955
49.98187+-6.30598
-1
49.96566+-6.29641
49.96533+-6.30284
-1
49.94903+-6.29329
49.94878+-6.29971
-1
49.93223+-6.29025
49.93224+-6.29657
-1
;
49.8127+-6.27392
49.82925+-6.27705
49.84579+-6.28019
49.86233+-6.28333
49.87888+-6.28646
49.89542+-6.2896
49.91196+-6.29273
-1
49.81329+-6.26752
49.8127+-6.27392
-1
49.83066+-6.26435
49.82925+-6.27705
-1
49.84642+-6.2738
49.84579+-6.28019
-1
49.86301+-6.27696
49.86233+-6.28333
-1
49.87963+-6.28014
49.87888+-6.28646
-1
49.8964+-6.28346
49.89542+-6.2896
-1
