;
; © John Woodside
;
{EGCN-02}
$TYPE=5
53.30538+-1.09494
53.32127+-1.08645
53.33715+-1.07796
53.35303+-1.06947
53.36891+-1.06099
53.38479+-1.0525
53.40068+-1.04401
53.41656+-1.03552
53.43244+-1.02703
53.44832+-1.01854
53.4642+-1.01005
-1
53.30811+-1.10816
53.30538+-1.09494
-1
53.32258+-1.09309
53.32127+-1.08645
-1
53.33847+-1.0846
53.33715+-1.07796
-1
53.35436+-1.0761
53.35303+-1.06947
-1
53.37026+-1.06761
53.36891+-1.06099
-1
53.3877+-1.06556
53.38479+-1.0525
-1
53.40206+-1.0506
53.40068+-1.04401
-1
53.41798+-1.04208
53.41656+-1.03552
-1
53.43394+-1.03352
53.43244+-1.02703
-1
53.45002+-1.02476
53.44832+-1.01854
-1
{EGCN-20}
$TYPE=5
53.64519+-0.91324
53.62931+-0.92174
53.61342+-0.93023
53.59754+-0.93873
53.58166+-0.94723
53.56578+-0.95573
53.5499+-0.96422
53.53402+-0.97272
53.51814+-0.98122
53.50226+-0.98972
53.48637+-0.99821
-1
53.64751+-0.92667
53.64519+-0.91324
-1
53.63051+-0.92844
53.62931+-0.92174
-1
53.61463+-0.93694
53.61342+-0.93023
-1
53.59874+-0.94544
53.59754+-0.93873
-1
53.58284+-0.95394
53.58166+-0.94723
-1
53.5679+-0.96922
53.56578+-0.95573
-1
53.55104+-0.97095
53.5499+-0.96422
-1
53.53511+-0.97946
53.53402+-0.97272
-1
53.51915+-0.98797
53.51814+-0.98122
-1
53.50301+-0.99644
53.50226+-0.98972
-1
