;
; © John Woodside
;
{EGAA-07}
$TYPE=5
54.58200+-6.49648
54.58903+-6.47036
54.59605+-6.44423
54.60308+-6.41811
54.61010+-6.39198
54.61713+-6.36586
54.62415+-6.33973
54.63118+-6.31361
54.63821+-6.28749
54.64523+-6.26136
54.65226+-6.23524
-1
54.58964+-6.50222
54.58200+-6.49648
-1
54.59283+-6.47330
54.58903+-6.47036
-1
54.59986+-6.44716
54.59605+-6.44423
-1
54.60689+-6.42102
54.60308+-6.41811
-1
54.61392+-6.39488
54.61010+-6.39198
-1
54.62482+-6.37125
54.61713+-6.36586
-1
54.62798+-6.34256
54.62415+-6.33973
-1
54.63502+-6.31637
54.63118+-6.31361
-1
54.64206+-6.29010
54.63821+-6.28749
-1
54.64911+-6.26353
54.64523+-6.26136
-1
{EGAA-17}
$TYPE=5
54.81639+-6.31790
54.80054+-6.30897
54.78469+-6.30004
54.76885+-6.29111
54.75300+-6.28219
54.73715+-6.27326
54.72131+-6.26433
54.70546+-6.25540
54.68962+-6.24648
54.67377+-6.23755
54.65792+-6.22862
-1
54.81877+-6.30410
54.81639+-6.31790
-1
54.80178+-6.30209
54.80054+-6.30897
-1
54.78592+-6.29316
54.78469+-6.30004
-1
54.77007+-6.28423
54.76885+-6.29111
-1
54.75421+-6.27530
54.75300+-6.28219
-1
54.73933+-6.25941
54.73715+-6.27326
-1
54.72247+-6.25743
54.72131+-6.26433
-1
54.70658+-6.24849
54.70546+-6.25540
-1
54.69065+-6.23954
54.68962+-6.24648
-1
54.67455+-6.23064
54.67377+-6.23755
-1
{EGAA-25}
$TYPE=5
54.73295+-5.93480
54.72593+-5.96094
54.71891+-5.98708
54.71190+-6.01322
54.70488+-6.03935
54.69786+-6.06549
54.69084+-6.09163
54.68383+-6.11776
54.67681+-6.14390
54.66979+-6.17004
54.66278+-6.19618
-1
54.74041+-5.94119
54.73295+-5.93480
-1
54.72968+-5.96406
54.72593+-5.96094
-1
54.72266+-5.99021
54.71891+-5.98708
-1
54.71564+-6.01636
54.71190+-6.01322
-1
54.70862+-6.04252
54.70488+-6.03935
-1
54.70521+-6.07217
54.69786+-6.06549
-1
54.69456+-6.09486
54.69084+-6.09163
-1
54.68752+-6.12106
54.68383+-6.11776
-1
54.68045+-6.14731
54.67681+-6.14390
-1
54.67325+-6.17376
54.66979+-6.17004
-1
{EGAA-35}
$TYPE=5
54.48409+-6.13075
54.49993+-6.13967
54.51578+-6.14859
54.53163+-6.15752
54.54747+-6.16644
54.56332+-6.17537
54.57917+-6.18429
54.59501+-6.19321
54.61086+-6.20214
54.62671+-6.21106
54.64255+-6.21999
-1
54.48686+-6.11718
54.48409+-6.13075
-1
54.50128+-6.13286
54.49993+-6.13967
-1
54.51713+-6.14179
54.51578+-6.14859
-1
54.53299+-6.15072
54.53163+-6.15752
-1
54.54885+-6.15965
54.54747+-6.16644
-1
54.56628+-6.16196
54.56332+-6.17537
-1
54.58058+-6.17753
54.57917+-6.18429
-1
54.59646+-6.18648
54.59501+-6.19321
-1
54.61239+-6.19548
54.61086+-6.20214
-1
54.62843+-6.20469
54.62671+-6.21106
-1