;
; © John Woodside
;
{EGTK-01/19}
$TYPE=5
51.73287+-1.35167
51.74925+-1.34668
51.76563+-1.34169
51.78201+-1.3367
51.79839+-1.33171
51.81477+-1.32672
51.83114+-1.32173
-1
51.73219+-1.34502
51.73287+-1.35167
-1
51.74812+-1.33337
51.74925+-1.34668
-1
51.76499+-1.33504
51.76563+-1.34169
-1
51.78141+-1.33005
51.78201+-1.3367
-1
51.79788+-1.32506
51.79839+-1.33171
-1
51.81451+-1.32015
51.81477+-1.32672
-1
;
51.94108+-1.28824
51.9247+-1.29323
51.90832+-1.29822
51.89194+-1.30321
51.87556+-1.3082
51.85918+-1.31319
51.8428+-1.31818
-1
51.94176+-1.29489
51.94108+-1.28824
-1
51.92583+-1.30655
51.9247+-1.29323
-1
51.90896+-1.30488
51.90832+-1.29822
-1
51.89254+-1.30987
51.89194+-1.30321
-1
51.87607+-1.31486
51.87556+-1.3082
-1
51.85944+-1.31977
51.85918+-1.31319
-1
{EGTK-11/29}
$TYPE=5
51.87542+-1.4762
51.86969+-1.45087
51.86397+-1.42554
51.85824+-1.4002
51.85251+-1.37487
51.84678+-1.34954
51.84105+-1.3242
-1
51.8793+-1.47375
51.87542+-1.4762
-1
51.87734+-1.44563
51.86969+-1.45087
-1
51.86783+-1.42302
51.86397+-1.42554
-1
51.86208+-1.39763
51.85824+-1.4002
-1
51.8563+-1.37218
51.85251+-1.37487
-1
51.85041+-1.34653
51.84678+-1.34954
-1
;
51.80432+-1.16187
51.81005+-1.1872
51.81578+-1.21253
51.82151+-1.23786
51.82724+-1.26319
51.83297+-1.28852
51.8387+-1.31384
-1
51.80826+-1.15968
51.80432+-1.16187
-1
51.81798+-1.18321
51.81005+-1.1872
-1
51.81973+-1.21041
51.81578+-1.21253
-1
51.82547+-1.23581
51.82151+-1.23786
-1
51.83122+-1.26128
51.82724+-1.26319
-1
51.83694+-1.28702
51.83297+-1.28852
-1
{EGTK-03/21}
$TYPE=5
51.73931+-1.38489
51.75458+-1.37408
51.76985+-1.36328
51.78512+-1.35247
51.80039+-1.34167
51.81566+-1.33086
51.83093+-1.32005
-1
51.74106+-1.39101
51.73931+-1.38489
-1
51.75828+-1.38611
51.75458+-1.37408
-1
51.77164+-1.36936
51.76985+-1.36328
-1
51.78695+-1.35852
51.78512+-1.35247
-1
51.80229+-1.34763
51.80039+-1.34167
-1
51.81774+-1.33653
51.81566+-1.33086
-1
;
51.92996+-1.24995
51.91469+-1.26077
51.89942+-1.27158
51.88415+-1.28239
51.86888+-1.2932
51.85361+-1.30401
51.83834+-1.31482
-1
51.92821+-1.24384
51.92996+-1.24995
-1
51.91099+-1.24874
51.91469+-1.26077
-1
51.89764+-1.2655
51.89942+-1.27158
-1
51.88233+-1.27634
51.88415+-1.28239
-1
51.86699+-1.28724
51.86888+-1.2932
-1
51.85154+-1.29834
51.85361+-1.30401
-1
