;
; © John Woodside
;
{EGPF-23}
$TYPE=5
55.99299+-4.20654
55.9815+-4.22807
55.97001+-4.24959
55.95852+-4.27111
55.94703+-4.29264
55.93554+-4.31416
55.92405+-4.33568
55.91256+-4.35721
55.90107+-4.37873
55.88958+-4.40025
55.87809+-4.42177
-1
55.99888+-4.21704
55.99299+-4.20654
-1
55.98448+-4.23326
55.9815+-4.22807
-1
55.97298+-4.25479
55.97001+-4.24959
-1
55.96149+-4.27633
55.95852+-4.27111
-1
55.94999+-4.29786
55.94703+-4.29264
-1
55.94126+-4.32488
55.93554+-4.31416
-1
55.92698+-4.34096
55.92405+-4.33568
-1
55.91545+-4.36253
55.91256+-4.35721
-1
55.90389+-4.38414
55.90107+-4.37873
-1
55.89217+-4.40586
55.88958+-4.40025
-1
{EGPF-05}
$TYPE=5
55.74855+-4.66415
55.76004+-4.64265
55.77154+-4.62114
55.78303+-4.59963
55.79452+-4.57812
55.80602+-4.55661
55.81751+-4.53511
55.829+-4.5136
55.8405+-4.49209
55.85199+-4.47058
55.86348+-4.44907
-1
55.75472+-4.67411
55.74855+-4.66415
-1
55.7631+-4.64769
55.76004+-4.64265
-1
55.7746+-4.62617
55.77154+-4.62114
-1
55.7861+-4.60465
55.78303+-4.59963
-1
55.7976+-4.58313
55.79452+-4.57812
-1
55.81231+-4.56627
55.80602+-4.55661
-1
55.82061+-4.54005
55.81751+-4.53511
-1
55.83213+-4.51848
55.829+-4.5136
-1
55.84367+-4.49684
55.8405+-4.49209
-1
55.85526+-4.47491
55.85199+-4.47058
-1
{EGPF-09/27}
$TYPE=5
55.87328+-4.62218
55.87309+-4.59248
55.8729+-4.56277
55.87271+-4.53307
55.87252+-4.50336
55.87233+-4.47366
55.87214+-4.44395
-1
55.87744+-4.62194
55.87328+-4.62218
-1
55.88138+-4.59157
55.87309+-4.59248
-1
55.87706+-4.56246
55.8729+-4.56277
-1
55.87686+-4.53268
55.87271+-4.53307
-1
55.87665+-4.50282
55.87252+-4.50336
-1
55.87637+-4.47269
55.87233+-4.47366
-1
;
55.87087+-4.24903
55.87106+-4.27873
55.87126+-4.30844
55.87145+-4.33814
55.87165+-4.36785
55.87184+-4.39755
55.87203+-4.42725
-1
55.87503+-4.2491
55.87087+-4.24903
-1
55.87936+-4.2793
55.87106+-4.27873
-1
55.87542+-4.30858
55.87126+-4.30844
-1
55.8756+-4.33836
55.87145+-4.33814
-1
55.87578+-4.36822
55.87165+-4.36785
-1
55.87589+-4.39835
55.87184+-4.39755
-1
