;
; © John Woodside
;
{EGCV-05/23}
$TYPE=5
52.76143+-2.8941
52.77309+-2.87439
52.78475+-2.85468
52.79641+-2.83497
52.80807+-2.81526
52.81973+-2.79555
52.83139+-2.77584
-1
52.76446+-2.89882
52.76143+-2.8941
-1
52.7793+-2.88351
52.77309+-2.87439
-1
52.78781+-2.85935
52.78475+-2.85468
-1
52.7995+-2.83958
52.79641+-2.83497
-1
52.81121+-2.81975
52.80807+-2.81526
-1
52.82297+-2.79965
52.81973+-2.79555
-1
;
52.90664+-2.64896
52.89498+-2.66867
52.88332+-2.68839
52.87166+-2.7081
52.86+-2.72781
52.84834+-2.74752
52.83667+-2.76723
-1
52.90956+-2.65389
52.90664+-2.64896
-1
52.90062+-2.67877
52.89498+-2.66867
-1
52.8862+-2.69336
52.88332+-2.68839
-1
52.8745+-2.71311
52.87166+-2.7081
-1
52.86277+-2.7329
52.86+-2.72781
-1
52.85088+-2.75279
52.84834+-2.74752
-1
{EGCV-18/36}
$TYPE=5
52.93665+-2.77433
52.91998+-2.77366
52.90332+-2.77298
52.88666+-2.77231
52.87+-2.77163
52.85334+-2.77096
52.83667+-2.77028
-1
52.93666+-2.76744
52.93665+-2.77433
-1
52.91977+-2.75992
52.91998+-2.77366
-1
52.90329+-2.76609
52.90332+-2.77298
-1
52.88659+-2.76543
52.88666+-2.77231
-1
52.86984+-2.76478
52.87+-2.77163
-1
52.85294+-2.76425
52.85334+-2.77096
-1
;
52.72948+-2.76596
52.74615+-2.76664
52.76281+-2.76731
52.77947+-2.76798
52.79613+-2.76866
52.81279+-2.76933
52.82945+-2.77
-1
52.72967+-2.75908
52.72948+-2.76596
-1
52.74676+-2.75293
52.74615+-2.76664
-1
52.76304+-2.76043
52.76281+-2.76731
-1
52.77974+-2.76112
52.77947+-2.76798
-1
52.79649+-2.76183
52.79613+-2.76866
-1
52.81339+-2.76266
52.81279+-2.76933
-1