{ATSDA}
$TYPE=24
;
; © John Woodside
;
;
;ATSDA Area I
;
59.08444+1.65444
60.00000+0.00000
63.47583+0.00000
62.89111+0.63917
62.37194+1.10611
61.73611+1.55806
61.35611+1.78833
59.89611+2.07500
59.28944+1.71000
59.08444+1.65444
-1
;
;ATSDA Area II
;
59.08444+1.65444
57.00000+5.00000
56.58333+5.00000
56.08611+3.24861
56.59444+2.61167
57.90444+1.96333
58.42944+1.48167
59.08444+1.65444
-1
;
;ATSDA Area III
;
56.58333+5.00000
55.00000+5.00000
55.76444+3.36889
55.83444+3.39861
55.91611+3.34861
56.08611+3.24861
56.58333+5.00000
-1
;
;ATSDA Area IV
;
61.00000+0.00000
61.00000+-4.00000
63.47583+-0.77278
63.47583+0.00000
61.00000+0.00000
-1
;
;ATSDA Area V
;
55.00000+5.00000
55.76444+3.36889
54.62083+2.89694
54.37917+2.76194
53.96250+2.86528
53.66750+2.95528
53.58417+2.98694
53.46917+3.01528
53.30083+3.05528
52.93083+3.16000
55.00000+5.00000
-1
;
;ATSDA Area Irish Sea 1
;
53.59665+-5.50000
53.57713+-4.84724
53.37979+-4.88957
53.38750+-5.17139
53.25000+-5.50000
53.59665+-5.50000
-1
;
;ATSDA Area Irish Sea 2
;
53.76259+-5.50000
53.74328+-4.83184
53.57713+-4.84724
53.59665+-5.50000
53.76259+-5.50000
-1
;
;ATSDA Area London UIR 1
;
49.55639+-6.93806
49.47806+-4.92028
48.92833+-7.57500
49.55639+-6.93806
-1
;
;ATSDA Area London UIR 2
;
49.58333+-8.00000
49.55639+-6.93806
48.92833+-7.57500
48.83333+-8.00000
49.58333+-8.00000
-1
;
;ATSDA Area North Sea CTA 2
;
53.69663+3.00000
53.56980+3.70623
53.17462+3.36617
53.24475+3.18396
53.26899+3.00000
53.69663+3.00000
-1
;
;ATSDA Area North Sea CTA 3
;
53.33332+2.50000
53.24475+3.18396
53.17462+3.36617
52.61772+2.89881
52.66957+2.50000
53.33332+2.50000
-1
;
;ATSDA Area North Sea High
;
57.00000+5.00000
55.00000+5.00000
54.50000+4.53583
54.64529+4.33333
54.82417+4.18611
55.04778+4.00000
55.85434+3.50000
56.50962+3.50000
57.33333+4.49944
57.00000+5.00000
-1
;
;ATSDA Area REFSO A
;
51.95056+2.35639
51.96556+3.17194
51.48056+3.17194
51.71250+2.16694
51.95056+2.35639
-1
;
;ATSDA Area REFSO B
;
51.95056+2.35639
51.95361+2.50000
51.63694+2.50000
51.71250+2.16694
51.95056+2.35639
-1
;
;ATSDA Area REFSO C
;
51.95056+2.35639
51.95361+2.50000
51.63694+2.50000
51.71250+2.16694
51.95056+2.35639
-1
;
;ATSDA Area SASKI B
;
51.71250+2.16694
51.63694+2.50000
51.45556+2.50000
51.50000+2.00000
51.71250+2.16694
-1
;
;ATSDA Area SASKI C
;
51.71250+2.16694
51.63694+2.50000
51.45556+2.50000
51.50000+2.00000
51.71250+2.16694
-1
;
;ATSDA Area Shannon UIR
;
54.41667+-8.16667
55.33333+-6.91667
55.41667+-7.33333
55.33333+-8.25000
54.75000+-9.00000
54.64944+-9.55556
54.41667+-8.16667
-1