;
; © John Woodside
;
{EGFE-03/21}
$TYPE=5
51.74226+-5.04489
51.75674+-5.03152
51.77122+-5.01816
51.78569+-5.0048
51.80017+-4.99144
51.81465+-4.97808
51.82912+-4.96471
-1
51.7444+-5.05067
51.74226+-5.04489
-1
51.76121+-5.04285
51.75674+-5.03152
-1
51.77339+-5.0239
51.77122+-5.01816
-1
51.7879+-5.0105
51.78569+-5.0048
-1
51.80244+-4.99704
51.80017+-4.99144
-1
51.81708+-4.98336
51.81465+-4.97808
-1
;
51.92411+-4.87702
51.90963+-4.89038
51.89516+-4.90375
51.88068+-4.91712
51.86621+-4.93049
51.85173+-4.94386
51.83725+-4.95722
-1
51.9261+-4.88294
51.92411+-4.87702
-1
51.91338+-4.90237
51.90963+-4.89038
-1
51.89711+-4.9097
51.89516+-4.90375
-1
51.88259+-4.9231
51.88068+-4.91712
-1
51.86803+-4.93651
51.86621+-4.93049
-1
51.8533+-4.94994
51.85173+-4.94386
-1
{EGFE-09/27}
$TYPE=5
51.82985+-5.12902
51.83057+-5.10207
51.8313+-5.07513
51.83202+-5.04818
51.83275+-5.02124
51.83347+-4.99429
51.83419+-4.96734
-1
51.83401+-5.12917
51.82985+-5.12902
-1
51.83888+-5.10199
51.83057+-5.10207
-1
51.83546+-5.07521
51.8313+-5.07513
-1
51.83618+-5.0482
51.83202+-5.04818
-1
51.83689+-5.02111
51.83275+-5.02124
-1
51.83753+-4.99377
51.83347+-4.99429
-1
;
51.83875+-4.79702
51.83803+-4.82396
51.83731+-4.85091
51.83659+-4.87786
51.83587+-4.9048
51.83515+-4.93175
51.83442+-4.95869
-1
51.84291+-4.79745
51.83875+-4.79702
-1
51.8463+-4.82521
51.83803+-4.82396
-1
51.84146+-4.85141
51.83731+-4.85091
-1
51.84073+-4.87843
51.83659+-4.87786
-1
51.83999+-4.90551
51.83587+-4.9048
-1
51.83916+-4.93284
51.83515+-4.93175
-1
