;
; © John Woodside
;
{EGBM-08/26}
$TYPE=5
52.78448+-1.93195
52.78917+-1.90548
52.79385+-1.87902
52.79853+-1.85256
52.80322+-1.82609
52.8079+-1.79963
52.81258+-1.77316
-1
52.7885+-1.93374
52.78448+-1.93195
-1
52.79724+-1.90868
52.78917+-1.90548
-1
52.79788+-1.88075
52.79385+-1.87902
-1
52.80257+-1.85421
52.79853+-1.85256
-1
52.80726+-1.82761
52.80322+-1.82609
-1
52.81192+-1.80072
52.8079+-1.79963
-1
;
52.84366+-1.59748
52.83898+-1.62394
52.8343+-1.65041
52.82962+-1.67688
52.82494+-1.70334
52.82026+-1.72981
52.81557+-1.75627
-1
52.84763+-1.59955
52.84366+-1.59748
-1
52.84682+-1.62845
52.83898+-1.62394
-1
52.83825+-1.65255
52.8343+-1.65041
-1
52.83355+-1.67908
52.82962+-1.67688
-1
52.82883+-1.70567
52.82494+-1.70334
-1
52.824+-1.73248
52.82026+-1.72981
-1