;
; © John Woodside
;
{EGNC-07/25}
$TYPE=5
54.88457+-2.96509
54.89304+-2.9401
54.90151+-2.91512
54.90998+-2.89014
54.91845+-2.86515
54.92692+-2.84017
54.93539+-2.81518
-1
54.8882+-2.96864
54.88457+-2.96509
-1
54.90039+-2.94682
54.89304+-2.9401
-1
54.90516+-2.9186
54.90151+-2.91512
-1
54.91364+-2.89355
54.90998+-2.89014
-1
54.92214+-2.86842
54.91845+-2.86515
-1
54.93066+-2.843
54.92692+-2.84017
-1
;
54.99137+-2.65008
54.9829+-2.67507
54.97443+-2.70006
54.96596+-2.72505
54.95749+-2.75004
54.94902+-2.77503
54.94055+-2.80001
-1
54.99491+-2.65389
54.99137+-2.65008
-1
54.98983+-2.68302
54.9829+-2.67507
-1
54.97795+-2.70393
54.97443+-2.70006
-1
54.96945+-2.72898
54.96596+-2.72505
-1
54.96092+-2.75408
54.95749+-2.75004
-1
54.95225+-2.77935
54.94902+-2.77503
-1
{EGNC-01/19}
$TYPE=5
54.83503+-2.81483
54.8517+-2.81425
54.86836+-2.81367
54.88502+-2.8131
54.90169+-2.81252
54.91835+-2.81194
54.93501+-2.81136
-1
54.8352+-2.82207
54.83503+-2.81483
-1
54.85228+-2.82867
54.8517+-2.81425
-1
54.86857+-2.82091
54.86836+-2.81367
-1
54.88528+-2.82032
54.88502+-2.8131
-1
54.90203+-2.81971
54.90169+-2.81252
-1
54.91893+-2.81896
54.91835+-2.81194
-1
;
55.0422+-2.80765
55.02553+-2.80823
55.00887+-2.80881
54.99221+-2.80938
54.97554+-2.80996
54.95888+-2.81054
54.94221+-2.81111
-1
55.04219+-2.8149
55.0422+-2.80765
-1
55.02528+-2.82268
55.02553+-2.80823
-1
55.00882+-2.81605
55.00887+-2.80881
-1
54.99212+-2.81662
54.99221+-2.80938
-1
54.97537+-2.81717
54.97554+-2.80996
-1
54.95846+-2.81759
54.95888+-2.81054
-1