;
; © John Woodside
;
{EGTC-21}
$TYPE=5
52.22073+-0.46714
52.20655+-0.48141
52.19238+-0.49567
52.1782+-0.50994
52.16403+-0.52421
52.14986+-0.53847
52.13568+-0.55274
52.12151+-0.56701
52.10733+-0.58127
52.09316+-0.59554
52.07898+-0.6098
-1
52.22493+-0.47884
52.22073+-0.46714
-1
52.20869+-0.48722
52.20655+-0.48141
-1
52.19451+-0.50149
52.19238+-0.49567
-1
52.18033+-0.51577
52.1782+-0.50994
-1
52.16615+-0.53004
52.16403+-0.52421
-1
52.15387+-0.5503
52.14986+-0.53847
-1
52.13776+-0.55861
52.13568+-0.55274
-1
52.12354+-0.5729
52.12151+-0.56701
-1
52.10929+-0.58721
52.10733+-0.58127
-1
52.09486+-0.60156
52.09316+-0.59554
-1
{EGTC-03}
$TYPE=5
51.98175+-0.70759
51.99593+-0.69333
52.0101+-0.67907
52.02428+-0.66481
52.03845+-0.65055
52.05263+-0.63629
52.0668+-0.62203
-1
51.98401+-0.71327
51.98175+-0.70759
-1
52.00064+-0.70445
51.99593+-0.69333
-1
52.0124+-0.68471
52.0101+-0.67907
-1
52.02661+-0.67041
52.02428+-0.66481
-1
52.04085+-0.65605
52.03845+-0.65055
-1
52.05518+-0.64146
52.05263+-0.63629
-1
{EGTC-18/36}
$TYPE=5
52.17293+-0.63374
52.15631+-0.63161
52.1397+-0.62947
52.12308+-0.62734
52.10647+-0.62521
52.08985+-0.62308
52.07323+-0.62094
-1
52.17317+-0.62697
52.17293+-0.63374
-1
52.15655+-0.6181
52.15631+-0.63161
-1
52.13989+-0.62271
52.1397+-0.62947
-1
52.12323+-0.62058
52.12308+-0.62734
-1
52.10653+-0.61847
52.10647+-0.62521
-1
52.08967+-0.61646
52.08985+-0.62308
-1
;
51.96801+-0.60744
51.98463+-0.60958
52.00124+-0.61171
52.01786+-0.61384
52.03447+-0.61597
52.05109+-0.6181
52.0677+-0.62023
-1
51.96843+-0.6007
51.96801+-0.60744
-1
51.98569+-0.59618
51.98463+-0.60958
-1
52.0017+-0.60498
52.00124+-0.61171
-1
52.01836+-0.60713
52.01786+-0.61384
-1
52.03506+-0.6093
52.03447+-0.61597
-1
52.0519+-0.61161
52.05109+-0.6181
-1
