;
; © John Woodside
;
{EGLF-06}
$TYPE=5
51.19465+-1.02049
51.20247+-0.99696
51.21029+-0.97344
51.21811+-0.94991
51.22593+-0.92638
51.23375+-0.90286
51.24157+-0.87933
51.24939+-0.8558
51.25721+-0.83228
51.26503+-0.80875
51.27284+-0.78522
-1
51.2021+-1.02644
51.19465+-1.02049
-1
51.20618+-1.00001
51.20247+-0.99696
-1
51.214+-0.97647
51.21029+-0.97344
-1
51.22182+-0.95293
51.21811+-0.94991
-1
51.22965+-0.92938
51.22593+-0.92638
-1
51.24126+-0.90849
51.23375+-0.90286
-1
51.2453+-0.88227
51.24157+-0.87933
-1
51.25313+-0.85867
51.24939+-0.8558
-1
51.26098+-0.83502
51.25721+-0.83228
-1
51.26883+-0.81108
51.26503+-0.80875
-1
{EGLF-24}
$TYPE=5
51.35633+-0.53392
51.34852+-0.55745
51.3407+-0.58098
51.33288+-0.60451
51.32507+-0.62805
51.31725+-0.65158
51.30943+-0.67511
51.30162+-0.69864
51.2938+-0.72217
51.28598+-0.7457
51.27816+-0.76923
-1
51.36359+-0.54045
51.35633+-0.53392
-1
51.35217+-0.56066
51.34852+-0.55745
-1
51.34435+-0.5842
51.3407+-0.58098
-1
51.33653+-0.60774
51.33288+-0.60451
-1
51.3287+-0.63129
51.32507+-0.62805
-1
51.32438+-0.65838
51.31725+-0.65158
-1
51.31304+-0.67841
51.30943+-0.67511
-1
51.3052+-0.702
51.30162+-0.69864
-1
51.29733+-0.72564
51.2938+-0.72217
-1
51.28932+-0.74944
51.28598+-0.7457
-1
