;
; © John Woodside
;
{EGAB-33}
$TYPE=5
54.31915+-7.53706
54.33192+-7.55546
54.34469+-7.57386
54.35745+-7.59226
54.37022+-7.61066
54.38299+-7.62906
54.39575+-7.64746
-1
54.32189+-7.53167
54.31915+-7.53706
-1
54.33756+-7.545
54.33192+-7.55546
-1
54.34746+-7.56853
54.34469+-7.57386
-1
54.36025+-7.58699
54.35745+-7.59226
-1
54.37307+-7.60551
54.37022+-7.61066
-1
54.38597+-7.62429
54.38299+-7.62906
-1
{EGAB-15}
$TYPE=5
54.47916+-7.76779
54.46639+-7.74939
54.45362+-7.73098
54.44086+-7.71258
54.42809+-7.69417
54.41532+-7.67577
54.40255+-7.65736
-1
54.48177+-7.76222
54.47916+-7.76779
-1
54.47141+-7.73802
54.46639+-7.74939
-1
54.4562+-7.72537
54.45362+-7.73098
-1
54.44339+-7.70692
54.44086+-7.71258
-1
54.43055+-7.68845
54.42809+-7.69417
-1
54.41754+-7.6699
54.41532+-7.67577
-1