;
; © John Woodside
;
{EGNU-04/22}
$TYPE=5
53.89335+-0.9605
53.90733+-0.94508
53.92131+-0.92965
53.93529+-0.91422
53.94927+-0.8988
53.96325+-0.88337
53.97723+-0.86794
-1
53.89569+-0.96636
53.89335+-0.9605
-1
53.91219+-0.95652
53.90733+-0.94508
-1
53.92368+-0.93546
53.92131+-0.92965
-1
53.9377+-0.91999
53.93529+-0.91422
-1
53.95174+-0.90446
53.94927+-0.8988
-1
53.96587+-0.88868
53.96325+-0.88337
-1
;
54.06679+-0.7694
54.05281+-0.78483
54.03883+-0.80026
54.02485+-0.8157
54.01087+-0.83113
53.99689+-0.84656
53.98291+-0.86199
-1
54.06899+-0.77542
54.06679+-0.7694
-1
54.05698+-0.79704
54.05281+-0.78483
-1
54.04099+-0.80632
54.03883+-0.80026
-1
54.02697+-0.82178
54.02485+-0.8157
-1
54.01291+-0.83727
54.01087+-0.83113
-1
53.99868+-0.85279
53.99689+-0.84656
-1
