;
; © John Woodside
;
{EGPI-08/26}
$TYPE=5
55.64909+-6.42603
55.65466+-6.39816
55.66022+-6.37029
55.66578+-6.34243
55.67135+-6.31456
55.67691+-6.28669
55.68247+-6.25882
-1
55.65305+-6.42835
55.64909+-6.42603
-1
55.66261+-6.40238
55.65466+-6.39816
-1
55.66418+-6.37254
55.66022+-6.37029
-1
55.66976+-6.3446
55.66578+-6.34243
-1
55.67533+-6.31658
55.67135+-6.31456
-1
55.68089+-6.28825
55.67691+-6.28669
-1
;
55.71758+-6.08298
55.71201+-6.11085
55.70645+-6.13871
55.70089+-6.16658
55.69532+-6.19445
55.68976+-6.22232
55.68419+-6.25018
-1
55.72147+-6.08559
55.71758+-6.08298
-1
55.71969+-6.11645
55.71201+-6.11085
-1
55.71033+-6.14139
55.70645+-6.13871
-1
55.70474+-6.16933
55.70089+-6.16658
-1
55.69913+-6.19733
55.69532+-6.19445
-1
55.6934+-6.22554
55.68976+-6.22232
-1
{EGPI-13/31}
$TYPE=5
55.73766+-6.42061
55.72911+-6.39523
55.72056+-6.36985
55.71201+-6.34448
55.70346+-6.3191
55.69491+-6.29372
55.68635+-6.26834
-1
55.74119+-6.41669
55.73766+-6.42061
-1
55.73602+-6.38705
55.72911+-6.39523
-1
55.72406+-6.36587
55.72056+-6.36985
-1
55.71549+-6.34043
55.71201+-6.34448
-1
55.70687+-6.31494
55.70346+-6.3191
-1
55.69812+-6.28929
55.69491+-6.29372
-1
;
55.62918+-6.09887
55.63773+-6.12424
55.64629+-6.1496
55.65485+-6.17497
55.6634+-6.20034
55.67196+-6.22571
55.68051+-6.25107
-1
55.63279+-6.09521
55.62918+-6.09887
-1
55.64506+-6.11731
55.63773+-6.12424
-1
55.64992+-6.14601
55.64629+-6.1496
-1
55.6585+-6.17145
55.65485+-6.17497
-1
55.66708+-6.19697
55.6634+-6.20034
-1
55.67568+-6.22278
55.67196+-6.22571
-1
