;
; © John Woodside
;
{EGTO-16/34}
$TYPE=5
51.44853+0.44283
51.43299+0.45249
51.41746+0.46214
51.40192+0.4718
51.38638+0.48145
51.37084+0.49111
51.3553+0.50076
-1
51.44996+0.4491
51.44853+0.44283
-1
51.43561+0.46511
51.43299+0.45249
-1
51.41884+0.46843
51.41746+0.46214
-1
51.40326+0.4781
51.40192+0.4718
-1
51.38764+0.48778
51.38638+0.48145
-1
51.37184+0.49743
51.37084+0.49111
-1
;
51.25616+0.56237
51.2717+0.55272
51.28723+0.54306
51.30277+0.53341
51.31831+0.52375
51.33385+0.5141
51.34938+0.50444
-1
51.25775+0.56853
51.25616+0.56237
-1
51.27508+0.56485
51.2717+0.55272
-1
51.28886+0.54919
51.28723+0.54306
-1
51.30444+0.53951
51.30277+0.53341
-1
51.32005+0.52978
51.31831+0.52375
-1
51.33577+0.51984
51.33385+0.5141
-1
{EGTO-02L/20R}
$TYPE=5
51.25618+0.44467
51.2717+0.45437
51.28723+0.46408
51.30276+0.47378
51.31828+0.48348
51.33381+0.49318
51.34933+0.50288
-1
51.25777+0.43851
51.25618+0.44467
-1
51.2751+0.44225
51.2717+0.45437
-1
51.28886+0.45795
51.28723+0.46408
-1
51.30443+0.46769
51.30276+0.47378
-1
51.32003+0.47746
51.31828+0.48348
-1
51.33574+0.48744
51.33381+0.49318
-1
;
51.44942+0.56543
51.4339+0.55572
51.41837+0.54602
51.40284+0.53632
51.38732+0.52661
51.37179+0.51691
51.35626+0.5072
-1
51.45085+0.55917
51.44942+0.56543
-1
51.43652+0.54311
51.4339+0.55572
-1
51.41976+0.53974
51.41837+0.54602
-1
51.40419+0.53002
51.40284+0.53632
-1
51.38858+0.52029
51.38732+0.52661
-1
51.3728+0.51059
51.37179+0.51691
-1