;
; © John Woodside
;
{EGKH-11/29}
$TYPE=5
51.18088+0.48138
51.177+0.50722
51.17313+0.53307
51.16926+0.55892
51.16538+0.58476
51.16151+0.61061
51.15763+0.63645
-1
51.18491+0.48305
51.18088+0.48138
-1
51.18497+0.51094
51.177+0.50722
-1
51.17714+0.53481
51.17313+0.53307
-1
51.17325+0.56072
51.16926+0.55892
-1
51.16934+0.58669
51.16538+0.58476
-1
51.16532+0.61288
51.16151+0.61061
-1
;
51.13261+0.80345
51.13648+0.77761
51.14036+0.75176
51.14424+0.72592
51.14811+0.70007
51.15199+0.67423
51.15586+0.64838
-1
51.13667+0.80486
51.13261+0.80345
-1
51.14464+0.78004
51.13648+0.77761
-1
51.14443+0.7531
51.14036+0.75176
-1
51.14831+0.72719
51.14424+0.72592
-1
51.15219+0.70121
51.14811+0.70007
-1
51.15604+0.67496
51.15199+0.67423
-1
