;
; © John Woodside
;
{EGCW-04/22}
$TYPE=5
52.54453+-3.24854
52.55826+-3.23298
52.572+-3.21742
52.58573+-3.20186
52.59946+-3.1863
52.61319+-3.17074
52.62692+-3.15518
-1
52.54696+-3.25411
52.54453+-3.24854
-1
52.5633+-3.24385
52.55826+-3.23298
-1
52.57446+-3.22295
52.572+-3.21742
-1
52.58822+-3.20734
52.58573+-3.20186
-1
52.60202+-3.19168
52.59946+-3.1863
-1
52.61589+-3.17577
52.61319+-3.17074
-1
;
52.71395+-3.05655
52.70022+-3.07212
52.68649+-3.08768
52.67276+-3.10325
52.65903+-3.11881
52.6453+-3.13438
52.63156+-3.14994
-1
52.71624+-3.06228
52.71395+-3.05655
-1
52.70458+-3.08376
52.70022+-3.07212
-1
52.68874+-3.09345
52.68649+-3.08768
-1
52.67497+-3.10905
52.67276+-3.10325
-1
52.66116+-3.12467
52.65903+-3.11881
-1
52.64718+-3.14033
52.6453+-3.13438
-1