;
; © John Woodside
;
{EGGP-09}
$TYPE=5
53.32011+-3.1443
53.32139+-3.11647
53.32267+-3.08864
53.32394+-3.06082
53.32522+-3.03299
53.3265+-3.00516
53.32778+-2.97733
53.32906+-2.94951
53.33034+-2.92168
53.33162+-2.89385
53.33289+-2.86602
-1
53.32842+-3.14502
53.32011+-3.1443
-1
53.32554+-3.11691
53.32139+-3.11647
-1
53.32682+-3.08907
53.32267+-3.08864
-1
53.3281+-3.06123
53.32394+-3.06082
-1
53.32938+-3.03338
53.32522+-3.03299
-1
53.3348+-3.00554
53.3265+-3.00516
-1
53.33194+-2.97765
53.32778+-2.97733
-1
53.33321+-2.94975
53.32906+-2.94951
-1
53.33448+-2.92178
53.33034+-2.92168
-1
53.33568+-2.89354
53.33162+-2.89385
-1
{EGGP-27}
$TYPE=5
53.34712+-2.5544
53.34585+-2.58223
53.34458+-2.61006
53.34331+-2.63789
53.34204+-2.66572
53.34077+-2.69355
53.3395+-2.72138
53.33823+-2.74921
53.33696+-2.77704
53.33569+-2.80487
53.33442+-2.83269
-1
53.35541+-2.55581
53.34712+-2.5544
-1
53.35+-2.58286
53.34585+-2.58223
-1
53.34873+-2.6107
53.34458+-2.61006
-1
53.34746+-2.63854
53.34331+-2.63789
-1
53.34619+-2.66639
53.34204+-2.66572
-1
53.34901+-2.6953
53.34077+-2.69355
-1
53.34364+-2.72212
53.3395+-2.72138
-1
53.34236+-2.75002
53.33823+-2.74921
-1
53.34107+-2.77799
53.33696+-2.77704
-1
53.33969+-2.80621
53.33569+-2.80487
-1
