;
; © John Woodside
;
{EGLC-10}
$TYPE=5
51.51058+-0.1147
51.50974+-0.08796
51.5089+-0.06121
51.50806+-0.03447
51.50722+-0.00773
51.50638+0.01902
51.50553+0.04576
-1
51.51473+-0.11422
51.51058+-0.1147
-1
51.518+-0.08662
51.50974+-0.08796
-1
51.51304+-0.06067
51.5089+-0.06121
-1
51.51219+-0.03386
51.50806+-0.03447
-1
51.51133+-0.00698
51.50722+-0.00773
-1
51.51039+0.02015
51.50638+0.01902
-1
{EGLC-27}
$TYPE=5
51.4965+0.33238
51.49735+0.30564
51.49819+0.2789
51.49903+0.25216
51.49988+0.22542
51.50072+0.19867
51.50156+0.17193
51.50241+0.14519
51.50325+0.11845
51.50409+0.09171
51.50493+0.06496
-1
51.50483+0.33273
51.4965+0.33238
-1
51.50151+0.30589
51.49735+0.30564
-1
51.50235+0.27913
51.49819+0.2789
-1
51.50319+0.25238
51.49903+0.25216
-1
51.50404+0.22561
51.49988+0.22542
-1
51.50902+0.19868
51.50072+0.19867
-1
51.50572+0.17206
51.50156+0.17193
-1
51.50656+0.14525
51.50241+0.14519
-1
51.50739+0.11837
51.50325+0.11845
-1
51.50815+0.09124
51.50409+0.09171
-1
