;
; © John Woodside
;
{EGNR-23}
$TYPE=5
53.30879+-2.78808
53.29621+-2.80633
53.28364+-2.82458
53.27106+-2.84283
53.25848+-2.86108
53.24591+-2.87933
53.23333+-2.89758
53.22075+-2.91583
53.20818+-2.93408
53.1956+-2.95233
53.18302+-2.97058
-1
53.3141+-2.79879
53.30879+-2.78808
-1
53.2989+-2.81164
53.29621+-2.80633
-1
53.28632+-2.8299
53.28364+-2.82458
-1
53.27374+-2.84816
53.27106+-2.84283
-1
53.26115+-2.86642
53.25848+-2.86108
-1
53.25104+-2.89023
53.24591+-2.87933
-1
53.23596+-2.90296
53.23333+-2.89758
-1
53.22335+-2.92125
53.22075+-2.91583
-1
53.2107+-2.93957
53.20818+-2.93408
-1
53.19788+-2.95797
53.1956+-2.95233
-1
{EGNR-05}
$TYPE=5
53.04747+-3.16714
53.06005+-3.14889
53.07263+-3.13065
53.08521+-3.11241
53.09778+-3.09417
53.11036+-3.07593
53.12294+-3.05768
53.13552+-3.03944
53.1481+-3.0212
53.16068+-3.00296
53.17325+-2.98471
-1
53.05309+-3.17739
53.04747+-3.16714
-1
53.06282+-3.15408
53.06005+-3.14889
-1
53.07541+-3.13583
53.07263+-3.13065
-1
53.08799+-3.11757
53.08521+-3.11241
-1
53.10058+-3.09931
53.09778+-3.09417
-1
53.11611+-3.08591
53.11036+-3.07593
-1
53.12577+-3.06278
53.12294+-3.05768
-1
53.13837+-3.04448
53.13552+-3.03944
-1
53.151+-3.02612
53.1481+-3.0212
-1
53.1637+-3.0075
53.16068+-3.00296
-1
