;
; © John Woodside
;
{EGLJ-06/24}
$TYPE=5
51.62023+-1.22613
51.62942+-1.20371
51.63861+-1.18128
51.6478+-1.15886
51.65699+-1.13644
51.66618+-1.11402
51.67536+-1.09159
-1
51.62375+-1.22971
51.62023+-1.22613
-1
51.63656+-1.21052
51.62942+-1.20371
-1
51.64215+-1.18481
51.63861+-1.18128
-1
51.65136+-1.16232
51.6478+-1.15886
-1
51.66058+-1.13977
51.65699+-1.13644
-1
51.66982+-1.11694
51.66618+-1.11402
-1
;
51.73685+-0.94154
51.72766+-0.96396
51.71847+-0.98639
51.70929+-1.00882
51.7001+-1.03125
51.69091+-1.05368
51.68172+-1.0761
-1
51.74027+-0.94535
51.73685+-0.94154
-1
51.73435+-0.97189
51.72766+-0.96396
-1
51.72187+-0.99026
51.71847+-0.98639
-1
51.71265+-1.01274
51.70929+-1.00882
-1
51.70341+-1.03527
51.7001+-1.03125
-1
51.69401+-1.05794
51.69091+-1.05368
-1
{EGLJ-13/31}
$TYPE=5
51.73501+-1.22969
51.72568+-1.20741
51.71635+-1.18514
51.70703+-1.16286
51.6977+-1.14059
51.68837+-1.11831
51.67904+-1.09603
-1
51.73841+-1.22582
51.73501+-1.22969
-1
51.73232+-1.19938
51.72568+-1.20741
-1
51.71973+-1.18121
51.71635+-1.18514
-1
51.71037+-1.15888
51.70703+-1.16286
-1
51.70098+-1.13651
51.6977+-1.14059
-1
51.69144+-1.114
51.68837+-1.11831
-1
;
51.614+-0.94089
51.62334+-0.96315
51.63267+-0.98542
51.642+-1.00769
51.65133+-1.02995
51.66066+-1.05222
51.66999+-1.07448
-1
51.6175+-0.93725
51.614+-0.94089
-1
51.63044+-0.95622
51.62334+-0.96315
-1
51.63619+-0.98184
51.63267+-0.98542
-1
51.64554+-1.00417
51.642+-1.00769
-1
51.6549+-1.02656
51.65133+-1.02995
-1
51.66429+-1.04923
51.66066+-1.05222
-1
{EGLJ-18/36}
$TYPE=5
51.782+-1.08449
51.76535+-1.0833
51.7487+-1.08212
51.73205+-1.08094
51.7154+-1.07976
51.69875+-1.07858
51.68209+-1.07739
-1
51.78209+-1.07777
51.782+-1.08449
-1
51.7653+-1.06991
51.76535+-1.0833
-1
51.74875+-1.07541
51.7487+-1.08212
-1
51.73206+-1.07424
51.73205+-1.08094
-1
51.71532+-1.07308
51.7154+-1.07976
-1
51.69843+-1.07203
51.69875+-1.07858
-1
;
51.57124+-1.06954
51.58789+-1.07072
51.60454+-1.0719
51.62119+-1.07308
51.63784+-1.07426
51.65449+-1.07544
51.67114+-1.07662
-1
51.57151+-1.06284
51.57124+-1.06954
-1
51.58867+-1.05739
51.58789+-1.07072
-1
51.60486+-1.06521
51.60454+-1.0719
-1
51.62155+-1.0664
51.62119+-1.07308
-1
51.63828+-1.06762
51.63784+-1.07426
-1
51.65517+-1.06897
51.65449+-1.07544
-1