;
; © John Woodside
;
{EGMC-24}
$TYPE=5
51.67244+0.92072
51.66268+0.89898
51.65293+0.87723
51.64317+0.85549
51.63341+0.83375
51.62366+0.81201
51.6139+0.79026
51.60414+0.76852
51.59439+0.74678
51.58463+0.72504
51.57487+0.70329
-1
51.67906+0.91261
51.67244+0.92072
-1
51.66603+0.89498
51.66268+0.89898
-1
51.65626+0.87323
51.65293+0.87723
-1
51.6465+0.85147
51.64317+0.85549
-1
51.63674+0.82971
51.63341+0.83375
-1
51.63014+0.80366
51.62366+0.81201
-1
51.6172+0.78618
51.6139+0.79026
-1
51.60741+0.76439
51.60414+0.76852
-1
51.59759+0.74255
51.59439+0.74678
-1
51.58762+0.72058
51.58463+0.72504
-1
{EGMC-06}
$TYPE=5
51.50959+0.55783
51.51935+0.57956
51.52911+0.6013
51.53887+0.62304
51.54863+0.64477
51.55839+0.66651
51.56814+0.68824
-1
51.51302+0.55402
51.50959+0.55783
-1
51.52632+0.57229
51.51935+0.57956
-1
51.53256+0.59755
51.52911+0.6013
-1
51.54234+0.61935
51.53887+0.62304
-1
51.55213+0.64121
51.54863+0.64477
-1
51.56195+0.66335
51.55839+0.66651
-1
