;
; © John Woodside
;
{EGBJ-09/27}
$TYPE=5
51.88266+-2.33674
51.88447+-2.3099
51.88629+-2.28305
51.8881+-2.2562
51.88992+-2.22936
51.89173+-2.20251
51.89354+-2.17566
-1
51.88681+-2.33734
51.88266+-2.33674
-1
51.89276+-2.31069
51.88447+-2.3099
-1
51.89044+-2.28358
51.88629+-2.28305
-1
51.89225+-2.25666
51.8881+-2.2562
-1
51.89405+-2.22967
51.88992+-2.22936
-1
51.8958+-2.20242
51.89173+-2.20251
-1
;
51.90537+-2.0003
51.90356+-2.02715
51.90175+-2.05399
51.89994+-2.08084
51.89813+-2.10769
51.89632+-2.13454
51.8945+-2.16138
-1
51.9095+-2.00117
51.90537+-2.0003
-1
51.91176+-2.02927
51.90356+-2.02715
-1
51.90587+-2.05494
51.90175+-2.05399
-1
51.90405+-2.08185
51.89994+-2.08084
-1
51.90221+-2.10883
51.89813+-2.10769
-1
51.90028+-2.13605
51.89632+-2.13454
-1
{EGBJ-04/22}
$TYPE=5
51.80632+-2.2602
51.82004+-2.24485
51.83375+-2.22951
51.84747+-2.21417
51.86118+-2.19883
51.8749+-2.18349
51.88861+-2.16814
-1
51.80876+-2.26567
51.80632+-2.2602
-1
51.82509+-2.25553
51.82004+-2.24485
-1
51.83622+-2.23494
51.83375+-2.22951
-1
51.84997+-2.21955
51.84747+-2.21417
-1
51.86374+-2.2041
51.86118+-2.19883
-1
51.87761+-2.18842
51.8749+-2.18349
-1
;
51.97753+-2.06869
51.96381+-2.08403
51.9501+-2.09938
51.93638+-2.11472
51.92267+-2.13007
51.90895+-2.14541
51.89523+-2.16075
-1
51.97982+-2.07432
51.97753+-2.06869
-1
51.96818+-2.09547
51.96381+-2.08403
-1
51.95235+-2.10504
51.9501+-2.09938
-1
51.9386+-2.12042
51.93638+-2.11472
-1
51.9248+-2.13582
51.92267+-2.13007
-1
51.91084+-2.15126
51.90895+-2.14541
-1
{EGBJ-18/36}
$TYPE=5
51.99622+-2.18348
51.97965+-2.18061
51.96308+-2.17775
51.9465+-2.17488
51.92993+-2.17202
51.91336+-2.16915
51.89678+-2.16628
-1
51.99658+-2.17675
51.99622+-2.18348
-1
51.98012+-2.16718
51.97965+-2.18061
-1
51.96339+-2.17102
51.96308+-2.17775
-1
51.94677+-2.16816
51.9465+-2.17488
-1
51.93011+-2.16531
51.92993+-2.17202
-1
51.91329+-2.16255
51.91336+-2.16915
-1
;
51.79021+-2.14787
51.80678+-2.15073
51.82335+-2.1536
51.83993+-2.15646
51.8565+-2.15933
51.87307+-2.16219
51.88964+-2.16505
-1
51.79074+-2.14117
51.79021+-2.14787
-1
51.80807+-2.13744
51.80678+-2.15073
-1
51.82392+-2.14692
51.82335+-2.1536
-1
51.84054+-2.1498
51.83993+-2.15646
-1
51.85719+-2.15271
51.8565+-2.15933
-1
51.874+-2.15576
51.87307+-2.16219
-1
