;
; © John Woodside
;
{EGBP-08/26}
$TYPE=5
51.65017+-2.22763
51.65295+-2.20113
51.65573+-2.17464
51.65851+-2.14814
51.66129+-2.12165
51.66407+-2.09515
51.66684+-2.06865
-1
51.65429+-2.22861
51.65017+-2.22763
-1
51.66119+-2.2027
51.65295+-2.20113
-1
51.65985+-2.17555
51.65573+-2.17464
-1
51.66263+-2.14898
51.65851+-2.14814
-1
51.66541+-2.12235
51.66129+-2.12165
-1
51.66813+-2.09545
51.66407+-2.09515
-1
;
51.68585+-1.88723
51.68307+-1.91372
51.6803+-1.94022
51.67753+-1.96672
51.67475+-1.99322
51.67198+-2.01972
51.6692+-2.04621
-1
51.68994+-1.88848
51.68585+-1.88723
-1
51.69118+-1.91661
51.68307+-1.91372
-1
51.68438+-1.94154
51.6803+-1.94022
-1
51.68159+-1.96811
51.67753+-1.96672
-1
51.67879+-1.99474
51.67475+-1.99322
-1
51.67588+-2.02159
51.67198+-2.01972
-1