;
; © John Woodside
;
{EGKA-02/20}
$TYPE=5
50.73977+-0.35736
50.75526+-0.34765
50.77076+-0.33793
50.78626+-0.32822
50.80175+-0.3185
50.81725+-0.30879
50.83274+-0.29907
-1
50.74138+-0.36344
50.73977+-0.35736
-1
50.7587+-0.35961
50.75526+-0.34765
-1
50.77241+-0.34398
50.77076+-0.33793
-1
50.78795+-0.33423
50.78626+-0.32822
-1
50.80351+-0.32444
50.80175+-0.3185
-1
50.8192+-0.31445
50.81725+-0.30879
-1
;
50.93207+-0.23679
50.91657+-0.24651
50.90108+-0.25623
50.88558+-0.26595
50.87009+-0.27567
50.85459+-0.28539
50.83909+-0.2951
-1
50.93352+-0.24297
50.93207+-0.23679
-1
50.91924+-0.25895
50.91657+-0.24651
-1
50.90249+-0.26242
50.90108+-0.25623
-1
50.88695+-0.27216
50.88558+-0.26595
-1
50.87137+-0.2819
50.87009+-0.27567
-1
50.85562+-0.29163
50.85459+-0.28539
-1
{EGKA-13/31}
$TYPE=5
50.89545+-0.42453
50.88593+-0.40287
50.87641+-0.3812
50.8669+-0.35953
50.85738+-0.33787
50.84786+-0.3162
50.83834+-0.29453
-1
50.89881+-0.42066
50.89545+-0.42453
-1
50.8925+-0.39483
50.88593+-0.40287
-1
50.87975+-0.37727
50.87641+-0.3812
-1
50.87021+-0.35555
50.8669+-0.35953
-1
50.86063+-0.33379
50.85738+-0.33787
-1
50.8509+-0.3119
50.84786+-0.3162
-1
;
50.77914+-0.15976
50.78866+-0.18143
50.79818+-0.20309
50.80769+-0.22476
50.81721+-0.24642
50.82673+-0.26809
50.83624+-0.28975
-1
50.78261+-0.15611
50.77914+-0.15976
-1
50.79571+-0.17447
50.78866+-0.18143
-1
50.80167+-0.1995
50.79818+-0.20309
-1
50.8112+-0.22123
50.80769+-0.22476
-1
50.82075+-0.24302
50.81721+-0.24642
-1
50.83033+-0.26508
50.82673+-0.26809
-1