;
; © John Woodside
;
{EGAD-04/22}
$TYPE=5
54.49247+-5.78466
54.50672+-5.76975
54.52097+-5.75484
54.53522+-5.73993
54.54947+-5.72502
54.56372+-5.71011
54.57797+-5.6952
-1
54.4947+-5.79072
54.49247+-5.78466
-1
54.51137+-5.78161
54.50672+-5.76975
-1
54.52324+-5.76086
54.52097+-5.75484
-1
54.53752+-5.7459
54.53522+-5.73993
-1
54.55184+-5.73089
54.54947+-5.72502
-1
54.56624+-5.71563
54.56372+-5.71011
-1
;
54.66898+-5.60002
54.65473+-5.61493
54.64048+-5.62984
54.62623+-5.64475
54.61198+-5.65966
54.59773+-5.67457
54.58347+-5.68948
-1
54.67107+-5.60624
54.66898+-5.60002
-1
54.65868+-5.62753
54.65473+-5.61493
-1
54.64253+-5.63609
54.64048+-5.62984
-1
54.62823+-5.65103
54.62623+-5.64475
-1
54.6139+-5.66599
54.61198+-5.65966
-1
54.5994+-5.68098
54.59773+-5.67457
-1
{EGAD-08/26}
$TYPE=5
54.55749+-5.86531
54.56127+-5.8373
54.56504+-5.80929
54.56882+-5.78128
54.5726+-5.75327
54.57638+-5.72526
54.58015+-5.69725
-1
54.56156+-5.86679
54.55749+-5.86531
-1
54.56944+-5.83985
54.56127+-5.8373
-1
54.56912+-5.8107
54.56504+-5.80929
-1
54.57291+-5.78262
54.56882+-5.78128
-1
54.57669+-5.75446
54.5726+-5.75327
-1
54.58043+-5.72601
54.57638+-5.72526
-1
;
54.60395+-5.52068
54.60018+-5.54869
54.5964+-5.5767
54.59263+-5.60471
54.58885+-5.63272
54.58508+-5.66073
54.5813+-5.68874
-1
54.60799+-5.52245
54.60395+-5.52068
-1
54.60816+-5.55263
54.60018+-5.54869
-1
54.60042+-5.57855
54.5964+-5.5767
-1
54.59663+-5.60663
54.59263+-5.60471
-1
54.59282+-5.63477
54.58885+-5.63272
-1
54.5889+-5.66315
54.58508+-5.66073
-1
{EGAD-16/34}
$TYPE=5
54.6709+-5.78002
54.65654+-5.76542
54.64218+-5.75082
54.62782+-5.73622
54.61346+-5.72162
54.5991+-5.70702
54.58474+-5.69241
-1
54.67294+-5.77376
54.6709+-5.78002
-1
54.66039+-5.75273
54.65654+-5.76542
-1
54.64418+-5.74452
54.64218+-5.75082
-1
54.62978+-5.72989
54.62782+-5.73622
-1
54.61534+-5.71525
54.61346+-5.72162
-1
54.60073+-5.70057
54.5991+-5.70702
-1
;
54.49489+-5.60106
54.50925+-5.61566
54.52361+-5.63026
54.53797+-5.64486
54.55233+-5.65946
54.56669+-5.67406
54.58104+-5.68866
-1
54.49708+-5.59495
54.49489+-5.60106
-1
54.51382+-5.6037
54.50925+-5.61566
-1
54.52583+-5.6242
54.52361+-5.63026
-1
54.54022+-5.63884
54.53797+-5.64486
-1
54.55465+-5.65354
54.55233+-5.65946
-1
54.56917+-5.66849
54.56669+-5.67406
-1