;
; © John Woodside
;
{EGTG-09}
$TYPE=5
51.51861+-2.87335
51.51869+-2.84656
51.51877+-2.81978
51.51885+-2.79299
51.51892+-2.76621
51.519+-2.73943
51.51908+-2.71264
51.51916+-2.68586
51.51924+-2.65907
51.51932+-2.63229
51.51939+-2.6055
-1
51.52693+-2.87308
51.51861+-2.87335
-1
51.52285+-2.8465
51.51869+-2.84656
-1
51.52293+-2.81971
51.51877+-2.81978
-1
51.52301+-2.79291
51.51885+-2.79299
-1
51.52309+-2.7661
51.51892+-2.76621
-1
51.5273+-2.73882
51.519+-2.73943
-1
51.52324+-2.71246
51.51908+-2.71264
-1
51.52331+-2.68561
51.51916+-2.68586
-1
51.52337+-2.65869
51.51924+-2.65907
-1
51.52336+-2.63152
51.51932+-2.63229
-1
{EGTG-27}
$TYPE=5
51.5202+-2.30903
51.52013+-2.33582
51.52006+-2.3626
51.51998+-2.38938
51.51991+-2.41617
51.51984+-2.44295
51.51977+-2.46974
51.51969+-2.49652
51.51962+-2.52331
51.51955+-2.55009
51.51947+-2.57687
-1
51.52852+-2.30942
51.5202+-2.30903
-1
51.52429+-2.33594
51.52013+-2.33582
-1
51.52422+-2.36273
51.52006+-2.3626
-1
51.52415+-2.38953
51.51998+-2.38938
-1
51.52407+-2.41634
51.51991+-2.41617
-1
51.52813+-2.44368
51.51984+-2.44295
-1
51.52392+-2.46998
51.51977+-2.46974
-1
51.52384+-2.49683
51.51969+-2.49652
-1
51.52375+-2.52375
51.51962+-2.52331
-1
51.52359+-2.55092
51.51955+-2.55009
-1
