;
; © John Woodside
;
{EGLL-09L}
$TYPE=5
51.47559+-1.02021
51.47568+-0.99346
51.47578+-0.9667
51.47587+-0.93994
51.47597+-0.91318
51.47607+-0.88642
51.47616+-0.85966
51.47626+-0.8329
51.47635+-0.80614
51.47645+-0.77938
51.47655+-0.75262
51.47664+-0.72586
51.47674+-0.6991
51.47683+-0.67234
51.47693+-0.64558
51.47703+-0.61882
51.47712+-0.59206
51.47722+-0.5653
51.47731+-0.53854
51.47741+-0.51178
51.4775+-0.48502
-1
51.48392+-1.02012
51.47559+-1.02021
-1
51.47985+-0.99345
51.47568+-0.99346
-1
51.47994+-0.96669
51.47578+-0.9667
-1
51.48004+-0.93993
51.47587+-0.93994
-1
51.48014+-0.91316
51.47597+-0.91318
-1
51.48439+-0.88627
51.47607+-0.88642
-1
51.48033+-0.85964
51.47616+-0.85966
-1
51.48042+-0.83287
51.47626+-0.8329
-1
51.48052+-0.80611
51.47635+-0.80614
-1
51.48061+-0.77934
51.47645+-0.77938
-1
51.48487+-0.75236
51.47655+-0.75262
-1
51.48081+-0.72581
51.47664+-0.72586
-1
51.4809+-0.69903
51.47674+-0.6991
-1
51.481+-0.67226
51.47683+-0.67234
-1
51.48109+-0.64548
51.47693+-0.64558
-1
51.48532+-0.61824
51.47703+-0.61882
-1
51.48128+-0.59189
51.47712+-0.59206
-1
51.48137+-0.56506
51.47722+-0.5653
-1
51.48145+-0.53817
51.47731+-0.53854
-1
51.48145+-0.51102
51.47741+-0.51178
-1
{EGLL-09R}
$TYPE=5
51.46294+-1.01741
51.46304+-0.99065
51.46313+-0.9639
51.46322+-0.93715
51.46332+-0.9104
51.46341+-0.88365
51.4635+-0.85689
51.46359+-0.83014
51.46369+-0.80339
51.46378+-0.77664
51.46387+-0.74989
51.46397+-0.72313
51.46406+-0.69638
51.46415+-0.66963
51.46425+-0.64288
51.46434+-0.61613
51.46443+-0.58937
51.46453+-0.56262
51.46462+-0.53587
51.46471+-0.50912
51.4648+-0.48236
-1
51.45461+-1.01716
51.46294+-1.01741
-1
51.45887+-0.99057
51.46304+-0.99065
-1
51.45896+-0.96382
51.46313+-0.9639
-1
51.45906+-0.93706
51.46322+-0.93715
-1
51.45915+-0.91031
51.46332+-0.9104
-1
51.45508+-0.88335
51.46341+-0.88365
-1
51.45934+-0.8568
51.4635+-0.85689
-1
51.45943+-0.83004
51.46359+-0.83014
-1
51.45952+-0.80328
51.46369+-0.80339
-1
51.45962+-0.77652
51.46378+-0.77664
-1
51.45555+-0.74948
51.46387+-0.74989
-1
51.4598+-0.723
51.46397+-0.72313
-1
51.4599+-0.69624
51.46406+-0.69638
-1
51.45999+-0.66947
51.46415+-0.66963
-1
51.46008+-0.6427
51.46425+-0.64288
-1
51.45605+-0.61539
51.46434+-0.61613
-1
51.46027+-0.58913
51.46443+-0.58937
-1
51.46037+-0.56231
51.46453+-0.56262
-1
51.46049+-0.53542
51.46462+-0.53587
-1
51.46067+-0.50828
51.46471+-0.50912
-1
{EGLL-27L}
$TYPE=5
51.46658+0.10093
51.4665+0.07418
51.46642+0.04743
51.46634+0.02067
51.46626+-0.00609
51.46618+-0.03284
51.4661+-0.05959
51.46601+-0.08635
51.46593+-0.1131
51.46585+-0.13985
51.46577+-0.1666
51.46569+-0.19335
51.46561+-0.22011
51.46553+-0.24686
51.46544+-0.27361
51.46536+-0.30036
51.46528+-0.32712
51.4652+-0.35387
51.46512+-0.38062
51.46504+-0.40737
51.46495+-0.43412
-1
51.45825+0.10083
51.46658+0.10093
-1
51.46234+0.07417
51.4665+0.07418
-1
51.46225+0.04741
51.46642+0.04743
-1
51.46217+0.02066
51.46634+0.02067
-1
51.46209+-0.00611
51.46626+-0.00609
-1
51.45785+-0.033
51.46618+-0.03284
-1
51.46193+-0.05962
51.4661+-0.05959
-1
51.46185+-0.08638
51.46601+-0.08635
-1
51.46177+-0.11314
51.46593+-0.1131
-1
51.46169+-0.13989
51.46585+-0.13985
-1
51.45745+-0.16687
51.46577+-0.1666
-1
51.46152+-0.19341
51.46569+-0.19335
-1
51.46144+-0.22018
51.46561+-0.22011
-1
51.46136+-0.24695
51.46553+-0.24686
-1
51.46128+-0.27372
51.46544+-0.27361
-1
51.45707+-0.30096
51.46536+-0.30036
-1
51.46112+-0.32729
51.46528+-0.32712
-1
51.46105+-0.35411
51.4652+-0.35387
-1
51.46098+-0.381
51.46512+-0.38062
-1
51.46099+-0.40814
51.46504+-0.40737
-1
{EGLL-27R}
$TYPE=5
51.47937+0.10194
51.47929+0.07518
51.4792+0.04842
51.47912+0.02166
51.47903+-0.00511
51.47895+-0.03187
51.47887+-0.05863
51.47878+-0.08539
51.4787+-0.11215
51.47861+-0.13891
51.47853+-0.16567
51.47844+-0.19243
51.47836+-0.21919
51.47828+-0.24595
51.47819+-0.27271
51.47811+-0.29947
51.47802+-0.32623
51.47794+-0.35299
51.47785+-0.37975
51.47777+-0.40651
51.47768+-0.43326
-1
51.4877+0.1017
51.47937+0.10194
-1
51.48345+0.0751
51.47929+0.07518
-1
51.48337+0.04834
51.4792+0.04842
-1
51.48329+0.02158
51.47912+0.02166
-1
51.4832+-0.0052
51.47903+-0.00511
-1
51.48728+-0.03216
51.47895+-0.03187
-1
51.48303+-0.05872
51.47887+-0.05863
-1
51.48295+-0.08549
51.47878+-0.08539
-1
51.48286+-0.11225
51.4787+-0.11215
-1
51.48278+-0.13902
51.47861+-0.13891
-1
51.48685+-0.16607
51.47853+-0.16567
-1
51.48261+-0.19255
51.47844+-0.19243
-1
51.48252+-0.21933
51.47836+-0.21919
-1
51.48244+-0.2461
51.47828+-0.24595
-1
51.48235+-0.27288
51.47819+-0.27271
-1
51.4864+-0.3002
51.47811+-0.29947
-1
51.48218+-0.32647
51.47802+-0.32623
-1
51.48209+-0.3533
51.47794+-0.35299
-1
51.48199+-0.38019
51.47785+-0.37975
-1
51.48181+-0.40734
51.47777+-0.40651
-1