;
; © John Woodside
;
{EGPU-05/23}
$TYPE=5
56.42653+-7.01036
56.43789+-6.98828
56.44926+-6.9662
56.46063+-6.94412
56.47199+-6.92204
56.48336+-6.89996
56.49472+-6.87787
-1
56.42963+-7.01539
56.42653+-7.01036
-1
56.44424+-6.99798
56.43789+-6.98828
-1
56.45239+-6.97117
56.44926+-6.9662
-1
56.46378+-6.94902
56.46063+-6.94412
-1
56.47519+-6.9268
56.47199+-6.92204
-1
56.48665+-6.90429
56.48336+-6.89996
-1
;
56.57119+-6.72926
56.55983+-6.75134
56.54846+-6.77343
56.53709+-6.79552
56.52573+-6.8176
56.51436+-6.83969
56.50299+-6.86177
-1
56.57418+-6.73452
56.57119+-6.72926
-1
56.56561+-6.76214
56.55983+-6.75134
-1
56.55141+-6.77874
56.54846+-6.77343
-1
56.54001+-6.80088
56.53709+-6.79552
-1
56.52858+-6.82305
56.52573+-6.8176
-1
56.51698+-6.84534
56.51436+-6.83969
-1
{EGPU-11/29}
$TYPE=5
56.53153+-7.05256
56.52664+-7.0237
56.52174+-6.99483
56.51685+-6.96596
56.51196+-6.93709
56.50707+-6.90822
56.50217+-6.87935
-1
56.53548+-7.0502
56.53153+-7.05256
-1
56.53444+-7.01857
56.52664+-7.0237
-1
56.52568+-6.99239
56.52174+-6.99483
-1
56.52077+-6.96345
56.51685+-6.96596
-1
56.51584+-6.93445
56.51196+-6.93709
-1
56.51079+-6.90521
56.50707+-6.90822
-1
;
56.47069+-6.69358
56.47558+-6.72244
56.48048+-6.75131
56.48537+-6.78018
56.49026+-6.80904
56.49515+-6.83791
56.50004+-6.86677
-1
56.4747+-6.69151
56.47069+-6.69358
-1
56.48363+-6.71875
56.47558+-6.72244
-1
56.48449+-6.74932
56.48048+-6.75131
-1
56.48939+-6.77827
56.48537+-6.78018
-1
56.49429+-6.80729
56.49026+-6.80904
-1
56.49916+-6.83662
56.49515+-6.83791
-1
{EGPU-17/35}
$TYPE=5
56.60453+-6.9178
56.58828+-6.91108
56.57203+-6.90437
56.55578+-6.89766
56.53953+-6.89095
56.52328+-6.88424
56.50703+-6.87752
-1
56.60538+-6.91041
56.60453+-6.9178
-1
56.58972+-6.89627
56.58828+-6.91108
-1
56.57283+-6.89697
56.57203+-6.90437
-1
56.55654+-6.89025
56.55578+-6.89766
-1
56.5402+-6.88354
56.53953+-6.89095
-1
56.5237+-6.87689
56.52328+-6.88424
-1
;
56.40432+-6.8351
56.42057+-6.84181
56.43682+-6.84852
56.45307+-6.85523
56.46932+-6.86194
56.48557+-6.86865
56.50181+-6.87536
-1
56.40533+-6.82778
56.40432+-6.8351
-1
56.42281+-6.82733
56.42057+-6.84181
-1
56.43787+-6.84123
56.43682+-6.84852
-1
56.45416+-6.84797
56.45307+-6.85523
-1
56.47048+-6.85474
56.46932+-6.86194
-1
56.48695+-6.86171
56.48557+-6.86865
-1
