;
; © John Woodside
;
{EGEC-11/29}
$TYPE=5
55.46835+-5.87634
55.46374+-5.8481
55.45914+-5.81987
55.45453+-5.79163
55.44992+-5.7634
55.44531+-5.73516
55.4407+-5.70692
-1
55.47233+-5.87416
55.46835+-5.87634
-1
55.4716+-5.84336
55.46374+-5.8481
-1
55.4631+-5.81762
55.45914+-5.81987
-1
55.45847+-5.78932
55.45453+-5.79163
-1
55.45382+-5.76095
55.44992+-5.7634
-1
55.44906+-5.73235
55.44531+-5.73516
-1
;
55.40683+-5.49995
55.41145+-5.52818
55.41607+-5.5564
55.42069+-5.58463
55.42531+-5.61285
55.42993+-5.64108
55.43454+-5.6693
-1
55.41085+-5.49806
55.40683+-5.49995
-1
55.41953+-5.52483
55.41145+-5.52818
-1
55.4201+-5.55459
55.41607+-5.5564
-1
55.42473+-5.58289
55.42069+-5.58463
-1
55.42935+-5.61127
55.42531+-5.61285
-1
55.43395+-5.63995
55.42993+-5.64108
-1
