;
; © John Woodside
;
{EGSH-27}
$TYPE=5
52.67808+1.57115
52.67788+1.54366
52.67767+1.51617
52.67747+1.48869
52.67727+1.4612
52.67706+1.43372
52.67686+1.40623
52.67666+1.37874
52.67645+1.35126
52.67625+1.32377
52.67604+1.29628
-1
52.6864+1.57064
52.67808+1.57115
-1
52.68204+1.54348
52.67788+1.54366
-1
52.68184+1.51598
52.67767+1.51617
-1
52.68163+1.48848
52.67747+1.48869
-1
52.68143+1.46097
52.67727+1.4612
-1
52.68535+1.43287
52.67706+1.43372
-1
52.68102+1.40593
52.67686+1.40623
-1
52.68081+1.37837
52.67666+1.37874
-1
52.68058+1.35075
52.67645+1.35126
-1
52.68028+1.32287
52.67625+1.32377
-1
{EGSH-09}
$TYPE=5
52.67459+1.10415
52.6748+1.13164
52.67501+1.15912
52.67522+1.18661
52.67543+1.21409
52.67564+1.24158
52.67584+1.26906
-1
52.67875+1.10421
52.67459+1.10415
-1
52.68309+1.13215
52.6748+1.13164
-1
52.67917+1.15925
52.67501+1.15912
-1
52.67937+1.18681
52.67522+1.18661
-1
52.67956+1.21443
52.67543+1.21409
-1
52.67968+1.24232
52.67564+1.24158
-1