;
; © John Woodside
;
{EGHA-08/26}
$TYPE=5
50.94428+-2.31403
50.94799+-2.28823
50.95169+-2.26243
50.95539+-2.23662
50.9591+-2.21082
50.9628+-2.18502
50.9665+-2.15921
-1
50.94836+-2.31537
50.94428+-2.31403
-1
50.95616+-2.29051
50.94799+-2.28823
-1
50.95577+-2.26369
50.95169+-2.26243
-1
50.95948+-2.23782
50.95539+-2.23662
-1
50.96319+-2.21188
50.9591+-2.21082
-1
50.96685+-2.18567
50.9628+-2.18502
-1
;
50.99032+-1.9933
50.98661+-2.01911
50.98291+-2.04491
50.97921+-2.07071
50.9755+-2.09652
50.9718+-2.12232
50.96809+-2.14812
-1
50.99436+-1.99491
50.99032+-1.9933
-1
50.99461+-2.02267
50.98661+-2.01911
-1
50.98694+-2.04658
50.98291+-2.04491
-1
50.98322+-2.07245
50.97921+-2.07071
-1
50.97948+-2.09838
50.9755+-2.09652
-1
50.97563+-2.12452
50.9718+-2.12232
-1
