;
; © John Woodside
;
{EGNW-03/21}
$TYPE=5
53.22435+-0.4219
53.23942+-0.41
53.2545+-0.3981
53.26957+-0.3862
53.28465+-0.3743
53.29972+-0.3624
53.31479+-0.35049
-1
53.2262+-0.42814
53.22435+-0.4219
-1
53.24333+-0.42225
53.23942+-0.41
-1
53.25639+-0.4043
53.2545+-0.3981
-1
53.2715+-0.39236
53.26957+-0.3862
-1
53.28664+-0.38037
53.28465+-0.3743
-1
53.3019+-0.36816
53.29972+-0.3624
-1
;
53.40954+-0.27571
53.39447+-0.28761
53.37939+-0.29951
53.36432+-0.31141
53.34924+-0.32331
53.33417+-0.33521
53.31909+-0.34711
-1
53.41124+-0.28207
53.40954+-0.27571
-1
53.39763+-0.30046
53.39447+-0.28761
-1
53.38105+-0.3059
53.37939+-0.29951
-1
53.36593+-0.31782
53.36432+-0.31141
-1
53.35077+-0.32976
53.34924+-0.32331
-1
53.33544+-0.34169
53.33417+-0.33521
-1
{EGNW-16/34}
$TYPE=5
53.406+-0.43519
53.39153+-0.42134
53.37706+-0.40749
53.3626+-0.39363
53.34813+-0.37978
53.33366+-0.36593
53.31919+-0.35207
-1
53.40799+-0.42907
53.406+-0.43519
-1
53.39529+-0.40895
53.39153+-0.42134
-1
53.37902+-0.40134
53.37706+-0.40749
-1
53.36451+-0.38746
53.3626+-0.39363
-1
53.34996+-0.37356
53.34813+-0.37978
-1
53.33524+-0.35964
53.33366+-0.36593
-1
;
53.22854+-0.26528
53.24301+-0.27914
53.25748+-0.29299
53.27194+-0.30684
53.28641+-0.32069
53.30088+-0.33454
53.31534+-0.34839
-1
53.23068+-0.25931
53.22854+-0.26528
-1
53.24749+-0.26743
53.24301+-0.27914
-1
53.25965+-0.28705
53.25748+-0.29299
-1
53.27416+-0.30095
53.27194+-0.30684
-1
53.28869+-0.3149
53.28641+-0.32069
-1
53.30332+-0.32908
53.30088+-0.33454
-1