;
; © John Woodside
;
{EGHC-16/34}
$TYPE=5
50.19829+-5.7299
50.18281+-5.72027
50.16733+-5.71064
50.15185+-5.70101
50.13637+-5.69138
50.12089+-5.68175
50.1054+-5.67212
-1
50.19975+-5.72382
50.19829+-5.7299
-1
50.18549+-5.70802
50.18281+-5.72027
-1
50.16875+-5.70454
50.16733+-5.71064
-1
50.15322+-5.6949
50.15185+-5.70101
-1
50.13766+-5.68525
50.13637+-5.69138
-1
50.12192+-5.67561
50.12089+-5.68175
-1
;
50.00658+-5.61068
50.02206+-5.6203
50.03754+-5.62993
50.05302+-5.63956
50.0685+-5.64919
50.08398+-5.65882
50.09946+-5.66844
-1
50.00821+-5.6047
50.00658+-5.61068
-1
50.02552+-5.60854
50.02206+-5.6203
-1
50.03921+-5.62399
50.03754+-5.62993
-1
50.05472+-5.63365
50.05302+-5.63956
-1
50.07028+-5.64335
50.0685+-5.64919
-1
50.08594+-5.65325
50.08398+-5.65882
-1
{EGHC-07/25}
$TYPE=5
50.0588+-5.81963
50.06591+-5.79613
50.07303+-5.77263
50.08014+-5.74913
50.08725+-5.72563
50.09436+-5.70213
50.10147+-5.67863
-1
50.0626+-5.82228
50.0588+-5.81963
-1
50.07359+-5.80106
50.06591+-5.79613
-1
50.07684+-5.77521
50.07303+-5.77263
-1
50.08397+-5.75165
50.08014+-5.74913
-1
50.0911+-5.72802
50.08725+-5.72563
-1
50.09823+-5.70412
50.09436+-5.70213
-1
;
50.14658+-5.52962
50.13947+-5.55312
50.13235+-5.57662
50.12524+-5.60012
50.11813+-5.62362
50.11102+-5.64712
50.1039+-5.67062
-1
50.15031+-5.53252
50.14658+-5.52962
-1
50.14679+-5.55922
50.13947+-5.55312
-1
50.13606+-5.57957
50.13235+-5.57662
-1
50.12892+-5.60313
50.12524+-5.60012
-1
50.12176+-5.62674
50.11813+-5.62362
-1
50.11446+-5.65052
50.11102+-5.64712
-1
{EGHC-02/20}
$TYPE=5
50.00695+-5.72665
50.02264+-5.71792
50.03834+-5.70919
50.05404+-5.70046
50.06974+-5.69173
50.08544+-5.683
50.10113+-5.67427
-1
50.00843+-5.73272
50.00695+-5.72665
-1
50.02582+-5.72988
50.02264+-5.71792
-1
50.03986+-5.71523
50.03834+-5.70919
-1
50.0556+-5.70647
50.05404+-5.70046
-1
50.07137+-5.69767
50.06974+-5.69173
-1
50.08726+-5.68868
50.08544+-5.683
-1
;
50.19909+-5.61981
50.1834+-5.62854
50.1677+-5.63727
50.152+-5.646
50.1363+-5.65473
50.1206+-5.66346
50.1049+-5.67218
-1
50.20041+-5.62597
50.19909+-5.61981
-1
50.18579+-5.64093
50.1834+-5.62854
-1
50.16897+-5.64344
50.1677+-5.63727
-1
50.15323+-5.65218
50.152+-5.646
-1
50.13745+-5.66093
50.1363+-5.65473
-1
50.12149+-5.66965
50.1206+-5.66346
-1
{EGHC-12/30}
$TYPE=5
50.14116+-5.81832
50.13472+-5.79436
50.12828+-5.77039
50.12183+-5.74643
50.11539+-5.72246
50.10895+-5.6985
50.1025+-5.67453
-1
50.14497+-5.81569
50.14116+-5.81832
-1
50.14221+-5.78877
50.13472+-5.79436
-1
50.13206+-5.7677
50.12828+-5.77039
-1
50.1256+-5.74368
50.12183+-5.74643
-1
50.1191+-5.7196
50.11539+-5.72246
-1
50.11248+-5.69535
50.10895+-5.6985
-1
;
50.0624+-5.52535
50.06884+-5.54932
50.07528+-5.57328
50.08173+-5.59724
50.08817+-5.62121
50.09461+-5.64517
50.10105+-5.66913
-1
50.06627+-5.52297
50.0624+-5.52535
-1
50.07665+-5.54491
50.06884+-5.54932
-1
50.07917+-5.57096
50.07528+-5.57328
-1
50.08562+-5.59499
50.08173+-5.59724
-1
50.09208+-5.61909
50.08817+-5.62121
-1
50.09853+-5.64345
50.09461+-5.64517
-1