;
; © John Woodside
;
{EGKR-18/36}
$TYPE=5
51.31757+-0.13622
51.30091+-0.13696
51.28425+-0.1377
51.26759+-0.13845
51.25093+-0.13919
51.23427+-0.13993
51.2176+-0.14067
-1
51.3176+-0.14286
51.31757+-0.13622
-1
51.30072+-0.15021
51.30091+-0.13696
-1
51.28423+-0.14435
51.28425+-0.1377
-1
51.26753+-0.14508
51.26759+-0.13845
-1
51.25078+-0.1458
51.25093+-0.13919
-1
51.23388+-0.14641
51.23427+-0.13993
-1
;
51.11136+-0.14531
51.12802+-0.14457
51.14468+-0.14383
51.16134+-0.14308
51.178+-0.14234
51.19466+-0.1416
51.21132+-0.14085
-1
51.11157+-0.15195
51.11136+-0.14531
-1
51.12867+-0.15778
51.12802+-0.14457
-1
51.14493+-0.15046
51.14468+-0.14383
-1
51.16163+-0.1497
51.16134+-0.14308
-1
51.17838+-0.14893
51.178+-0.14234
-1
51.19528+-0.14803
51.19466+-0.1416
-1
{EGKR-08R/26L}
$TYPE=5
51.1853+-0.29847
51.18983+-0.27287
51.19437+-0.24727
51.19891+-0.22167
51.20345+-0.19607
51.20799+-0.17047
51.21252+-0.14486
-1
51.18933+-0.30014
51.1853+-0.29847
-1
51.19793+-0.27584
51.18983+-0.27287
-1
51.19841+-0.24887
51.19437+-0.24727
-1
51.20295+-0.22321
51.19891+-0.22167
-1
51.2075+-0.19747
51.20345+-0.19607
-1
51.21201+-0.17146
51.20799+-0.17047
-1
;
51.24189+0.02112
51.23736+-0.00449
51.23282+-0.03009
51.22828+-0.05569
51.22374+-0.08129
51.2192+-0.10689
51.21466+-0.13249
-1
51.24588+0.01918
51.24189+0.02112
-1
51.24522+-0.00873
51.23736+-0.00449
-1
51.23678+-0.0321
51.23282+-0.03009
-1
51.23223+-0.05776
51.22828+-0.05569
-1
51.22765+-0.08348
51.22374+-0.08129
-1
51.22296+-0.10941
51.2192+-0.10689
-1