;
; © John Woodside
;
{EGSS-05}
$TYPE=5
51.63091+-0.14761
51.64312+-0.12923
51.65533+-0.11085
51.66754+-0.09248
51.67975+-0.0741
51.69196+-0.05572
51.70417+-0.03735
51.71638+-0.01897
51.72859+-0.00059
51.7408+0.01779
51.753+0.03617
51.76521+0.05455
51.77742+0.07292
51.78963+0.0913
51.80184+0.10968
51.81405+0.12805
51.82626+0.14643
51.83847+0.16481
51.85068+0.18318
51.86289+0.20156
51.87509+0.21993
-1
51.63666+-0.15738
51.63091+-0.14761
-1
51.64598+-0.13414
51.64312+-0.12923
-1
51.65819+-0.11577
51.65533+-0.11085
-1
51.6704+-0.09739
51.66754+-0.09248
-1
51.68261+-0.07901
51.67975+-0.0741
-1
51.69773+-0.06545
51.69196+-0.05572
-1
51.70703+-0.04225
51.70417+-0.03735
-1
51.71924+-0.02387
51.71638+-0.01897
-1
51.73145+-0.00549
51.72859+-0.00059
-1
51.74367+0.0129
51.7408+0.01779
-1
51.75882+0.02652
51.753+0.03617
-1
51.76809+0.04967
51.76521+0.05455
-1
51.78031+0.06805
51.77742+0.07292
-1
51.79252+0.08644
51.78963+0.0913
-1
51.80474+0.10483
51.80184+0.10968
-1
51.82+0.11867
51.81405+0.12805
-1
51.82918+0.14164
51.82626+0.14643
-1
51.84142+0.16007
51.83847+0.16481
-1
51.85368+0.17856
51.85068+0.18318
-1
51.866+0.19731
51.86289+0.20156
-1
{EGSS-23}
$TYPE=5
52.13935+0.61775
52.12714+0.59937
52.11493+0.58098
52.10272+0.5626
52.09051+0.54421
52.0783+0.52583
52.06609+0.50744
52.05388+0.48906
52.04167+0.47067
52.02946+0.45229
52.01726+0.4339
52.00505+0.41552
51.99284+0.39713
51.98063+0.37875
51.96842+0.36036
51.95621+0.34198
51.944+0.32359
51.93179+0.30521
51.91958+0.28682
51.90737+0.26844
51.89516+0.25005
-1
52.14494+0.60775
52.13935+0.61775
-1
52.12995+0.59439
52.12714+0.59937
-1
52.11774+0.57601
52.11493+0.58098
-1
52.10553+0.55762
52.10272+0.5626
-1
52.09332+0.53923
52.09051+0.54421
-1
52.08387+0.51579
52.0783+0.52583
-1
52.0689+0.50246
52.06609+0.50744
-1
52.05669+0.48407
52.05388+0.48906
-1
52.04448+0.46568
52.04167+0.47067
-1
52.03227+0.44729
52.02946+0.45229
-1
52.02277+0.42379
52.01726+0.4339
-1
52.00784+0.41051
52.00505+0.41552
-1
51.99562+0.39212
51.99284+0.39713
-1
51.98341+0.37372
51.98063+0.37875
-1
51.97119+0.35533
51.96842+0.36036
-1
51.96155+0.33168
51.95621+0.34198
-1
51.94674+0.31851
51.944+0.32359
-1
51.93449+0.30009
51.93179+0.30521
-1
51.92221+0.28163
51.91958+0.28682
-1
51.90976+0.26309
51.90737+0.26844
-1