;
; © John Woodside
;
{EGNM-14}
$TYPE=5
53.99476+-1.85927
53.98242+-1.84025
53.97009+-1.82123
53.95776+-1.80222
53.94543+-1.7832
53.9331+-1.76418
53.92077+-1.74516
53.90844+-1.72615
53.89611+-1.70713
53.88378+-1.68811
53.87144+-1.66909
-1
54.0002+-1.84859
53.99476+-1.85927
-1
53.98518+-1.83496
53.98242+-1.84025
-1
53.97285+-1.81593
53.97009+-1.82123
-1
53.96051+-1.79691
53.95776+-1.80222
-1
53.94817+-1.77788
53.94543+-1.7832
-1
53.93837+-1.7533
53.9331+-1.76418
-1
53.92347+-1.7398
53.92077+-1.74516
-1
53.9111+-1.72074
53.90844+-1.72615
-1
53.8987+-1.70165
53.89611+-1.70713
-1
53.88613+-1.68247
53.88378+-1.68811
-1
{EGNM-32}
$TYPE=5
53.73702+-1.46203
53.74936+-1.48103
53.76169+-1.50004
53.77403+-1.51904
53.78636+-1.53805
53.7987+-1.55705
53.81103+-1.57606
53.82337+-1.59506
53.8357+-1.61407
53.84804+-1.63307
53.86037+-1.65207
-1
53.74278+-1.45182
53.73702+-1.46203
-1
53.7522+-1.47587
53.74936+-1.48103
-1
53.76454+-1.49488
53.76169+-1.50004
-1
53.77689+-1.5139
53.77403+-1.51904
-1
53.78923+-1.53292
53.78636+-1.53805
-1
53.80458+-1.54712
53.7987+-1.55705
-1
53.81393+-1.57098
53.81103+-1.57606
-1
53.82629+-1.59005
53.82337+-1.59506
-1
53.83868+-1.60917
53.8357+-1.61407
-1
53.85113+-1.62856
53.84804+-1.63307
-1
