;
; © John Woodside
;
{EGNS-21}
$TYPE=5
54.2345+-4.48986
54.21978+-4.50318
54.20506+-4.51651
54.19034+-4.52984
54.17562+-4.54316
54.1609+-4.55649
54.14618+-4.56982
54.13146+-4.58314
54.11674+-4.59647
54.10202+-4.6098
54.0873+-4.62312
-1
54.23822+-4.50256
54.2345+-4.48986
-1
54.22169+-4.5095
54.21978+-4.50318
-1
54.20696+-4.52283
54.20506+-4.51651
-1
54.19223+-4.53617
54.19034+-4.52984
-1
54.1775+-4.5495
54.17562+-4.54316
-1
54.16443+-4.56931
54.1609+-4.55649
-1
54.14802+-4.57618
54.14618+-4.56982
-1
54.13326+-4.58954
54.13146+-4.58314
-1
54.11846+-4.6029
54.11674+-4.59647
-1
54.10348+-4.61628
54.10202+-4.6098
-1
{EGNS-08}
$TYPE=5
54.05788+-4.91571
54.06029+-4.88760
54.06269+-4.85949
54.06510+-4.83137
54.06750+-4.80326
54.06991+-4.77515
54.07232+-4.74703
54.07472+-4.71892
54.07713+-4.69081
54.07953+-4.66269
54.08194+-4.63458
-1
54.06615+-4.91741
54.05788+-4.91571
-1
54.06442+-4.88853
54.06029+-4.88760
-1
54.06682+-4.86040
54.06269+-4.85949
-1
54.06923+-4.83227
54.06510+-4.83137
-1
54.07164+-4.80414
54.06750+-4.80326
-1
54.07817+-4.77649
54.06991+-4.77515
-1
54.07645+-4.74784
54.07232+-4.74703
-1
54.07885+-4.71965
54.07472+-4.71892
-1
54.08126+-4.69139
54.07713+-4.69081
-1
54.08360+-4.66285
54.07953+-4.66269
-1
{EGNS-26}
$TYPE=5
54.11942+-4.33483
54.11594+-4.36261
54.11247+-4.39040
54.10900+-4.41819
54.10552+-4.44598
54.10205+-4.47377
54.09858+-4.50156
54.09510+-4.52935
54.09163+-4.55714
54.08815+-4.58493
54.08468+-4.61271
-1
54.12751+-4.33813
54.11942+-4.33483
-1
54.12001+-4.36419
54.11594+-4.36261
-1
54.11653+-4.39199
54.11247+-4.39040
-1
54.11305+-4.41980
54.10900+-4.41819
-1
54.10958+-4.44760
54.10552+-4.44598
-1
54.11007+-4.47741
54.10205+-4.47377
-1
54.10262+-4.50325
54.09858+-4.50156
-1
54.09913+-4.53111
54.09510+-4.52935
-1
54.09562+-4.55903
54.09163+-4.55714
-1
54.09200+-4.58719
54.08815+-4.58493
-1
{EGNS-03}
$TYPE=5
53.99021+-4.71096
54.00493+-4.69764
54.01965+-4.68432
54.03437+-4.671
54.04909+-4.65768
54.06381+-4.64436
54.07853+-4.63104
-1
53.99224+-4.71716
53.99021+-4.71096
-1
54.00918+-4.7098
54.00493+-4.69764
-1
54.02171+-4.69048
54.01965+-4.68432
-1
54.03647+-4.67712
54.03437+-4.671
-1
54.05126+-4.6637
54.04909+-4.65768
-1
54.06615+-4.65005
54.06381+-4.64436
-1
