;
; © John Woodside
;
{EGET-02/20}
$TYPE=5
60.09126+-1.28786
60.10754+-1.28071
60.12383+-1.27357
60.14011+-1.26643
60.1564+-1.25929
60.17268+-1.25215
60.18896+-1.245
-1
60.09223+-1.296
60.09126+-1.28786
-1
60.10972+-1.29683
60.10754+-1.28071
-1
60.12484+-1.28169
60.12383+-1.27357
-1
60.14117+-1.27452
60.14011+-1.26643
-1
60.15753+-1.2673
60.1564+-1.25929
-1
60.17403+-1.25988
60.17268+-1.25215
-1
;
60.29309+-1.19913
60.27681+-1.20627
60.26052+-1.21341
60.24424+-1.22056
60.22795+-1.2277
60.21167+-1.23484
60.19538+-1.24198
-1
60.29389+-1.20735
60.29309+-1.19913
-1
60.27817+-1.22275
60.27681+-1.20627
-1
60.26128+-1.22164
60.26052+-1.21341
-1
60.24495+-1.22879
60.24424+-1.22056
-1
60.22858+-1.23594
60.22795+-1.2277
-1
60.21204+-1.243
60.21167+-1.23484
-1
