;
; © John Woodside
;
{EGCJ-11/29}
$TYPE=5
53.80813+-1.38853
53.80429+-1.36107
53.80045+-1.33362
53.79662+-1.30617
53.79278+-1.27872
53.78894+-1.25127
53.7851+-1.22381
-1
53.81216+-1.38676
53.80813+-1.38853
-1
53.81226+-1.35716
53.80429+-1.36107
-1
53.80447+-1.33179
53.80045+-1.33362
-1
53.80062+-1.30427
53.79662+-1.30617
-1
53.79674+-1.27668
53.79278+-1.27872
-1
53.79276+-1.24887
53.78894+-1.25127
-1
;
53.76079+-1.05002
53.76463+-1.07747
53.76847+-1.10492
53.77231+-1.13237
53.77615+-1.15982
53.77999+-1.18727
53.78382+-1.21471
-1
53.76486+-1.04854
53.76079+-1.05002
-1
53.77279+-1.07491
53.76463+-1.07747
-1
53.77254+-1.10351
53.76847+-1.10492
-1
53.77639+-1.13103
53.77231+-1.13237
-1
53.78023+-1.15863
53.77615+-1.15982
-1
53.78403+-1.18651
53.77999+-1.18727
-1
{EGCJ-06/24}
$TYPE=5
53.73432+-1.36658
53.74304+-1.34255
53.75176+-1.31851
53.76049+-1.29447
53.76921+-1.27043
53.77793+-1.24639
53.78665+-1.22235
-1
53.73791+-1.37015
53.73432+-1.36658
-1
53.75032+-1.34929
53.74304+-1.34255
-1
53.75537+-1.322
53.75176+-1.31851
-1
53.76411+-1.2979
53.76049+-1.29447
-1
53.77287+-1.27372
53.76921+-1.27043
-1
53.78164+-1.24926
53.77793+-1.24639
-1
;
53.84204+-1.06975
53.83332+-1.09379
53.8246+-1.11783
53.81587+-1.14187
53.80715+-1.16591
53.79843+-1.18995
53.7897+-1.21398
-1
53.84555+-1.07356
53.84204+-1.06975
-1
53.84017+-1.10173
53.83332+-1.09379
-1
53.82807+-1.1217
53.8246+-1.11783
-1
53.81932+-1.14579
53.81587+-1.14187
-1
53.81054+-1.16994
53.80715+-1.16591
-1
53.80161+-1.19424
53.79843+-1.18995
-1
{EGCJ-01/19}
$TYPE=5
53.68549+-1.23757
53.70199+-1.23361
53.7185+-1.22966
53.735+-1.2257
53.7515+-1.22175
53.768+-1.21779
53.7845+-1.21383
-1
53.68616+-1.24452
53.68549+-1.23757
-1
53.70357+-1.24741
53.70199+-1.23361
-1
53.71921+-1.23659
53.7185+-1.22966
-1
53.73575+-1.23262
53.735+-1.2257
-1
53.75234+-1.22861
53.7515+-1.22175
-1
53.76906+-1.22445
53.768+-1.21779
-1
;
53.88819+-1.18899
53.87169+-1.19295
53.85518+-1.1969
53.83868+-1.20086
53.82218+-1.20481
53.80568+-1.20877
53.78917+-1.21272
-1
53.88869+-1.19599
53.88819+-1.18899
-1
53.87244+-1.20694
53.87169+-1.19295
-1
53.85564+-1.2039
53.85518+-1.1969
-1
53.83909+-1.20786
53.83868+-1.20086
-1
53.8225+-1.2118
53.82218+-1.20481
-1
53.80575+-1.21566
53.80568+-1.20877
-1
