;
; © John Woodside
;
{EGCF-05/23}
$TYPE=5
53.48474+-0.98001
53.49673+-0.96052
53.50872+-0.94103
53.52071+-0.92154
53.5327+-0.90205
53.54469+-0.88256
53.55667+-0.86306
-1
53.4877+-0.98495
53.48474+-0.98001
-1
53.50279+-0.97007
53.49673+-0.96052
-1
53.5117+-0.94591
53.50872+-0.94103
-1
53.52372+-0.92636
53.52071+-0.92154
-1
53.53575+-0.90675
53.5327+-0.90205
-1
53.54785+-0.88687
53.54469+-0.88256
-1
;
53.63444+-0.73694
53.62245+-0.75643
53.61046+-0.77592
53.59847+-0.79542
53.58648+-0.81491
53.57449+-0.8344
53.5625+-0.85389
-1
53.63727+-0.74208
53.63444+-0.73694
-1
53.62791+-0.76696
53.62245+-0.75643
-1
53.61326+-0.78111
53.61046+-0.77592
-1
53.60123+-0.80065
53.59847+-0.79542
-1
53.58917+-0.82022
53.58648+-0.81491
-1
53.57694+-0.83988
53.57449+-0.8344
-1