;
; © John Woodside
;
{EGLK-07/25}
$TYPE=5
51.29096+-1.00646
51.29622+-0.98116
51.30149+-0.95586
51.30676+-0.93055
51.31202+-0.90525
51.31729+-0.87995
51.32255+-0.85464
-1
51.29493+-1.00844
51.29096+-1.00646
-1
51.30422+-0.98472
51.29622+-0.98116
-1
51.30548+-0.95776
51.30149+-0.95586
-1
51.31075+-0.93239
51.30676+-0.93055
-1
51.31603+-0.90695
51.31202+-0.90525
-1
51.32128+-0.88124
51.31729+-0.87995
-1
;
51.35698+-0.68919
51.35171+-0.71449
51.34645+-0.7398
51.34119+-0.76511
51.33592+-0.79041
51.33066+-0.81572
51.32539+-0.84102
-1
51.3609+-0.69142
51.35698+-0.68919
-1
51.35945+-0.71931
51.35171+-0.71449
-1
51.35035+-0.7421
51.34645+-0.7398
-1
51.34507+-0.76747
51.34119+-0.76511
-1
51.33976+-0.79289
51.33592+-0.79041
-1
51.33434+-0.81852
51.33066+-0.81572
-1