;
; © John Woodside
;
{EGSS-23}
$TYPE=5
52.01726+0.4339
52.00505+0.41552
51.99284+0.39713
51.98063+0.37875
51.96842+0.36036
51.95621+0.34198
51.944+0.32359
51.93179+0.30521
51.91958+0.28682
51.90737+0.26844
51.89516+0.25005
-1
52.02277+0.42379
52.01726+0.4339
-1
52.00784+0.41051
52.00505+0.41552
-1
51.99562+0.39212
51.99284+0.39713
-1
51.98341+0.37372
51.98063+0.37875
-1
51.97119+0.35533
51.96842+0.36036
-1
51.96155+0.33168
51.95621+0.34198
-1
51.94674+0.31851
51.944+0.32359
-1
51.93449+0.30009
51.93179+0.30521
-1
51.92221+0.28163
51.91958+0.28682
-1
51.90976+0.26309
51.90737+0.26844
-1
{EGSS-05}
$TYPE=5
51.753+0.03617
51.76521+0.05455
51.77742+0.07292
51.78963+0.0913
51.80184+0.10968
51.81405+0.12805
51.82626+0.14643
51.83847+0.16481
51.85068+0.18318
51.86289+0.20156
51.87509+0.21993
-1
51.75882+0.02652
51.753+0.03617
-1
51.76809+0.04967
51.76521+0.05455
-1
51.78031+0.06805
51.77742+0.07292
-1
51.79252+0.08644
51.78963+0.0913
-1
51.80474+0.10483
51.80184+0.10968
-1
51.82+0.11867
51.81405+0.12805
-1
51.82918+0.14164
51.82626+0.14643
-1
51.84142+0.16007
51.83847+0.16481
-1
51.85368+0.17856
51.85068+0.18318
-1
51.866+0.19731
51.86289+0.20156
-1
