;
; © John Woodside
;
{EGSL-09L/27R}
$TYPE=5
51.88622+0.28339
51.88764+0.3103
51.88906+0.33721
51.89048+0.36412
51.8919+0.39103
51.89332+0.41794
51.89474+0.44484
-1
51.89038+0.28295
51.88622+0.28339
-1
51.89594+0.30982
51.88764+0.3103
-1
51.89322+0.33684
51.88906+0.33721
-1
51.89463+0.36382
51.89048+0.36412
-1
51.89604+0.39087
51.8919+0.39103
-1
51.89739+0.41818
51.89332+0.41794
-1
;
51.90382+0.6167
51.9024+0.58979
51.90098+0.56288
51.89956+0.53597
51.89814+0.50906
51.89672+0.48215
51.89529+0.45524
-1
51.90796+0.61599
51.90382+0.6167
-1
51.91063+0.58798
51.9024+0.58979
-1
51.90511+0.5621
51.90098+0.56288
-1
51.90368+0.53512
51.89956+0.53597
-1
51.90223+0.50808
51.89814+0.50906
-1
51.9007+0.48079
51.89672+0.48215
-1
