;
; © John Woodside
;
{EGSV-07/25}
$TYPE=5
52.45312+0.89837
52.46027+0.9231
52.46743+0.94782
52.47458+0.97255
52.48174+0.99727
52.48889+1.022
52.49604+1.04672
-1
52.45692+0.89557
52.45312+0.89837
-1
52.46794+0.91787
52.46027+0.9231
-1
52.47124+0.94508
52.46743+0.94782
-1
52.47841+0.96988
52.47458+0.97255
-1
52.48558+0.99474
52.48174+0.99727
-1
52.49276+1.01989
52.48889+1.022
-1
;
52.54143+1.20358
52.53428+1.17886
52.52712+1.15413
52.51997+1.1294
52.51281+1.10468
52.50566+1.07995
52.4985+1.05522
-1
52.54515+1.20052
52.54143+1.20358
-1
52.54159+1.1724
52.53428+1.17886
-1
52.53082+1.15101
52.52712+1.15413
-1
52.52364+1.12622
52.51997+1.1294
-1
52.51644+1.10138
52.51281+1.10468
-1
52.5091+1.07636
52.50566+1.07995
-1
{EGSV-02/20}
$TYPE=5
52.40354+0.99467
52.4192+1.00403
52.43486+1.01339
52.45052+1.02276
52.46618+1.03212
52.48184+1.04148
52.4975+1.05084
-1
52.40504+0.98829
52.40354+0.99467
-1
52.42242+0.99146
52.4192+1.00403
-1
52.4364+1.00705
52.43486+1.01339
-1
52.4521+1.01644
52.45052+1.02276
-1
52.46784+1.02588
52.46618+1.03212
-1
52.48369+1.03552
52.48184+1.04148
-1
;
52.59384+1.11432
52.57839+1.10407
52.56294+1.09381
52.54748+1.08355
52.53203+1.0733
52.51658+1.06304
52.50112+1.05278
-1
52.59532+1.10793
52.59384+1.11432
-1
52.58111+1.09118
52.57839+1.10407
-1
52.56437+1.0874
52.56294+1.09381
-1
52.54888+1.07712
52.54748+1.08355
-1
52.53334+1.06684
52.53203+1.0733
-1
52.51763+1.05658
52.51658+1.06304
-1
