;
; © John Woodside
;
{EGTF-06/24}
$TYPE=5
51.29319+-0.6986
51.30205+-0.676
51.31091+-0.6534
51.31977+-0.6308
51.32863+-0.6082
51.33749+-0.5856
51.34635+-0.563
-1
51.29676+-0.70203
51.29319+-0.6986
-1
51.30929+-0.6825
51.30205+-0.676
-1
51.3145+-0.65677
51.31091+-0.6534
-1
51.32338+-0.6341
51.31977+-0.6308
-1
51.33227+-0.61137
51.32863+-0.6082
-1
51.34118+-0.58837
51.33749+-0.5856
-1
;
51.40308+-0.41835
51.39422+-0.44095
51.38536+-0.46355
51.3765+-0.48615
51.36764+-0.50875
51.35878+-0.53135
51.34991+-0.55395
-1
51.40656+-0.42201
51.40308+-0.41835
-1
51.40103+-0.44857
51.39422+-0.44095
-1
51.38881+-0.46727
51.38536+-0.46355
-1
51.37992+-0.48992
51.3765+-0.48615
-1
51.371+-0.51262
51.36764+-0.50875
-1
51.36194+-0.53547
51.35878+-0.53135
-1