;
; © John Woodside
;
{EGHI-02}
$TYPE=5
50.78636+-1.44831
50.80208+-1.43953
50.81781+-1.43075
50.83353+-1.42198
50.84925+-1.4132
50.86497+-1.40442
50.8807+-1.39564
50.89642+-1.38687
50.91214+-1.37809
50.92786+-1.36931
50.94358+-1.36053
-1
50.78932+-1.46066
50.78636+-1.44831
-1
50.80352+-1.44574
50.80208+-1.43953
-1
50.81925+-1.43696
50.81781+-1.43075
-1
50.83498+-1.42817
50.83353+-1.42198
-1
50.85071+-1.41939
50.84925+-1.4132
-1
50.86812+-1.41662
50.86497+-1.40442
-1
50.8822+-1.4018
50.8807+-1.39564
-1
50.89796+-1.39299
50.89642+-1.38687
-1
50.91376+-1.38414
50.91214+-1.37809
-1
50.92967+-1.3751
50.92786+-1.36931
-1
{EGHI-20}
$TYPE=5
51.11441+-1.26511
51.09869+-1.2739
51.08297+-1.28268
51.06724+-1.29146
51.05152+-1.30025
51.0358+-1.30903
51.02008+-1.31782
51.00436+-1.3266
50.98864+-1.33539
50.97292+-1.34417
50.95719+-1.35295
-1
51.11698+-1.27768
51.11441+-1.26511
-1
51.10002+-1.28016
51.09869+-1.2739
-1
51.08429+-1.28895
51.08297+-1.28268
-1
51.06856+-1.29774
51.06724+-1.29146
-1
51.05282+-1.30653
51.05152+-1.30025
-1
51.03816+-1.32167
51.0358+-1.30903
-1
51.02134+-1.32411
51.02008+-1.31782
-1
51.00557+-1.33291
51.00436+-1.3266
-1
50.98977+-1.34171
50.98864+-1.33539
-1
50.97379+-1.35049
50.97292+-1.34417
-1
