;
; © John Woodside
;
{EGPK-13/31}
$TYPE=5
55.60192+-4.86289
55.59325+-4.83775
55.58458+-4.81261
55.57592+-4.78747
55.56725+-4.76233
55.55858+-4.73718
55.54991+-4.71204
55.54124+-4.6869
55.53257+-4.66176
55.5239+-4.63662
55.51523+-4.61147
-1
55.60892+-4.85493
55.60192+-4.86289
-1
55.59678+-4.83384
55.59325+-4.83775
-1
55.58811+-4.80869
55.58458+-4.81261
-1
55.57943+-4.78353
55.57592+-4.78747
-1
55.57076+-4.75837
55.56725+-4.76233
-1
55.56544+-4.72894
55.55858+-4.73718
-1
55.55339+-4.70803
55.54991+-4.71204
-1
55.5447+-4.68283
55.54124+-4.6869
-1
55.53597+-4.65757
55.53257+-4.66176
-1
55.5271+-4.63215
55.5239+-4.63662
-1
;
55.41566+-4.32315
55.42434+-4.34828
55.43302+-4.3734
55.44169+-4.39853
55.45037+-4.42365
55.45904+-4.44878
55.46772+-4.4739
55.4764+-4.49903
55.48507+-4.52415
55.49375+-4.54928
55.50242+-4.5744
-1
55.42288+-4.31581
55.41566+-4.32315
-1
55.42793+-4.34453
55.42434+-4.34828
-1
55.43661+-4.36967
55.43302+-4.3734
-1
55.44529+-4.39481
55.44169+-4.39853
-1
55.45397+-4.41996
55.45037+-4.42365
-1
55.46634+-4.44178
55.45904+-4.44878
-1
55.47134+-4.47028
55.46772+-4.4739
-1
55.48003+-4.49547
55.4764+-4.49903
-1
55.48874+-4.52074
55.48507+-4.52415
-1
55.49746+-4.54631
55.49375+-4.54928
-1
{EGPK-03/21}
$TYPE=5
55.39682+-4.65845
55.41208+-4.64662
55.42733+-4.63478
55.44259+-4.62294
55.45785+-4.6111
55.47311+-4.59926
55.48836+-4.58742
-1
55.39857+-4.66512
55.39682+-4.65845
-1
55.41579+-4.65972
55.41208+-4.64662
-1
55.42913+-4.6414
55.42733+-4.63478
-1
55.44442+-4.62953
55.44259+-4.62294
-1
55.45975+-4.6176
55.45785+-4.6111
-1
55.47519+-4.60544
55.47311+-4.59926
-1
;
55.59494+-4.50468
55.57969+-4.51653
55.56443+-4.52838
55.54917+-4.54022
55.53392+-4.55207
55.51866+-4.56392
55.5034+-4.57576
-1
55.59654+-4.51147
55.59494+-4.50468
-1
55.58265+-4.53022
55.57969+-4.51653
-1
55.56599+-4.53519
55.56443+-4.52838
-1
55.55069+-4.54706
55.54917+-4.54022
-1
55.53535+-4.55894
55.53392+-4.55207
-1
55.51983+-4.5708
55.51866+-4.56392
-1
