;
; © John Woodside
;
{EGBO-16/34}
$TYPE=5
52.61169+-2.32909
52.59648+-2.31787
52.58128+-2.30666
52.56607+-2.29544
52.55087+-2.28423
52.53566+-2.27301
52.52045+-2.26179
-1
52.61331+-2.32278
52.61169+-2.32909
-1
52.5995+-2.30516
52.59648+-2.31787
-1
52.58286+-2.30033
52.58128+-2.30666
-1
52.56761+-2.2891
52.56607+-2.29544
-1
52.55232+-2.27785
52.55087+-2.28423
-1
52.53686+-2.26661
52.53566+-2.27301
-1
;
52.42283+-2.18985
52.43804+-2.20106
52.45325+-2.21227
52.46845+-2.22348
52.48366+-2.23469
52.49887+-2.2459
52.51407+-2.2571
-1
52.42462+-2.18367
52.42283+-2.18985
-1
52.44181+-2.18891
52.43804+-2.20106
-1
52.45507+-2.20612
52.45325+-2.21227
-1
52.47031+-2.21737
52.46845+-2.22348
-1
52.48559+-2.22866
52.48366+-2.23469
-1
52.50098+-2.24017
52.49887+-2.2459
-1
{EGBO-10/28}
$TYPE=5
52.52915+-2.43042
52.52716+-2.40323
52.52517+-2.37604
52.52318+-2.34884
52.52119+-2.32165
52.5192+-2.29446
52.5172+-2.26726
-1
52.53327+-2.42946
52.52915+-2.43042
-1
52.53534+-2.40093
52.52716+-2.40323
-1
52.52928+-2.37501
52.52517+-2.37604
-1
52.52728+-2.34775
52.52318+-2.34884
-1
52.52526+-2.32042
52.52119+-2.32165
-1
52.52315+-2.29285
52.5192+-2.29446
-1
;
52.50442+-2.09285
52.50642+-2.12004
52.50841+-2.14723
52.5104+-2.17442
52.5124+-2.20161
52.51439+-2.2288
52.51638+-2.25599
-1
52.50857+-2.09217
52.50442+-2.09285
-1
52.5147+-2.11908
52.50642+-2.12004
-1
52.51255+-2.14662
52.50841+-2.14723
-1
52.51455+-2.17389
52.5104+-2.17442
-1
52.51653+-2.20122
52.5124+-2.20161
-1
52.51846+-2.22882
52.51439+-2.2288
-1
{EGBO-04/22}
$TYPE=5
52.43623+-2.36461
52.44959+-2.34826
52.46296+-2.3319
52.47633+-2.31554
52.4897+-2.29919
52.50307+-2.28283
52.51643+-2.26647
-1
52.43878+-2.37002
52.43623+-2.36461
-1
52.45488+-2.35878
52.44959+-2.34826
-1
52.46555+-2.33725
52.46296+-2.3319
-1
52.47895+-2.32085
52.47633+-2.31554
-1
52.49237+-2.30438
52.4897+-2.29919
-1
52.50588+-2.28767
52.50307+-2.28283
-1
;
52.60036+-2.16379
52.587+-2.18015
52.57363+-2.1965
52.56026+-2.21286
52.54689+-2.22922
52.53352+-2.24558
52.52015+-2.26193
-1
52.60278+-2.16936
52.60036+-2.16379
-1
52.59162+-2.19148
52.587+-2.18015
-1
52.57601+-2.20211
52.57363+-2.1965
-1
52.5626+-2.2185
52.56026+-2.21286
-1
52.54915+-2.23492
52.54689+-2.22922
-1
52.53554+-2.25139
52.53352+-2.24558
-1