;
; © John Woodside
;
{EGAC-04}
$TYPE=5
54.47510+-6.04381
54.48879+-6.02740
54.50249+-6.01100
54.51618+-5.99459
54.52987+-5.97819
54.54357+-5.96178
54.55726+-5.94538
54.57096+-5.92897
54.58465+-5.91257
54.59834+-5.89617
54.61204+-5.87976
-1
54.48001+-6.05541
54.47510+-6.04381
-1
54.49121+-6.03325
54.48879+-6.02740
-1
54.50491+-6.01684
54.50249+-6.01100
-1
54.51861+-6.00043
54.51618+-5.99459
-1
54.53232+-5.98401
54.52987+-5.97819
-1
54.54863+-5.97314
54.54357+-5.96178
-1
54.55974+-5.95115
54.55726+-5.94538
-1
54.57347+-5.93470
54.57096+-5.92897
-1
54.58722+-5.91818
54.58465+-5.91257
-1
54.60106+-5.90141
54.59834+-5.89617
-1
{EGAC-22}
$TYPE=5
54.76177+-5.70025
54.74808+-5.71667
54.73438+-5.73309
54.72069+-5.74951
54.70700+-5.76592
54.69331+-5.78234
54.67962+-5.79876
54.66593+-5.81518
54.65224+-5.83159
54.63855+-5.84801
54.62486+-5.86443
-1
54.76634+-5.71227
54.76177+-5.70025
-1
54.75040+-5.72264
54.74808+-5.71667
-1
54.73671+-5.73906
54.73438+-5.73309
-1
54.72301+-5.75549
54.72069+-5.74951
-1
54.70931+-5.77192
54.70700+-5.76592
-1
54.69770+-5.79451
54.69331+-5.78234
-1
54.68189+-5.80479
54.67962+-5.79876
-1
54.66816+-5.82124
54.66593+-5.81518
-1
54.65439+-5.83771
54.65224+-5.83159
-1
54.64045+-5.85424
54.63855+-5.84801
-1
