;
; © John Woodside
;
{EGBS-09/27}
$TYPE=5
52.22847+-3.0493
52.23059+-3.0223
52.23271+-2.9953
52.23483+-2.96831
52.23695+-2.94131
52.23907+-2.91431
52.24119+-2.88731
-1
52.23261+-3.05002
52.22847+-3.0493
-1
52.23887+-3.02335
52.23059+-3.0223
-1
52.23685+-2.99596
52.23271+-2.9953
-1
52.23897+-2.96889
52.23483+-2.96831
-1
52.24109+-2.94175
52.23695+-2.94131
-1
52.24315+-2.91435
52.23907+-2.91431
-1
;
52.25499+-2.71322
52.25285+-2.74021
52.25071+-2.7672
52.24857+-2.7942
52.24643+-2.82119
52.24429+-2.84818
52.24214+-2.87517
-1
52.25911+-2.71423
52.25499+-2.71322
-1
52.26102+-2.74262
52.25285+-2.74021
-1
52.25482+-2.76829
52.25071+-2.7672
-1
52.25266+-2.79535
52.24857+-2.7942
-1
52.25049+-2.82247
52.24643+-2.82119
-1
52.24823+-2.84984
52.24429+-2.84818
-1