;
; © John Woodside
;
{EGSJ-06/24}
$TYPE=5
52.45784+1.27118
52.46639+1.29468
52.47494+1.31819
52.48349+1.34169
52.49204+1.3652
52.50059+1.3887
52.50914+1.4122
-1
52.46145+1.26779
52.45784+1.27118
-1
52.47372+1.28828
52.46639+1.29468
-1
52.47857+1.31486
52.47494+1.31819
-1
52.48714+1.33844
52.48349+1.34169
-1
52.49572+1.36207
52.49204+1.3652
-1
52.50432+1.38599
52.50059+1.3887
-1
;
52.56412+1.56336
52.55557+1.53985
52.54702+1.51634
52.53847+1.49283
52.52992+1.46932
52.52137+1.44581
52.51282+1.4223
-1
52.56765+1.55973
52.56412+1.56336
-1
52.56248+1.53228
52.55557+1.53985
-1
52.55052+1.51265
52.54702+1.51634
-1
52.54195+1.48909
52.53847+1.49283
-1
52.53334+1.46547
52.52992+1.46932
-1
52.52459+1.4417
52.52137+1.44581
-1
