;
; © John Woodside
;
{EGLL-27L}
$TYPE=5
51.46577+-0.1666
51.46569+-0.19335
51.46561+-0.22011
51.46553+-0.24686
51.46544+-0.27361
51.46536+-0.30036
51.46528+-0.32712
51.4652+-0.35387
51.46512+-0.38062
51.46504+-0.40737
51.46495+-0.43412
-1
51.45745+-0.16687
51.46577+-0.1666
-1
51.46152+-0.19341
51.46569+-0.19335
-1
51.46144+-0.22018
51.46561+-0.22011
-1
51.46136+-0.24695
51.46553+-0.24686
-1
51.46128+-0.27372
51.46544+-0.27361
-1
51.45707+-0.30096
51.46536+-0.30036
-1
51.46112+-0.32729
51.46528+-0.32712
-1
51.46105+-0.35411
51.4652+-0.35387
-1
51.46098+-0.381
51.46512+-0.38062
-1
51.46099+-0.40814
51.46504+-0.40737
-1
{EGLL-09R}
$TYPE=5
51.46387+-0.74989
51.46397+-0.72313
51.46406+-0.69638
51.46415+-0.66963
51.46425+-0.64288
51.46434+-0.61613
51.46443+-0.58937
51.46453+-0.56262
51.46462+-0.53587
51.46471+-0.50912
51.4648+-0.48236
-1
51.45555+-0.74948
51.46387+-0.74989
-1
51.4598+-0.723
51.46397+-0.72313
-1
51.4599+-0.69624
51.46406+-0.69638
-1
51.45999+-0.66947
51.46415+-0.66963
-1
51.46008+-0.6427
51.46425+-0.64288
-1
51.45605+-0.61539
51.46434+-0.61613
-1
51.46027+-0.58913
51.46443+-0.58937
-1
51.46037+-0.56231
51.46453+-0.56262
-1
51.46049+-0.53542
51.46462+-0.53587
-1
51.46067+-0.50828
51.46471+-0.50912
-1
{EGLL-27R}
$TYPE=5
51.47853+-0.16567
51.47844+-0.19243
51.47836+-0.21919
51.47828+-0.24595
51.47819+-0.27271
51.47811+-0.29947
51.47802+-0.32623
51.47794+-0.35299
51.47785+-0.37975
51.47777+-0.40651
51.47768+-0.43326
-1
51.48685+-0.16607
51.47853+-0.16567
-1
51.48261+-0.19255
51.47844+-0.19243
-1
51.48252+-0.21933
51.47836+-0.21919
-1
51.48244+-0.2461
51.47828+-0.24595
-1
51.48235+-0.27288
51.47819+-0.27271
-1
51.4864+-0.3002
51.47811+-0.29947
-1
51.48218+-0.32647
51.47802+-0.32623
-1
51.48209+-0.3533
51.47794+-0.35299
-1
51.48199+-0.38019
51.47785+-0.37975
-1
51.48181+-0.40734
51.47777+-0.40651
-1
{EGLL-09L}
$TYPE=5
51.47655+-0.75262
51.47664+-0.72586
51.47674+-0.6991
51.47683+-0.67234
51.47693+-0.64558
51.47703+-0.61882
51.47712+-0.59206
51.47722+-0.5653
51.47731+-0.53854
51.47741+-0.51178
51.4775+-0.48502
-1
51.48487+-0.75236
51.47655+-0.75262
-1
51.48081+-0.72581
51.47664+-0.72586
-1
51.4809+-0.69903
51.47674+-0.6991
-1
51.481+-0.67226
51.47683+-0.67234
-1
51.48109+-0.64548
51.47693+-0.64558
-1
51.48532+-0.61824
51.47703+-0.61882
-1
51.48128+-0.59189
51.47712+-0.59206
-1
51.48137+-0.56506
51.47722+-0.5653
-1
51.48145+-0.53817
51.47731+-0.53854
-1
51.48145+-0.51102
51.47741+-0.51178
-1
