;
; © John Woodside
;
{EGPL-17/35}
$TYPE=5
57.58434+-7.40754
57.5681+-7.40058
57.55186+-7.39361
57.53562+-7.38665
57.51938+-7.37968
57.50314+-7.37272
57.48689+-7.36575
-1
57.58519+-7.39996
57.58434+-7.40754
-1
57.56956+-7.38537
57.5681+-7.40058
-1
57.55267+-7.38602
57.55186+-7.39361
-1
57.53638+-7.37905
57.53562+-7.38665
-1
57.52005+-7.37208
57.51938+-7.37968
-1
57.50356+-7.36518
57.50314+-7.37272
-1
;
57.379+-7.31951
57.39524+-7.32647
57.41148+-7.33343
57.42772+-7.3404
57.44396+-7.34736
57.4602+-7.35432
57.47644+-7.36128
-1
57.38002+-7.312
57.379+-7.31951
-1
57.39751+-7.31162
57.39524+-7.32647
-1
57.41254+-7.32595
57.41148+-7.33343
-1
57.42882+-7.33294
57.42772+-7.3404
-1
57.44514+-7.33997
57.44396+-7.34736
-1
57.4616+-7.3472
57.4602+-7.35432
-1
;
{EGPL-06}
$TYPE=5
57.38248+-7.62893
57.39193+-7.60340
57.40139+-7.57787
57.41084+-7.55234
57.42030+-7.52681
57.42975+-7.50128
57.43920+-7.47575
57.44866+-7.45022
57.45811+-7.42469
57.46757+-7.39917
57.47702+-7.37364
-1
57.38945+-7.63739
57.38248+-7.62893
-1
57.39539+-7.60771
57.39193+-7.60340
-1
57.40485+-7.58217
57.40139+-7.57787
-1
57.41431+-7.55662
57.41084+-7.55234
-1
57.42377+-7.53107
57.42030+-7.52681
-1
57.43681+-7.50940
57.42975+-7.50128
-1
57.44270+-7.47994
57.43920+-7.47575
-1
57.45218+-7.45434
57.44866+-7.45022
-1
57.46166+-7.42866
57.45811+-7.42469
-1
57.47118+-7.40267
57.46757+-7.39917
-1
{EGPL-24}
$TYPE=5
57.58025+-7.09466
57.57080+-7.12020
57.56135+-7.14574
57.55190+-7.17128
57.54245+-7.19683
57.53300+-7.22237
57.52355+-7.24791
57.51410+-7.27345
57.50465+-7.29899
57.49521+-7.32453
57.48576+-7.35008
-1
57.58699+-7.10376
57.58025+-7.09466
-1
57.57420+-7.12468
57.57080+-7.12020
-1
57.56475+-7.15023
57.56135+-7.14574
-1
57.55529+-7.17579
57.55190+-7.17128
-1
57.54583+-7.20135
57.54245+-7.19683
-1
57.53960+-7.23175
57.53300+-7.22237
-1
57.52691+-7.25249
57.52355+-7.24791
-1
57.51743+-7.27809
57.51410+-7.27345
-1
57.50791+-7.30375
57.50465+-7.29899
-1
57.49825+-7.32956
57.49521+-7.32453
-1
