;
; © John Woodside
;
{EGPM-06/24}
$TYPE=5
60.37283+-1.47113
60.38232+-1.44337
60.39181+-1.41561
60.4013+-1.38784
60.41079+-1.36008
60.42028+-1.33232
60.42977+-1.30455
-1
60.3763+-1.47579
60.37283+-1.47113
-1
60.38937+-1.45225
60.38232+-1.44337
-1
60.39531+-1.42019
60.39181+-1.41561
-1
60.40482+-1.39235
60.4013+-1.38784
-1
60.41434+-1.36442
60.41079+-1.36008
-1
60.42389+-1.33615
60.42028+-1.33232
-1
;
60.49256+-1.12074
60.48307+-1.14851
60.47359+-1.17629
60.4641+-1.20406
60.45462+-1.23184
60.44513+-1.25961
60.43564+-1.28738
-1
60.49593+-1.12568
60.49256+-1.12074
-1
60.48966+-1.15877
60.48307+-1.14851
-1
60.47693+-1.1813
60.47359+-1.17629
-1
60.46742+-1.20914
60.4641+-1.20406
-1
60.45787+-1.23703
60.45462+-1.23184
-1
60.44817+-1.2651
60.44513+-1.25961
-1