;
; © John Woodside
;
{EGJJ-09}
$TYPE=5
49.18604+-2.45917
49.18815+-2.43386
49.19025+-2.40856
49.19235+-2.38325
49.19446+-2.35794
49.19656+-2.33264
49.19866+-2.30733
49.20077+-2.28202
49.20287+-2.25672
49.20497+-2.23141
49.20707+-2.2061
-1
49.19432+-2.46046
49.18604+-2.45917
-1
49.19228+-2.43458
49.18815+-2.43386
-1
49.19439+-2.40926
49.19025+-2.40856
-1
49.19649+-2.38394
49.19235+-2.38325
-1
49.1986+-2.35862
49.19446+-2.35794
-1
49.20484+-2.33361
49.19656+-2.33264
-1
49.2028+-2.30794
49.19866+-2.30733
-1
49.20491+-2.28256
49.20077+-2.28202
-1
49.207+-2.25713
49.20287+-2.25672
-1
49.20904+-2.23144
49.20497+-2.23141
-1
{EGJJ-27}
$TYPE=5
49.22984+-1.93185
49.22774+-1.95715
49.22564+-1.98246
49.22354+-2.00777
49.22144+-2.03308
49.21934+-2.05839
49.21724+-2.08369
49.21514+-2.109
49.21304+-2.13431
49.21094+-2.15962
49.20883+-2.18492
-1
49.23807+-1.93377
49.22984+-1.93185
-1
49.23186+-1.95804
49.22774+-1.95715
-1
49.22976+-1.98336
49.22564+-1.98246
-1
49.22766+-2.00869
49.22354+-2.00777
-1
49.22556+-2.03401
49.22144+-2.03308
-1
49.22751+-2.06061
49.21934+-2.05839
-1
49.22135+-2.08469
49.21724+-2.08369
-1
49.21923+-2.11006
49.21514+-2.109
-1
49.2171+-2.1355
49.21304+-2.13431
-1
49.21488+-2.16115
49.21094+-2.15962
-1
