;
; © John Woodside
;
{EGBN-09/27}
$TYPE=5
52.91725+-1.25105
52.9178+-1.22342
52.91835+-1.1958
52.91891+-1.16817
52.91946+-1.14054
52.92001+-1.11291
52.92056+-1.08528
-1
52.92141+-1.25114
52.91725+-1.25105
-1
52.9261+-1.2232
52.9178+-1.22342
-1
52.92252+-1.19581
52.91835+-1.1958
-1
52.92306+-1.16811
52.91891+-1.16817
-1
52.9236+-1.14034
52.91946+-1.14054
-1
52.92407+-1.11231
52.92001+-1.11291
-1
;
52.92416+-0.90758
52.92361+-0.9352
52.92306+-0.96283
52.9225+-0.99046
52.92195+-1.01809
52.9214+-1.04572
52.92084+-1.07334
-1
52.92832+-0.90795
52.92416+-0.90758
-1
52.93188+-0.93635
52.92361+-0.9352
-1
52.92721+-0.96328
52.92306+-0.96283
-1
52.92665+-0.99098
52.9225+-0.99046
-1
52.92607+-1.01874
52.92195+-1.01809
-1
52.92542+-1.04676
52.9214+-1.04572
-1
{EGBN-03/21}
$TYPE=5
52.82868+-1.1591
52.8433+-1.14582
52.85792+-1.13255
52.87254+-1.11928
52.88716+-1.106
52.90178+-1.09273
52.91639+-1.07945
-1
52.83076+-1.16508
52.82868+-1.1591
-1
52.84764+-1.15756
52.8433+-1.14582
-1
52.86003+-1.1385
52.85792+-1.13255
-1
52.87468+-1.12518
52.87254+-1.11928
-1
52.88937+-1.11181
52.88716+-1.106
-1
52.90415+-1.09821
52.90178+-1.09273
-1
;
53.01078+-0.99397
52.99616+-1.00725
52.98154+-1.02052
52.96692+-1.0338
52.9523+-1.04707
52.93768+-1.06035
52.92306+-1.07362
-1
53.0127+-1.0001
53.01078+-0.99397
-1
52.99978+-1.01964
52.99616+-1.00725
-1
52.98342+-1.02668
52.98154+-1.02052
-1
52.96876+-1.03998
52.96692+-1.0338
-1
52.95406+-1.05329
52.9523+-1.04707
-1
52.93919+-1.06663
52.93768+-1.06035
-1