;
; © John Woodside
;
{EGAE-02/20}
$TYPE=5
54.94239+-7.21669
54.9583+-7.20804
54.97421+-7.19939
54.99013+-7.19074
55.00604+-7.18209
55.02195+-7.17344
55.03786+-7.16479
-1
54.94371+-7.22358
54.94239+-7.21669
-1
54.96116+-7.22164
54.9583+-7.20804
-1
54.97557+-7.20625
54.97421+-7.19939
-1
54.99153+-7.19757
54.99013+-7.19074
-1
55.00751+-7.18885
55.00604+-7.18209
-1
55.02363+-7.17992
55.02195+-7.17344
-1
;
55.14266+-7.10783
55.12675+-7.11648
55.11084+-7.12513
55.09492+-7.13378
55.07901+-7.14243
55.0631+-7.15108
55.04718+-7.15973
-1
55.14382+-7.11481
55.14266+-7.10783
-1
55.12882+-7.13051
55.12675+-7.11648
-1
55.11195+-7.13213
55.11084+-7.12513
-1
55.09599+-7.14079
55.09492+-7.13378
-1
55.07999+-7.14946
55.07901+-7.14243
-1
55.06382+-7.15808
55.0631+-7.15108
-1
{EGAE-08}
$TYPE=5
55.01168+-7.34007
55.01653+-7.31224
55.02137+-7.28441
55.02622+-7.25658
55.03106+-7.22875
55.03591+-7.20092
55.04075+-7.17308
-1
55.01569+-7.34204
55.01168+-7.34007
-1
55.02458+-7.31576
55.01653+-7.31224
-1
55.02539+-7.2863
55.02137+-7.28441
-1
55.03024+-7.2584
55.02622+-7.25658
-1
55.0351+-7.23041
55.03106+-7.22875
-1
55.03992+-7.20214
55.03591+-7.20092
-1
{EGAE-26}
$TYPE=5
55.09369+-6.869
55.08884+-6.89683
55.084+-6.92466
55.07915+-6.9525
55.07431+-6.98033
55.06946+-7.00817
55.06462+-7.036
55.05977+-7.06383
55.05493+-7.09167
55.05008+-7.1195
55.04523+-7.14733
-1
55.10159+-6.87357
55.09369+-6.869
-1
55.09281+-6.89904
55.08884+-6.89683
-1
55.08796+-6.92689
55.084+-6.92466
-1
55.08311+-6.95473
55.07915+-6.9525
-1
55.07826+-6.98259
55.07431+-6.98033
-1
55.07727+-7.01306
55.06946+-7.00817
-1
55.06856+-7.03833
55.06462+-7.036
-1
55.06369+-7.06623
55.05977+-7.06383
-1
55.05881+-7.09419
55.05493+-7.09167
-1
55.0538+-7.12238
55.05008+-7.1195
-1
