;
; © John Woodside
;
{EGPC-13/31}
$TYPE=5
58.52248+-3.2548
58.51246+-3.22934
58.50244+-3.20389
58.49241+-3.17843
58.48239+-3.15297
58.47237+-3.12751
58.46234+-3.10205
-1
58.52576+-3.24988
58.52248+-3.2548
-1
58.51884+-3.21918
58.51246+-3.22934
-1
58.50568+-3.19891
58.50244+-3.20389
-1
58.49563+-3.17339
58.49241+-3.17843
-1
58.48554+-3.14782
58.48239+-3.15297
-1
58.4753+-3.1221
58.47237+-3.12751
-1
;
58.39533+-2.93201
58.40536+-2.95746
58.41538+-2.9829
58.42541+-3.00835
58.43544+-3.03379
58.44547+-3.05924
58.45549+-3.08468
-1
58.3987+-2.92735
58.39533+-2.93201
-1
58.41223+-2.94855
58.40536+-2.95746
-1
58.41878+-2.97832
58.41538+-2.9829
-1
58.42883+-3.00384
58.42541+-3.00835
-1
58.4389+-3.02943
58.43544+-3.03379
-1
58.449+-3.05535
58.44547+-3.05924
-1