;
; © John Woodside
;
{EGPN-10/28}
$TYPE=5
56.45303+-3.21815
56.45294+-3.18799
56.45285+-3.15783
56.45275+-3.12767
56.45266+-3.09751
56.45257+-3.06735
56.45247+-3.03719
-1
56.4572+-3.21795
56.45303+-3.21815
-1
56.46123+-3.18715
56.45294+-3.18799
-1
56.45701+-3.15755
56.45285+-3.15783
-1
56.45691+-3.12732
56.45275+-3.12767
-1
56.45679+-3.097
56.45266+-3.09751
-1
56.45661+-3.06641
56.45257+-3.06735
-1
;
56.45181+-2.83353
56.4519+-2.86369
56.45199+-2.89385
56.45209+-2.92401
56.45218+-2.95417
56.45227+-2.98433
56.45236+-3.01448
-1
56.45597+-2.83365
56.45181+-2.83353
-1
56.46019+-2.86436
56.4519+-2.86369
-1
56.45615+-2.89404
56.45199+-2.89385
-1
56.45624+-2.92428
56.45209+-2.92401
-1
56.45631+-2.95459
56.45218+-2.95417
-1
56.45632+-2.98519
56.45227+-2.98433
-1
