;
; © John Woodside
;
{EGTU-05/23}
$TYPE=5
50.78135+-3.34344
50.79391+-3.32609
50.80647+-3.30873
50.81903+-3.29137
50.83159+-3.27402
50.84415+-3.25666
50.8567+-3.2393
-1
50.78415+-3.34832
50.78135+-3.34344
-1
50.79967+-3.33555
50.79391+-3.32609
-1
50.8093+-3.31356
50.80647+-3.30873
-1
50.82189+-3.29615
50.81903+-3.29137
-1
50.8345+-3.27868
50.83159+-3.27402
-1
50.84718+-3.26097
50.84415+-3.25666
-1
;
50.93859+-3.12616
50.92603+-3.14352
50.91347+-3.16088
50.90091+-3.17824
50.88835+-3.1956
50.87579+-3.21296
50.86323+-3.23031
-1
50.94126+-3.13122
50.93859+-3.12616
-1
50.93117+-3.15385
50.92603+-3.14352
-1
50.91611+-3.16598
50.91347+-3.16088
-1
50.90351+-3.18338
50.90091+-3.17824
-1
50.89088+-3.2008
50.88835+-3.1956
-1
50.87808+-3.2183
50.87579+-3.21296
-1
{EGTU-17/35}
$TYPE=5
50.96277+-3.26379
50.94638+-3.25898
50.93+-3.25416
50.91361+-3.24935
50.89722+-3.24454
50.88083+-3.23973
50.86444+-3.23491
-1
50.96344+-3.25728
50.96277+-3.26379
-1
50.94749+-3.24594
50.94638+-3.25898
-1
50.93063+-3.24765
50.93+-3.25416
-1
50.91419+-3.24283
50.91361+-3.24935
-1
50.89772+-3.23802
50.89722+-3.24454
-1
50.88108+-3.23329
50.88083+-3.23973
-1
;
50.76045+-3.20439
50.77684+-3.2092
50.79322+-3.21401
50.80961+-3.21882
50.826+-3.22363
50.84239+-3.22844
50.85877+-3.23325
-1
50.76129+-3.19793
50.76045+-3.20439
-1
50.77875+-3.1964
50.77684+-3.2092
-1
50.79411+-3.20757
50.79322+-3.21401
-1
50.81054+-3.2124
50.80961+-3.21882
-1
50.82701+-3.21727
50.826+-3.22363
-1
50.84361+-3.22229
50.84239+-3.22844
-1
