;
; © John Woodside
;
{EGGW-08}
$TYPE=5
51.78233+-0.90352
51.78681+-0.87752
51.7913+-0.85153
51.79578+-0.82553
51.80027+-0.79953
51.80475+-0.77353
51.80924+-0.74753
51.81372+-0.72153
51.81821+-0.69554
51.82269+-0.66954
51.82718+-0.64354
51.83166+-0.61754
51.83615+-0.59154
51.84063+-0.56554
51.84512+-0.53955
51.8496+-0.51355
51.85409+-0.48755
51.85857+-0.46155
51.86306+-0.43555
51.86754+-0.40955
51.87202+-0.38355
-1
51.79038+-0.90699
51.78233+-0.90352
-1
51.79083+-0.8793
51.78681+-0.87752
-1
51.79532+-0.8533
51.7913+-0.85153
-1
51.7998+-0.8273
51.79578+-0.82553
-1
51.80429+-0.80129
51.80027+-0.79953
-1
51.81281+-0.77694
51.80475+-0.77353
-1
51.81326+-0.74929
51.80924+-0.74753
-1
51.81775+-0.72329
51.81372+-0.72153
-1
51.82223+-0.69728
51.81821+-0.69554
-1
51.82672+-0.67128
51.82269+-0.66954
-1
51.83525+-0.64684
51.82718+-0.64354
-1
51.83569+-0.61927
51.83166+-0.61754
-1
51.84018+-0.59326
51.83615+-0.59154
-1
51.84466+-0.56724
51.84063+-0.56554
-1
51.84915+-0.54122
51.84512+-0.53955
-1
51.8577+-0.51652
51.8496+-0.51355
-1
51.85813+-0.48916
51.85409+-0.48755
-1
51.86262+-0.46309
51.85857+-0.46155
-1
51.86711+-0.43695
51.86306+-0.43555
-1
51.87157+-0.41054
51.86754+-0.40955
-1
{EGGW-26}
$TYPE=5
51.96663+0.16556
51.96215+0.13956
51.95767+0.11355
51.95319+0.08755
51.94871+0.06155
51.94423+0.03554
51.93975+0.00954
51.93527+-0.01648
51.9308+-0.04248
51.92632+-0.06848
51.92184+-0.09449
51.91736+-0.12049
51.91288+-0.14649
51.9084+-0.1725
51.90392+-0.1985
51.89944+-0.22451
51.89496+-0.25051
51.89048+-0.27651
51.886+-0.30252
51.88152+-0.32852
51.87704+-0.35452
-1
51.97463+0.16177
51.96663+0.16556
-1
51.96616+0.1377
51.96215+0.13956
-1
51.96168+0.11169
51.95767+0.11355
-1
51.9572+0.08569
51.95319+0.08755
-1
51.95272+0.05968
51.94871+0.06155
-1
51.95222+0.0317
51.94423+0.03554
-1
51.94376+0.00767
51.93975+0.00954
-1
51.93928+-0.01835
51.93527+-0.01648
-1
51.9348+-0.04436
51.9308+-0.04248
-1
51.93032+-0.07037
51.92632+-0.06848
-1
51.9298+-0.09843
51.92184+-0.09449
-1
51.92135+-0.12239
51.91736+-0.12049
-1
51.91687+-0.14841
51.91288+-0.14649
-1
51.91239+-0.17443
51.9084+-0.1725
-1
51.90791+-0.20045
51.90392+-0.1985
-1
51.90732+-0.22876
51.89944+-0.22451
-1
51.89893+-0.25252
51.89496+-0.25051
-1
51.89444+-0.27859
51.89048+-0.27651
-1
51.88992+-0.30472
51.886+-0.30252
-1
51.88528+-0.33106
51.88152+-0.32852
-1