;
; © John Woodside
;
{EGCC-06L}
$TYPE=5
53.24280+-2.50493
53.25327+-2.48321
53.26375+-2.46150
53.27422+-2.43978
53.28470+-2.41807
53.29517+-2.39635
53.30565+-2.37464
53.31612+-2.35292
53.32660+-2.33120
53.33707+-2.30949
53.34755+-2.28777
-1
53.24940+-2.51342
53.24280+-2.50493
-1
53.25655+-2.48752
53.25327+-2.48321
-1
53.26703+-2.46580
53.26375+-2.46150
-1
53.27751+-2.44407
53.27422+-2.43978
-1
53.28799+-2.42234
53.28470+-2.41807
-1
53.30188+-2.40454
53.29517+-2.39635
-1
53.30897+-2.37884
53.30565+-2.37464
-1
53.31946+-2.35707
53.31612+-2.35292
-1
53.32998+-2.33522
53.32660+-2.33120
-1
53.34053+-2.31310
53.33707+-2.30949
-1
{EGCC-06R}
$TYPE=5
53.22720+-2.52771
53.23768+-2.50600
53.24816+-2.48430
53.25863+-2.46259
53.26911+-2.44089
53.27959+-2.41918
53.29007+-2.39748
53.30054+-2.37578
53.31102+-2.35407
53.32150+-2.33237
53.33198+-2.31066
-1
53.22086+-2.51868
53.22720+-2.52771
-1
53.23448+-2.50154
53.23768+-2.50600
-1
53.24496+-2.47983
53.24816+-2.48430
-1
53.25544+-2.45811
53.25863+-2.46259
-1
53.26593+-2.43639
53.26911+-2.44089
-1
53.27340+-2.40992
53.27959+-2.41918
-1
53.28691+-2.39293
53.29007+-2.39748
-1
53.29742+-2.37118
53.30054+-2.37578
-1
53.30797+-2.34938
53.31102+-2.35407
-1
53.31867+-2.32746
53.32150+-2.33237
-1
{EGCC-24L}
$TYPE=5
53.45286+-2.05998
53.44239+-2.08171
53.43192+-2.10343
53.42145+-2.12515
53.41098+-2.14687
53.40051+-2.16859
53.39004+-2.19032
53.37956+-2.21204
53.36909+-2.23376
53.35862+-2.25548
53.34815+-2.27721
-1
53.44625+-2.05150
53.45286+-2.05998
-1
53.43911+-2.07740
53.44239+-2.08171
-1
53.42864+-2.09913
53.43192+-2.10343
-1
53.41816+-2.12087
53.42145+-2.12515
-1
53.40768+-2.14260
53.41098+-2.14687
-1
53.39379+-2.16041
53.40051+-2.16859
-1
53.38672+-2.18611
53.39004+-2.19032
-1
53.37623+-2.20789
53.37956+-2.21204
-1
53.36572+-2.22975
53.36909+-2.23376
-1
53.35517+-2.25188
53.35862+-2.25548
-1
{EGCC-24R}
$TYPE=5
53.46603+-2.04199
53.45556+-2.06372
53.44509+-2.08544
53.43462+-2.10717
53.42415+-2.12890
53.41368+-2.15063
53.40320+-2.17236
53.39273+-2.19409
53.38226+-2.21582
53.37179+-2.23755
53.36132+-2.25928
-1
53.47237+-2.05102
53.46603+-2.04199
-1
53.45876+-2.06818
53.45556+-2.06372
-1
53.44829+-2.08991
53.44509+-2.08544
-1
53.43781+-2.11165
53.43462+-2.10717
-1
53.42733+-2.13340
53.42415+-2.12890
-1
53.41987+-2.15990
53.41368+-2.15063
-1
53.40636+-2.17691
53.40320+-2.17236
-1
53.39586+-2.19868
53.39273+-2.19409
-1
53.38532+-2.22051
53.38226+-2.21582
-1
53.37463+-2.24245
53.37179+-2.23755
-1
