;
; © John Woodside
;
{EGJA-08}
$TYPE=5
49.67548+-2.47421
49.67853+-2.44888
49.68158+-2.42354
49.68463+-2.39820
49.68768+-2.37287
49.69073+-2.34753
49.69379+-2.32220
49.69684+-2.29686
49.69989+-2.27152
49.70294+-2.24619
49.70599+-2.22085
-1
49.68370+-2.47625
49.67548+-2.47421
-1
49.68263+-2.44997
49.67853+-2.44888
-1
49.68569+-2.42462
49.68158+-2.42354
-1
49.68874+-2.39927
49.68463+-2.39820
-1
49.69179+-2.37391
49.68768+-2.37287
-1
49.69896+-2.34925
49.69073+-2.34753
-1
49.69790+-2.32318
49.69379+-2.32220
-1
49.70095+-2.29777
49.69684+-2.29686
-1
49.70400+-2.27230
49.69989+-2.27152
-1
49.70701+-2.24658
49.70294+-2.24619
-1
{EGJA-26}
$TYPE=5
49.73794+-1.95547
49.73489+-1.98081
49.73184+-2.00615
49.7288+-2.03148
49.72575+-2.05682
49.7227+-2.08216
49.71965+-2.1075
49.7166+-2.13283
49.71355+-2.15817
49.7105+-2.18351
49.70745+-2.20884
-1
49.74609+-1.95814
49.73794+-1.95547
-1
49.73898+-1.98207
49.73489+-1.98081
-1
49.73593+-2.00742
49.73184+-2.00615
-1
49.73288+-2.03277
49.7288+-2.03148
-1
49.72982+-2.05813
49.72575+-2.05682
-1
49.73077+-2.08513
49.7227+-2.08216
-1
49.72371+-2.10887
49.71965+-2.1075
-1
49.72065+-2.13427
49.7166+-2.13283
-1
49.71757+-2.15973
49.71355+-2.15817
-1
49.71439+-2.18541
49.7105+-2.18351
-1
{EGJA-14/32}
$TYPE=5
49.7775+-2.33394
49.76607+-2.31518
49.75465+-2.29641
49.74323+-2.27764
49.7318+-2.25888
49.72038+-2.24011
49.70895+-2.22134
-1
49.78047+-2.32943
49.7775+-2.33394
-1
49.77183+-2.30592
49.76607+-2.31518
-1
49.75759+-2.29186
49.75465+-2.29641
-1
49.74613+-2.27305
49.74323+-2.27764
-1
49.73464+-2.25421
49.7318+-2.25888
-1
49.72298+-2.23527
49.72038+-2.24011
-1
;
49.63589+-2.10136
49.64732+-2.12012
49.65874+-2.13889
49.67016+-2.15765
49.68159+-2.17642
49.69301+-2.19518
49.70443+-2.21394
-1
49.63898+-2.09704
49.63589+-2.10136
-1
49.65364+-2.1118
49.64732+-2.12012
-1
49.66186+-2.13463
49.65874+-2.13889
-1
49.6733+-2.15345
49.67016+-2.15765
-1
49.68477+-2.17232
49.68159+-2.17642
-1
49.6963+-2.19146
49.69301+-2.19518
-1
{EGJA-03/21}
$TYPE=5
49.61431+-2.28207
49.62931+-2.27082
49.6443+-2.25957
49.65929+-2.24831
49.67429+-2.23706
49.68928+-2.22581
49.70427+-2.21455
-1
49.61621+-2.2878
49.61431+-2.28207
-1
49.6333+-2.28207
49.62931+-2.27082
-1
49.64623+-2.26526
49.6443+-2.25957
-1
49.66126+-2.25397
49.65929+-2.24831
-1
49.67632+-2.24264
49.67429+-2.23706
-1
49.69149+-2.23109
49.68928+-2.22581
-1
;
49.79826+-2.14403
49.78326+-2.15529
49.76827+-2.16654
49.75328+-2.17779
49.73828+-2.18905
49.72329+-2.2003
49.70829+-2.21155
-1
49.8+-2.14988
49.79826+-2.14403
-1
49.78651+-2.1671
49.78326+-2.15529
-1
49.76997+-2.17241
49.76827+-2.16654
-1
49.75493+-2.18369
49.75328+-2.17779
-1
49.73986+-2.19497
49.73828+-2.18905
-1
49.72461+-2.20626
49.72329+-2.2003
-1
