;
; © John Woodside
;
{EGGD-09}
$TYPE=5
51.37177+-3.00004
51.3728+-2.97339
51.37384+-2.94674
51.37487+-2.92008
51.37591+-2.89343
51.37694+-2.86678
51.37798+-2.84013
51.37901+-2.81347
51.38005+-2.78682
51.38108+-2.76017
51.38211+-2.73351
-1
51.38009+-3.00054
51.37177+-3.00004
-1
51.37696+-2.97371
51.3728+-2.97339
-1
51.378+-2.94705
51.37384+-2.94674
-1
51.37903+-2.92038
51.37487+-2.92008
-1
51.38007+-2.89371
51.37591+-2.89343
-1
51.38524+-2.86694
51.37694+-2.86678
-1
51.38213+-2.84033
51.37798+-2.84013
-1
51.38317+-2.81361
51.37901+-2.81347
-1
51.38419+-2.78682
51.38005+-2.78682
-1
51.38515+-2.75977
51.38108+-2.76017
-1
{EGGD-27}
$TYPE=5
51.39351+-2.44
51.39248+-2.46666
51.39144+-2.49331
51.39041+-2.51996
51.38937+-2.54662
51.38834+-2.57327
51.3873+-2.59992
51.38627+-2.62658
51.38523+-2.65323
51.3842+-2.67988
51.38316+-2.70653
-1
51.40181+-2.44116
51.39351+-2.44
-1
51.39663+-2.46716
51.39248+-2.46666
-1
51.3956+-2.49383
51.39144+-2.49331
-1
51.39456+-2.5205
51.39041+-2.51996
-1
51.39352+-2.54717
51.38937+-2.54662
-1
51.39659+-2.57476
51.38834+-2.57327
-1
51.39145+-2.60054
51.3873+-2.59992
-1
51.3904+-2.62726
51.38627+-2.62658
-1
51.38935+-2.65405
51.38523+-2.65323
-1
51.3882+-2.68108
51.3842+-2.67988
-1