;
; © John Woodside
;
{EGBK-03L/21R}
$TYPE=5
52.20776+-0.8526
52.22337+-0.84306
52.23898+-0.83351
52.25459+-0.82397
52.2702+-0.81442
52.28581+-0.80488
52.30142+-0.79533
-1
52.2093+-0.85893
52.20776+-0.8526
-1
52.22666+-0.85552
52.22337+-0.84306
-1
52.24056+-0.83981
52.23898+-0.83351
-1
52.25621+-0.83023
52.25459+-0.82397
-1
52.27189+-0.82061
52.2702+-0.81442
-1
52.2877+-0.81079
52.28581+-0.80488
-1
;
52.4028+-0.73335
52.38719+-0.74289
52.37158+-0.75244
52.35597+-0.76199
52.34036+-0.77153
52.32475+-0.78108
52.30913+-0.79062
-1
52.40418+-0.73977
52.4028+-0.73335
-1
52.38971+-0.75583
52.38719+-0.74289
-1
52.37291+-0.75888
52.37158+-0.75244
-1
52.35726+-0.76845
52.35597+-0.76199
-1
52.34156+-0.77801
52.34036+-0.77153
-1
52.3257+-0.78756
52.32475+-0.78108
-1
{EGBK-15/33}
$TYPE=5
52.38925+-0.88737
52.37573+-0.87142
52.36222+-0.85548
52.3487+-0.83953
52.33518+-0.82359
52.32166+-0.80764
52.30814+-0.79169
-1
52.39162+-0.88176
52.38925+-0.88737
-1
52.38025+-0.86003
52.37573+-0.87142
-1
52.36454+-0.84984
52.36222+-0.85548
-1
52.35099+-0.83386
52.3487+-0.83953
-1
52.33739+-0.81786
52.33518+-0.82359
-1
52.32362+-0.8018
52.32166+-0.80764
-1
;
52.22312+-0.69141
52.23664+-0.70735
52.25015+-0.7233
52.26367+-0.73924
52.27719+-0.75519
52.29071+-0.77113
52.30422+-0.78707
-1
52.22562+-0.68597
52.22312+-0.69141
-1
52.24182+-0.69675
52.23664+-0.70735
-1
52.25269+-0.71791
52.25015+-0.7233
-1
52.26624+-0.7339
52.26367+-0.73924
-1
52.27982+-0.74995
52.27719+-0.75519
-1
52.29348+-0.76625
52.29071+-0.77113
-1
{EGBK-05/23}
$TYPE=5
52.24118+-0.9225
52.25147+-0.90105
52.26175+-0.8796
52.27203+-0.85815
52.28232+-0.8367
52.2926+-0.81525
52.30288+-0.7938
-1
52.24451+-0.92659
52.24118+-0.9225
-1
52.25825+-0.90888
52.25147+-0.90105
-1
52.2651+-0.88363
52.26175+-0.8796
-1
52.27541+-0.86212
52.27203+-0.85815
-1
52.28573+-0.84054
52.28232+-0.8367
-1
52.29609+-0.81869
52.2926+-0.81525
-1
;
52.36793+-0.65814
52.35764+-0.67959
52.34736+-0.70104
52.33708+-0.72249
52.32679+-0.74394
52.31651+-0.76539
52.30622+-0.78684
-1
52.37115+-0.66246
52.36793+-0.65814
-1
52.36391+-0.68849
52.35764+-0.67959
-1
52.35055+-0.70541
52.34736+-0.70104
-1
52.34024+-0.72691
52.33708+-0.72249
-1
52.32989+-0.74845
52.32679+-0.74394
-1
52.31938+-0.77011
52.31651+-0.76539
-1