;
; © John Woodside
;
{EGKK-08L}
$TYPE=5
51.07606+-0.7271
51.07963+-0.70115
51.08321+-0.6752
51.08678+-0.64925
51.09035+-0.6233
51.09393+-0.59735
51.0975+-0.5714
51.10107+-0.54545
51.10465+-0.5195
51.10822+-0.49355
51.11179+-0.4676
51.11537+-0.44165
51.11894+-0.4157
51.12251+-0.38975
51.12609+-0.3638
51.12966+-0.33785
51.13323+-0.3119
51.13681+-0.28595
51.14038+-0.26
51.14395+-0.23405
51.14752+-0.20809
-1
51.08422+-0.72979
51.07606+-0.7271
-1
51.08371+-0.70253
51.07963+-0.70115
-1
51.08728+-0.67658
51.08321+-0.6752
-1
51.09086+-0.65063
51.08678+-0.64925
-1
51.09443+-0.62467
51.09035+-0.6233
-1
51.10209+-0.59998
51.09393+-0.59735
-1
51.10158+-0.57277
51.0975+-0.5714
-1
51.10515+-0.54681
51.10107+-0.54545
-1
51.10872+-0.52086
51.10465+-0.5195
-1
51.1123+-0.4949
51.10822+-0.49355
-1
51.11997+-0.47012
51.11179+-0.4676
-1
51.11945+-0.44298
51.11537+-0.44165
-1
51.12302+-0.41702
51.11894+-0.4157
-1
51.1266+-0.39105
51.12251+-0.38975
-1
51.13017+-0.36509
51.12609+-0.3638
-1
51.13785+-0.34004
51.12966+-0.33785
-1
51.13732+-0.31312
51.13323+-0.3119
-1
51.1409+-0.2871
51.13681+-0.28595
-1
51.14447+-0.26101
51.14038+-0.26
-1
51.14801+-0.23465
51.14395+-0.23405
-1
{EGKK-08R}
$TYPE=5
51.07447+-0.72585
51.07804+-0.6999
51.08161+-0.67395
51.08518+-0.648
51.08875+-0.62205
51.09232+-0.5961
51.09589+-0.57015
51.09946+-0.5442
51.10303+-0.51825
51.1066+-0.4923
51.11017+-0.46635
51.11374+-0.4404
51.11731+-0.41445
51.12088+-0.3885
51.12445+-0.36255
51.12802+-0.3366
51.13159+-0.31065
51.13516+-0.2847
51.13873+-0.25875
51.1423+-0.2328
51.14587+-0.20684
-1
51.06635+-0.72285
51.07447+-0.72585
-1
51.07397+-0.69844
51.07804+-0.6999
-1
51.07754+-0.67249
51.08161+-0.67395
-1
51.08112+-0.64653
51.08518+-0.648
-1
51.08469+-0.62058
51.08875+-0.62205
-1
51.08421+-0.59304
51.09232+-0.5961
-1
51.09183+-0.56867
51.09589+-0.57015
-1
51.0954+-0.54272
51.09946+-0.5442
-1
51.09897+-0.51676
51.10303+-0.51825
-1
51.10254+-0.4908
51.1066+-0.4923
-1
51.10209+-0.46318
51.11017+-0.46635
-1
51.10969+-0.43889
51.11374+-0.4404
-1
51.11326+-0.41293
51.11731+-0.41445
-1
51.11683+-0.38696
51.12088+-0.3885
-1
51.1204+-0.36099
51.12445+-0.36255
-1
51.12001+-0.33312
51.12802+-0.3366
-1
51.12756+-0.30902
51.13159+-0.31065
-1
51.13114+-0.28301
51.13516+-0.2847
-1
51.13475+-0.25693
51.13873+-0.25875
-1
51.13846+-0.23064
51.1423+-0.2328
-1
{EGKK-26L}
$TYPE=5
51.22198+0.34718
51.21841+0.32122
51.21485+0.29527
51.21129+0.26931
51.20772+0.24336
51.20416+0.2174
51.20059+0.19145
51.19703+0.16549
51.19346+0.13954
51.1899+0.11358
51.18633+0.08763
51.18277+0.06167
51.1792+0.03572
51.17564+0.00976
51.17207+-0.0162
51.16851+-0.04216
51.16494+-0.06811
51.16138+-0.09407
51.15781+-0.12002
51.15425+-0.14598
51.15068+-0.17193
-1
51.21382+0.34986
51.22198+0.34718
-1
51.21434+0.3226
51.21841+0.32122
-1
51.21077+0.29664
51.21485+0.29527
-1
51.20721+0.27069
51.21129+0.26931
-1
51.20364+0.24473
51.20772+0.24336
-1
51.19599+0.22003
51.20416+0.2174
-1
51.19651+0.19281
51.20059+0.19145
-1
51.19295+0.16685
51.19703+0.16549
-1
51.18938+0.14089
51.19346+0.13954
-1
51.18582+0.11493
51.1899+0.11358
-1
51.17816+0.09014
51.18633+0.08763
-1
51.17869+0.063
51.18277+0.06167
-1
51.17512+0.03703
51.1792+0.03572
-1
51.17155+0.01106
51.17564+0.00976
-1
51.16799+-0.01492
51.17207+-0.0162
-1
51.16032+-0.03998
51.16851+-0.04216
-1
51.16085+-0.0669
51.16494+-0.06811
-1
51.15729+-0.09292
51.16138+-0.09407
-1
51.15372+-0.11902
51.15781+-0.12002
-1
51.15019+-0.14538
51.15425+-0.14598
-1
{EGKK-26R}
$TYPE=5
51.22239+0.33645
51.21882+0.3105
51.21525+0.28454
51.21168+0.25859
51.20812+0.23263
51.20455+0.20668
51.20098+0.18073
51.19741+0.15477
51.19385+0.12882
51.19028+0.10286
51.18671+0.07691
51.18314+0.05095
51.17958+0.025
51.17601+-0.00096
51.17244+-0.02692
51.16887+-0.05287
51.16531+-0.07883
51.16174+-0.10478
51.15817+-0.13074
51.1546+-0.15669
51.15103+-0.18264
-1
51.2305+0.33345
51.22239+0.33645
-1
51.22288+0.30903
51.21882+0.3105
-1
51.21931+0.28308
51.21525+0.28454
-1
51.21575+0.25712
51.21168+0.25859
-1
51.21218+0.23116
51.20812+0.23263
-1
51.21265+0.20362
51.20455+0.20668
-1
51.20504+0.17925
51.20098+0.18073
-1
51.20147+0.15329
51.19741+0.15477
-1
51.19791+0.12733
51.19385+0.12882
-1
51.19434+0.10137
51.19028+0.10286
-1
51.1948+0.07374
51.18671+0.07691
-1
51.1872+0.04944
51.18314+0.05095
-1
51.18363+0.02348
51.17958+0.025
-1
51.18006+-0.0025
51.17601+-0.00096
-1
51.17649+-0.02847
51.17244+-0.02692
-1
51.17688+-0.05635
51.16887+-0.05287
-1
51.16934+-0.08045
51.16531+-0.07883
-1
51.16576+-0.10647
51.16174+-0.10478
-1
51.16215+-0.13255
51.15817+-0.13074
-1
51.15844+-0.15885
51.1546+-0.15669
-1