;
; © John Woodside
;
{EGNO-26}
$TYPE=5
53.80222+-2.59973
53.79684+-2.62641
53.79147+-2.65309
53.78609+-2.67977
53.78071+-2.70645
53.77534+-2.73312
53.76996+-2.7598
53.76458+-2.78648
53.75921+-2.81316
53.75383+-2.83984
53.74845+-2.86651
-1
53.81003+-2.60461
53.80222+-2.59973
-1
53.80077+-2.62878
53.79684+-2.62641
-1
53.79539+-2.65547
53.79147+-2.65309
-1
53.79001+-2.68216
53.78609+-2.67977
-1
53.78463+-2.70886
53.78071+-2.70645
-1
53.78305+-2.73831
53.77534+-2.73312
-1
53.77386+-2.76228
53.76996+-2.7598
-1
53.76846+-2.78902
53.76458+-2.78648
-1
53.76304+-2.81583
53.75921+-2.81316
-1
53.7575+-2.84284
53.75383+-2.83984
-1
{EGNO-08}
$TYPE=5
53.68777+-3.16705
53.69315+-3.14038
53.69854+-3.11371
53.70392+-3.08704
53.70931+-3.06037
53.71469+-3.0337
53.72008+-3.00703
53.72546+-2.98036
53.73085+-2.95369
53.73623+-2.92702
53.74161+-2.90035
-1
53.69571+-3.17126
53.68777+-3.16705
-1
53.69711+-3.14256
53.69315+-3.14038
-1
53.7025+-3.11588
53.69854+-3.11371
-1
53.70789+-3.08919
53.70392+-3.08704
-1
53.71327+-3.0625
53.70931+-3.06037
-1
53.72267+-3.03757
53.71469+-3.0337
-1
53.72405+-3.0091
53.72008+-3.00703
-1
53.72945+-2.98235
53.72546+-2.98036
-1
53.73484+-2.95554
53.73085+-2.95369
-1
53.74022+-2.92844
53.73623+-2.92702
-1
