;
; © John Woodside
;
{EGWU-07/25}
$TYPE=5
51.51591+-0.58073
51.52166+-0.55557
51.52741+-0.53041
51.53315+-0.50525
51.5389+-0.48009
51.54465+-0.45493
51.55039+-0.42977
-1
51.51985+-0.58291
51.51591+-0.58073
-1
51.52959+-0.55954
51.52166+-0.55557
-1
51.53136+-0.53252
51.52741+-0.53041
-1
51.53711+-0.50729
51.53315+-0.50525
-1
51.54287+-0.482
51.5389+-0.48009
-1
51.54861+-0.45642
51.54465+-0.45493
-1
;
51.58977+-0.25723
51.58403+-0.2824
51.57829+-0.30756
51.57255+-0.33273
51.56681+-0.35789
51.56107+-0.38306
51.55532+-0.40822
-1
51.59365+-0.25967
51.58977+-0.25723
-1
51.59167+-0.28762
51.58403+-0.2824
-1
51.58215+-0.31006
51.57829+-0.30756
-1
51.57639+-0.33529
51.57255+-0.33273
-1
51.5706+-0.36057
51.56681+-0.35789
-1
51.56469+-0.38605
51.56107+-0.38306
-1