;
; © John Woodside
;
{HUACA_CTA}
$TYPE=9
54.4167+-8.1667
55.3333+-6.9167
55.4167+-7.3333
55.3333+-8.25
54.75+-9
54.6494+-9.5556
54.4167+-8.1667
-1
61.00000+-10.00000
61.00000+-9.00000
61.00000+-8.00000
61.00000+-7.00000
61.00000+-6.00000
61.00000+-5.50000
59.28333+-4.50000
57.45000+-4.20000
56.28333+-3.61667
54.81667+-3.50000
54.06694+-4.76361
53.76667+-5.50000
53.91667+-5.50000
54.41667+-8.16667
55.33333+-6.91667
55.41667+-7.33333
55.33333+-8.25000
54.75000+-9.00000
54.56667+-10.00000
55.00000+-10.00000
56.00000+-10.00000
57.00000+-10.00000
58.00000+-10.00000
59.00000+-10.00000
60.00000+-10.00000
61.00000+-10.00000
-1