;
; © John Woodside
;
{EGBW-18/36}
$TYPE=5
52.29605+-1.62653
52.27943+-1.62459
52.2628+-1.62264
52.24618+-1.6207
52.22955+-1.61875
52.21293+-1.61681
52.1963+-1.61486
-1
52.29626+-1.61974
52.29605+-1.62653
-1
52.27961+-1.61104
52.27943+-1.62459
-1
52.26297+-1.61586
52.2628+-1.62264
-1
52.2463+-1.61392
52.24618+-1.6207
-1
52.22959+-1.612
52.22955+-1.61875
-1
52.21272+-1.61017
52.21293+-1.61681
-1
;
52.08838+-1.60229
52.105+-1.60424
52.12163+-1.60618
52.13825+-1.60812
52.15488+-1.61007
52.1715+-1.61201
52.18812+-1.61395
-1
52.08877+-1.59553
52.08838+-1.60229
-1
52.10601+-1.59079
52.105+-1.60424
-1
52.12206+-1.59943
52.12163+-1.60618
-1
52.13872+-1.60139
52.13825+-1.60812
-1
52.15543+-1.60337
52.15488+-1.61007
-1
52.17229+-1.60549
52.1715+-1.61201
-1
{EGBW-05/23}
$TYPE=5
52.11766+-1.7347
52.12926+-1.71518
52.14086+-1.69565
52.15246+-1.67613
52.16406+-1.65661
52.17566+-1.63709
52.18725+-1.61756
-1
52.12071+-1.73932
52.11766+-1.7347
-1
52.1355+-1.7241
52.12926+-1.71518
-1
52.14394+-1.70022
52.14086+-1.69565
-1
52.15556+-1.68064
52.15246+-1.67613
-1
52.16721+-1.661
52.16406+-1.65661
-1
52.17891+-1.64109
52.17566+-1.63709
-1
;
52.26053+-1.49433
52.24893+-1.51386
52.23733+-1.53338
52.22573+-1.5529
52.21413+-1.57243
52.20253+-1.59195
52.19093+-1.61147
-1
52.26346+-1.49916
52.26053+-1.49433
-1
52.25459+-1.52375
52.24893+-1.51386
-1
52.24023+-1.53825
52.23733+-1.53338
-1
52.22859+-1.55782
52.22573+-1.5529
-1
52.21692+-1.57742
52.21413+-1.57243
-1
52.20509+-1.59712
52.20253+-1.59195
-1