;
; © John Woodside
;
{EGBG-15/33}
$TYPE=5
52.69368+-1.11821
52.67936+-1.10416
52.66505+-1.09011
52.65073+-1.07605
52.63642+-1.062
52.6221+-1.04795
52.60778+-1.03389
-1
52.69574+-1.11225
52.69368+-1.11821
-1
52.68326+-1.09208
52.67936+-1.10416
-1
52.66707+-1.08412
52.66505+-1.09011
-1
52.65271+-1.07004
52.65073+-1.07605
-1
52.63831+-1.05594
52.63642+-1.062
-1
52.62374+-1.04181
52.6221+-1.04795
-1
;
52.518+-0.94597
52.53232+-0.96003
52.54663+-0.97408
52.56095+-0.98813
52.57526+-1.00218
52.58958+-1.01623
52.60389+-1.03028
-1
52.52021+-0.94016
52.518+-0.94597
-1
52.53692+-0.94865
52.53232+-0.96003
-1
52.54887+-0.96831
52.54663+-0.97408
-1
52.56322+-0.9824
52.56095+-0.98813
-1
52.5776+-0.99655
52.57526+-1.00218
-1
52.59208+-1.01094
52.58958+-1.01623
-1
{EGBG-10/28}
$TYPE=5
52.61886+-1.20233
52.61706+-1.17505
52.61526+-1.14776
52.61346+-1.12048
52.61166+-1.09319
52.60986+-1.06591
52.60806+-1.03862
-1
52.62299+-1.20145
52.61886+-1.20233
-1
52.62526+-1.1729
52.61706+-1.17505
-1
52.61939+-1.14681
52.61526+-1.14776
-1
52.61757+-1.11946
52.61346+-1.12048
-1
52.61575+-1.09204
52.61166+-1.09319
-1
52.61383+-1.06438
52.60986+-1.06591
-1
;
52.59671+-0.8613
52.59851+-0.88858
52.60031+-0.91587
52.60211+-0.94315
52.60391+-0.97044
52.60571+-0.99772
52.6075+-1.025
-1
52.60085+-0.8607
52.59671+-0.8613
-1
52.60679+-0.88778
52.59851+-0.88858
-1
52.60445+-0.91534
52.60031+-0.91587
-1
52.60625+-0.9427
52.60211+-0.94315
-1
52.60804+-0.97012
52.60391+-0.97044
-1
52.60978+-0.99782
52.60571+-0.99772
-1
{EGBG-04/22}
$TYPE=5
52.5268+-1.1354
52.5396+-1.11784
52.55241+-1.10027
52.56521+-1.0827
52.57802+-1.06514
52.59082+-1.04757
52.60362+-1.03
-1
52.5242+-1.13005
52.5268+-1.1354
-1
52.53461+-1.10691
52.5396+-1.11784
-1
52.54984+-1.09487
52.55241+-1.10027
-1
52.56269+-1.07727
52.56521+-1.0827
-1
52.57557+-1.05964
52.57802+-1.06514
-1
52.58862+-1.04193
52.59082+-1.04757
-1
;
52.68406+-0.92016
52.67126+-0.93773
52.65845+-0.95529
52.64565+-0.97286
52.63284+-0.99043
52.62004+-1.008
52.60723+-1.02556
-1
52.68666+-0.92552
52.68406+-0.92016
-1
52.67625+-0.94865
52.67126+-0.93773
-1
52.66102+-0.96069
52.65845+-0.95529
-1
52.64817+-0.9783
52.64565+-0.97286
-1
52.63529+-0.99593
52.63284+-0.99043
-1
52.62224+-1.01364
52.62004+-1.008
-1
{EGBG-10/28}
$TYPE=5
52.53966+-1.15577
52.55055+-1.135
52.56144+-1.11422
52.57233+-1.09345
52.58322+-1.07267
52.59411+-1.0519
52.605+-1.03112
-1
52.54287+-1.16014
52.53966+-1.15577
-1
52.5571+-1.1434
52.55055+-1.135
-1
52.56468+-1.11854
52.56144+-1.11422
-1
52.57559+-1.0977
52.57233+-1.09345
-1
52.58652+-1.0768
52.58322+-1.07267
-1
52.5975+-1.05563
52.59411+-1.0519
-1
;
52.6723+-0.9023
52.66141+-0.92308
52.65052+-0.94385
52.63963+-0.96463
52.62874+-0.9854
52.61785+-1.00618
52.60695+-1.02695
-1
52.66909+-0.89793
52.6723+-0.9023
-1
52.65486+-0.91467
52.66141+-0.92308
-1
52.64728+-0.93954
52.65052+-0.94385
-1
52.63637+-0.96038
52.63963+-0.96463
-1
52.62544+-0.98128
52.62874+-0.9854
-1
52.61446+-1.00245
52.61785+-1.00618
-1