;
; © John Woodside
;
{EGSR-06/24}
$TYPE=5
51.86267+0.53735
51.87093+0.56081
51.87919+0.58428
51.88746+0.60774
51.89572+0.63121
51.90398+0.65467
51.91224+0.67813
-1
51.86633+0.53413
51.86267+0.53735
-1
51.87834+0.55473
51.87093+0.56081
-1
51.88287+0.58112
51.87919+0.58428
-1
51.89115+0.60465
51.88746+0.60774
-1
51.89944+0.62825
51.89572+0.63121
-1
51.90774+0.65212
51.90398+0.65467
-1
;
51.9653+0.82875
51.95704+0.80528
51.94878+0.78181
51.94052+0.75834
51.93226+0.73487
51.924+0.7114
51.91573+0.68793
-1
51.96887+0.82528
51.9653+0.82875
-1
51.96403+0.79803
51.95704+0.80528
-1
51.95232+0.77828
51.94878+0.78181
-1
51.94404+0.75476
51.94052+0.75834
-1
51.93572+0.73119
51.93226+0.73487
-1
51.92726+0.70745
51.924+0.7114
-1