;
; © John Woodside
;
{EGSM-27}
$TYPE=5
52.4353+1.44983
52.43533+1.47717
52.43536+1.5045
52.43539+1.53184
52.43542+1.55918
52.43545+1.58652
52.43547+1.61385
-1
52.43946+1.44996
52.4353+1.44983
-1
52.44362+1.47782
52.43533+1.47717
-1
52.43952+1.5047
52.43536+1.5045
-1
52.43954+1.53211
52.43539+1.53184
-1
52.43955+1.55959
52.43542+1.55918
-1
52.43949+1.58732
52.43545+1.58652
-1
;
52.4355+1.78532
52.43547+1.75798
52.43544+1.73065
52.43541+1.70331
52.43538+1.67597
52.43535+1.64863
52.43532+1.62129
-1
52.43966+1.78517
52.4355+1.78532
-1
52.44376+1.75728
52.43547+1.75798
-1
52.4396+1.73042
52.43544+1.73065
-1
52.43956+1.70301
52.43541+1.70331
-1
52.43952+1.67554
52.43538+1.67597
-1
52.4394+1.6478
52.43535+1.64863
-1