;
; © John Woodside
;
{EGFF-12}
$TYPE=5
51.47553+-3.59414
51.46802+-3.57029
51.46052+-3.54643
51.45301+-3.52258
51.44551+-3.49873
51.43801+-3.47487
51.4305+-3.45102
51.423+-3.42717
51.41549+-3.40331
51.40799+-3.37946
51.40048+-3.3556
-1
51.48287+-3.58784
51.47553+-3.59414
-1
51.47172+-3.5672
51.46802+-3.57029
-1
51.46421+-3.54334
51.46052+-3.54643
-1
51.4567+-3.51947
51.45301+-3.52258
-1
51.44919+-3.4956
51.44551+-3.49873
-1
51.44522+-3.4683
51.43801+-3.47487
-1
51.43416+-3.44783
51.4305+-3.45102
-1
51.42663+-3.42392
51.423+-3.42717
-1
51.41907+-3.39996
51.41549+-3.40331
-1
51.41137+-3.37583
51.40799+-3.37946
-1
{EGFF-30}
$TYPE=5
51.31737+-3.09174
51.32488+-3.11559
51.33239+-3.13943
51.3399+-3.16328
51.34741+-3.18712
51.35492+-3.21097
51.36243+-3.23481
51.36994+-3.25866
51.37745+-3.2825
51.38496+-3.30635
51.39246+-3.33019
-1
51.32489+-3.08603
51.31737+-3.09174
-1
51.32862+-3.11266
51.32488+-3.11559
-1
51.33614+-3.13652
51.33239+-3.13943
-1
51.34365+-3.16038
51.3399+-3.16328
-1
51.35116+-3.18424
51.34741+-3.18712
-1
51.36251+-3.20557
51.35492+-3.21097
-1
51.3662+-3.232
51.36243+-3.23481
-1
51.37372+-3.25591
51.36994+-3.25866
-1
51.38125+-3.27989
51.37745+-3.2825
-1
51.38879+-3.30414
51.38496+-3.30635
-1
