;
; © John Woodside
;
{EGLD-06/24}
$TYPE=5
51.53561+-0.65561
51.54414+-0.63257
51.55268+-0.60953
51.56121+-0.58649
51.56975+-0.56345
51.57828+-0.54041
51.58681+-0.51736
-1
51.53923+-0.65892
51.53561+-0.65561
-1
51.55148+-0.63883
51.54414+-0.63257
-1
51.55632+-0.61278
51.55268+-0.60953
-1
51.56487+-0.58967
51.56121+-0.58649
-1
51.57343+-0.5665
51.56975+-0.56345
-1
51.58201+-0.54305
51.57828+-0.54041
-1
;
51.64101+-0.37105
51.63248+-0.39409
51.62394+-0.41714
51.61541+-0.44018
51.60687+-0.46322
51.59834+-0.48626
51.5898+-0.5093
-1
51.64454+-0.3746
51.64101+-0.37105
-1
51.63939+-0.4015
51.63248+-0.39409
-1
51.62745+-0.42074
51.62394+-0.41714
-1
51.61889+-0.44384
51.61541+-0.44018
-1
51.61029+-0.46698
51.60687+-0.46322
-1
51.60156+-0.49028
51.59834+-0.48626
-1
{EGLD-12/30}
$TYPE=5
51.54232+-0.37288
51.55014+-0.39657
51.55797+-0.42025
51.56579+-0.44394
51.57362+-0.46762
51.58144+-0.49131
51.58926+-0.51499
-1
51.54603+-0.36986
51.54232+-0.37288
-1
51.55766+-0.39089
51.55014+-0.39657
-1
51.5617+-0.41729
51.55797+-0.42025
-1
51.56954+-0.44105
51.56579+-0.44394
-1
51.57739+-0.46487
51.57362+-0.46762
-1
51.58524+-0.48896
51.58144+-0.49131
-1
;
51.63516+-0.65395
51.62734+-0.63026
51.61951+-0.60658
51.61169+-0.58289
51.60386+-0.55921
51.59604+-0.53552
51.58821+-0.51183
-1
51.6388+-0.65068
51.63516+-0.65395
-1
51.63446+-0.62341
51.62734+-0.63026
-1
51.62312+-0.60325
51.61951+-0.60658
-1
51.61527+-0.57951
51.61169+-0.58289
-1
51.60739+-0.55572
51.60386+-0.55921
-1
51.59938+-0.53176
51.59604+-0.53552
-1
