;
; © John Woodside
;
{EGGW-08}
$TYPE=5
51.82718+-0.64354
51.83166+-0.61754
51.83615+-0.59154
51.84063+-0.56554
51.84512+-0.53955
51.8496+-0.51355
51.85409+-0.48755
51.85857+-0.46155
51.86306+-0.43555
51.86754+-0.40955
51.87202+-0.38355
-1
51.83525+-0.64684
51.82718+-0.64354
-1
51.83569+-0.61927
51.83166+-0.61754
-1
51.84018+-0.59326
51.83615+-0.59154
-1
51.84466+-0.56724
51.84063+-0.56554
-1
51.84915+-0.54122
51.84512+-0.53955
-1
51.8577+-0.51652
51.8496+-0.51355
-1
51.85813+-0.48916
51.85409+-0.48755
-1
51.86262+-0.46309
51.85857+-0.46155
-1
51.86711+-0.43695
51.86306+-0.43555
-1
51.87157+-0.41054
51.86754+-0.40955
-1
{EGGW-26}
$TYPE=5
51.92184+-0.09449
51.91736+-0.12049
51.91288+-0.14649
51.9084+-0.1725
51.90392+-0.1985
51.89944+-0.22451
51.89496+-0.25051
51.89048+-0.27651
51.886+-0.30252
51.88152+-0.32852
51.87704+-0.35452
-1
51.9298+-0.09843
51.92184+-0.09449
-1
51.92135+-0.12239
51.91736+-0.12049
-1
51.91687+-0.14841
51.91288+-0.14649
-1
51.91239+-0.17443
51.9084+-0.1725
-1
51.90791+-0.20045
51.90392+-0.1985
-1
51.90732+-0.22876
51.89944+-0.22451
-1
51.89893+-0.25252
51.89496+-0.25051
-1
51.89444+-0.27859
51.89048+-0.27651
-1
51.88992+-0.30472
51.886+-0.30252
-1
51.88528+-0.33106
51.88152+-0.32852
-1
