;
; © John Woodside
;
{EGHO-07/25}
$TYPE=5
51.17082+-1.74886
51.17733+-1.72437
51.18385+-1.69988
51.19036+-1.67539
51.19687+-1.6509
51.20338+-1.62641
51.20989+-1.60192
-1
51.17469+-1.75133
51.17082+-1.74886
-1
51.18513+-1.72894
51.17733+-1.72437
-1
51.18772+-1.70228
51.18385+-1.69988
-1
51.19425+-1.67773
51.19036+-1.67539
-1
51.20078+-1.6531
51.19687+-1.6509
-1
51.2073+-1.6282
51.20338+-1.62641
-1
;
51.25165+-1.44498
51.24514+-1.46947
51.23862+-1.49396
51.23211+-1.51845
51.2256+-1.54294
51.21909+-1.56743
51.21257+-1.59192
-1
51.25545+-1.44771
51.25165+-1.44498
-1
51.25261+-1.47525
51.24514+-1.46947
-1
51.2424+-1.49675
51.23862+-1.49396
-1
51.23587+-1.5213
51.23211+-1.51845
-1
51.2293+-1.5459
51.2256+-1.54294
-1
51.22261+-1.57069
51.21909+-1.56743
-1
{EGHO-13/31}
$TYPE=5
51.26648+-1.73763
51.2574+-1.71532
51.24832+-1.69301
51.23925+-1.67069
51.23017+-1.64838
51.22109+-1.62607
51.21201+-1.60375
-1
51.26992+-1.7339
51.26648+-1.73763
-1
51.26413+-1.70756
51.2574+-1.71532
-1
51.25174+-1.68922
51.24832+-1.69301
-1
51.24264+-1.66685
51.23925+-1.67069
-1
51.2335+-1.64444
51.23017+-1.64838
-1
51.22421+-1.62189
51.22109+-1.62607
-1
;
51.15385+-1.46077
51.16293+-1.48308
51.17201+-1.50539
51.18108+-1.5277
51.19016+-1.55001
51.19924+-1.57232
51.20831+-1.59463
-1
51.15739+-1.45726
51.15385+-1.46077
-1
51.17011+-1.47642
51.16293+-1.48308
-1
51.17556+-1.50195
51.17201+-1.50539
-1
51.18466+-1.52432
51.18108+-1.5277
-1
51.19377+-1.54676
51.19016+-1.55001
-1
51.2029+-1.56948
51.19924+-1.57232
-1