;
; © John Woodside
;
{EGSP-06/24}
$TYPE=5
52.50885+-0.5341
52.51682+-0.51002
52.52479+-0.48595
52.53276+-0.46187
52.54073+-0.4378
52.5487+-0.41372
52.55667+-0.38964
-1
52.51255+-0.53725
52.50885+-0.5341
-1
52.5243+-0.51595
52.51682+-0.51002
-1
52.52851+-0.48903
52.52479+-0.48595
-1
52.53649+-0.46489
52.53276+-0.46187
-1
52.54449+-0.44068
52.54073+-0.4378
-1
52.55249+-0.41618
52.5487+-0.41372
-1
;
52.60538+-0.24247
52.59741+-0.26654
52.58945+-0.29062
52.58148+-0.3147
52.57351+-0.33878
52.56554+-0.36286
52.55757+-0.38693
-1
52.609+-0.24587
52.60538+-0.24247
-1
52.6045+-0.27366
52.59741+-0.26654
-1
52.59304+-0.29408
52.58945+-0.29062
-1
52.58504+-0.31822
52.58148+-0.3147
-1
52.57702+-0.3424
52.57351+-0.33878
-1
52.56886+-0.36675
52.56554+-0.36286
-1
{EGSP-15/33}
$TYPE=5
52.63618+-0.49279
52.62324+-0.47551
52.61031+-0.45822
52.59737+-0.44094
52.58443+-0.42366
52.57149+-0.40638
52.55855+-0.38909
-1
52.63874+-0.48738
52.63618+-0.49279
-1
52.62815+-0.46449
52.62324+-0.47551
-1
52.61283+-0.45278
52.61031+-0.45822
-1
52.59985+-0.43546
52.59737+-0.44094
-1
52.58684+-0.41811
52.58443+-0.42366
-1
52.57365+-0.4007
52.57149+-0.40638
-1
;
52.47795+-0.28147
52.49089+-0.29875
52.50383+-0.31603
52.51677+-0.3333
52.52971+-0.35058
52.54265+-0.36786
52.55558+-0.38513
-1
52.48064+-0.27624
52.47795+-0.28147
-1
52.49643+-0.28859
52.49089+-0.29875
-1
52.50655+-0.31085
52.50383+-0.31603
-1
52.51952+-0.32818
52.51677+-0.3333
-1
52.53251+-0.34557
52.52971+-0.35058
-1
52.54558+-0.36321
52.54265+-0.36786
-1