;
; © John Woodside
;
{EGBE-05}
$TYPE=5
52.25199+-1.68917
52.26328+-1.66909
52.27457+-1.64902
52.28586+-1.62894
52.29715+-1.60887
52.30845+-1.58879
52.31974+-1.56872
52.33103+-1.54864
52.34232+-1.52857
52.35361+-1.50849
52.3649+-1.48841
-1
52.25825+-1.69815
52.25199+-1.68917
-1
52.26638+-1.67364
52.26328+-1.66909
-1
52.27768+-1.65356
52.27457+-1.64902
-1
52.28897+-1.63347
52.28586+-1.62894
-1
52.30027+-1.61338
52.29715+-1.60887
-1
52.31482+-1.59749
52.30845+-1.58879
-1
52.32288+-1.57317
52.31974+-1.56872
-1
52.3342+-1.55304
52.33103+-1.54864
-1
52.34554+-1.53284
52.34232+-1.52857
-1
52.35692+-1.51238
52.35361+-1.50849
-1
{EGBE-23}
$TYPE=5
52.48762+-1.27011
52.47633+-1.29019
52.46505+-1.31028
52.45376+-1.33036
52.44247+-1.35045
52.43118+-1.37054
52.4199+-1.39062
52.40861+-1.41071
52.39732+-1.43079
52.38603+-1.45088
52.37474+-1.47096
-1
52.4936+-1.27959
52.48762+-1.27011
-1
52.47936+-1.29488
52.47633+-1.29019
-1
52.46807+-1.31498
52.46505+-1.31028
-1
52.45677+-1.33507
52.45376+-1.33036
-1
52.44548+-1.35517
52.44247+-1.35045
-1
52.437+-1.38023
52.43118+-1.37054
-1
52.42287+-1.39539
52.4199+-1.39062
-1
52.41155+-1.41552
52.40861+-1.41071
-1
52.40019+-1.43569
52.39732+-1.43079
-1
52.38867+-1.45596
52.38603+-1.45088
-1
