;
; © John Woodside
;
{EGNT-25}
$TYPE=5
55.11169+-1.41113
55.1047+-1.43754
55.09771+-1.46395
55.09072+-1.49035
55.08373+-1.51676
55.07675+-1.54317
55.06976+-1.56958
55.06277+-1.59598
55.05578+-1.62239
55.04879+-1.6488
55.0418+-1.6752
-1
55.11916+-1.41755
55.11169+-1.41113
-1
55.10846+-1.44068
55.1047+-1.43754
-1
55.10146+-1.4671
55.09771+-1.46395
-1
55.09447+-1.49352
55.09072+-1.49035
-1
55.08748+-1.51994
55.08373+-1.51676
-1
55.0841+-1.54989
55.07675+-1.54317
-1
55.07348+-1.57282
55.06976+-1.56958
-1
55.06647+-1.5993
55.06277+-1.59598
-1
55.05943+-1.62582
55.05578+-1.62239
-1
55.05225+-1.65254
55.04879+-1.6488
-1
{EGNT-07}
$TYPE=5
54.96406+-1.96862
54.97105+-1.94223
54.97805+-1.91583
54.98504+-1.88943
54.99203+-1.86303
54.99903+-1.83663
55.00602+-1.81024
55.01301+-1.78384
55.02001+-1.75744
55.027+-1.73104
55.03399+-1.70464
-1
54.9717+-1.97439
54.96406+-1.96862
-1
54.97486+-1.94518
54.97105+-1.94223
-1
54.98185+-1.91877
54.97805+-1.91583
-1
54.98885+-1.89236
54.98504+-1.88943
-1
54.99585+-1.86594
54.99203+-1.86303
-1
55.00673+-1.84205
54.99903+-1.83663
-1
55.00985+-1.81308
55.00602+-1.81024
-1
55.01686+-1.78661
55.01301+-1.78384
-1
55.02387+-1.76006
55.02001+-1.75744
-1
55.03088+-1.73321
55.027+-1.73104
-1
