;
; © John Woodside
;
{EGHH-08}
$TYPE=5
50.73621+-2.10713
50.74044+-2.08163
50.74466+-2.05614
50.74889+-2.03064
50.75312+-2.00514
50.75734+-1.97965
50.76157+-1.95415
50.7658+-1.92865
50.77002+-1.90316
50.77425+-1.87766
50.77847+-1.85216
-1
50.74431+-2.11015
50.73621+-2.10713
-1
50.74448+-2.08321
50.74044+-2.08163
-1
50.74871+-2.05771
50.74466+-2.05614
-1
50.75294+-2.0322
50.74889+-2.03064
-1
50.75717+-2.00668
50.75312+-2.00514
-1
50.76547+-1.98234
50.75734+-1.97965
-1
50.76562+-1.95562
50.76157+-1.95415
-1
50.76986+-1.93006
50.7658+-1.92865
-1
50.77409+-1.90442
50.77002+-1.90316
-1
50.77828+-1.87852
50.77425+-1.87766
-1
{EGHH-26}
$TYPE=5
50.82487+-1.57194
50.82065+-1.59744
50.81643+-1.62294
50.81221+-1.64844
50.80799+-1.67394
50.80377+-1.69944
50.79955+-1.72494
50.79533+-1.75044
50.79111+-1.77594
50.78689+-1.80144
50.78266+-1.82694
-1
50.83287+-1.57559
50.82487+-1.57194
-1
50.82467+-1.59919
50.82065+-1.59744
-1
50.82044+-1.6247
50.81643+-1.62294
-1
50.81622+-1.65022
50.81221+-1.64844
-1
50.812+-1.67574
50.80799+-1.67394
-1
50.81169+-1.70339
50.80377+-1.69944
-1
50.80354+-1.72681
50.79955+-1.72494
-1
50.7993+-1.75237
50.79533+-1.75044
-1
50.79504+-1.77799
50.79111+-1.77594
-1
50.79067+-1.80382
50.78689+-1.80144
-1
