;
; © John Woodside
;
{EGCB-09R/27L}
$TYPE=5
53.45875+-2.56109
53.46083+-2.53331
53.46291+-2.50553
53.46499+-2.47775
53.46707+-2.44997
53.46915+-2.42219
53.47123+-2.3944
-1
53.46289+-2.56182
53.45875+-2.56109
-1
53.46911+-2.53436
53.46083+-2.53331
-1
53.46706+-2.50619
53.46291+-2.50553
-1
53.46914+-2.47833
53.46499+-2.47775
-1
53.47121+-2.45041
53.46707+-2.44997
-1
53.47323+-2.4222
53.46915+-2.42219
-1
;
53.48442+-2.21836
53.48234+-2.24614
53.48026+-2.27393
53.47818+-2.30171
53.4761+-2.32949
53.47402+-2.35727
53.47193+-2.38505
-1
53.48854+-2.21938
53.48442+-2.21836
-1
53.49051+-2.24857
53.48234+-2.24614
-1
53.48437+-2.27502
53.48026+-2.27393
-1
53.48227+-2.30287
53.47818+-2.30171
-1
53.48017+-2.33079
53.4761+-2.32949
-1
53.47796+-2.35895
53.47402+-2.35727
-1
{EGCB-02/20}
$TYPE=5
53.37325+-2.4319
53.38938+-2.42485
53.40551+-2.4178
53.42164+-2.41074
53.43777+-2.40369
53.4539+-2.39664
53.47002+-2.38958
-1
53.37438+-2.43864
53.37325+-2.4319
-1
53.39187+-2.43816
53.38938+-2.42485
-1
53.40668+-2.4245
53.40551+-2.4178
-1
53.42285+-2.41742
53.42164+-2.41074
-1
53.43906+-2.4103
53.43777+-2.40369
-1
53.4554+-2.403
53.4539+-2.39664
-1
;
53.57084+-2.3455
53.55471+-2.35256
53.53858+-2.35961
53.52245+-2.36666
53.50632+-2.37372
53.49019+-2.38077
53.47406+-2.38782
-1
53.57181+-2.35231
53.57084+-2.3455
-1
53.5564+-2.36621
53.55471+-2.35256
-1
53.5395+-2.36643
53.53858+-2.35961
-1
53.52333+-2.37349
53.52245+-2.36666
-1
53.50712+-2.38055
53.50632+-2.37372
-1
53.49073+-2.38755
53.49019+-2.38077
-1
{EGCB-14/32}
$TYPE=5
53.54339+-2.50947
53.53177+-2.48939
53.52015+-2.46932
53.50853+-2.44924
53.49691+-2.42917
53.48529+-2.40909
53.47367+-2.38901
-1
53.54632+-2.50448
53.54339+-2.50947
-1
53.53743+-2.47918
53.53177+-2.48939
-1
53.52304+-2.46429
53.52015+-2.46932
-1
53.51139+-2.44417
53.50853+-2.44924
-1
53.4997+-2.42401
53.49691+-2.42917
-1
53.48785+-2.40376
53.48529+-2.40909
-1
;
53.40147+-2.26427
53.41309+-2.28435
53.42471+-2.30442
53.43633+-2.32449
53.44795+-2.34457
53.45957+-2.36464
53.47118+-2.38471
-1
53.40451+-2.2595
53.40147+-2.26427
-1
53.41932+-2.27513
53.41309+-2.28435
-1
53.42778+-2.29971
53.42471+-2.30442
-1
53.43942+-2.31984
53.43633+-2.32449
-1
53.45109+-2.34003
53.44795+-2.34457
-1
53.46281+-2.36051
53.45957+-2.36464
-1
