;
; © John Woodside
;
{EGSG-04R/22L}
$TYPE=5
51.56712+0.05787
51.58069+0.07346
51.59426+0.08906
51.60783+0.10466
51.6214+0.12026
51.63497+0.13586
51.64853+0.15145
-1
51.56961+0.05249
51.56712+0.05787
-1
51.58584+0.06297
51.58069+0.07346
-1
51.59678+0.08373
51.59426+0.08906
-1
51.61038+0.09937
51.60783+0.10466
-1
51.62401+0.11507
51.6214+0.12026
-1
51.63772+0.13102
51.63497+0.13586
-1
;
51.73658+0.25268
51.72301+0.23708
51.70944+0.22147
51.69588+0.20587
51.68231+0.19026
51.66874+0.17466
51.65517+0.15905
-1
51.73892+0.24714
51.73658+0.25268
-1
51.72749+0.22581
51.72301+0.23708
-1
51.71175+0.21589
51.70944+0.22147
-1
51.69815+0.20026
51.69588+0.20587
-1
51.6845+0.1846
51.68231+0.19026
-1
51.67068+0.16889
51.66874+0.17466
-1
{EGSG-10/28}
$TYPE=5
51.67102+-0.00827
51.66853+0.01831
51.66605+0.04487
51.66357+0.07144
51.66108+0.098
51.6586+0.12457
51.65611+0.15113
-1
51.67512+-0.00713
51.67102+-0.00827
-1
51.67667+0.02096
51.66853+0.01831
-1
51.67014+0.04608
51.66605+0.04487
-1
51.66765+0.07271
51.66357+0.07144
-1
51.66513+0.09941
51.66108+0.098
-1
51.66252+0.12633
51.6586+0.12457
-1
;
51.64052+0.31679
51.643+0.29023
51.64549+0.26366
51.64798+0.2371
51.65046+0.21053
51.65295+0.18397
51.65543+0.1574
-1
51.64465+0.31765
51.64052+0.31679
-1
51.65126+0.29156
51.643+0.29023
-1
51.64962+0.26445
51.64549+0.26366
-1
51.65211+0.23782
51.64798+0.2371
-1
51.65459+0.21112
51.65046+0.21053
-1
51.65702+0.18415
51.65295+0.18397
-1