;
; © John Woodside
;
{EGNV-23}
$TYPE=5
54.62884+-1.20483
54.61757+-1.22599
54.6063+-1.24714
54.59503+-1.2683
54.58377+-1.28945
54.5725+-1.31061
54.56123+-1.33176
54.54996+-1.35292
54.53869+-1.37407
54.52742+-1.39523
54.51615+-1.41638
-1
54.63483+-1.21479
54.62884+-1.20483
-1
54.6206+-1.23091
54.61757+-1.22599
-1
54.60933+-1.25208
54.6063+-1.24714
-1
54.59805+-1.27324
54.59503+-1.2683
-1
54.58677+-1.29441
54.58377+-1.28945
-1
54.57833+-1.32079
54.5725+-1.31061
-1
54.5642+-1.33677
54.56123+-1.33176
-1
54.5529+-1.35797
54.54996+-1.35292
-1
54.54156+-1.37922
54.53869+-1.37407
-1
54.53007+-1.40057
54.52742+-1.39523
-1
{EGNV-05}
$TYPE=5
54.38958+-1.65396
54.40085+-1.63281
54.41211+-1.61166
54.42338+-1.59051
54.43465+-1.56935
54.44591+-1.5482
54.45718+-1.52705
54.46845+-1.5059
54.47971+-1.48475
54.49098+-1.4636
54.50224+-1.44244
-1
54.39586+-1.66338
54.38958+-1.65396
-1
54.40396+-1.63758
54.40085+-1.63281
-1
54.41523+-1.61642
54.41211+-1.61166
-1
54.4265+-1.59526
54.42338+-1.59051
-1
54.43777+-1.57409
54.43465+-1.56935
-1
54.4523+-1.55733
54.44591+-1.5482
-1
54.46033+-1.53173
54.45718+-1.52705
-1
54.47162+-1.51051
54.46845+-1.5059
-1
54.48293+-1.48923
54.47971+-1.48475
-1
54.49429+-1.46767
54.49098+-1.4636
-1
