;
; © John Woodside
;
{EGPR-07/25}
$TYPE=5
56.98416+-7.61472
56.99092+-7.58673
56.99768+-7.55874
57.00445+-7.53076
57.01121+-7.50277
57.01797+-7.47478
57.02473+-7.44679
-1
56.988+-7.61768
56.98416+-7.61472
-1
56.99867+-7.59222
56.99092+-7.58673
-1
57.00154+-7.56163
56.99768+-7.55874
-1
57.00831+-7.53356
57.00445+-7.53076
-1
57.01509+-7.50542
57.01121+-7.50277
-1
57.02187+-7.47696
57.01797+-7.47478
-1
;
57.06822+-7.26684
57.06146+-7.29483
57.0547+-7.32282
57.04793+-7.35081
57.04117+-7.3788
57.03441+-7.40679
57.02764+-7.43477
-1
57.07199+-7.27009
57.06822+-7.26684
-1
57.06887+-7.3017
57.06146+-7.29483
-1
57.05845+-7.32614
57.0547+-7.32282
-1
57.05166+-7.35419
57.04793+-7.35081
-1
57.04485+-7.38231
57.04117+-7.3788
-1
57.0379+-7.41064
57.03441+-7.40679
-1
{EGPR-11/29}
$TYPE=5
57.04318+-7.62889
57.04009+-7.5988
57.037+-7.56871
57.03391+-7.53862
57.03082+-7.50853
57.02773+-7.47844
57.02464+-7.44834
-1
57.04725+-7.62732
57.04318+-7.62889
-1
57.04816+-7.59523
57.04009+-7.5988
-1
57.04106+-7.56706
57.037+-7.56871
-1
57.03796+-7.53689
57.03391+-7.53862
-1
57.03484+-7.50665
57.03082+-7.50853
-1
57.03161+-7.47616
57.02773+-7.47844
-1
;
57.00516+-7.25871
57.00825+-7.2888
57.01134+-7.31889
57.01443+-7.34898
57.01752+-7.37907
57.02061+-7.40916
57.0237+-7.43924
-1
57.00926+-7.25745
57.00516+-7.25871
-1
57.01647+-7.28672
57.00825+-7.2888
-1
57.01545+-7.3177
57.01134+-7.31889
-1
57.01854+-7.34787
57.01443+-7.34898
-1
57.02163+-7.37812
57.01752+-7.37907
-1
57.02468+-7.40868
57.02061+-7.40916
-1
{EGPR-15/33}
$TYPE=5
57.10135+-7.56643
57.08868+-7.54653
57.07601+-7.52664
57.06334+-7.50674
57.05067+-7.48685
57.038+-7.46695
57.02533+-7.44705
-1
57.10399+-7.56051
57.10135+-7.56643
-1
57.09376+-7.53446
57.08868+-7.54653
-1
57.07862+-7.52067
57.07601+-7.52664
-1
57.06591+-7.50074
57.06334+-7.50674
-1
57.05316+-7.48076
57.05067+-7.48685
-1
57.04025+-7.46071
57.038+-7.46695
-1
;
56.94436+-7.31993
56.95703+-7.33982
56.9697+-7.35971
56.98237+-7.37961
56.99504+-7.3995
57.00771+-7.41939
57.02037+-7.43928
-1
56.94713+-7.31422
56.94436+-7.31993
-1
56.96273+-7.32873
56.95703+-7.33982
-1
56.9725+-7.35406
56.9697+-7.35971
-1
56.9852+-7.37401
56.98237+-7.37961
-1
56.99792+-7.39403
56.99504+-7.3995
-1
57.01071+-7.41434
57.00771+-7.41939
-1