;
; © John Woodside
;
{EGHR-14R/32L}
$TYPE=5
50.9383+-0.86724
50.92569+-0.84998
50.91308+-0.83272
50.90046+-0.81546
50.88785+-0.7982
50.87524+-0.78094
50.86262+-0.76367
-1
50.94096+-0.86216
50.9383+-0.86724
-1
50.9308+-0.83961
50.92569+-0.84998
-1
50.9157+-0.8276
50.91308+-0.83272
-1
50.90305+-0.8103
50.90046+-0.81546
-1
50.89036+-0.79297
50.88785+-0.7982
-1
50.8775+-0.77557
50.87524+-0.78094
-1
;
50.78046+-0.65132
50.79307+-0.66857
50.80569+-0.68583
50.8183+-0.70308
50.83092+-0.72034
50.84353+-0.73759
50.85614+-0.75484
-1
50.78324+-0.64641
50.78046+-0.65132
-1
50.7988+-0.65906
50.79307+-0.66857
-1
50.8085+-0.68097
50.80569+-0.68583
-1
50.82115+-0.69828
50.8183+-0.70308
-1
50.83381+-0.71564
50.83092+-0.72034
-1
50.84655+-0.73326
50.84353+-0.73759
-1
{EGHR-06/24}
$TYPE=5
50.80427+-0.89529
50.81338+-0.87318
50.8225+-0.85108
50.83162+-0.82898
50.84073+-0.80687
50.84985+-0.78477
50.85896+-0.76266
-1
50.8078+-0.89878
50.80427+-0.89529
-1
50.82055+-0.87982
50.81338+-0.87318
-1
50.82605+-0.85451
50.8225+-0.85108
-1
50.83519+-0.83234
50.83162+-0.82898
-1
50.84433+-0.81011
50.84073+-0.80687
-1
50.8535+-0.78761
50.84985+-0.78477
-1
;
50.91717+-0.62152
50.90805+-0.64363
50.89894+-0.66573
50.88983+-0.68784
50.88071+-0.70995
50.8716+-0.73206
50.86248+-0.75416
-1
50.92061+-0.62524
50.91717+-0.62152
-1
50.91477+-0.65136
50.90805+-0.64363
-1
50.90235+-0.66951
50.89894+-0.66573
-1
50.89321+-0.69167
50.88983+-0.68784
-1
50.88403+-0.71387
50.88071+-0.70995
-1
50.87471+-0.73622
50.8716+-0.73206
-1
{EGHR-10/28}
$TYPE=5
50.87741+-0.91932
50.87492+-0.89321
50.87244+-0.8671
50.86996+-0.84099
50.86747+-0.81488
50.86499+-0.78877
50.8625+-0.76265
-1
50.88151+-0.9182
50.87741+-0.91932
-1
50.88306+-0.8906
50.87492+-0.89321
-1
50.87653+-0.86591
50.87244+-0.8671
-1
50.87404+-0.83974
50.86996+-0.84099
-1
50.87152+-0.8135
50.86747+-0.81488
-1
50.86891+-0.78703
50.86499+-0.78877
-1
;
50.84677+-0.59739
50.84925+-0.6235
50.85174+-0.64961
50.85423+-0.67572
50.85671+-0.70183
50.8592+-0.72794
50.86168+-0.75404
-1
50.8509+-0.59654
50.84677+-0.59739
-1
50.85751+-0.62219
50.84925+-0.6235
-1
50.85587+-0.64883
50.85174+-0.64961
-1
50.85836+-0.67501
50.85423+-0.67572
-1
50.86084+-0.70125
50.85671+-0.70183
-1
50.86327+-0.72776
50.8592+-0.72794
-1
