;
; © John Woodside
;
{EGBB-15}
$TYPE=5
52.60135+-1.91246
52.58756+-1.89709
52.57378+-1.88172
52.55999+-1.86635
52.5462+-1.85098
52.53242+-1.8356
52.51863+-1.82023
52.50484+-1.80486
52.49106+-1.78949
52.47727+-1.77412
52.46348+-1.75874
-1
52.60585+-1.90097
52.60135+-1.91246
-1
52.58985+-1.89138
52.58756+-1.89709
-1
52.57606+-1.87601
52.57378+-1.88172
-1
52.56227+-1.86063
52.55999+-1.86635
-1
52.54847+-1.84525
52.5462+-1.85098
-1
52.53673+-1.82397
52.53242+-1.8356
-1
52.52086+-1.81447
52.51863+-1.82023
-1
52.50703+-1.79906
52.50484+-1.80486
-1
52.49317+-1.78364
52.49106+-1.78949
-1
52.47913+-1.76817
52.47727+-1.77412
-1
{EGBB-33}
$TYPE=5
52.31064+-1.58847
52.32443+-1.60384
52.33822+-1.61920
52.35201+-1.63456
52.36579+-1.64993
52.37958+-1.66529
52.39337+-1.68065
52.40716+-1.69601
52.42095+-1.71138
52.43473+-1.72674
52.44852+-1.74210
-1
52.31549+-1.57737
52.31064+-1.58847
-1
52.32682+-1.59824
52.32443+-1.60384
-1
52.34061+-1.61361
52.33822+-1.61920
-1
52.35441+-1.62898
52.35201+-1.63456
-1
52.36821+-1.64435
52.36579+-1.64993
-1
52.38458+-1.65441
52.37958+-1.66529
-1
52.39581+-1.67513
52.39337+-1.68065
-1
52.40963+-1.69054
52.40716+-1.69601
-1
52.42348+-1.70600
52.42095+-1.71138
-1
52.43742+-1.72171
52.43473+-1.72674
-1
;