;
; © John Woodside
;
{EGNL-17/35}
$TYPE=5
54.2302+-3.31034
54.21402+-3.3035
54.19785+-3.29666
54.18167+-3.28982
54.16549+-3.28298
54.14931+-3.27614
54.13313+-3.2693
-1
54.23112+-3.3034
54.2302+-3.31034
-1
54.21562+-3.28959
54.21402+-3.3035
-1
54.19872+-3.28972
54.19785+-3.29666
-1
54.1825+-3.28287
54.18167+-3.28982
-1
54.16623+-3.27603
54.16549+-3.28298
-1
54.1498+-3.26924
54.14931+-3.27614
-1
;
54.02725+-3.22456
54.04343+-3.2314
54.0596+-3.23824
54.07578+-3.24507
54.09196+-3.25191
54.10814+-3.25875
54.12431+-3.26558
-1
54.02833+-3.2177
54.02725+-3.22456
-1
54.04582+-3.21784
54.04343+-3.2314
-1
54.06073+-3.2314
54.0596+-3.23824
-1
54.07695+-3.23827
54.07578+-3.24507
-1
54.0932+-3.24517
54.09196+-3.25191
-1
54.10959+-3.25226
54.10814+-3.25875
-1
