;
; © John Woodside
;
{EGLG-11/29}
$TYPE=5
51.8388+-0.31432
51.83287+-0.28913
51.82693+-0.26395
51.821+-0.23876
51.81507+-0.21357
51.80914+-0.18838
51.8032+-0.16319
-1
51.84266+-0.31179
51.8388+-0.31432
-1
51.84047+-0.28374
51.83287+-0.28913
-1
51.83077+-0.26136
51.82693+-0.26395
-1
51.82482+-0.23611
51.821+-0.23876
-1
51.81884+-0.2108
51.81507+-0.21357
-1
51.81274+-0.1853
51.80914+-0.18838
-1
;
51.76529+-0.00237
51.77122+-0.02755
51.77716+-0.05274
51.78309+-0.07792
51.78903+-0.10311
51.79496+-0.12829
51.80089+-0.15347
-1
51.76921+-0.0001
51.76529+-0.00237
-1
51.77912+-0.0234
51.77122+-0.02755
-1
51.78109+-0.05054
51.77716+-0.05274
-1
51.78703+-0.07579
51.78309+-0.07792
-1
51.79298+-0.10111
51.78903+-0.10311
-1
51.79891+-0.12671
51.79496+-0.12829
-1
