;
; © John Woodside
;
{EGHD-13/31}
$TYPE=5
50.47897+-4.24416
50.47001+-4.2221
50.46105+-4.20004
50.4521+-4.17798
50.44314+-4.15592
50.43418+-4.13386
50.42522+-4.11179
-1
50.48243+-4.24054
50.47897+-4.24416
-1
50.47678+-4.21456
50.47001+-4.2221
-1
50.46449+-4.19636
50.46105+-4.20004
-1
50.45551+-4.17425
50.4521+-4.17798
-1
50.44649+-4.15209
50.44314+-4.15592
-1
50.43732+-4.12979
50.43418+-4.13386
-1
;
50.33068+-3.87919
50.33964+-3.90125
50.34861+-3.9233
50.35757+-3.94536
50.36653+-3.96741
50.37549+-3.98946
50.38446+-4.01152
50.39342+-4.03357
50.40238+-4.05563
50.41134+-4.07768
50.4203+-4.09973
-1
50.33781+-3.87244
50.33068+-3.87919
-1
50.34319+-3.89781
50.33964+-3.90125
-1
50.35215+-3.91987
50.34861+-3.9233
-1
50.36112+-3.94194
50.35757+-3.94536
-1
50.37009+-3.96401
50.36653+-3.96741
-1
50.38271+-3.98301
50.37549+-3.98946
-1
50.38803+-4.00818
50.38446+-4.01152
-1
50.39701+-4.0303
50.39342+-4.03357
-1
50.406+-4.05248
50.40238+-4.05563
-1
50.41502+-4.07493
50.41134+-4.07768
-1
{EGHD-06/24}
$TYPE=5
50.3539+-4.23308
50.365+-4.21357
50.37611+-4.19406
50.38721+-4.17455
50.39831+-4.15504
50.40941+-4.13553
50.42051+-4.11602
-1
50.35706+-4.23733
50.3539+-4.23308
-1
50.37146+-4.22176
50.365+-4.21357
-1
50.37929+-4.19826
50.37611+-4.19406
-1
50.39042+-4.17869
50.38721+-4.17455
-1
50.40157+-4.15907
50.39831+-4.15504
-1
50.41276+-4.13918
50.40941+-4.13553
-1
;
50.49136+-3.9915
50.48026+-4.01101
50.46916+-4.03053
50.45806+-4.05004
50.44696+-4.06956
50.43586+-4.08907
50.42475+-4.10858
-1
50.4944+-3.99595
50.49136+-3.9915
-1
50.48617+-4.02017
50.48026+-4.01101
-1
50.47217+-4.03503
50.46916+-4.03053
-1
50.46104+-4.05459
50.45806+-4.05004
-1
50.44987+-4.07418
50.44696+-4.06956
-1
50.43854+-4.09388
50.43586+-4.08907
-1