;
; © John Woodside
;
{EGPB-15/33}
$TYPE=5
59.96093+-1.41699
59.94753+-1.39724
59.93413+-1.37749
59.92073+-1.35775
59.90733+-1.338
59.89393+-1.31825
59.88052+-1.2985
-1
59.96334+-1.41021
59.96093+-1.41699
-1
59.95213+-1.38346
59.94753+-1.39724
-1
59.9365+-1.37067
59.93413+-1.37749
-1
59.92306+-1.35089
59.92073+-1.35775
-1
59.90958+-1.33107
59.90733+-1.338
-1
59.89593+-1.31119
59.89393+-1.31825
-1
;
59.79253+-1.16889
59.80593+-1.18863
59.81933+-1.20836
59.83274+-1.2281
59.84614+-1.24784
59.85954+-1.26758
59.87294+-1.28731
-1
59.79507+-1.16232
59.79253+-1.16889
-1
59.81119+-1.17583
59.80593+-1.18863
-1
59.82191+-1.20186
59.81933+-1.20836
-1
59.83534+-1.22165
59.83274+-1.2281
-1
59.8488+-1.24152
59.84614+-1.24784
-1
59.86235+-1.26169
59.85954+-1.26758
-1
{EGPB-09/27}
$TYPE=5
59.85345+-1.63277
59.85619+-1.6
59.85893+-1.56724
59.86167+-1.53448
59.86441+-1.50172
59.86715+-1.46896
59.86989+-1.43619
59.87263+-1.40343
59.87537+-1.37067
59.87811+-1.33791
59.88084+-1.30514
-1
59.8617+-1.63508
59.85345+-1.63277
-1
59.86031+-1.60125
59.85619+-1.6
-1
59.86305+-1.56848
59.85893+-1.56724
-1
59.86579+-1.5357
59.86167+-1.53448
-1
59.86853+-1.50291
59.86441+-1.50172
-1
59.8754+-1.47086
59.86715+-1.46896
-1
59.87401+-1.4373
59.86989+-1.43619
-1
59.87675+-1.40445
59.87263+-1.40343
-1
59.87949+-1.37152
59.87537+-1.37067
-1
59.88217+-1.33825
59.87811+-1.33791
-1
;
59.892+-0.95335
59.891+-0.98651
59.89+-1.01966
59.889+-1.05282
59.888+-1.08597
59.887+-1.11913
59.886+-1.15228
59.885+-1.18544
59.884+-1.21859
59.883+-1.25175
59.88199+-1.2849
-1
59.90029+-0.95476
59.892+-0.95335
-1
59.89515+-0.98712
59.891+-0.98651
-1
59.89415+-1.02029
59.89+-1.01966
-1
59.89315+-1.05347
59.889+-1.05282
-1
59.89215+-1.08664
59.888+-1.08597
-1
59.89525+-1.12094
59.887+-1.11913
-1
59.89014+-1.15304
59.886+-1.15228
-1
59.88913+-1.18628
59.885+-1.18544
-1
59.88811+-1.2196
59.884+-1.21859
-1
59.887+-1.25322
59.883+-1.25175
-1
{EGPB-06/24}
$TYPE=5
59.81521+-1.45053
59.82514+-1.42385
59.83506+-1.39718
59.84499+-1.37051
59.85492+-1.34383
59.86485+-1.31716
59.87477+-1.29048
-1
59.8186+-1.45533
59.81521+-1.45053
-1
59.83204+-1.43303
59.82514+-1.42385
-1
59.83848+-1.40191
59.83506+-1.39718
-1
59.84843+-1.37516
59.84499+-1.37051
-1
59.85839+-1.34833
59.85492+-1.34383
-1
59.86839+-1.32116
59.86485+-1.31716
-1
;
59.93723+-1.12261
59.9273+-1.14929
59.91738+-1.17597
59.90745+-1.20265
59.89753+-1.22933
59.8876+-1.25601
59.87767+-1.28268
-1
59.94052+-1.12769
59.93723+-1.12261
-1
59.93372+-1.15979
59.9273+-1.14929
-1
59.92064+-1.18111
59.91738+-1.17597
-1
59.91068+-1.20785
59.90745+-1.20265
-1
59.90069+-1.23464
59.89753+-1.22933
-1
59.89055+-1.2616
59.8876+-1.25601
-1