;
; © John Woodside
;
{EGNE-03/21}
$TYPE=5
53.1851+-1.02566
53.20021+-1.01391
53.21533+-1.00216
53.23044+-0.9904
53.24555+-0.97865
53.26066+-0.9669
53.27577+-0.95514
-1
53.18693+-1.03191
53.1851+-1.02566
-1
53.20408+-1.02619
53.20021+-1.01391
-1
53.2172+-1.00837
53.21533+-1.00216
-1
53.23234+-0.99658
53.23044+-0.9904
-1
53.24753+-0.98474
53.24555+-0.97865
-1
53.26282+-0.97268
53.26066+-0.9669
-1
;
53.37622+-0.87699
53.36111+-0.88875
53.346+-0.90051
53.33089+-0.91227
53.31578+-0.92403
53.30067+-0.93579
53.28555+-0.94755
-1
53.3779+-0.88337
53.37622+-0.87699
-1
53.36423+-0.90162
53.36111+-0.88875
-1
53.34764+-0.90691
53.346+-0.90051
-1
53.33248+-0.91869
53.33089+-0.91227
-1
53.31729+-0.93049
53.31578+-0.92403
-1
53.30192+-0.94228
53.30067+-0.93579
-1
