;
; © John Woodside
;
{EGFH-04/22}
$TYPE=5
51.51974+-4.16903
51.53317+-4.15314
51.5466+-4.13725
51.56003+-4.12136
51.57346+-4.10547
51.58689+-4.08958
51.60032+-4.07369
-1
51.52228+-4.17435
51.51974+-4.16903
-1
51.53842+-4.1635
51.53317+-4.15314
-1
51.54917+-4.14252
51.5466+-4.13725
-1
51.56263+-4.12658
51.56003+-4.12136
-1
51.57612+-4.11059
51.57346+-4.10547
-1
51.58969+-4.09435
51.58689+-4.08958
-1
;
51.69002+-3.96755
51.67659+-3.98345
51.66316+-3.99934
51.64973+-4.01524
51.6363+-4.03113
51.62287+-4.04703
51.60944+-4.06292
-1
51.69241+-3.97303
51.69002+-3.96755
-1
51.68117+-3.9946
51.67659+-3.98345
-1
51.66552+-4.00486
51.66316+-3.99934
-1
51.65205+-4.02079
51.64973+-4.01524
-1
51.63854+-4.03674
51.6363+-4.03113
-1
51.62487+-4.05275
51.62287+-4.04703
-1
{EGFH-10/28}
$TYPE=5
51.61221+-4.23582
51.61037+-4.20915
51.60854+-4.18248
51.6067+-4.15581
51.60486+-4.12914
51.60302+-4.10247
51.60118+-4.0758
-1
51.61634+-4.23494
51.61221+-4.23582
-1
51.61857+-4.20702
51.61037+-4.20915
-1
51.61265+-4.18154
51.60854+-4.18248
-1
51.61081+-4.1548
51.6067+-4.15581
-1
51.60894+-4.128
51.60486+-4.12914
-1
51.60699+-4.10096
51.60302+-4.10247
-1
;
51.58935+-3.9044
51.59119+-3.93106
51.59303+-3.95773
51.59487+-3.9844
51.59671+-4.01107
51.59855+-4.03774
51.60039+-4.0644
-1
51.5935+-3.90379
51.58935+-3.9044
-1
51.59948+-3.93025
51.59119+-3.93106
-1
51.59718+-3.9572
51.59303+-3.95773
-1
51.59902+-3.98394
51.59487+-3.9844
-1
51.60085+-4.01075
51.59671+-4.01107
-1
51.60263+-4.03781
51.59855+-4.03774
-1