;
; © John Woodside
;
{EGSC-23}
$TYPE=5
52.31726+0.39242
52.30652+0.37162
52.29579+0.35082
52.28505+0.33002
52.27431+0.30922
52.26357+0.28841
52.25284+0.26761
52.2421+0.24681
52.23136+0.22601
52.22062+0.20521
52.20988+0.1844
-1
52.32349+0.38341
52.31726+0.39242
-1
52.30967+0.36717
52.30652+0.37162
-1
52.29893+0.34636
52.29579+0.35082
-1
52.28819+0.32555
52.28505+0.33002
-1
52.27744+0.30473
52.27431+0.30922
-1
52.26965+0.27918
52.26357+0.28841
-1
52.25593+0.26308
52.25284+0.26761
-1
52.24516+0.24223
52.2421+0.24681
-1
52.23436+0.22134
52.23136+0.22601
-1
52.22339+0.20034
52.22062+0.20521
-1
{EGSC-05}
$TYPE=5
52.09322+-0.04146
52.10396+-0.02067
52.1147+0.00014
52.12544+0.02093
52.13618+0.04173
52.14692+0.06252
52.15766+0.08332
52.1684+0.10411
52.17914+0.12491
52.18988+0.1457
52.20061+0.16649
-1
52.09972+-0.04995
52.09322+-0.04146
-1
52.10718+-0.02497
52.10396+-0.02067
-1
52.11792+-0.00417
52.1147+0.00014
-1
52.12867+0.01665
52.12544+0.02093
-1
52.13942+0.03746
52.13618+0.04173
-1
52.15352+0.05432
52.14692+0.06252
-1
52.16092+0.07911
52.15766+0.08332
-1
52.17168+0.09996
52.1684+0.10411
-1
52.18246+0.12088
52.17914+0.12491
-1
52.19329+0.14207
52.18988+0.1457
-1
;
{EGSC-10/28}
$TYPE=5
52.22044+0.00793
52.21758+0.03472
52.21472+0.06151
52.21185+0.0883
52.20899+0.11509
52.20613+0.14188
52.20326+0.16867
-1
52.22453+0.00924
52.22044+0.00793
-1
52.22568+0.03771
52.21758+0.03472
-1
52.21879+0.06289
52.21472+0.06151
-1
52.21591+0.08974
52.21185+0.0883
-1
52.21302+0.11667
52.20899+0.11509
-1
52.21002+0.14382
52.20613+0.14188
-1
;
52.18501+0.3395
52.18787+0.31271
52.19073+0.28592
52.1936+0.25913
52.19646+0.23234
52.19932+0.20555
52.20218+0.17875
-1
52.18913+0.34052
52.18501+0.3395
-1
52.19611+0.31436
52.18787+0.31271
-1
52.19485+0.28687
52.19073+0.28592
-1
52.19772+0.26001
52.1936+0.25913
-1
52.20058+0.23308
52.19646+0.23234
-1
52.20339+0.20588
52.19932+0.20555
-1
