;
; © John Woodside
;
{EGKK-08L}
$TYPE=5
51.11179+-0.4676
51.11537+-0.44165
51.11894+-0.4157
51.12251+-0.38975
51.12609+-0.3638
51.12966+-0.33785
51.13323+-0.3119
51.13681+-0.28595
51.14038+-0.26
51.14395+-0.23405
51.14752+-0.20809
-1
51.11997+-0.47012
51.11179+-0.4676
-1
51.11945+-0.44298
51.11537+-0.44165
-1
51.12302+-0.41702
51.11894+-0.4157
-1
51.1266+-0.39105
51.12251+-0.38975
-1
51.13017+-0.36509
51.12609+-0.3638
-1
51.13785+-0.34004
51.12966+-0.33785
-1
51.13732+-0.31312
51.13323+-0.3119
-1
51.1409+-0.2871
51.13681+-0.28595
-1
51.14447+-0.26101
51.14038+-0.26
-1
51.14801+-0.23465
51.14395+-0.23405
-1
{EGKK-08R}
$TYPE=5
51.11017+-0.46635
51.11374+-0.4404
51.11731+-0.41445
51.12088+-0.3885
51.12445+-0.36255
51.12802+-0.3366
51.13159+-0.31065
51.13516+-0.2847
51.13873+-0.25875
51.1423+-0.2328
51.14587+-0.20684
-1
51.10209+-0.46318
51.11017+-0.46635
-1
51.10969+-0.43889
51.11374+-0.4404
-1
51.11326+-0.41293
51.11731+-0.41445
-1
51.11683+-0.38696
51.12088+-0.3885
-1
51.1204+-0.36099
51.12445+-0.36255
-1
51.12001+-0.33312
51.12802+-0.3366
-1
51.12756+-0.30902
51.13159+-0.31065
-1
51.13114+-0.28301
51.13516+-0.2847
-1
51.13475+-0.25693
51.13873+-0.25875
-1
51.13846+-0.23064
51.1423+-0.2328
-1
{EGKK-26L}
$TYPE=5
51.18633+0.08763
51.18277+0.06167
51.1792+0.03572
51.17564+0.00976
51.17207+-0.0162
51.16851+-0.04216
51.16494+-0.06811
51.16138+-0.09407
51.15781+-0.12002
51.15425+-0.14598
51.15068+-0.17193
-1
51.17816+0.09014
51.18633+0.08763
-1
51.17869+0.063
51.18277+0.06167
-1
51.17512+0.03703
51.1792+0.03572
-1
51.17155+0.01106
51.17564+0.00976
-1
51.16799+-0.01492
51.17207+-0.0162
-1
51.16032+-0.03998
51.16851+-0.04216
-1
51.16085+-0.0669
51.16494+-0.06811
-1
51.15729+-0.09292
51.16138+-0.09407
-1
51.15372+-0.11902
51.15781+-0.12002
-1
51.15019+-0.14538
51.15425+-0.14598
-1
{EGKK-26R}
$TYPE=5
51.18671+0.07691
51.18314+0.05095
51.17958+0.025
51.17601+-0.00096
51.17244+-0.02692
51.16887+-0.05287
51.16531+-0.07883
51.16174+-0.10478
51.15817+-0.13074
51.1546+-0.15669
51.15103+-0.18264
-1
51.1948+0.07374
51.18671+0.07691
-1
51.1872+0.04944
51.18314+0.05095
-1
51.18363+0.02348
51.17958+0.025
-1
51.18006+-0.0025
51.17601+-0.00096
-1
51.17649+-0.02847
51.17244+-0.02692
-1
51.17688+-0.05635
51.16887+-0.05287
-1
51.16934+-0.08045
51.16531+-0.07883
-1
51.16576+-0.10647
51.16174+-0.10478
-1
51.16215+-0.13255
51.15817+-0.13074
-1
51.15844+-0.15885
51.1546+-0.15669
-1
