;
; © John Woodside
;
{EGCK-02/20}
$TYPE=5
53.00289+-4.37999
53.01912+-4.37364
53.03534+-4.3673
53.05157+-4.36096
53.06779+-4.35461
53.08402+-4.34827
53.10024+-4.34192
-1
53.00393+-4.3867
53.00289+-4.37999
-1
53.02141+-4.38693
53.01912+-4.37364
-1
53.03642+-4.37399
53.03534+-4.3673
-1
53.05269+-4.36762
53.05157+-4.36096
-1
53.06899+-4.36122
53.06779+-4.35461
-1
53.08543+-4.35463
53.08402+-4.34827
-1
;
53.20626+-4.30048
53.19003+-4.30682
53.17381+-4.31317
53.15758+-4.31951
53.14136+-4.32586
53.12513+-4.3322
53.1089+-4.33854
-1
53.20713+-4.30726
53.20626+-4.30048
-1
53.19153+-4.32043
53.19003+-4.30682
-1
53.17463+-4.31996
53.17381+-4.31317
-1
53.15836+-4.32631
53.15758+-4.31951
-1
53.14205+-4.33266
53.14136+-4.32586
-1
53.12557+-4.33895
53.12513+-4.3322
-1
{EGCK-07/25}
$TYPE=5
;
53.06785+-4.50019
53.07333+-4.47398
53.07881+-4.44776
53.08429+-4.42154
53.08977+-4.39533
53.09525+-4.36911
53.10072+-4.34289
-1
53.07182+-4.50234
53.06785+-4.50019
-1
53.0813+-4.47787
53.07333+-4.47398
-1
53.08278+-4.44983
53.07881+-4.44776
-1
53.08827+-4.42355
53.08429+-4.42154
-1
53.09376+-4.39719
53.08977+-4.39533
-1
53.09923+-4.37054
53.09525+-4.36911
-1
;
53.13591+-4.17446
53.13043+-4.20068
53.12496+-4.2269
53.11948+-4.25312
53.11401+-4.27934
53.10853+-4.30556
53.10305+-4.33177
-1
53.13981+-4.17687
53.13591+-4.17446
-1
53.13813+-4.20587
53.13043+-4.20068
-1
53.12884+-4.22938
53.12496+-4.2269
-1
53.12335+-4.25566
53.11948+-4.25312
-1
53.11783+-4.282
53.11401+-4.27934
-1
53.11219+-4.30855
53.10853+-4.30556
-1
