;
; © John Woodside
;
{EGNY-12/30}
$TYPE=5
53.94456+-0.51737
53.93708+-0.49209
53.9296+-0.46681
53.92212+-0.44154
53.91464+-0.41626
53.90716+-0.39098
53.89967+-0.3657
-1
53.94824+-0.51407
53.94456+-0.51737
-1
53.9443+-0.48515
53.93708+-0.49209
-1
53.93326+-0.46345
53.9296+-0.46681
-1
53.92575+-0.43811
53.92212+-0.44154
-1
53.91822+-0.41272
53.91464+-0.41626
-1
53.91054+-0.38715
53.90716+-0.39098
-1
;
53.8522+-0.20534
53.85969+-0.23062
53.86717+-0.25589
53.87465+-0.28116
53.88214+-0.30644
53.88962+-0.33171
53.8971+-0.35698
-1
53.85596+-0.2023
53.8522+-0.20534
-1
53.86728+-0.22493
53.85969+-0.23062
-1
53.87095+-0.25292
53.86717+-0.25589
-1
53.87844+-0.27826
53.87465+-0.28116
-1
53.88595+-0.30368
53.88214+-0.30644
-1
53.89346+-0.32939
53.88962+-0.33171
-1
