;
; © John Woodside
;
;
; © John Woodside
;
{EGML-03/21}
$TYPE=5
51.4418+0.15723
51.45588+0.17156
51.46996+0.18589
51.48404+0.20022
51.49812+0.21455
51.5122+0.22888
51.52628+0.24321
-1
51.4441+0.15165
51.4418+0.15723
-1
51.46066+0.16066
51.45588+0.17156
-1
51.47229+0.18036
51.46996+0.18589
-1
51.48641+0.19473
51.48404+0.20022
-1
51.50055+0.20916
51.49812+0.21455
-1
51.51479+0.22382
51.5122+0.22888
-1
;
51.61332+0.33183
51.59924+0.31749
51.58516+0.30316
51.57108+0.28882
51.557+0.27449
51.54292+0.26015
51.52884+0.24581
-1
51.61548+0.3261
51.61332+0.33183
-1
51.60333+0.30587
51.59924+0.31749
-1
51.58728+0.2974
51.58516+0.30316
-1
51.57316+0.28303
51.57108+0.28882
-1
51.559+0.26865
51.557+0.27449
-1
51.54467+0.25423
51.54292+0.26015
-1
