;
; © John Woodside
;
{EGHG-09/27}
$TYPE=5
50.94342+-2.82485
50.94288+-2.79841
50.94235+-2.77198
50.94181+-2.74554
50.94128+-2.71911
50.94074+-2.69267
50.9402+-2.66623
-1
50.94757+-2.8245
50.94342+-2.82485
-1
50.95116+-2.79734
50.94288+-2.79841
-1
50.9465+-2.77156
50.94235+-2.77198
-1
50.94596+-2.74506
50.94181+-2.74554
-1
50.9454+-2.71849
50.94128+-2.71911
-1
50.94476+-2.69168
50.94074+-2.69267
-1
;
50.93668+-2.49286
50.93721+-2.5193
50.93775+-2.54573
50.93829+-2.57217
50.93883+-2.5986
50.93937+-2.62504
50.9399+-2.65147
-1
50.94084+-2.49279
50.93668+-2.49286
-1
50.94552+-2.51953
50.93721+-2.5193
-1
50.94191+-2.54573
50.93775+-2.54573
-1
50.94245+-2.57223
50.93829+-2.57217
-1
50.94297+-2.5988
50.93883+-2.5986
-1
50.94342+-2.62562
50.93937+-2.62504
-1