;
; © John Woodside
;
{LARS_Manston}
$TYPE=17
;
51.75888889+1.34611111
51.75255879+1.46193821
51.73376081+1.57424595
51.70306614+1.67962194
51.66140741+1.77486437
51.61005039+1.85707934
51.55055556+1.92376881
51.48473062+1.97290644
51.41457563+2.00299921
51.34222222+2.01313277
51.26986881+2.00299921
51.19971383+1.97290644
51.13388889+1.92376881
51.07439405+1.85707934
51.02303704+1.77486437
50.9813783+1.67962194
50.95068363+1.57424595
50.93188566+1.46193821
50.92555556+1.34611111
50.93188566+1.23028402
50.95068363+1.11797627
50.9813783+1.01260028
51.02303704+0.91735786
51.07439405+0.83514288
51.13388889+0.76845341
51.19971383+0.71931578
51.26986881+0.68922301
51.34222222+0.67908945
51.41457563+0.68922301
51.48473062+0.71931578
51.55055556+0.76845341
51.61005039+0.83514288
51.66140741+0.91735786
51.70306614+1.01260028
51.73376081+1.11797627
51.75255879+1.23028402
51.75888889+1.34611111
-1
