;
; © John Woodside
;
{LARS_Cottesmore}
$TYPE=17
;
53.23583333+-0.64888889
53.22823721+-0.50549432
53.20567964+-0.36645673
53.16884604+-0.23600069
53.11885555+-0.11809005
53.05722714+-0.01630747
52.98583333+0.06625445
52.9068434+0.1270871
52.82265742+0.16434211
52.73583333+0.17688751
52.64900924+0.16434211
52.56482326+0.1270871
52.48583333+0.06625445
52.41443953+-0.01630747
52.35281111+-0.11809005
52.30282063+-0.23600069
52.26598702+-0.36645673
52.24342946+-0.50549432
52.23583333+-0.64888889
52.24342946+-0.79228346
52.26598702+-0.93132105
52.30282063+-1.06177709
52.35281111+-1.17968773
52.41443953+-1.28147031
52.48583333+-1.36403223
52.56482326+-1.42486488
52.64900924+-1.46211989
52.73583333+-1.47466529
52.82265742+-1.46211989
52.9068434+-1.42486488
52.98583333+-1.36403223
53.05722714+-1.28147031
53.11885555+-1.17968773
53.16884604+-1.06177709
53.20567964+-0.93132105
53.22823721+-0.79228346
53.23583333+-0.64888889
-1
