;
; © John Woodside
;
{LARS_Humberside}
$TYPE=17
;
54.07444444+-0.35083333
54.06684832+-0.20461014
54.04429075+-0.06282987
54.00745715+0.07019956
53.95746667+0.19043612
53.89583825+0.29422649
53.82444444+0.37841703
53.74545452+0.44044968
53.66126853+0.47843958
53.57444444+0.49123246
53.48762036+0.47843958
53.40343437+0.44044968
53.32444444+0.37841703
53.25305064+0.29422649
53.19142222+0.19043612
53.14143174+0.07019956
53.10459813+-0.06282987
53.08204057+-0.20461014
53.07444444+-0.35083333
53.08204057+-0.49705652
53.10459813+-0.6388368
53.14143174+-0.77186623
53.19142222+-0.89210279
53.25305064+-0.99589315
53.32444444+-1.0800837
53.40343437+-1.14211634
53.48762036+-1.18010625
53.57444444+-1.19289912
53.66126853+-1.18010625
53.74545452+-1.14211634
53.82444444+-1.0800837
53.89583825+-0.99589315
53.95746667+-0.89210279
54.00745715+-0.77186623
54.04429075+-0.6388368
54.06684832+-0.49705652
54.07444444+-0.35083333
-1
