;
; © John Woodside
;
{LARS_Shawbury}
$TYPE=17
;
53.46027778+-2.66777778
53.45014961+-2.47633117
53.42007286+-2.29070157
53.37096138+-2.11652925
53.30430741+-1.95910633
53.22213618+-1.82321603
53.12694444+-1.71298731
53.02162454+-1.63176942
52.90937656+-1.58203012
52.79361111+-1.56528071
52.67784566+-1.58203012
52.56559768+-1.63176942
52.46027778+-1.71298731
52.36508604+-1.82321603
52.28291482+-1.95910633
52.21626084+-2.11652925
52.16714936+-2.29070157
52.13707261+-2.47633117
52.12694444+-2.66777778
52.13707261+-2.85922438
52.16714936+-3.04485398
52.21626084+-3.21902631
52.28291482+-3.37644923
52.36508604+-3.51233953
52.46027778+-3.62256824
52.56559768+-3.70378613
52.67784566+-3.75352543
52.79361111+-3.77027484
52.90937656+-3.75352543
53.02162454+-3.70378613
53.12694444+-3.62256824
53.22213618+-3.51233953
53.30430741+-3.37644923
53.37096138+-3.21902631
53.42007286+-3.04485398
53.45014961+-2.85922438
53.46027778+-2.66777778
-1
