;
; © John Woodside
;
{LARS_Yeovilton}
$TYPE=17
;
51.50805556+-2.64583333
51.50045943+-2.50784453
51.47790187+-2.37404845
51.44106826+-2.24851041
51.39107778+-2.13504483
51.32944936+-2.0370993
51.25805556+-1.95764985
51.17906563+-1.8991105
51.09487964+-1.86325995
51.00805556+-1.85118749
50.92123147+-1.86325995
50.83704548+-1.8991105
50.75805556+-1.95764985
50.68666175+-2.0370993
50.62503333+-2.13504483
50.57504285+-2.24851041
50.53820925+-2.37404845
50.51565168+-2.50784453
50.50805556+-2.64583333
50.51565168+-2.78382214
50.53820925+-2.91761822
50.57504285+-3.04315625
50.62503333+-3.15662183
50.68666175+-3.25456736
50.75805556+-3.33401682
50.83704548+-3.39255617
50.92123147+-3.42840672
51.00805556+-3.44047917
51.09487964+-3.42840672
51.17906563+-3.39255617
51.25805556+-3.33401682
51.32944936+-3.25456736
51.39107778+-3.15662183
51.44106826+-3.04315625
51.47790187+-2.91761822
51.50045943+-2.78382214
51.50805556+-2.64583333
-1
