;
; © John Woodside
;
{LARS_Leeming}
$TYPE=17
;
54.7925+-1.53527778
54.78490388+-1.3865166
54.76234631+-1.24227546
54.7255127+-1.10693705
54.67552222+-0.98461355
54.6138938+-0.8790217
54.5425+-0.79336987
54.46351007+-0.73026053
54.37932409+-0.69161123
54.2925+-0.67859632
54.20567591+-0.69161123
54.12148993+-0.73026053
54.0425+-0.79336987
53.9711062+-0.8790217
53.90947778+-0.98461355
53.8594873+-1.10693705
53.82265369+-1.24227546
53.80009612+-1.3865166
53.7925+-1.53527778
53.80009612+-1.68403895
53.82265369+-1.82828009
53.8594873+-1.96361851
53.90947778+-2.08594201
53.9711062+-2.19153385
54.0425+-2.27718569
54.12148993+-2.34029503
54.20567591+-2.37894432
54.2925+-2.39195924
54.37932409+-2.37894432
54.46351007+-2.34029503
54.5425+-2.27718569
54.6138938+-2.19153385
54.67552222+-2.08594201
54.7255127+-1.96361851
54.76234631+-1.82828009
54.78490388+-1.68403895
54.7925+-1.53527778
-1
