;
; © John Woodside
;
{LARS_Coningsby}
$TYPE=17
;
53.59305556+-0.16611111
53.58545943+-0.02152891
53.56290187+0.11866023
53.52606826+0.25019674
53.47607778+0.36908394
53.41444936+0.47170951
53.34305556+0.55495523
53.26406563+0.61629171
53.17987964+0.65385528
53.09305556+0.66650458
53.00623147+0.65385528
52.92204548+0.61629171
52.84305556+0.55495523
52.77166175+0.47170951
52.71003333+0.36908394
52.66004285+0.25019674
52.62320925+0.11866023
52.60065168+-0.02152891
52.59305556+-0.16611111
52.60065168+-0.31069331
52.62320925+-0.45088245
52.66004285+-0.58241896
52.71003333+-0.70130616
52.77166175+-0.80393174
52.84305556+-0.88717745
52.92204548+-0.94851394
53.00623147+-0.9860775
53.09305556+-0.99872681
53.17987964+-0.9860775
53.26406563+-0.94851394
53.34305556+-0.88717745
53.41444936+-0.80393174
53.47607778+-0.70130616
53.52606826+-0.58241896
53.56290187+-0.45088245
53.58545943+-0.31069331
53.59305556+-0.16611111
-1
