;
; © John Woodside
;
{LARS_Culdrose}
$TYPE=17
;
50.58555556+-5.25416667
50.57795943+-5.11885141
50.55540187+-4.98764764
50.51856826+-4.86454192
50.46857778+-4.75327474
50.40694936+-4.65722692
50.33555556+-4.5793168
50.25656563+-4.52191166
50.17237964+-4.48675572
50.08555556+-4.47491717
49.99873147+-4.48675572
49.91454548+-4.52191166
49.83555556+-4.5793168
49.76416175+-4.65722692
49.70253333+-4.75327474
49.65254285+-4.86454192
49.61570925+-4.98764764
49.59315168+-5.11885141
49.58555556+-5.25416667
49.59315168+-5.38948192
49.61570925+-5.52068569
49.65254285+-5.64379142
49.70253333+-5.75505859
49.76416175+-5.85110642
49.83555556+-5.92901653
49.91454548+-5.98642167
49.99873147+-6.02157762
50.08555556+-6.03341617
50.17237964+-6.02157762
50.25656563+-5.98642167
50.33555556+-5.92901653
50.40694936+-5.85110642
50.46857778+-5.75505859
50.51856826+-5.64379142
50.55540187+-5.52068569
50.57795943+-5.38948192
50.58555556+-5.25416667
-1
