;
; © John Woodside
;
{LARS_Bristol}
$TYPE=17
;
52.04944444+-2.71916667
52.03931628+-2.53367914
52.00923952+-2.35382756
51.96012805+-2.18507662
51.89347407+-2.03255374
51.81130285+-1.90089324
51.71611111+-1.79409557
51.61079121+-1.71540571
51.49854323+-1.66721463
51.38277778+-1.65098657
51.26701233+-1.66721463
51.15476435+-1.71540571
51.04944444+-1.79409557
50.9542527+-1.90089324
50.87208148+-2.03255374
50.80542751+-2.18507662
50.75631603+-2.35382756
50.72623928+-2.53367914
50.71611111+-2.71916667
50.72623928+-2.90465419
50.75631603+-3.08450578
50.80542751+-3.25325671
50.87208148+-3.4057796
50.9542527+-3.53744009
51.04944444+-3.64423777
51.15476435+-3.72292762
51.26701233+-3.77111871
51.38277778+-3.78734676
51.49854323+-3.77111871
51.61079121+-3.72292762
51.71611111+-3.64423777
51.81130285+-3.53744009
51.89347407+-3.4057796
51.96012805+-3.25325671
52.00923952+-3.08450578
52.03931628+-2.90465419
52.04944444+-2.71916667
-1
