;
; © John Woodside
;
{LARS_Cardiff}
$TYPE=17
;
52.06333333+-3.34333333
52.05320517+-3.15778949
52.02312841+-2.97788331
51.97401694+-2.80908114
51.90736296+-2.65651195
51.82519174+-2.52481149
51.73+-2.41798139
51.6246801+-2.33926765
51.51243212+-2.29106193
51.39666667+-2.27482895
51.28090121+-2.29106193
51.16865324+-2.33926765
51.06333333+-2.41798139
50.96814159+-2.52481149
50.88597037+-2.65651195
50.8193164+-2.80908114
50.77020492+-2.97788331
50.74012816+-3.15778949
50.73+-3.34333333
50.74012816+-3.52887717
50.77020492+-3.70878336
50.8193164+-3.87758553
50.88597037+-4.03015471
50.96814159+-4.16185518
51.06333333+-4.26868528
51.16865324+-4.34739902
51.28090121+-4.39560474
51.39666667+-4.41183772
51.51243212+-4.39560474
51.6246801+-4.34739902
51.73+-4.26868528
51.82519174+-4.16185518
51.90736296+-4.03015471
51.97401694+-3.87758553
52.02312841+-3.70878336
52.05320517+-3.52887717
52.06333333+-3.34333333
-1
