;
; © John Woodside
;
{LARS_Valley}
$TYPE=17
;
53.91388889+-4.53361111
53.90376072+-4.34014098
53.87368397+-4.15254935
53.82457249+-3.97653608
53.75791852+-3.81744926
53.6757473+-3.68012265
53.58055556+-3.56872886
53.47523565+-3.48665252
53.36298767+-3.4363875
53.24722222+-3.41946105
53.13145677+-3.4363875
53.01920879+-3.48665252
52.91388889+-3.56872886
52.81869715+-3.68012265
52.73652593+-3.81744926
52.66987195+-3.97653608
52.62076048+-4.15254935
52.59068372+-4.34014098
52.58055556+-4.53361111
52.59068372+-4.72708124
52.62076048+-4.91467287
52.66987195+-5.09068614
52.73652593+-5.24977296
52.81869715+-5.38709957
52.91388889+-5.49849336
53.01920879+-5.5805697
53.13145677+-5.63083472
53.24722222+-5.64776117
53.36298767+-5.63083472
53.47523565+-5.5805697
53.58055556+-5.49849336
53.6757473+-5.38709957
53.75791852+-5.24977296
53.82457249+-5.09068614
53.87368397+-4.91467287
53.90376072+-4.72708124
53.91388889+-4.53361111
-1
