;
; © John Woodside
;
{LARS_Leuchars}
$TYPE=17
;
57.04138889+-2.86111111
57.03126072+-2.65205725
57.00118397+-2.44935538
56.95207249+-2.2591645
56.88541852+-2.08726346
56.8032473+-1.93887539
56.70805556+-1.81850899
56.60273565+-1.72982153
56.49048767+-1.67550773
56.37472222+-1.65721788
56.25895677+-1.67550773
56.14670879+-1.72982153
56.04138889+-1.81850899
55.94619715+-1.93887539
55.86402593+-2.08726346
55.79737195+-2.2591645
55.74826048+-2.44935538
55.71818372+-2.65205725
55.70805556+-2.86111111
55.71818372+-3.07016498
55.74826048+-3.27286685
55.79737195+-3.46305773
55.86402593+-3.63495876
55.94619715+-3.78334683
56.04138889+-3.90371323
56.14670879+-3.99240069
56.25895677+-4.0467145
56.37472222+-4.06500434
56.49048767+-4.0467145
56.60273565+-3.99240069
56.70805556+-3.90371323
56.8032473+-3.78334683
56.88541852+-3.63495876
56.95207249+-3.46305773
57.00118397+-3.27286685
57.03126072+-3.07016498
57.04138889+-2.86111111
-1
