;
; © John Woodside
;
{LARS_Southend}
$TYPE=17
;
51.98805556+0.69555556
51.98172545+0.81196563
51.96292748+0.92483865
51.93223281+1.03074501
51.89057407+1.12646681
51.83921706+1.20909559
51.77972222+1.27612072
51.71389728+1.32550567
51.6437423+1.3557499
51.57138889+1.36593446
51.49903548+1.3557499
51.4288805+1.32550567
51.36305556+1.27612072
51.30356072+1.20909559
51.2522037+1.12646681
51.21054497+1.03074501
51.1798503+0.92483865
51.16105233+0.81196563
51.15472222+0.69555556
51.16105233+0.57914548
51.1798503+0.46627247
51.21054497+0.3603661
51.2522037+0.2646443
51.30356072+0.18201552
51.36305556+0.11499039
51.4288805+0.06560544
51.49903548+0.03536121
51.57138889+0.02517665
51.6437423+0.03536121
51.71389728+0.06560544
51.77972222+0.11499039
51.83921706+0.18201552
51.89057407+0.2646443
51.93223281+0.3603661
51.96292748+0.46627247
51.98172545+0.57914548
51.98805556+0.69555556
-1
