;
; © John Woodside
;
{LARS_Marham}
$TYPE=17
;
53.14833333+0.55055556
53.14073721+0.69366303
53.11817964+0.83242226
53.08134604+0.96261711
53.03135555+1.08029168
52.96972714+1.18187048
52.89833333+1.2642671
52.8193434+1.32497796
52.73515742+1.36215838
52.64833333+1.37467866
52.56150924+1.36215838
52.47732326+1.32497796
52.39833333+1.2642671
52.32693953+1.18187048
52.26531111+1.08029168
52.21532063+0.96261711
52.17848702+0.83242226
52.15592946+0.69366303
52.14833333+0.55055556
52.15592946+0.40744808
52.17848702+0.26868885
52.21532063+0.138494
52.26531111+0.02081943
52.32693953+-0.08075937
52.39833333+-0.16315599
52.47732326+-0.22386685
52.56150924+-0.26104727
52.64833333+-0.27356755
52.73515742+-0.26104727
52.8193434+-0.22386685
52.89833333+-0.16315599
52.96972714+-0.08075937
53.03135555+0.02081943
53.08134604+0.138494
53.11817964+0.26868885
53.14073721+0.40744808
53.14833333+0.55055556
-1
