;
; © John Woodside
;
{LARS_Bristol Filton}
$TYPE=17
;
52.01944444+-2.59083333
52.01184832+-2.45130063
51.98929075+-2.31600755
51.95245715+-2.18906491
51.90246667+-2.07432981
51.84083825+-1.9752884
51.76944444+-1.89495002
51.69045452+-1.8357557
51.60626853+-1.79950403
51.51944444+-1.7872965
51.43262036+-1.79950403
51.34843437+-1.8357557
51.26944444+-1.89495002
51.19805064+-1.9752884
51.13642222+-2.07432981
51.08643174+-2.18906491
51.04959813+-2.31600755
51.02704057+-2.45130063
51.01944444+-2.59083333
51.02704057+-2.73036604
51.04959813+-2.86565912
51.08643174+-2.99260175
51.13642222+-3.10733686
51.19805064+-3.20637826
51.26944444+-3.28671665
51.34843437+-3.34591097
51.43262036+-3.38216264
51.51944444+-3.39437017
51.60626853+-3.38216264
51.69045452+-3.34591097
51.76944444+-3.28671665
51.84083825+-3.20637826
51.90246667+-3.10733686
51.95245715+-2.99260175
51.98929075+-2.86565912
52.01184832+-2.73036604
52.01944444+-2.59083333
-1
