;
; © John Woodside
;
{LARS_Newquay}
$TYPE=17
;
50.94083333+-4.99527778
50.93323721+-4.85894941
50.91067964+-4.72676331
50.87384604+-4.60273589
50.82385555+-4.49063565
50.76222714+-4.39386871
50.69083333+-4.31537528
50.6118434+-4.25754034
50.52765742+-4.22212118
50.44083333+-4.21019399
50.35400924+-4.22212118
50.26982326+-4.25754034
50.19083333+-4.31537528
50.11943953+-4.39386871
50.05781111+-4.49063565
50.00782063+-4.60273589
49.97098702+-4.72676331
49.94842946+-4.85894941
49.94083333+-4.99527778
49.94842946+-5.13160615
49.97098702+-5.26379225
50.00782063+-5.38781967
50.05781111+-5.49991991
50.11943953+-5.59668685
50.19083333+-5.67518028
50.26982326+-5.73301522
50.35400924+-5.76843437
50.44083333+-5.78036156
50.52765742+-5.76843437
50.6118434+-5.73301522
50.69083333+-5.67518028
50.76222714+-5.59668685
50.82385555+-5.49991991
50.87384604+-5.38781967
50.91067964+-5.26379225
50.93323721+-5.13160615
50.94083333+-4.99527778
-1
