;
; © John Woodside
;
{LARS_Warton}
$TYPE=17
;
54.41166667+-2.88388889
54.4015385+-2.68813413
54.37146175+-2.49832729
54.32235027+-2.32023553
54.2556963+-2.1592701
54.17352507+-2.02032185
54.07833333+-1.90761264
53.97301343+-1.82456709
53.86076545+-1.7737085
53.745+-1.75658218
53.62923455+-1.7737085
53.51698657+-1.82456709
53.41166667+-1.90761264
53.31647493+-2.02032185
53.2343037+-2.1592701
53.16764973+-2.32023553
53.11853825+-2.49832729
53.0884615+-2.68813413
53.07833333+-2.88388889
53.0884615+-3.07964364
53.11853825+-3.26945049
53.16764973+-3.44754224
53.2343037+-3.60850767
53.31647493+-3.74745593
53.41166667+-3.86016514
53.51698657+-3.94321069
53.62923455+-3.99406928
53.745+-4.0111956
53.86076545+-3.99406928
53.97301343+-3.94321069
54.07833333+-3.86016514
54.17352507+-3.74745593
54.2556963+-3.60850767
54.32235027+-3.44754224
54.37146175+-3.26945049
54.4015385+-3.07964364
54.41166667+-2.88388889
-1
