;
; © John Woodside
;
{LARS_Linton}
$TYPE=17
;
54.54944444+-1.25361111
54.54184832+-1.10572143
54.51929075+-0.96232531
54.48245715+-0.82777976
54.43246667+-0.70617287
54.37083825+-0.60119963
54.29944444+-0.51604957
54.22045452+-0.45330995
54.13626853+-0.41488707
54.04944444+-0.4019484
53.96262036+-0.41488707
53.87843437+-0.45330995
53.79944444+-0.51604957
53.72805064+-0.60119963
53.66642222+-0.70617287
53.61643174+-0.82777976
53.57959813+-0.96232531
53.55704057+-1.10572143
53.54944444+-1.25361111
53.55704057+-1.40150079
53.57959813+-1.54489691
53.61643174+-1.67944247
53.66642222+-1.80104935
53.72805064+-1.9060226
53.79944444+-1.99117265
53.87843437+-2.05391227
53.96262036+-2.09233515
54.04944444+-2.10527382
54.13626853+-2.09233515
54.22045452+-2.05391227
54.29944444+-1.99117265
54.37083825+-1.9060226
54.43246667+-1.80104935
54.48245715+-1.67944247
54.51929075+-1.54489691
54.54184832+-1.40150079
54.54944444+-1.25361111
-1
