;
; © John Woodside
;
{LARS_Brize Norton}
$TYPE=17
;
52.75+-1.58333333
52.73480775+-1.30284573
52.68969262+-1.0308806
52.6160254+-0.77570147
52.51604444+-0.54506182
52.39278761+-0.34596953
52.25+-0.18447391
52.09202014+-0.06548193
51.92364818+0.00739091
51.75+0.03193039
51.57635182+0.00739091
51.40797986+-0.06548193
51.25+-0.18447391
51.10721239+-0.34596953
50.98395556+-0.54506182
50.8839746+-0.77570147
50.81030738+-1.0308806
50.76519225+-1.30284573
50.75+-1.58333333
50.76519225+-1.86382094
50.81030738+-2.13578606
50.8839746+-2.3909652
50.98395556+-2.62160484
51.10721239+-2.82069714
51.25+-2.98219275
51.40797986+-3.10118474
51.57635182+-3.17405757
51.75+-3.19859706
51.92364818+-3.17405757
52.09202014+-3.10118474
52.25+-2.98219275
52.39278761+-2.82069714
52.51604444+-2.62160484
52.6160254+-2.3909652
52.68969262+-2.13578606
52.73480775+-1.86382094
52.75+-1.58333333
-1
