;
; © John Woodside
;
{LARS_Bournemouth}
$TYPE=17
;
51.28+-1.8425
51.27240388+-1.70518524
51.24984631+-1.57204273
51.2130127+-1.44711792
51.16302222+-1.33420659
51.1013938+-1.23673951
51.03+-1.15767815
50.95101007+-1.09942475
50.86682409+-1.06374932
50.78+-1.05173584
50.69317591+-1.06374932
50.60898993+-1.09942475
50.53+-1.15767815
50.4586062+-1.23673951
50.39697778+-1.33420659
50.3469873+-1.44711792
50.31015369+-1.57204273
50.28759612+-1.70518524
50.28+-1.8425
50.28759612+-1.97981476
50.31015369+-2.11295727
50.3469873+-2.23788208
50.39697778+-2.35079341
50.4586062+-2.44826049
50.53+-2.52732185
50.60898993+-2.58557525
50.69317591+-2.62125068
50.78+-2.63326416
50.86682409+-2.62125068
50.95101007+-2.58557525
51.03+-2.52732185
51.1013938+-2.44826049
51.16302222+-2.35079341
51.2130127+-2.23788208
51.24984631+-2.11295727
51.27240388+-1.97981476
51.28+-1.8425
-1
