;
; © John Woodside
;
{LARS_Waddington}
$TYPE=17
;
53.66611111+-0.52388889
53.65851499+-0.37906069
53.63595742+-0.23863301
53.59912381+-0.1068727
53.54913333+0.01221679
53.48750492+0.11501699
53.41611111+0.19840434
53.33712118+0.25984519
53.2529352+0.29747267
53.16611111+0.3101435
53.07928702+0.29747267
52.99510104+0.25984519
52.91611111+0.19840434
52.84471731+0.11501699
52.78308889+0.01221679
52.73309841+-0.1068727
52.6962648+-0.23863301
52.67370723+-0.37906069
52.66611111+-0.52388889
52.67370723+-0.66871709
52.6962648+-0.80914476
52.73309841+-0.94090508
52.78308889+-1.05999457
52.84471731+-1.16279476
52.91611111+-1.24618212
52.99510104+-1.30762297
53.07928702+-1.34525045
53.16611111+-1.35792127
53.2529352+-1.34525045
53.33712118+-1.30762297
53.41611111+-1.24618212
53.48750492+-1.16279476
53.54913333+-1.05999457
53.59912381+-0.94090508
53.63595742+-0.80914476
53.65851499+-0.66871709
53.66611111+-0.52388889
-1
