;
; © John Woodside
;
{LARS_Newcastle}
$TYPE=17
;
55.70472222+-1.68972222
55.69459406+-1.48769964
55.6645173+-1.29181541
55.61540582+-1.10802138
55.54875185+-0.94190203
55.46658063+-0.79850483
55.37138889+-0.68218681
55.26606898+-0.59648224
55.15382101+-0.54399522
55.03805556+-0.52632054
54.9222901+-0.54399522
54.81004213+-0.59648224
54.70472222+-0.68218681
54.60953048+-0.79850483
54.52735926+-0.94190203
54.46070529+-1.10802138
54.41159381+-1.29181541
54.38151705+-1.48769964
54.37138889+-1.68972222
54.38151705+-1.8917448
54.41159381+-2.08762903
54.46070529+-2.27142307
54.52735926+-2.43754241
54.60953048+-2.58093962
54.70472222+-2.69725764
54.81004213+-2.7829622
54.9222901+-2.83544922
55.03805556+-2.85312391
55.15382101+-2.83544922
55.26606898+-2.7829622
55.37138889+-2.69725764
55.46658063+-2.58093962
55.54875185+-2.43754241
55.61540582+-2.27142307
55.6645173+-2.08762903
55.69459406+-1.8917448
55.70472222+-1.68972222
-1
