;
; © John Woodside
;
{LARS_Norwich}
$TYPE=17
;
53.17583333+1.28277778
53.16823721+1.42597532
53.14567964+1.56482188
53.10884604+1.69509867
53.05885555+1.8128473
52.99722714+1.91449004
52.92583333+1.99693852
52.8468434+2.05768758
52.76265742+2.09489141
52.67583333+2.10741957
52.58900924+2.09489141
52.50482326+2.05768758
52.42583333+1.99693852
52.35443953+1.91449004
52.29281111+1.8128473
52.24282063+1.69509867
52.20598702+1.56482188
52.18342946+1.42597532
52.17583333+1.28277778
52.18342946+1.13958023
52.20598702+1.00073367
52.24282063+0.87045688
52.29281111+0.75270825
52.35443953+0.65106552
52.42583333+0.56861704
52.50482326+0.50786797
52.58900924+0.47066415
52.67583333+0.45813599
52.76265742+0.47066415
52.8468434+0.50786797
52.92583333+0.56861704
52.99722714+0.65106552
53.05885555+0.75270825
53.10884604+0.87045688
53.14567964+1.00073367
53.16823721+1.13958023
53.17583333+1.28277778
-1
