;
; © John Woodside
;
{LARS_Exeter}
$TYPE=17
;
51.23444444+-3.41388889
51.22684832+-3.27670773
51.20429075+-3.14369475
51.16745715+-3.01889148
51.11746667+-2.90609001
51.05583825+-2.80871775
50.98444444+-2.72973331
50.90545452+-2.67153659
50.82126853+-2.63589587
50.73444444+-2.62389408
50.64762036+-2.63589587
50.56343437+-2.67153659
50.48444444+-2.72973331
50.41305064+-2.80871775
50.35142222+-2.90609001
50.30143174+-3.01889148
50.26459813+-3.14369475
50.24204057+-3.27670773
50.23444444+-3.41388889
50.24204057+-3.55107005
50.26459813+-3.68408303
50.30143174+-3.80888629
50.35142222+-3.92168777
50.41305064+-4.01906002
50.48444444+-4.09804446
50.56343437+-4.15624118
50.64762036+-4.1918819
50.73444444+-4.2038837
50.82126853+-4.1918819
50.90545452+-4.15624118
50.98444444+-4.09804446
51.05583825+-4.01906002
51.11746667+-3.92168777
51.16745715+-3.80888629
51.20429075+-3.68408303
51.22684832+-3.55107005
51.23444444+-3.41388889
-1
