;
; © John Woodside
;
{LARS_Boscombe Down}
$TYPE=17
;
51.65583333+-1.75111111
51.64823721+-1.61268081
51.62567964+-1.47845665
51.58884604+-1.35251696
51.53885555+-1.23868834
51.47722714+-1.14042944
51.40583333+-1.06072578
51.3268434+-1.00199914
51.24265742+-0.96603388
51.15583333+-0.9539228
51.06900924+-0.96603388
50.98482326+-1.00199914
50.90583333+-1.06072578
50.83443953+-1.14042944
50.77281111+-1.23868834
50.72282063+-1.35251696
50.68598702+-1.47845665
50.66342946+-1.61268081
50.65583333+-1.75111111
50.66342946+-1.88954141
50.68598702+-2.02376557
50.72282063+-2.14970527
50.77281111+-2.26353388
50.83443953+-2.36179279
50.90583333+-2.44149644
50.98482326+-2.50022308
51.06900924+-2.53618834
51.15583333+-2.54829942
51.24265742+-2.53618834
51.3268434+-2.50022308
51.40583333+-2.44149644
51.47722714+-2.36179279
51.53885555+-2.26353388
51.58884604+-2.14970527
51.62567964+-2.02376557
51.64823721+-1.88954141
51.65583333+-1.75111111
-1
