;
; © John Woodside
;
{LARS_Plymouth Mil W}
$TYPE=17
;
50.98333333+-4.11666667
50.97320517+-3.93537069
50.94312841+-3.75958331
50.89401694+-3.59464572
50.82736296+-3.44556947
50.74519174+-3.31688418
50.65+-3.21249987
50.5446801+-3.1355882
50.43243212+-3.08848612
50.31666667+-3.07262477
50.20090121+-3.08848612
50.08865324+-3.1355882
49.98333333+-3.21249987
49.88814159+-3.31688418
49.80597037+-3.44556947
49.7393164+-3.59464572
49.69020492+-3.75958331
49.66012816+-3.93537069
49.65+-4.11666667
49.66012816+-4.29796264
49.69020492+-4.47375002
49.7393164+-4.63868761
49.80597037+-4.78776386
49.88814159+-4.91644916
49.98333333+-5.02083347
50.08865324+-5.09774513
50.20090121+-5.14484722
50.31666667+-5.16070856
50.43243212+-5.14484722
50.5446801+-5.09774513
50.65+-5.02083347
50.74519174+-4.91644916
50.82736296+-4.78776386
50.89401694+-4.63868761
50.94312841+-4.47375002
50.97320517+-4.29796264
50.98333333+-4.11666667
-1
