;
; © John Woodside
;
{LARS_Durham Tees}
$TYPE=17
;
55.17583333+-1.42944444
55.16570517+-1.23004573
55.13562841+-1.03670564
55.08651694+-0.85529872
55.01986296+-0.69133693
54.93769174+-0.54980216
54.8425+-0.43499488
54.7371801+-0.35040344
54.62493212+-0.29859812
54.50916667+-0.28115299
54.39340121+-0.29859812
54.28115324+-0.35040344
54.17583333+-0.43499488
54.08064159+-0.54980216
53.99847037+-0.69133693
53.9318164+-0.85529872
53.88270492+-1.03670564
53.85262816+-1.23004573
53.8425+-1.42944444
53.85262816+-1.62884316
53.88270492+-1.82218325
53.9318164+-2.00359017
53.99847037+-2.16755196
54.08064159+-2.30908673
54.17583333+-2.42389401
54.28115324+-2.50848545
54.39340121+-2.56029077
54.50916667+-2.57773589
54.62493212+-2.56029077
54.7371801+-2.50848545
54.8425+-2.42389401
54.93769174+-2.30908673
55.01986296+-2.16755196
55.08651694+-2.00359017
55.13562841+-1.82218325
55.16570517+-1.62884316
55.17583333+-1.42944444
-1
