;
; © John Woodside
;
{LARS_Lossiemouth}
$TYPE=17
;
58.37361111+-3.3375
58.36348295+-3.12081217
58.33340619+-2.91070829
58.28429471+-2.71357226
58.21764074+-2.53539395
58.13546952+-2.38158724
58.04027778+-2.25682545
57.93495787+-2.1648994
57.8227099+-2.10860224
57.70694444+-2.08964451
57.59117899+-2.10860224
57.47893102+-2.1648994
57.37361111+-2.25682545
57.27841937+-2.38158724
57.19624815+-2.53539395
57.12959418+-2.71357226
57.0804827+-2.91070829
57.05040594+-3.12081217
57.04027778+-3.3375
57.05040594+-3.55418783
57.0804827+-3.76429171
57.12959418+-3.96142774
57.19624815+-4.13960605
57.27841937+-4.29341276
57.37361111+-4.41817455
57.47893102+-4.5101006
57.59117899+-4.56639776
57.70694444+-4.58535549
57.8227099+-4.56639776
57.93495787+-4.5101006
58.04027778+-4.41817455
58.13546952+-4.29341276
58.21764074+-4.13960605
58.28429471+-3.96142774
58.33340619+-3.76429171
58.36348295+-3.55418783
58.37361111+-3.3375
-1
