;
; © John Woodside
;
{LARS_Farnborough}
$TYPE=17
;
; Extent
;
52.1283333+-0.3069444
52.1247222+-0.1188889
52.1319444+0.1230556
52.0825+0.4355556
52.0325+0.6355556
51.8419444+0.7833333
51.6458333+0.3402778
51.3038889+0.5972222
50.9369444+0.5194444
50.7316667+0.2486111
50.7202778+-0.7908333
50.8366667+-1.1402778
;
50.89281111+-1.29014897
50.95443953+-1.38866431
51.02583333+-1.46857597
51.10482326+-1.52745588
51.18900924+-1.56351499
51.27583333+-1.57565768
51.36265742+-1.56351499
51.4468434+-1.52745588
51.52583333+-1.46857597
51.59722714+-1.38866431
51.65885555+-1.29014897
51.70884604+-1.17602329
51.74567964+-1.04975492
;
51.7686111+-0.9455556
51.9030556+-0.7477778
52.1283333+-0.3069444
-1
;
; Sector N
;
51.7345+-1.0875
51.6030556+-0.6925
51.6005556+0.3780556
-1
;
; Sector E
;
51.3372222+-0.4472222
51.305+-0.4472222
51.015+-0.45
50.8127778+-0.5463889
50.7236111+-0.5463889
-1