;
; © John Woodside
;
{AIAA}
$TYPE=21
;
;AIAA (a) Spadeadam
;
55.25000+-2.66417
55.27083+-2.43111
55.18167+-2.21972
55.04806+-2.11806
55.01889+-2.27250
54.85000+-2.24806
54.77500+-2.60972
54.95694+-2.63472
55.00000+-2.70972
55.00000+-2.46444
55.03500+-2.27778
55.07139+-2.28806
55.08139+-2.29528
55.25000+-2.66417
-1
;
;AIAA (b) Vale of York
;
54.27365+-1.73839
54.40472+-1.41361
54.55778+-1.12611
54.59722+-1.01333
54.49000+-0.58000
54.25000+-0.38000
54.11000+-0.07000
54.05000+-0.21000
53.93333+-0.17333
53.73167+-0.66667
53.69283+-1.07869
53.71988+-1.27673
54.19789+-1.76228
54.27365+-1.73839
-1
;
;AIAA (c) Lincolnshire
;
53.09051+0.00000
53.03861+0.00000
52.94667+-0.16361
52.86833+-0.10278
52.81667+0.01833
52.81667+-0.95833
52.83722+-0.95611
52.85583+-0.95694
52.90583+-1.00167
53.00000+-1.16667
53.31050+-1.16667
53.09051+0.00000
-1
;
;AIAA (d) The Wash
;
53.15000+0.20000
53.15000+0.55000
53.06667+0.80000
52.97639+0.80000
52.96000+0.54000
52.78333+0.37556
52.66667+0.36667
52.86833+-0.10278
52.94667+-0.16361
53.15000+0.20000
-1
;
;AIAA (e) Shawbury
;
53.10000+-2.72500
52.97500+-2.56667
52.83333+-2.25000
52.70833+-2.25000
52.64167+-2.56667
52.58333+-2.56667
52.58333+-3.00000
52.95000+-3.00000
53.10000+-2.72500
-1
;
;AIAA (f) Oxford
;
51.93333+-1.81667
52.02500+-1.29583
51.96250+-1.19056
51.72444+-1.00000
51.57583+-1.00000
51.57306+-1.19389
51.66056+-1.91944
51.93333+-1.81667
-1
;
;AIAA (g) Yeovilton
;
51.15+-3.05
51.2+-2.85
51.2+-2.23334
50.73334+-2.23334
50.73334+-3.05
51.15+-3.05
-1
;
;AIAA (h) Culdrose
;
50.4+-5.1666667
50.2+-5.7833333
50.05+-5.7666667
49.9+-5.55
49.9+-5.1583333
50.0833333+-4.9966667
50.1566667+-4.9083333
50.2122222+-4.7830556
50.4+-5.1666667
-1
;
;AIAA (i) Valley
;
52.89833+-4.14444
52.83000+-4.12000
52.81333+-4.15250
52.80000+-4.15000
52.70000+-4.03333
52.66667+-4.09444
52.66667+-3.75000
53.33611+-3.75000
53.38194+-5.00000
53.20000+-5.00000
53.12083+-4.88861
52.75000+-4.88861
52.75000+-4.41667
52.88056+-4.41667
52.90000+-4.29000
52.90611+-4.15194
52.89833+-4.14444
-1