;
; © John Woodside
;
{AARA - Air to Air Refuelling Area}
$TYPE=20
;
;AARA 1
;
56.86667+-3.16667
58.41667+-5.08333
58.30000+-5.65000
56.70000+-3.58333
56.86667+-3.16667
-1
;AARA 2
;
59.31667+-0.51667
59.46667+0.06667
58.21667+1.25000
58.06667+0.68333
59.31667+-0.51667
-1
;AARA 3
;
57.88333+0.83333
58.01667+1.40000
56.41667+2.76667
56.28333+2.21667
57.88333+0.83333
-1
;AARA 4
;
58.26667+0.01667
57.96667+0.25000
57.58333+-1.48333
57.88333+-1.71667
58.26667+0.01667
-1
;AARA 5
;
56.05000+-0.25000
56.03333+1.66667
55.70000+1.65000
55.71667+-0.26667
56.05000+-0.25000
-1
;AARA 6
;
55.26667+0.18333
54.68333+-0.88333
54.40000+-0.41667
55.00000+0.61667
55.26667+0.18333
-1
;AARA 7
;
55.43333+1.26667
55.00000+2.98333
54.70000+2.75000
55.13333+1.03333
55.43333+1.26667
-1
;AARA 8
;
53.60000+0.71667
53.45000+2.50000
53.11667+2.43333
53.26667+0.65000
53.60000+0.71667
-1
;AARA 9
;
52.66667+1.83333
52.35000+1.83333
52.35000+2.66667
52.66667+2.93333
52.66667+1.83333
-1
;AARA 10 E 
;
51.28334+-2.38334
51.00000+-2.08334
50.46612+-3.97889
50.86612+-3.89
51.28334+-2.38334
-1
;AARA 10 W 
;
50.86612+-3.89
50.46612+-3.97889
49.6125+-6.72862
49.93112+-6.95639
50.86612+-3.89
-1
;
;AARA 11 
;
50.37556+-5.67362
50.05112+-5.55528
49.69973+-7.74306
50.02139+-7.87528
50.37556+-5.67362
-1
;AARA 12
;
50.48000+-7.91667
50.98000+-5.58167
51.11333+-4.91667
50.79500+-4.76167
50.66667+-5.42167
50.16667+-7.74333
50.48000+-7.91667
-1
;AARA 13
;
53.98333+-3.71667
54.70000+-4.11667
54.63333+-4.40000
53.93333+-3.98333
53.98333+-3.71667
-1
;AARA 14
;
57.61667+-4.83333
57.50000+-4.25000
56.43333+-4.91667
56.55000+-5.51667
57.61667+-4.83333
-1
;AARA Spider
;
54.75+-1.0666667
54.5666667+-1.3666667
53.8166667+-0.2
53.9833333+0.1166667
54.75+-1.0666667
-1