;
; © John Woodside
;
{ATA Aerial Tactics Area}
$TYPE=23
;
;ATA 1 Wash N
;
53.51944+0.55000
53.32750+1.81583
53.18763+1.68026
53.31703+0.55000
53.51944+0.55000
-1
;
;ATA Wash S
;
53.31703+0.55000
53.18763+1.68026
53.00000+1.50000
53.00000+1.00000
53.08333+0.55000
53.31703+0.55000
-1
;
;ATA 2 Lakenheath N
;
52.91667+1.83333
52.66957+2.50000
52.61772+2.89881
52.47204+2.77875
52.47827+2.57048
52.57003+1.90286
52.54597+1.83333
52.91667+1.83333
-1
;
;ATA 2 Lakenheath S
;
52.57003+1.90286
52.47827+2.57048
52.47204+2.77875
52.27955+2.62149
52.24646+2.44799
52.22155+1.87800
52.27312+1.83333
52.54597+1.83333
52.57003+1.90286
-1
;
;ATA 3 Valley
;
;
53.25000+-5.50000
52.75000+-5.50000
52.75000+-4.67167
52.66667+-4.46972
52.66667+-3.75000
53.33611+-3.75000
53.38194+-5.00000
53.38750+-5.17139
53.25000+-5.50000
-1