;
; © John Woodside
;
{MTA}
$TYPE=22
;
; EAMTRA A
;
52.9766667+-0.5561111
52.7027778+1.8955556
52.6630556+1.8955556
52.4244444+1.2125
52.44+-0.0761111
52.9766667+-0.5561111
-1
;
; EAMTRA B
;
53.0222222+-1.0175
52.9766667+-0.5561111
52.44+-0.0761111
52.4419444+-0.4580556
53.0044444+-1.0119444
53.0222222+-1.0175
-1
;
; North Wales NWMTA N
;
53.3027778+-5.1313889
53.2513889+-3.7211111
53.1008333+-3.4344444
52.1530556+-3.5019444
53.2094444+-5.3547222
53.3027778+-5.1313889
-1
;
; North Wales NWMTA S
;
53.2094444+-5.3547222
52.1530556+-3.5019444
52.0302778+-3.5102778
52.1530556+-4.5083333
52.6408333+-5.2652778
52.7580556+-5.3627778
53.2066667+-5.3613889
53.2094444+-5.3547222
-1
;
{TRA}
$TYPE=22
;
; TRA001
;
51.9111111+-5.0525
51.6627778+-3.4088889
50.3825+-3.6275
49.8025+-3.1611111
48.8333333+-8
51+-8
51.185+-7.6675
50.9408333+-7.3005556
51.055+-7.1083333
51.2947222+-7.4680556
51.4244444+-7.2308333
51.4+-6.8847222
51.6761111+-6.0075
51.8761111+-6.0752778
51.9111111+-5.0525
-1
;
; TRA002
;
51.4355556+-3.1805556
51.3263889+-1.7222222
51.2713889+-1.3491667
51.0230556+-1.4530556
50.6897222+-3.3125
51.4355556+-3.1805556
-1
;
; TRA003
;
53.2986111+-1.1016667
53.105+-0.0744444
53.2088889+-0.0188889
52.9722222+2.0558333
52.8683333+2.5
52.6694444+2.5
52.6177778+2.8988889
52.4719444+2.7788889
52.4783333+2.5705556
52.57+1.9027778
52.4194444+1.4711111
52.4416667+-0.4588889
53.0044444+-1.0119444
53.2986111+-1.1016667
-1
;
; TRA004
;
55.135+-4.5005556
55.1008333+-4.2386111
54.5052778+-3.4497222
53.6841667+-3.3194444
53.6972222+-3.6147222
53.91+-4.1277778
54.0466667+-3.9663889
54.2716667+-4.5202778
54.5272222+-5.1433333
54.8558333+-5.0219444
55.0472222+-4.8555556
55.135+-4.5005556
-1
;
; TRA005
;
55.2930556+-2.9075
55.29+-2.7588889
55.0136111+-1.9125
54.3655556+-2.1147222
54.3655556+-2.2627778
54.7744444+-2.6069444
55.2930556+-2.9075
-1
;
; TRA006
;
55.6813889+2.2205556
54.1855556+3.3869444
53.7366667+3
53.2688889+3
53.3333333+2.5
53.1941667+2.5
53.1375+2.0927778
53.3677778+0.0752778
53.6872222+-1.0372222
53.72+-1.2766667
54.1977778+-1.7622222
55+-1.5047222
55+-0.7841667
55.2861111+0.2411111
55.6813889+2.2205556
;
; TRA007A
;
57.3294444+-1.8027778
57.2436111+-2.1663889
56.6630556+-2.9108333
56.1169444+-3.0513889
56.1166667+-2.9355556
56.0022222+-2.8136111
55.6347222+-2.8530556
55.435+-2.6152778
55.1102778+-1.6252778
55.0383333+-1.6983333
55.0169444+-1.4991667
55+-1.5047222
55+-0.9877778
55.8333333+-1.3
56.2972222+-1.4186111
57.3294444+-1.8027778
-1
;
; TRA 007B
;
57.8138889+0.3730556
57.3294444+-1.8027778
56.2972222+-1.4186111
55.8333333+-1.3
55+-0.9877778
55+-0.7841667
55.2861111+0.2411111
55.6813889+2.2205556
57.8138889+0.3730556
-1
;
; TRA008A
;
57.3936111+-4.2344444
57.8333333+-8.25
59.8333333+-6.0333333
59.8033333+-4.7916667
59.2772222+-4.5
57.5461111+-4.215
57.5297222+-4.2008333
57.3936111+-4.2344444
-1
;
; TRA 008B
;
57.8138889+0.3730556
57.625+-0.5030556
57.7788889+-0.6213889
57.5863889+-1.4758333
57.4336111+-1.3547222
57.2616667+-2.0911111
57.3277778+-2.1169444
57.3105556+-2.2672222
57.3583333+-2.3927778
56.4966667+-3.4833333
56.3333333+-3.7961111
56.2333333+-4.1572222
56.2097222+-4.2161111
57.1105556+-3.9952778
57.1058333+-3.9347222
57.3622222+-3.8697222
57.3936111+-4.2344444
57.5297222+-4.2008333
57.5461111+-4.215
59.2772222+-4.5
59.8033333+-4.7916667
59.6666667+-1.5
57.8888889+0.3038889
57.8138889+0.3730556
-1
;
; TRA 008C
;
55.4286111+-5
55.5108333+-5.6152778
55.8008333+-7.6666667
56.7+-8.25
57.8333333+-8.25
57.3936111+-4.2344444
57.3622222+-3.8697222
57.1058333+-3.9347222
57.1105556+-3.9952778
57.1327778+-4.2983333
56.0755556+-4.5480556
56+-4.7333333
55.8333333+-5
55.4286111+-5
-1
;
;
;
;
;
{TRA Gliding)
;
; Scottish Upper Area (North)
;
57.6666667+-3.6966667
57.6666667+-2.9216667
57.4811111+-2.4213889
57.1975+-2.7880556
57.3002778+-3.7922222
57.6666667+-3.6966667
-1
;
; Scottish Upper Area (South)
;
57.3002778+-3.7922222
57.1975+-2.7880556
56.8552778+-3.2216667
57.0872222+-3.8469444
57.3002778+-3.7922222
-1
;
; Scottish Lower Area (North)
;
57.6666667+-3.6966667
57.6666667+-2.9216667
57.4811111+-2.4213889
56.8552778+-3.2216667
57.0872222+-3.8469444
57.6666667+-3.6966667
-1
;
; Scottish Lower Area (South)
;
57.0872222+-3.8469444
56.8552778+-3.2216667
56.5505556+-3.5991667
56.4022222+-3.8827778
56.3622222+-4.0283333
57.0872222+-3.8469444
-1
;
; Portmoak Area
;
56.4905556+-3.7147222
56.3730556+-3.44
56.2+-3.4819444
56.2+-4.0677778
56.3622222+-4.0283333
56.4022222+-3.8827778
56.4905556+-3.7147222
-1
;
; Aboyne Area
;
57.2833333+-2.8833333
57.2044444+-2.5922222
56.8836111+-3.0013889
56.9583333+-3.25
57.2833333+-2.8833333
-1
;
; Northumbria North Area
;
56.1+-2.6538889
55.9166667+-2.0377778
55.7666667+-1.9816667
55.7666667+-2.6911111
56.1+-2.6538889
-1
;
; Northumbria South Area
;
55.7666667+-2.6911111
55.7666667+-1.9816667
55.4455556+-1.8630556
55.3008333+-1.9094444
55.4975+-2.5127778
55.6577778+-2.7030556
55.7666667+-2.6911111
-1
;
; Spadeadam Upper Area
;
55.1116667+-2.6108333
54.9838889+-2.1569444
54.7377778+-2.2330556
55.1116667+-2.6108333
-1
;
; Spadeadam Lower Area
;
55.0475+-2.3061111
54.9708333+-2.0730556
54.6644444+-2.1680556
55.0475+-2.3061111
-1
;
; Yorkshire Upper/Lower Area North
;
54.5397222+-1.4394444
54.1738889+-1
54+-1
54+-1.3922222
54.2019444+-1.5997222
54.5397222+-1.4394444
-1
;
; Yorkshire Lower Area South
;
54.1738889+-1
53.7769444+-0.5341667
53.8661111+-1.2558333
54+-1.3922222
54+-1
54.1738889+-1
-1
;
; Northern Ireland Area
;
55.1694444+-6.9402778
55.1694444+-6.6666667
54.8333333+-6.6666667
54.8333333+-7.2666667
54.9380556+-7.2666667
55.1694444+-6.9402778
-1
;
; Welsh Upper/Lower Area A
;
53.2819444+-4.5
53.2627778+-4
53+-4
53+-4.5
53.2819444+-4.5
-1
;
; Welsh Upper/Lower Area B
;
53.2627778+-4
53.2513889+-3.7211111
53.1008333+-3.4344444
53+-3.4416667
53+-4
53.2627778+-4
-1
;
; Welsh Area C
;
53.2513889+-3.7211111
53.2413889+-3.4913889
53.2075+-3.4266667
53.1008333+-3.4344444
53.2513889+-3.7211111
-1
;
; Welsh Upper/Lower Area D
;
53+-4.5
53+-4
52.445+-4
52.7322222+-4.5
53+-4.5
-1
;
; Welsh Upper/Lower Area E
;
53+-4
53+-3.4416667
52.8352778+-3.4536111
52.7055556+-3.6544444
52.5+-3.6686111
52.5+-4
53+-4
-1
;
; Welsh Upper/Lower Area F
;
52.8352778+-3.4536111
52.5+-3.4775
52.5+-3.6686111
52.7055556+-3.6544444
52.8352778+-3.4536111
-1
;
; Welsh Upper/Lower Area G
;
52.5+-4
52.5+-3.4775
52.1530556+-3.5019444
52.445+-4
52.5+-4
-1
;
; Welsh Area H
;
52.445+-4
52.1530556+-3.5019444
52.0302778+-3.5102778
52.0916667+-4
52.445+-4
-1