;
; © John Woodside
;
{MATZ_Barkston_Heath}
$TYPE=18
53.01333+-0.56028
53.01257+-0.54586
53.01032+-0.53189
53.00663+-0.51877
53.00164+-0.50692
52.99547+-0.49669
52.98833+-0.48839
52.98043+-0.48227
52.97202+-0.47853
52.96333+-0.47727
52.95465+-0.47853
52.94623+-0.48227
52.93833+-0.48839
52.93119+-0.49669
52.92503+-0.50692
52.92003+-0.51877
52.91635+-0.53189
52.91409+-0.54586
52.91333+-0.56028
52.91409+-0.57469
;
52.91532+-0.58342
52.89459+-0.63849
52.95113+-0.69714
52.97185+-0.64208
;
52.97202+-0.64203
52.98043+-0.63828
52.98833+-0.63217
52.99547+-0.62387
53.00164+-0.61364
53.00663+-0.60178
53.01032+-0.58867
53.01257+-0.57469
53.01333+-0.56028
-1
;
;
{MATZ_Benson}
$TYPE=18
51.68023+-1.18210
51.68856+-1.16294
51.69470+-1.14174
;
51.69666+-1.13188
51.78274+-1.11239
51.77346+-1.00607
51.68738+-1.02555
;
51.68023+-1.00957
51.66995+-0.99302
51.65806+-0.97961
51.64489+-0.96972
51.63086+-0.96366
51.61639+-0.96162
51.60192+-0.96366
51.58789+-0.96972
51.57472+-0.97961
51.56282+-0.99302
51.55255+-1.00957
51.54422+-1.02873
51.53808+-1.04993
51.53432+-1.07253
51.53306+-1.09583
51.53432+-1.11914
51.53808+-1.14174
51.54422+-1.16294
51.55255+-1.18210
51.56282+-1.19864
51.57472+-1.21206
51.58789+-1.22195
51.60192+-1.22800
51.61639+-1.23004
51.63086+-1.22800
51.64489+-1.22195
51.65806+-1.21206
51.66995+-1.19864
51.68023+-1.18210
-1
;
;
{MATZ_Boscombe_Down}
$TYPE=18
; Two stubs
51.23667+-1.75111
51.23540+-1.72804
51.23164+-1.70567
;
51.22796+-1.69199
51.28383+-1.58583
51.23277+-1.51751
51.17689+-1.62367
;
51.17417+-1.62222
51.16780+-1.62027
51.15333+-1.61825
51.13886+-1.62027
51.12483+-1.62627
51.11167+-1.63605
51.09977+-1.64934
51.08950+-1.66571
51.08116+-1.68468
51.07503+-1.70567
51.07127+-1.72804
51.07000+-1.75111
51.07127+-1.77418
51.07503+-1.79655
;
51.07870+-1.81023
51.02283+-1.91639
51.07390+-1.98471
51.12977+-1.87855
;
51.13886+-1.88195
51.15333+-1.88397
51.16780+-1.88195
51.18184+-1.87596
51.19500+-1.86617
51.20690+-1.85289
51.21717+-1.83651
51.22550+-1.81754
51.23164+-1.79655
51.23540+-1.77418
51.23667+-1.75111
-1
;
;
{MATZ_Church_Fenton}
$TYPE=18
53.91778+-1.19528
53.91651+-1.17076
53.91275+-1.14698
;
53.90556+-1.12166
53.95541+-1.00100
53.90080+-0.93620
53.85095+-1.05686
;
53.84944+-1.05639
53.84892+-1.05621
53.83444+-1.05406
53.81997+-1.05621
53.80594+-1.06258
53.79278+-1.07298
53.78088+-1.08710
53.77061+-1.10451
53.76228+-1.12467
53.75614+-1.14698
53.75238+-1.17076
53.75111+-1.19528
53.75238+-1.21980
53.75614+-1.24358
53.76228+-1.26588
53.77061+-1.28605
53.78088+-1.30345
53.79278+-1.31757
53.80594+-1.32798
53.81997+-1.33435
53.83444+-1.33649
53.84892+-1.33435
53.86295+-1.32798
53.87611+-1.31757
53.88801+-1.30345
53.89828+-1.28605
53.90661+-1.26588
53.91275+-1.24358
53.91651+-1.21980
53.91778+-1.19528
-1
;
;
{MATZ_Coningsby}
$TYPE=18
53.17639+-0.16611
53.17512+-0.14201
53.17136+-0.11865
53.16522+-0.09673
53.15689+-0.07691
;
53.14836+-0.06230
53.17522+0.07536
53.11182+0.10966
53.08496+-0.02800
;
53.07858+-0.02945
53.06455+-0.03571
53.05139+-0.04593
53.03949+-0.05981
53.02922+-0.07691
53.02089+-0.09673
53.01475+-0.11865
53.01099+-0.14201
53.00972+-0.16611
53.01099+-0.19021
53.01475+-0.21357
53.02089+-0.23550
53.02922+-0.25531
53.03949+-0.27241
53.05139+-0.28629
53.06455+-0.29651
53.07858+-0.30277
53.09306+-0.30488
53.10753+-0.30277
53.12156+-0.29651
53.13472+-0.28629
53.14662+-0.27241
53.15689+-0.25531
53.16522+-0.23550
53.17136+-0.21357
53.17512+-0.19021
53.17639+-0.16611
-1
;
;
{MATZ_Cottesmore}
$TYPE=18
52.81917+-0.64889
52.81790+-0.62499
;
52.81534+-0.60768
52.88095+-0.51350
52.83721+-0.43040
52.77161+-0.52459
;
52.76434+-0.51956
52.75030+-0.51335
52.73583+-0.51126
52.72136+-0.51335
52.70733+-0.51956
52.69417+-0.52970
52.68227+-0.54346
52.67200+-0.56042
52.66366+-0.58007
52.65753+-0.60182
52.65377+-0.62499
52.65250+-0.64889
52.65377+-0.67279
;
52.65632+-0.69010
52.59072+-0.78428
52.63446+-0.86737
52.70006+-0.77319
;
52.70733+-0.77822
52.72136+-0.78443
52.73583+-0.78652
52.75030+-0.78443
52.76434+-0.77822
52.77750+-0.76808
52.78940+-0.75432
52.79967+-0.73736
52.80800+-0.71770
52.81414+-0.69596
52.81790+-0.67279
52.81917+-0.64889
-1
;
;
{MATZ_Cranwell}
$TYPE=18
53.11333+-0.49278
53.11207+-0.46872
53.10831+-0.44539
53.10217+-0.42349
53.09384+-0.40371
53.08357+-0.38663
;
53.07239+-0.37348
53.08299+-0.23002
53.01682+-0.21651
53.00622+-0.35997
;
53.00150+-0.36257
52.98833+-0.37278
52.97643+-0.38663
52.96616+-0.40371
52.95783+-0.42349
52.95169+-0.44539
52.94793+-0.46872
52.94667+-0.49278
52.94793+-0.51684
52.95169+-0.54017
52.95783+-0.56206
52.96616+-0.58185
52.97643+-0.59893
52.98833+-0.61278
53.00150+-0.62299
53.01553+-0.62924
53.03000+-0.63134
53.04447+-0.62924
53.05850+-0.62299
53.07167+-0.61278
53.08357+-0.59893
53.09384+-0.58185
53.10217+-0.56206
53.10831+-0.54017
53.11207+-0.51684
53.11333+-0.49278
-1
;
;
{MATZ_Culdrose}
$TYPE=18
50.16889+-5.25417
50.16762+-5.23161
50.16386+-5.20975
50.15772+-5.18923
50.14939+-5.17068
50.13912+-5.15468
50.12722+-5.14169
50.11406+-5.13212
50.10003+-5.12626
;
50.08640+-5.12430
50.05243+-4.99960
49.99107+-5.04019
50.02503+-5.16490
;
50.02172+-5.17068
50.01339+-5.18923
50.00725+-5.20975
50.00349+-5.23161
50.00222+-5.25417
50.00349+-5.27672
50.00725+-5.29859
50.01339+-5.31910
50.02172+-5.33765
50.03199+-5.35366
50.04389+-5.36664
50.05705+-5.37621
50.07108+-5.38207
50.08556+-5.38404
50.10003+-5.38207
50.11406+-5.37621
50.12722+-5.36664
50.13912+-5.35366
50.14939+-5.33765
50.15772+-5.31910
50.16386+-5.29859
50.16762+-5.27672
50.16889+-5.25417
-1
;
;
{MATZ_Dishforth}
$TYPE=18
54.18722+-1.42028
54.18646+-1.40546
54.18421+-1.39109
54.18052+-1.37760
54.17552+-1.36542
54.16936+-1.35490
54.16222+-1.34637
54.15432+-1.34008
54.14590+-1.33623
54.13722+-1.33493
54.12854+-1.33623
54.12012+-1.34008
54.11222+-1.34637
54.10508+-1.35490
54.09892+-1.36542
54.09392+-1.37760
54.09024+-1.39109
54.08798+-1.40546
54.08722+-1.42028
54.08798+-1.43510
54.09024+-1.44947
54.09392+-1.46295
54.09892+-1.47514
54.10508+-1.48566
54.11222+-1.49419
54.12012+-1.50048
54.12854+-1.50433
54.13722+-1.50562
54.14590+-1.50433
54.15432+-1.50048
54.16222+-1.49419
54.16936+-1.48566
54.17552+-1.47514
54.18052+-1.46295
54.18421+-1.44947
54.18646+-1.43510
54.18722+-1.42028
-1
;
;
{MATZ_Fairford}
$TYPE=18
51.76694+-1.79000
51.76568+-1.76666
51.76192+-1.74403
51.75578+-1.72280
51.74745+-1.70360
51.73718+-1.68704
51.72528+-1.67360
;
51.71959+-1.66876
51.72262+-1.52865
51.65600+-1.52490
51.65296+-1.66501
;
51.64194+-1.67360
51.63005+-1.68704
51.61977+-1.70360
51.61144+-1.72280
51.60530+-1.74403
51.60154+-1.76666
51.60028+-1.79000
51.60154+-1.81334
51.60530+-1.83597
51.61144+-1.85720
51.61977+-1.87640
51.63005+-1.89296
51.64194+-1.90640
51.65511+-1.91630
51.66914+-1.92237
51.68361+-1.92441
51.69808+-1.92237
51.71211+-1.91630
51.72528+-1.90640
51.73718+-1.89296
51.74745+-1.87640
51.75578+-1.85720
51.76192+-1.83597
51.76568+-1.81334
51.76694+-1.79000
-1
;
;
;{MATZ_Honington}
;$TYPE=18
;52.42583+0.77306
;52.42457+0.79674
;52.42081+0.81971
;52.41467+0.84126
;52.40634+0.86073
;52.39607+0.87755
;;
;52.38737+0.88800
;52.40097+1.02852
;52.33512+1.04559
;52.32152+0.90507
;;
;52.31400+0.90123
;52.30083+0.89118
;52.28893+0.87755
;52.27866+0.86073
;52.27033+0.84126
;52.26419+0.81971
;52.26043+0.79674
;52.25917+0.77306
;52.26043+0.74937
;52.26419+0.72640
;52.27033+0.70485
;52.27866+0.68538
;52.28893+0.66857
;52.30083+0.65493
;52.31400+0.64488
;52.32803+0.63873
;52.34250+0.63665
;52.35697+0.63873
;52.37100+0.64488
;52.38417+0.65493
;52.39607+0.66857
;52.40634+0.68538
;52.41467+0.70485
;52.42081+0.72640
;52.42457+0.74937
;52.42583+0.77306
;-1
;;
;
{MATZ_Kinloss}
$TYPE=18
57.73278+-3.56056
57.73151+-3.53351
57.72775+-3.50729
57.72161+-3.48269
57.71328+-3.46045
57.70301+-3.44126
57.69111+-3.42569
57.67795+-3.41421
57.66392+-3.40719
57.64944+-3.40482
57.63497+-3.40719
57.62094+-3.41421
57.60778+-3.42569
57.59588+-3.44126
57.58561+-3.46045
57.57728+-3.48269
57.57114+-3.50729
57.56738+-3.53351
57.56611+-3.56056
57.56738+-3.58760
57.57114+-3.61382
57.57728+-3.63842
57.58561+-3.66066
57.59588+-3.67986
57.60778+-3.69543
57.62094+-3.70690
57.63497+-3.71392
57.64944+-3.71629
57.66392+-3.71392
57.67795+-3.70690
57.69111+-3.69543
57.70301+-3.67986
57.71328+-3.66066
57.72161+-3.63842
57.72775+-3.61382
57.73151+-3.58760
57.73278+-3.56056
-1
;
;
{MATZ_Lakenheath}
$TYPE=18
52.49250+0.56111
52.49123+0.58483
52.48747+0.60783
52.48134+0.62942
;
52.47951+0.63435
52.52812+0.75248
52.47285+0.81360
52.42424+0.69547
;
52.42364+0.69564
52.40917+0.69772
52.39470+0.69564
52.38066+0.68948
52.36750+0.67942
52.35560+0.66576
52.34533+0.64892
52.33700+0.62942
52.33086+0.60783
52.32710+0.58483
52.32583+0.56111
52.32710+0.53739
52.33086+0.51439
52.33700+0.49281
;
52.33882+0.48787
52.29022+0.36974
52.34549+0.30863
52.39409+0.42676
;
52.39470+0.42658
52.40917+0.42450
52.42364+0.42658
52.43767+0.43274
52.45083+0.44281
52.46273+0.45646
52.47300+0.47330
52.48134+0.49281
52.48747+0.51439
52.49123+0.53739
52.49250+0.56111
-1
;
;
{MATZ_Leeming}
$TYPE=18
54.37583+-1.53528
54.37457+-1.51048
54.37081+-1.48644
54.36467+-1.46389
54.35634+-1.44350
54.34607+-1.42590
54.33417+-1.41163
54.32100+-1.40111
54.30697+-1.39467
54.29250+-1.39250
54.27803+-1.39467
54.26400+-1.40111
54.25083+-1.41163
54.23893+-1.42590
54.22866+-1.44350
54.22033+-1.46389
54.21419+-1.48644
54.21043+-1.51048
54.20917+-1.53528
54.21043+-1.56007
54.21419+-1.58411
54.22033+-1.60667
54.22866+-1.62706
54.23893+-1.64465
54.25083+-1.65893
54.26400+-1.66945
54.27803+-1.67589
54.29250+-1.67806
54.30697+-1.67589
54.32100+-1.66945
54.33417+-1.65893
54.34607+-1.64465
;
54.34872+-1.64068
54.42812+-1.70125
54.45524+-1.59690
54.37583+-1.53633
;
54.37583+-1.53528
-1
;
;
{MATZ_Leuchars}
$TYPE=18
56.45806+-2.86111
56.45679+-2.83498
56.45303+-2.80964
56.44689+-2.78587
56.43856+-2.76438
56.42829+-2.74583
;
56.41836+-2.73291
56.43046+-2.57747
56.36444+-2.56071
56.35234+-2.71615
;
56.34622+-2.71970
56.33306+-2.73079
56.32116+-2.74583
56.31089+-2.76438
56.30255+-2.78587
56.29641+-2.80964
56.29265+-2.83498
56.29139+-2.86111
56.29265+-2.88724
56.29641+-2.91258
56.30255+-2.93635
56.31089+-2.95784
56.32116+-2.97639
;
56.33108+-2.98931
56.31899+-3.14476
56.38500+-3.16151
56.39710+-3.00607
;
56.40322+-3.00252
56.41639+-2.99144
56.42829+-2.97639
56.43856+-2.95784
56.44689+-2.93635
56.45303+-2.91258
56.45679+-2.88724
56.45806+-2.86111
-1
;
;
{MATZ_Linton_on_Ouse}
$TYPE=18
54.13278+-1.25361
;
54.13208+-1.23528
54.20659+-1.15902
54.17225+-1.06168
54.09774+-1.13794
;
54.09111+-1.13068
54.07795+-1.12023
54.06392+-1.11382
54.04944+-1.11167
54.03497+-1.11382
54.02094+-1.12023
54.00778+-1.13068
53.99588+-1.14488
53.98561+-1.16237
53.97728+-1.18264
53.97114+-1.20506
53.96738+-1.22896
53.96611+-1.25361
53.96738+-1.27826
53.97114+-1.30216
53.97728+-1.32458
53.98561+-1.34485
53.99588+-1.36235
54.00778+-1.37654
54.02094+-1.38699
54.03497+-1.39340
54.04944+-1.39555
54.06392+-1.39340
54.07795+-1.38699
54.09111+-1.37654
54.10301+-1.36235
54.11328+-1.34485
54.12161+-1.32458
54.12775+-1.30216
54.13151+-1.27826
54.13278+-1.25361
-1
;
;
{MATZ_Lossiemouth}
$TYPE=18
57.79028+-3.33750
57.78901+-3.31041
57.78525+-3.28415
;
57.78504+-3.28307
57.84757+-3.17005
57.80126+-3.08029
57.73873+-3.19331
;
57.73545+-3.19092
57.72142+-3.18389
57.70694+-3.18152
57.69247+-3.18389
57.67844+-3.19092
57.66528+-3.20242
57.65338+-3.21801
57.64311+-3.23724
57.63478+-3.25951
57.62864+-3.28415
57.62488+-3.31041
57.62361+-3.33750
57.62488+-3.36459
57.62864+-3.39085
57.63478+-3.41549
57.64311+-3.43776
57.65338+-3.45699
57.66528+-3.47258
57.67844+-3.48408
57.69247+-3.49111
57.70694+-3.49348
57.72142+-3.49111
57.73545+-3.48408
57.74861+-3.47258
57.76051+-3.45699
57.77078+-3.43776
57.77911+-3.41549
57.78525+-3.39085
57.78901+-3.36459
57.79028+-3.33750
-1
;
;
{MATZ_Marham}
$TYPE=18
52.73167+0.55056
52.73040+0.57441
52.72664+0.59753
52.72050+0.61923
;
52.71945+0.62216
52.76930+0.73952
52.71469+0.80255
52.66484+0.68519
;
52.66280+0.68582
52.64833+0.68791
52.63386+0.68582
52.61983+0.67963
52.60667+0.66951
52.59477+0.65577
52.58450+0.63884
52.57616+0.61923
52.57003+0.59753
52.56627+0.57441
52.56500+0.55056
52.56627+0.52670
52.57003+0.50358
52.57616+0.48188
;
52.57722+0.47895
52.52736+0.36159
52.58197+0.29856
52.63183+0.41592
;
52.63386+0.41529
52.64833+0.41320
52.66280+0.41529
52.67684+0.42149
52.69000+0.43160
52.70190+0.44534
52.71217+0.46227
52.72050+0.48188
52.72664+0.50358
52.73040+0.52670
52.73167+0.55056
-1
;
;
{MATZ_Merryfield}
$TYPE=18
51.01306+-2.93694
51.01230+-2.92316
51.01004+-2.90979
51.00636+-2.89725
51.00136+-2.88592
50.99519+-2.87613
50.98806+-2.86819
50.98016+-2.86234
50.97174+-2.85876
50.96306+-2.85756
50.95437+-2.85876
50.94595+-2.86234
50.93806+-2.86819
50.93092+-2.87613
50.92475+-2.88592
50.91975+-2.89725
50.91607+-2.90979
50.91382+-2.92316
50.91306+-2.93694
50.91382+-2.95073
50.91607+-2.96410
50.91975+-2.97664
50.92475+-2.98797
50.93092+-2.99776
50.93806+-3.00570
50.94595+-3.01154
50.95437+-3.01513
50.96306+-3.01633
50.97174+-3.01513
50.98016+-3.01154
50.98806+-3.00570
50.99519+-2.99776
51.00136+-2.98797
51.00636+-2.97664
51.01004+-2.96410
51.01230+-2.95073
51.01306+-2.93694
-1
;
;
{MATZ_Middle_Wallop}
$TYPE=18
51.22278+-1.56861
51.22151+-1.54555
51.21775+-1.52318
51.21161+-1.50220
51.20328+-1.48324
51.19301+-1.46687
;
51.19026+-1.46335
51.20302+-1.38182
51.13833+-1.35611
51.12558+-1.43765
;
51.12528+-1.43750
51.12497+-1.43781
51.11094+-1.44380
51.09778+-1.45359
51.08588+-1.46687
51.07561+-1.48324
51.06728+-1.50220
51.06114+-1.52318
51.05738+-1.54555
51.05611+-1.56861
51.05738+-1.59167
51.06114+-1.61404
51.06728+-1.63502
51.07561+-1.65398
51.08588+-1.67036
51.09778+-1.68363
51.11094+-1.69342
51.12497+-1.69941
51.13944+-1.70143
51.15392+-1.69941
51.16795+-1.69342
51.18111+-1.68363
51.19301+-1.67036
51.20328+-1.65398
51.21161+-1.63502
51.21775+-1.61404
51.22151+-1.59167
51.22278+-1.56861
-1
;
;
{MATZ_Mildenhall}
$TYPE=18
52.44500+0.48639
52.44373+0.51009
52.43997+0.53306
52.43384+0.55462
52.42550+0.57410
52.41523+0.59092
52.40333+0.60457
52.39017+0.61462
;
52.37696+0.62053
52.35741+0.75922
52.24600+0.71999
52.28047+0.45569
;
;
52.28047+0.45569
52.31394+0.20039
52.43088+0.23811
52.41133+0.37680
;
52.41523+0.38185
52.42550+0.39867
52.43384+0.41816
52.43997+0.43972
52.44373+0.46269
52.44500+0.48639
-1
;
;
{MATZ_Mona}
$TYPE=18
53.34250+-4.37417
53.34123+-4.34998
53.33747+-4.32652
53.33134+-4.30451
53.32300+-4.28462
53.31273+-4.26745
53.30083+-4.25352
53.28767+-4.24326
53.27364+-4.23698
53.25917+-4.23486
53.24470+-4.23698
53.23066+-4.24326
53.21750+-4.25352
53.20560+-4.26745
53.19533+-4.28462
53.18700+-4.30451
53.18086+-4.32652
53.17710+-4.34998
53.17583+-4.37417
53.17710+-4.39836
53.18086+-4.42181
53.18700+-4.44382
53.19533+-4.46371
53.20560+-4.48088
53.21750+-4.49481
53.23066+-4.50507
53.24470+-4.51136
53.25917+-4.51347
53.27364+-4.51136
53.28767+-4.50507
53.30083+-4.49481
53.31273+-4.48088
53.32300+-4.46371
53.33134+-4.44382
53.33747+-4.42181
53.34123+-4.39836
53.34250+-4.37417
-1
;
;
{MATZ_Odiham}
$TYPE=18
51.31750+-0.94278
51.31623+-0.91967
51.31247+-0.89726
51.30634+-0.87623
51.29800+-0.85723
51.28773+-0.84082
51.27583+-0.82752
51.26267+-0.81771
51.24864+-0.81171
51.23417+-0.80969
51.21970+-0.81171
51.20566+-0.81771
51.19250+-0.82752
51.18060+-0.84082
51.17033+-0.85723
51.16200+-0.87623
51.15586+-0.89726
51.15210+-0.91967
51.15083+-0.94278
51.15210+-0.96589
51.15586+-0.98830
51.16200+-1.00932
51.17033+-1.02833
51.18060+-1.04473
51.19250+-1.05804
;
51.20488+-1.06738
51.20943+-1.20601
51.27600+-1.20044
51.27145+-1.06180
;
51.27583+-1.05804
51.28773+-1.04473
51.29800+-1.02833
51.30634+-1.00932
51.31247+-0.98830
51.31623+-0.96589
51.31750+-0.94278
-1
;
;
{MATZ_Predannack}
$TYPE=18
50.08500+-5.23194
50.08373+-5.20943
50.07997+-5.18760
50.07384+-5.16712
50.06550+-5.14861
50.05523+-5.13263
50.04333+-5.11967
50.03017+-5.11012
50.01614+-5.10427
50.00167+-5.10230
49.98720+-5.10427
49.97316+-5.11012
49.96000+-5.11967
49.94810+-5.13263
49.93783+-5.14861
49.92950+-5.16712
49.92336+-5.18760
49.91960+-5.20943
49.91833+-5.23194
49.91960+-5.25446
49.92336+-5.27629
49.92950+-5.29677
49.93783+-5.31528
49.94810+-5.33126
49.96000+-5.34422
49.97316+-5.35377
49.98720+-5.35962
50.00167+-5.36159
50.01614+-5.35962
50.03017+-5.35377
50.04333+-5.34422
50.05523+-5.33126
50.06550+-5.31528
50.07384+-5.29677
50.07997+-5.27629
50.08373+-5.25446
50.08500+-5.23194
-1
;
;
{MATZ_Scampton}
$TYPE=18
53.39111+-0.55083
53.38985+-0.52662
53.38609+-0.50313
53.37995+-0.48110
53.37161+-0.46119
53.36134+-0.44400
53.34944+-0.43005
53.33628+-0.41978
53.32225+-0.41349
53.30778+-0.41137
53.29331+-0.41349
53.27928+-0.41978
53.26611+-0.43005
53.25421+-0.44400
53.24394+-0.46119
53.23561+-0.48110
53.22947+-0.50313
53.22571+-0.52662
53.22444+-0.55083
53.22571+-0.57505
;
53.22827+-0.59259
53.16267+-0.68803
53.20640+-0.77223
53.27200+-0.67680
;
53.27928+-0.68189
53.29331+-0.68818
53.30778+-0.69030
53.32225+-0.68818
53.33628+-0.68189
53.34944+-0.67161
53.36134+-0.65767
53.37161+-0.64048
53.37995+-0.62057
53.38609+-0.59853
53.38985+-0.57505
53.39111+-0.55083
-1
;
;
{MATZ_Shawbury}
$TYPE=18
52.86578+-2.59887
52.85745+-2.57919
52.84718+-2.56221
52.83528+-2.54843
52.82211+-2.53828
52.80808+-2.53206
52.79361+-2.52997
52.77914+-2.53206
52.76511+-2.53828
52.75194+-2.54843
52.74005+-2.56221
52.72977+-2.57919
52.72144+-2.59887
;
52.71723+-2.61265
52.63031+-2.61265
52.63031+-2.72290
52.71723+-2.72290
;
52.72144+-2.73668
52.72977+-2.75636
52.74005+-2.77335
52.75194+-2.78713
52.76511+-2.79728
52.77914+-2.80350
52.79361+-2.80559
52.80808+-2.80350
52.82211+-2.79728
52.83528+-2.78713
52.84718+-2.77335
52.85745+-2.75636
52.86578+-2.73668
;
52.86999+-2.72290
52.95691+-2.72290
52.95691+-2.61265
52.86999+-2.61265
;
52.86578+-2.59887
-1
;
;
;
;
{MATZ_Ternhill}
$TYPE=18
52.95694+-2.53194
52.95568+-2.50797
52.95192+-2.48472
;
52.95119+-2.48152
52.97624+-2.44001
52.92910+-2.36191
52.90405+-2.40342
;
52.90211+-2.40220
52.88808+-2.39598
52.87361+-2.39388
52.85914+-2.39598
52.84511+-2.40220
52.83194+-2.41238
52.82005+-2.42618
52.80977+-2.44320
52.80144+-2.46291
52.79530+-2.48472
52.79154+-2.50797
52.79028+-2.53194
52.79154+-2.55592
52.79530+-2.57917
52.80144+-2.60098
52.80977+-2.62069
52.82005+-2.63771
52.83194+-2.65151
52.84511+-2.66168
52.85914+-2.66791
52.87361+-2.67001
52.88808+-2.66791
52.90211+-2.66168
52.91528+-2.65151
52.92718+-2.63771
52.93745+-2.62069
52.94578+-2.60098
52.95192+-2.57917
52.95568+-2.55592
52.95694+-2.53194
-1
;
;
{MATZ_Topcliffe}
$TYPE=18
54.25912+-1.27280
54.24722+-1.25855
54.23406+-1.24806
54.22003+-1.24163
54.20556+-1.23946
54.19108+-1.24163
54.17705+-1.24806
54.16389+-1.25855
54.15199+-1.27280
54.14172+-1.29036
54.13339+-1.31070
54.12725+-1.33321
54.12349+-1.35720
54.12222+-1.38194
54.12349+-1.40669
54.12725+-1.43068
54.13339+-1.45318
54.14172+-1.47353
54.15199+-1.49109
54.16389+-1.50534
54.17705+-1.51583
54.19108+-1.52226
54.20556+-1.52442
54.22003+-1.52226
54.23406+-1.51583
54.24722+-1.50534
54.25912+-1.49109
54.26939+-1.47353
54.27772+-1.45318
54.28386+-1.43068
54.28762+-1.40669
;
54.28880+-1.38835
54.36995+-1.33509
54.34606+-1.22868
54.26491+-1.28194
;
54.25912+-1.27280
-1
;
;
{MATZ_Valley}
$TYPE=18
53.33056+-4.53361
53.32929+-4.50943
53.32553+-4.48598
53.31939+-4.46398
53.31106+-4.44409
53.30079+-4.42693
53.28889+-4.41300
53.27572+-4.40274
53.26169+-4.39646
53.24722+-4.39434
53.23275+-4.39646
53.21872+-4.40274
53.20556+-4.41300
53.19366+-4.42693
53.18339+-4.44409
53.17505+-4.46398
53.16891+-4.48598
53.16515+-4.50943
53.16389+-4.53361
53.16515+-4.55779
53.16891+-4.58124
53.17505+-4.60325
53.18339+-4.62313
53.19366+-4.64030
53.20556+-4.65422
53.21872+-4.66448
53.23275+-4.67076
53.24722+-4.67288
53.26169+-4.67076
;
53.27078+-4.66720
53.32665+-4.77848
53.37772+-4.70686
53.32185+-4.59558
;
53.32553+-4.58124
53.32929+-4.55779
53.33056+-4.53361
-1
;
;
{MATZ_Waddington}
$TYPE=18
53.24818+-0.54803
;
53.24941+-0.52772
53.33001+-0.47340
53.30503+-0.37029
53.22444+-0.42461
;
53.21968+-0.41740
53.20778+-0.40351
53.19461+-0.39327
53.18058+-0.38700
53.16611+-0.38488
53.15164+-0.38700
53.13761+-0.39327
53.12444+-0.40351
53.11255+-0.41740
53.10227+-0.43454
53.09394+-0.45439
53.08780+-0.47635
53.08404+-0.49975
53.08278+-0.52389
53.08404+-0.54803
53.08780+-0.57143
53.09394+-0.59339
53.10227+-0.61324
53.11255+-0.63037
53.12444+-0.64427
53.13761+-0.65451
53.15164+-0.66078
53.16611+-0.66289
53.18058+-0.66078
53.19461+-0.65451
53.20778+-0.64427
53.21968+-0.63037
53.22995+-0.61324
53.23828+-0.59339
53.24442+-0.57143
53.24818+-0.54803
-1
;
;
{MATZ_Wattisham}
$TYPE=18
52.21056+0.95583
52.20929+0.97940
52.20553+1.00226
;
52.20310+1.01196
52.26126+1.11718
52.21172+1.18984
52.15356+1.08462
;
52.14169+1.08951
52.12722+1.09158
52.11275+1.08951
52.09872+1.08339
52.08556+1.07339
52.07366+1.05982
52.06339+1.04309
52.05505+1.02370
52.04891+1.00226
52.04515+0.97940
52.04389+0.95583
52.04515+0.93226
52.04891+0.90941
;
52.05135+0.89971
51.99318+0.79449
52.04273+0.72183
52.10089+0.82705
;
52.11275+0.82215
52.12722+0.82009
52.14169+0.82215
52.15572+0.82828
52.16889+0.83828
52.18079+0.85185
52.19106+0.86858
52.19939+0.88796
52.20553+0.90941
52.20929+0.93226
52.21056+0.95583
-1
;
;
{MATZ_Wittering}
$TYPE=18
52.69583+-0.47667
52.69457+-0.45283
52.69081+-0.42973
52.68467+-0.40805
52.67634+-0.38845
;
52.66671+-0.37243
52.69212+-0.23553
52.62837+-0.20343
52.60295+-0.34033
;
52.59803+-0.34151
52.58400+-0.34770
52.57083+-0.35781
52.55893+-0.37153
52.54866+-0.38845
52.54033+-0.40805
52.53419+-0.42973
52.53043+-0.45283
52.52917+-0.47667
52.53043+-0.50050
52.53419+-0.52361
52.54033+-0.54529
52.54866+-0.56488
;
52.55829+-0.58090
52.53288+-0.71780
52.59663+-0.74990
52.62205+-0.61300
;
52.62697+-0.61182
52.64100+-0.60563
52.65417+-0.59552
52.66607+-0.58180
52.67634+-0.56488
52.68467+-0.54529
52.69081+-0.52361
52.69457+-0.50050
52.69583+-0.47667
-1
;
;
{MATZ_Yeovilton}
$TYPE=18
51.09139+-2.64583
51.09012+-2.62284
51.08636+-2.60054
51.08022+-2.57961
51.07189+-2.56070
51.06162+-2.54438
;
51.05045+-2.53181
51.06104+-2.39469
50.99487+-2.38178
50.98428+-2.51890
;
50.97955+-2.52138
50.96639+-2.53114
50.95449+-2.54438
50.94422+-2.56070
50.93589+-2.57961
50.92975+-2.60054
50.92599+-2.62284
50.92472+-2.64583
50.92599+-2.66883
50.92975+-2.69113
50.93589+-2.71205
50.94422+-2.73096
50.95449+-2.74729
;
50.96566+-2.75986
50.95507+-2.89697
51.02124+-2.90989
51.03183+-2.77277
;
51.03656+-2.77029
51.04972+-2.76053
51.06162+-2.74729
51.07189+-2.73096
51.08022+-2.71205
51.08636+-2.69113
51.09012+-2.66883
51.09139+-2.64583
-1
;
;
;