{UK TACAN Routes}
$TYPE=13
;
; © John Woodside
;
;
;
;   TB1 - KSS QQ1 VYL WD1 VLN
;
;
57.65334+-3.53667
55.43+-5.650277778
53.25667+-4.54000
52.00+-4.00
51.00500+-2.63834
-1
;
;   TB2 - KSS LUK VYL WD2 BZN SAM CNO
;
57.65334+-3.53667
56.37334+-2.86334
53.25667+-4.54000
52.360+-2.400
51.74834+-1.60334
50.95527778+-1.345
50.00+-1.4333
-1
;
;   TB6  SPT MAY WD6 MAM CSL NAVPI
;
50.00+-0.25
51.01722222+0.116111111
;WD6
52.64667+0.55334
52.74500+1.34834
52.54722+2.84055
-1
;
;   TB7 QN9 LUK LEE MAM WTZ WD7 DVR EPT
;
58.33+-5.14
56.37334+-2.86334
54.29667+-1.53667
52.64667+0.55334
52.12167+0.94000
51.68+1.37
51.1625+1.359166667
50.47+0.95
-1
;
;   TL4  WD7 NPT KOK
;
51.68+1.37
51.5+2.0
51.09467+2.65167
-1
;
;   TR1  LND VLN BZN WD3 MAM CSL NAVPI
;
;
50.13638889+-5.636944444
51.00500+-2.63834
51.74834+-1.60334
;WD3
52.64667+0.55334
52.74500+1.34834
52.54722+2.84055
-1
;
;----TR3  VYL MAM
;
53.25667+-4.54000
52.64667+0.55334
-1
;
;----TAC B3
;
51.1625+1.359166667
50.22833+3.151667
-1