{E3A Orbit Area}
$TYPE=22
;
; © John Woodside
;
;
;UK Orbit Area 1
;
51.25+-7.5
51.25+-5.5
49.61667+-5.5
49.61667+-7.5
51.25+-7.5
-1
;
;UK Orbit Area 2
;
51.705+-4.86778
51.6275+-3.54945
51.19695+-3.62306
50.98278+-4.62306
51.08667+-4.83639
51.705+-4.86778
-1
;
;UK Orbit Area 3
;
52.97667+-0.55612
52.70278+1.89556
52.66306+1.89556
52.41667+1.19084
52.43139+-0.06862
52.97667+-0.55612
-1
;
;UK Orbit Area 4
;
54.63334+-1.26667
53.86667+-0.45
53.71667+-0.86667
53.71667+-1.15
54.36667+-1.86667
54.63334+-1.26667
-1
;
;UK Orbit Area 5
;
55.76667+-2.15000
55.76262+-2.06825
55.75058+-1.98898
55.73094+-1.91460
55.70428+-1.84737
55.67141+-1.78934
55.63333+-1.74227
55.59121+-1.70759
55.54631+-1.68635
55.50000+-1.67920
55.45369+-1.68635
55.40879+-1.70759
55.36667+-1.74227
55.32859+-1.78934
55.29572+-1.84737
55.26906+-1.91460
55.24942+-1.98898
55.23738+-2.06825
55.23333+-2.15000
55.23738+-2.23175
55.24942+-2.31102
55.26906+-2.38540
55.29572+-2.45263
55.32859+-2.51066
55.36667+-2.55773
55.40879+-2.59241
55.45369+-2.61365
55.50000+-2.62080
55.54631+-2.61365
55.59121+-2.59241
55.63333+-2.55773
55.67141+-2.51066
55.70428+-2.45263
55.73094+-2.38540
55.75058+-2.31102
55.76262+-2.23175
55.76667+-2.15000
-1
;
;UK Orbit Area 6
;
55.8+3.53334
55.25+3.86667
55.08334+3.13334
55.4+2.00
55.76667+2.28334
55.8+3.53334
-1
;
;UK Orbit Area 7
;
57.00+-9.83334
56.83334+-7.50
56.33334+-7.00
55.5+-7.00
55.5+-9.83334
57.00+-9.83334
-1
;
;UK Orbit Area 8
;
57.33334+-1.00
57.66667+0.25
56.16667+1.33334
56.16667+-1.50
57.33334+-1.00
-1
;
;UK Orbit Area 9
;
57.36667+-4.5
57.66667+-3.36667
57.58334+-2.25
56.36667+-2.86667
56.36667+-3.95
57.36667+-4.5
-1
;
;UK Orbit Area 10
;
59.00+-3.00
59.00+-0.83334
57.96667+0.00
57.83334+-0.66667
57.83334+-2.66667
59+-3
-1
;
;UK Orbit Area 11
;
60+-9.83334
60+-6
58.66667+-6
58.33334+-7
58.33334+-9.83334
60+-9.83334
-1
;
;UK Orbit Area 12
;
60.83334+-6
60.83334+-0.33334
59.5+-0.33334
59.5+-6
60.83334+-6
-1
;
;UK Orbit Area 13
;
55.7+1.48334
55.16667+2
54.75+2
54.46667+0.33334
54.71667+-0.13334
55.7+0.83334
55.7+1.48334
-1