;
; © John Woodside
;
{TMA_A_London}
$TYPE=9
;
; TMA 1
;
51.5808333+-0.9211111
51.5875+-0.8169444
51.6088889+-0.7683333
51.7072222+-0.6861111
51.7358333+-0.6680556
51.8083333+-0.2516667
51.8502778+-0.0069444
51.8627778+-0.0016667
51.8652778+0.0222222
;arc
51.86185+0.02227
51.83940+0.03201
51.81833+0.04793
51.79929+0.06952
51.78286+0.09615
51.76953+0.12699
51.75971+0.16112
51.75369+0.19749
;
51.7522222+0.2191667
51.7655556+0.3858333
51.6522222+0.2377778
51.575+0.36
51.3461111+0.5605556
51.2725+0.515
51.2047222+0.3383333
51.0005556+0.2613889
50.9833333+0.2258333
50.9280556+-0.1686111
50.9755556+-0.5744444
51.1422222+-0.6819444
51.1705556+-0.5569444
51.3425+-0.6661111
51.3511111+-0.7116667
51.3930556+-0.9211111
51.5808333+-0.9211111
-1
;
; TMA 2
;
51.8969444+0.5841667
51.7830556+0.6080556
51.7655556+0.3858333
51.8969444+0.5841667
-1
;
; TMA 3
;
51.6725+-0.8211111
51.7616667+-0.9305556
51.8391667+-0.4919444
51.9619444+-0.3625
52.05+0.1519444
52.1022222+0.2305556
52.1016667+0.4305556
52.0405556+0.6777778
51.7336111+0.7366667
51.5713889+0.8333333
51.3555556+0.8333333
51.1516667+0.7716667
50.8658333+-0.0716667
50.9080556+-0.3541667
50.9755556+-0.5744444
50.9280556+-0.1686111
50.9833333+0.2258333
51.0005556+0.2613889
51.2047222+0.3383333
51.2725+0.515
51.3461111+0.5605556
51.575+0.36
51.6522222+0.2377778
51.7655556+0.3858333
51.7830556+0.6080556
51.8969444+0.5841667
51.7655556+0.3858333
51.7522222+0.2191667
;arc
51.75369+0.19749
51.75971+0.16112
51.76953+0.12699
51.78286+0.09615
51.79929+0.06952
51.81833+0.04793
51.83940+0.03201
51.86185+0.02227
;
51.8652778+0.0222222
51.8627778+-0.0016667
51.8502778+-0.0069444
51.8083333+-0.2516667
51.7358333+-0.6680556
51.7072222+-0.6861111
51.6088889+-0.7683333
51.5875+-0.8169444
51.6725+-0.8211111
-1
;
; TMA 4
;
51.4083333+-1
51.5758333+-1
51.5808333+-0.9211111
51.3930556+-0.9211111
51.3511111+-0.7116667
51.3425+-0.6661111
51.1705556+-0.5569444
51.1422222+-0.6819444
50.9755556+-0.5744444
50.9577778+-0.7066667
51.4083333+-1
-1
;
; TMA 5
;
51.5808333+-0.9211111
51.7491667+-1
51.7616667+-0.9305556
51.6725+-0.8211111
51.5875+-0.8169444
51.5808333+-0.9211111
-1
;
; TMA 6
;
52.1016667+-0.2866667
52.1022222+0.2305556
52.05+0.1519444
51.9619444+-0.3625
52.0105556+-0.4755556
52.1016667+-0.2866667
-1
;
; TMA 7
;
51.7336111+0.7366667
52.0405556+0.6777778
52.0125+0.79
51.7419444+0.8438889
51.605+0.9255556
51.5713889+0.8333333
51.7336111+0.7366667
-1
;
; TMA 8
;
52.0125+0.79
51.93+1.1180556
51.9844444+1.3838889
51.8727778+1.4430556
51.6513889+1.4166667
51.6308333+1.1075
51.5105556+0.8333333
51.5713889+0.8333333
51.605+0.9255556
51.7419444+0.8438889
52.0125+0.79
-1
;
; TMA 9
;
52.1844444+-0.3663889
52.1844444+0.0911111
52.1016667+0.4305556
52.1016667+-0.2866667
52.1844444+-0.3663889
-1
;
; TMA 10
;
51.7491667+-1
51.5808333+-0.9211111
51.5758333+-1
51.5505556+-1
51.5730556+-1.1938889
51.7491667+-1
-1
;
; TMA 11
;
51.5505556+-1
51.4083333+-1
51.4166667+-1.1347222
51.3966667+-1.1394444
51.4097222+-1.2455556
51.5730556+-1.1938889
51.5505556+-1
-1
;
; TMA 12
;
51.4083333+-1
51.2547222+-0.8991667
51.35+-1.1505556
51.4166667+-1.1347222
51.4083333+-1
-1
;
; TMA 13
;
51.2547222+-0.8991667
51.1144444+-0.8080556
51.0580556+-1.22
51.35+-1.1505556
51.2547222+-0.8991667
-1
;
; TMA 14
;
50.9608333+-0.6844444
50.9755556+-0.5744444
50.9166667+-0.3822222
50.9166667+-0.6372222
50.9608333+-0.6844444
-1
;
; TMA 15
;
50.9166667+-0.3822222
50.9080556+-0.3541667
50.8280556+-0.5427778
50.9166667+-0.6372222
50.9166667+-0.3822222
-1
;
; TMA 16
;
52.0966667+0.4502778
52.1202778+0.8636111
52.0066667+0.8133333
52.0966667+0.4502778
-1
;
; TMA 17
;
52.0066667+0.8133333
52.1202778+0.8636111
51.9683333+0.9666667
52.0066667+0.8133333
-1
;
; TMA 18
;
52.0966667+0.4502778
52.1844444+0.0911111
52.1844444+0.545
52.2058333+0.8052778
52.1202778+0.8636111
52.0966667+0.4502778
-1
;
; TMA 19
;
51.9625+-1.19055555555556
52.0725+-0.62
52.0544444444444+-0.578055555555556
52.1905555555556+-0.372222222222222
52.1016666666667+-0.286666666666667
52.0105555555556+-0.475555555555556
51.9619444444444+-0.3625
51.8391666666667+-0.491944444444444
51.7491666666667+-1
51.7388888888889+-1.01138888888889
51.9625+-1.19055555555556
-1
;
; TMA 20
;
51.0738889+0.2891667
51.0141667+0.3613889
50.8658333+-0.0716667
50.9080556+-0.3541667
50.9755556+-0.5744444
50.9280556+-0.1686111
50.9833333+0.2258333
51.0005556+0.2613889
51.0738889+0.2891667
-1
;
; TMA 21
;
50.92+-0.9855556
50.9608333+-0.6844444
50.7738889+-0.4855556
50.7738889+-0.8283333
50.92+-0.9855556
-1
;
; TMA 22
;
51.0722222+-1.1158333
51.1005556+-0.9108333
50.9377778+-0.8552778
50.92+-0.9855556
50.8133333+-0.8705556
50.8244444+-1.2869444
50.9097222+-1.0597222
51.0722222+-1.1158333
-1
;
; TMA 23
;
51.6019444+-1.4297222
51.5730556+-1.1938889
51.4097222+-1.2455556
51.4386111+-1.4805556
51.6019444+-1.4297222
-1
;
; TMA 24
;
51.1005556+-0.9108333
51.1144444+-0.8080556
50.9577778+-0.7066667
50.9377778+-0.8552778
51.1005556+-0.9108333
-1
;
; TMA 25
;
50.9080556+-0.3541667
50.8658333+-0.0716667
51.1516667+0.7716667
51.3555556+0.8333333
51.4747222+0.8333333
51.4205556+0.9683333
51.4033333+1.1566667
50.9783333+1.0408333
50.7519444+0.75
50.6666667+0.5
50.6666667+-0.3722222
50.8280556+-0.5427778
50.9080556+-0.3541667
-1