;
; © John Woodside
;
{TMA_D_Scottish}
$TYPE=9
;
; TMA D1
;
55.6166667+-4.4797222
55.6902778+-4.1713889
55.6902778+-2.9194444
55.5505556+-4.4883333
55.6166667+-4.4797222
-1
;
; TMA D2
;
55.7261111+-5
55.5505556+-4.4883333
55.6902778+-2.9194444
55.45+-3
55.1008333+-4.2386111
55.2038889+-5.0427778
55.2530556+-5
55.7261111+-5
-1
;
; TMA D3
;
56.2333333+-4.1572222
56.2333333+-3.5497222
56.1166667+-3.4938889
56.1166667+-2.9355556
56.0022222+-2.8136111
55.6902778+-2.9194444
55.6902778+-4.1713889
55.6166667+-4.4797222
55.7411111+-4.8430556
55.7266667+-5
55.8333333+-5
56+-4.7333333
56.2333333+-4.1572222
-1
;
; TMA D4
;
56.0022222+-2.8136111
55.5166667+-2.8655556
55.45+-3
56.0022222+-2.8136111
-1
;
; TMA D5
;
55.7411111+-4.8430556
55.6166667+-4.4797222
55.5505556+-4.4883333
55.7261111+-5
55.7411111+-4.8430556
-1