;
; © John Woodside
;
{TMA_A_Manchester}
$TYPE=9
;
; TMA 1
;
53.8527778+-2.0633333
53.7905556+-1.9869444
53.6202778+-1.8083333
53.6138889+-1.8711111
53.4552778+-1.7713889
53.4488889+-1.8333333
53.1255556+-2.0155556
53.1005556+-2.3794444
53.1072222+-2.7302778
53.2408333+-3.0277778
53.3858333+-3.2013889
53.4594444+-3.0527778
53.5369444+-3.235
53.5397222+-2.9852778
53.8527778+-2.0633333
-1
;
; TMA 2
;
53.655+-2.65
53.6083333+-3.0266667
53.5394444+-3.0163889
53.5397222+-2.9852778
53.655+-2.65
-1