;
; © John Woodside
;
{TMA_E_Belfast}
$TYPE=9
;
; TMA 1
;
54.8861111+-5.7836111
54.7755556+-5.5066667
54.4061111+-5.9502778
54.3583333+-6.0852778
54.4427778+-6.1716667
; arc
54.44083+-6.21583
54.44412+-6.28087
54.45390+-6.34394
54.46986+-6.40311
54.49152+-6.45659
54.51823+-6.50276
54.54917+-6.54021
54.58340+-6.56780
54.61988+-6.58470
54.65750+-6.59039
54.69512+-6.58470
54.73160+-6.56780
54.76583+-6.54021
54.79677+-6.50276
54.82348+-6.45659
;
54.8416667+-6.4116667
54.8861111+-5.7836111
-1
;
; TMA 2
;
54.8861111+-5.7836111
54.905+-5.5
54.9541667+-5.2583333
54.1833333+-5.9077778
54.3583333+-6.0852778
54.4061111+-5.9502778
54.7755556+-5.5066667
54.8861111+-5.7836111
-1