{Hold-EMW}
$TYPE=14
52.8286+-1.4542
52.8267+-1.4428
52.8267+-1.4428
52.8222+-1.4333
52.8222+-1.4333
52.815+-1.4294
52.815+-1.4294
52.8086+-1.4319
52.8086+-1.4319
52.8036+-1.4403
52.8036+-1.4403
52.8014+-1.4519
52.8014+-1.4519
52.8+-1.5228
52.8+-1.5228
52.8014+-1.5336
52.8014+-1.5336
52.8056+-1.5428
52.8056+-1.5428
52.8131+-1.5464
52.8131+-1.5464
52.8192+-1.5444
52.8192+-1.5444
52.8247+-1.5358
52.8247+-1.5358
52.8272+-1.5253
52.8272+-1.5253
52.8286+-1.4542
-1
52.8006+-1.495
52.81+-1.4797
52.8006+-1.495
52.7903+-1.4775
-1