{Hold-EME}
$TYPE=14
52.8325+-1.1944
52.8333+-1.1228
52.8333+-1.1228
52.8317+-1.1122
52.8317+-1.1122
52.8267+-1.1022
52.8267+-1.1022
52.8194+-1.0989
52.8194+-1.0989
52.8131+-1.1008
52.8131+-1.1008
52.8078+-1.1097
52.8078+-1.1097
52.8058+-1.1228
52.8058+-1.1228
52.805+-1.1933
52.805+-1.1933
52.8061+-1.2044
52.8061+-1.2044
52.8117+-1.2142
52.8117+-1.2142
52.8183+-1.2172
52.8183+-1.2172
52.8247+-1.2153
52.8247+-1.2153
52.8306+-1.2061
52.8306+-1.2061
52.8325+-1.1944
-1
52.8056+-1.1528
52.8161+-1.1675
52.8056+-1.1528
52.7958+-1.1661
-1