{HOLD-EDNGT4000FT}
$TYPE=14
55.9783+-3.2853
56.0017+-3.2206
56.0017+-3.2206
56.0033+-3.2089
56.0033+-3.2089
56.0022+-3.1956
56.0022+-3.1956
55.9975+-3.1858
55.9975+-3.1858
55.9911+-3.1822
55.9911+-3.1822
55.9839+-3.185
55.9839+-3.185
55.9789+-3.1942
55.9789+-3.1942
55.9558+-3.26
55.9558+-3.26
55.9542+-3.2714
55.9542+-3.2714
55.9556+-3.2844
55.9556+-3.2844
55.9603+-3.2942
55.9603+-3.2942
55.9667+-3.2978
55.9667+-3.2978
55.9733+-3.295
55.9733+-3.295
55.9783+-3.2853
-1
55.9725+-3.2117
55.9758+-3.2403
55.9725+-3.2117
55.9581+-3.22
-1