{HOLD-EDNLT4000FT}
$TYPE=14
55.9783+-3.2853
55.9647+-3.2125
55.9647+-3.2125
55.9608+-3.2022
55.9608+-3.2022
55.9547+-3.1961
55.9547+-3.1961
55.9469+-3.1967
55.9469+-3.1967
55.9417+-3.2025
55.9417+-3.2025
55.9383+-3.2144
55.9383+-3.2144
55.9392+-3.2275
55.9392+-3.2275
55.9536+-3.3022
55.9536+-3.3022
55.9575+-3.3122
55.9575+-3.3122
55.9642+-3.3181
55.9642+-3.3181
55.9706+-3.3172
55.9706+-3.3172
55.9758+-3.3108
55.9758+-3.3108
55.9789+-3.2994
55.9789+-3.2994
55.9783+-3.2853
-1
55.9464+-3.2639
55.9503+-3.2392
55.9464+-3.2639
55.9333+-3.2511
-1