{HOLD-UW}
$TYPE=14
55.905+-3.5025
55.8828+-3.5669
55.8828+-3.5669
55.8772+-3.5769
55.8772+-3.5769
55.8689+-3.5803
55.8689+-3.5803
55.8622+-3.5756
55.8622+-3.5756
55.8569+-3.5656
55.8569+-3.5656
55.8558+-3.5517
55.8558+-3.5517
55.8583+-3.5386
55.8583+-3.5386
55.8806+-3.4756
55.8806+-3.4756
55.8858+-3.4644
55.8858+-3.4644
55.8939+-3.4617
55.8939+-3.4617
55.9+-3.465
55.9+-3.465
55.9056+-3.4764
55.9056+-3.4764
55.9072+-3.4903
55.9072+-3.4903
55.905+-3.5025
-1
55.8653+-3.5186
55.8831+-3.5158
55.8653+-3.5186
55.8606+-3.4881
-1