{HoldGST}
$TYPE=14
51.8919+-2.1678
51.8936+-2.1558
51.8936+-2.1558
51.8994+-2.1478
51.8994+-2.1478
51.9064+-2.1458
51.9064+-2.1458
51.9125+-2.1489
51.9125+-2.1489
51.9169+-2.1558
51.9169+-2.1558
51.9194+-2.1681
51.9194+-2.1681
51.9194+-2.2311
51.9194+-2.2311
51.9175+-2.2419
51.9175+-2.2419
51.9128+-2.2494
51.9128+-2.2494
51.9058+-2.2525
51.9058+-2.2525
51.8983+-2.2492
51.8983+-2.2492
51.8936+-2.2417
51.8936+-2.2417
51.8917+-2.2317
51.8917+-2.2317
51.8919+-2.1678
-1
51.9194+-2.2106
51.9278+-2.1928
51.9194+-2.2106
51.9108+-2.1944
-1