{HOLD-VANIN}
$TYPE=14
53.9853+-4.0392
53.9889+-4.0506
53.9889+-4.0506
53.9953+-4.055
53.9953+-4.055
54.0017+-4.0542
54.0017+-4.0542
54.0078+-4.0478
54.0078+-4.0478
54.0108+-4.0367
54.0108+-4.0367
54.0106+-4.0256
54.0106+-4.0256
53.9983+-3.9556
53.9983+-3.9556
53.9944+-3.9447
53.9944+-3.9447
53.9881+-3.9389
53.9881+-3.9389
53.9819+-3.94
53.9819+-3.94
53.9756+-3.9467
53.9756+-3.9467
53.9731+-3.9569
53.9731+-3.9569
53.9731+-3.9683
53.9731+-3.9683
53.9853+-4.0392
-1
54.0044+-3.9897
54.0131+-3.9964
54.0044+-3.9897
53.9994+-4.0039
-1