{HOLD-WCOLTFL15}
$TYPE=14
51.8531+-0.9625
51.8467+-0.9658
51.8467+-0.9658
51.8425+-0.9747
51.8425+-0.9747
51.8417+-0.9861
51.8417+-0.9861
51.8433+-0.9961
51.8433+-0.9961
51.8486+-1.0033
51.8486+-1.0033
51.8556+-1.0053
51.8556+-1.0053
51.8989+-0.9972
51.8989+-0.9972
51.9053+-0.9936
51.9053+-0.9936
51.9092+-0.9847
51.9092+-0.9847
51.9106+-0.9733
51.9106+-0.9733
51.9081+-0.9636
51.9081+-0.9636
51.9028+-0.9556
51.9028+-0.9556
51.8956+-0.9539
51.8956+-0.9539
51.8531+-0.9625
-1
51.8831+-1.0003
51.8731+-0.9875
51.8831+-1.0003
51.875+-1.0153
-1