{HOLD-GOW}
$TYPE=14
55.8706+-4.4456
55.9+-4.3894
55.9+-4.3894
55.9056+-4.3839
55.9056+-4.3839
55.9125+-4.3831
55.9125+-4.3831
55.9192+-4.3892
55.9192+-4.3892
55.9228+-4.3983
55.9228+-4.3983
55.9233+-4.4114
55.9233+-4.4114
55.9197+-4.4225
55.9197+-4.4225
55.8906+-4.4772
55.8906+-4.4772
55.885+-4.4844
55.885+-4.4844
55.8781+-4.485
55.8781+-4.485
55.8708+-4.4792
55.8708+-4.4792
55.8672+-4.47
55.8672+-4.47
55.8667+-4.4564
55.8667+-4.4564
55.8706+-4.4456
-1
55.9069+-4.4469
55.9083+-4.4728
55.9069+-4.4469
55.8925+-4.4461
-1