{HOLD-DTY}
$TYPE=14
52.18+-1.1136
52.2175+-1.1489
52.2175+-1.1489
52.2244+-1.1525
52.2244+-1.1525
52.2311+-1.1481
52.2311+-1.1481
52.2353+-1.1406
52.2353+-1.1406
52.2367+-1.1297
52.2367+-1.1297
52.235+-1.1181
52.235+-1.1181
52.2303+-1.1108
52.2303+-1.1108
52.1919+-1.0753
52.1919+-1.0753
52.1856+-1.0731
52.1856+-1.0731
52.1792+-1.0767
52.1792+-1.0767
52.175+-1.0842
52.175+-1.0842
52.1733+-1.0961
52.1733+-1.0961
52.1753+-1.1069
52.1753+-1.1069
52.18+-1.1136
-1
52.2167+-1.0986
52.2114+-1.0742
52.2167+-1.0986
52.2022+-1.1028
-1