{HOLD-BRI}
$TYPE=14
51.3806+-2.7161
51.3814+-2.71
51.3814+-2.71
51.3842+-2.7058
51.3842+-2.7058
51.3875+-2.7053
51.3875+-2.7053
51.3906+-2.7069
51.3906+-2.7069
51.3928+-2.7106
51.3928+-2.7106
51.3939+-2.7172
51.3939+-2.7172
51.3919+-2.7644
51.3919+-2.7644
51.3908+-2.7708
51.3908+-2.7708
51.3881+-2.7742
51.3881+-2.7742
51.3847+-2.7753
51.3847+-2.7753
51.3819+-2.7736
51.3819+-2.7736
51.3794+-2.77
51.3794+-2.77
51.3786+-2.7636
51.3786+-2.7636
51.3806+-2.7161
-1
51.3925+-2.7472
51.3978+-2.7397
51.3925+-2.7472
51.3883+-2.7381
-1