{HOLD-TWEED}
$TYPE=14
55.6769+-3.2772
55.7189+-3.2589
55.7189+-3.2589
55.7242+-3.2542
55.7242+-3.2542
55.7281+-3.2431
55.7281+-3.2431
55.7281+-3.2311
55.7281+-3.2311
55.7256+-3.2206
55.7256+-3.2206
55.7197+-3.2133
55.7197+-3.2133
55.7117+-3.2131
55.7117+-3.2131
55.6711+-3.2306
55.6711+-3.2306
55.6653+-3.2353
55.6653+-3.2353
55.6617+-3.2464
55.6617+-3.2464
55.6614+-3.2594
55.6614+-3.2594
55.6642+-3.2689
55.6642+-3.2689
55.67+-3.2756
55.67+-3.2756
55.6769+-3.2772
-1
55.6956+-3.2689
55.7042+-3.2414
55.6956+-3.2689
55.7117+-3.285
-1