{Hold-CEDAR}
$TYPE=14
52.5186+-1.82
52.5603+-1.8675
52.5603+-1.8675
52.5681+-1.8839
52.5681+-1.8839
52.5708+-1.9047
52.5708+-1.9047
52.5658+-1.9264
52.5658+-1.9264
52.5569+-1.9425
52.5569+-1.9425
52.5411+-1.9472
52.5411+-1.9472
52.5289+-1.9403
52.5289+-1.9403
52.4889+-1.8967
52.4889+-1.8967
52.4789+-1.8772
52.4789+-1.8772
52.4764+-1.8544
52.4764+-1.8544
52.4803+-1.8347
52.4803+-1.8347
52.4914+-1.8186
52.4914+-1.8186
52.5044+-1.8139
52.5044+-1.8139
52.5186+-1.82
-1
52.5092+-1.9189
52.505+-1.8925
52.5092+-1.9189
52.4936+-1.9244
-1