{Hold-CL}
$TYPE=14
54.9403+-2.8053
54.9461+-2.7942
54.9461+-2.7942
54.9531+-2.7919
54.9531+-2.7919
54.9594+-2.7961
54.9594+-2.7961
54.9644+-2.8058
54.9644+-2.8058
54.9656+-2.8169
54.9656+-2.8169
54.9633+-2.8289
54.9633+-2.8289
54.9417+-2.89
54.9417+-2.89
54.9367+-2.8967
54.9367+-2.8967
54.9308+-2.8983
54.9308+-2.8983
54.9244+-2.8958
54.9244+-2.8958
54.9192+-2.8864
54.9192+-2.8864
54.9175+-2.8753
54.9175+-2.8753
54.9189+-2.8642
54.9189+-2.8642
54.9403+-2.8053
-1
54.9506+-2.865
54.9658+-2.8608
54.9506+-2.865
54.9475+-2.8425
-1