{HOLD-GLG}
$TYPE=14
55.9242+-4.3358
55.9531+-4.2808
55.9531+-4.2808
55.9578+-4.2753
55.9578+-4.2753
55.9653+-4.2736
55.9653+-4.2736
55.9719+-4.2806
55.9719+-4.2806
55.9758+-4.2894
55.9758+-4.2894
55.9761+-4.3025
55.9761+-4.3025
55.9725+-4.315
55.9725+-4.315
55.9442+-4.3683
55.9442+-4.3683
55.9389+-4.3744
55.9389+-4.3744
55.9308+-4.3744
55.9308+-4.3744
55.9244+-4.3686
55.9244+-4.3686
55.9206+-4.3606
55.9206+-4.3606
55.92+-4.3469
55.92+-4.3469
55.9242+-4.3358
-1
55.9619+-4.3336
55.9481+-4.3336
55.9619+-4.3336
55.9642+-4.3622
-1