{HOLD-CAR}
$TYPE=14
54.1411+-4.4917
54.145+-4.5022
54.145+-4.5022
54.1522+-4.5061
54.1522+-4.5061
54.1586+-4.5044
54.1586+-4.5044
54.1644+-4.4964
54.1644+-4.4964
54.1667+-4.4844
54.1667+-4.4844
54.1656+-4.4728
54.1656+-4.4728
54.1489+-4.4053
54.1656+-4.4728
54.1442+-4.395
54.1442+-4.395
54.1372+-4.3906
54.1372+-4.3906
54.1308+-4.3925
54.1308+-4.3925
54.1253+-4.4003
54.1253+-4.4003
54.1233+-4.4114
54.1233+-4.4114
54.1244+-4.4231
54.1244+-4.4231
54.1411+-4.4917
-1
54.1575+-4.4406
54.1681+-4.4456
54.1575+-4.4406
54.1533+-4.4564
-1