{HOLD-CDF}
$TYPE=14
51.3931+-3.3381
51.3939+-3.3433
51.3939+-3.3433
51.3928+-3.3486
51.3928+-3.3486
51.3903+-3.3522
51.3903+-3.3522
51.3867+-3.3531
51.3867+-3.3531
51.3831+-3.3514
51.3831+-3.3514
51.3808+-3.3469
51.3808+-3.3469
51.3719+-3.3194
51.3719+-3.3194
51.3714+-3.3133
51.3714+-3.3133
51.3728+-3.3081
51.3728+-3.3081
51.3747+-3.3053
51.3747+-3.3053
51.3783+-3.3042
51.3783+-3.3042
51.3817+-3.3056
51.3817+-3.3056
51.3842+-3.31
51.3842+-3.31
51.3931+-3.3381
-1
51.3758+-3.3319
51.3828+-3.3347
51.3758+-3.3319
51.3742+-3.3425
-1