{HOLDCARDS}
$TYPE=14
52.2953+0.9131
52.2881+0.9314
52.2881+0.9314
52.2769+0.9397
52.2769+0.9397
52.2661+0.9389
52.2661+0.9389
52.2575+0.9317
52.2575+0.9317
52.2508+0.9158
52.2508+0.9158
52.2497+0.8939
52.2497+0.8939
52.2756+0.7547
52.2756+0.7547
52.2833+0.7392
52.2833+0.7392
52.2928+0.7333
52.2928+0.7333
52.3031+0.7339
52.3031+0.7339
52.3128+0.7428
52.3128+0.7428
52.3189+0.76
52.3189+0.76
52.3189+0.7819
52.3189+0.7819
52.2953+0.9131
-1
52.2567+0.8556
52.2864+0.8358
52.2567+0.8556
52.2442+0.8086
-1