{HOLD-WCOGTFL15}
$TYPE=14
51.8531+-0.9625
51.8947+-0.9953
51.8947+-0.9953
51.9003+-0.9975
51.9003+-0.9975
51.9069+-0.9936
51.9069+-0.9936
51.9117+-0.9847
51.9117+-0.9847
51.9128+-0.9742
51.9128+-0.9742
51.9106+-0.9625
51.9106+-0.9625
51.9053+-0.9558
51.9053+-0.9558
51.8631+-0.9228
51.8631+-0.9228
51.8567+-0.9206
51.8567+-0.9206
51.8508+-0.9244
51.8508+-0.9244
51.8464+-0.9331
51.8464+-0.9331
51.8453+-0.9431
51.8453+-0.9431
51.8472+-0.9544
51.8472+-0.9544
51.8531+-0.9625
-1
51.8864+-0.9408
51.8736+-0.9447
51.8864+-0.9408
51.8803+-0.92
-1