{Hold-ANTEE}
$TYPE=14
52.4014+0.1953
52.3972+0.2075
52.3972+0.2075
52.3906+0.2161
52.3906+0.2161
52.3806+0.2181
52.3806+0.2181
52.3719+0.2108
52.3719+0.2108
52.3664+0.1972
52.3664+0.1972
52.3664+0.1819
52.3664+0.1819
52.3808+0.0567
52.3808+0.0567
52.3847+0.0414
52.3847+0.0414
52.3928+0.0317
52.3928+0.0317
52.4025+0.0308
52.4025+0.0308
52.4117+0.0383
52.4117+0.0383
52.4164+0.0522
52.4164+0.0522
52.4167+0.0664
52.4167+0.0664
52.4014+0.1953
-1
52.3761+0.0989
52.3875+0.1386
52.3761+0.0989
52.3514+0.1217
-1