{HOLD-FYNER}
$TYPE=14
56.0489+-5.1153
56.0675+-5.1853
56.0675+-5.1853
56.0708+-5.1942
56.0708+-5.1942
56.0775+-5.1983
56.0775+-5.1983
56.0844+-5.1958
56.0844+-5.1958
56.0886+-5.1892
56.0886+-5.1892
56.0911+-5.1775
56.0911+-5.1775
56.09+-5.1656
56.09+-5.1656
56.0717+-5.0964
56.0717+-5.0964
56.0669+-5.0856
56.0669+-5.0856
56.0606+-5.0828
56.0606+-5.0828
56.0544+-5.085
56.0544+-5.085
56.0492+-5.0925
56.0492+-5.0925
56.0481+-5.1042
56.0481+-5.1042
56.0489+-5.1153
-1
56.0825+-5.1369
56.0864+-5.1139
56.0825+-5.1369
56.0703+-5.1281
-1