{Hold-CAM}
$TYPE=14
52.2108+0.1828
52.2106+0.1714
52.2106+0.1714
52.2139+0.1617
52.2139+0.1617
52.2194+0.1569
52.2194+0.1569
52.2264+0.1556
52.2264+0.1556
52.2325+0.1608
52.2325+0.1608
52.2361+0.17
52.2361+0.17
52.2497+0.2361
52.2497+0.2361
52.2497+0.2475
52.2497+0.2475
52.2467+0.2581
52.2467+0.2581
52.2411+0.2633
52.2411+0.2633
52.2342+0.2633
52.2342+0.2633
52.2281+0.2583
52.2281+0.2583
52.2244+0.2489
52.2244+0.2489
52.2108+0.1828
-1
52.2183+0.22
52.2267+0.2258
52.2183+0.22
52.2153+0.2331
-1