{Hold-BNN}
$TYPE=14
51.7258+-0.5494
51.7678+-0.6861
51.7678+-0.6861
51.7728+-0.7281
51.7728+-0.7281
51.7656+-0.7528
51.7656+-0.7528
51.7525+-0.7725
51.7525+-0.7725
51.7383+-0.7803
51.7383+-0.7803
51.7186+-0.7758
51.7186+-0.7758
51.7+-0.7436
51.7+-0.7436
51.6561+-0.6044
51.6561+-0.6044
51.6519+-0.5681
51.6519+-0.5681
51.6611+-0.5367
51.6611+-0.5367
51.675+-0.5219
51.675+-0.5219
51.6933+-0.5136
51.6933+-0.5136
51.7117+-0.5219
51.7117+-0.5219
51.7258+-0.5494
-1
51.6828+-0.6883
51.6875+-0.6422
51.6828+-0.6883
51.6553+-0.6747
-1