{Hold-CHASE}
$TYPE=14
52.6133+-1.9172
52.6639+-1.9658
52.6639+-1.9658
52.6781+-1.9892
52.6781+-1.9892
52.6825+-2.02
52.6825+-2.02
52.6786+-2.0497
52.6786+-2.0497
52.67+-2.0669
52.67+-2.0669
52.6536+-2.0789
52.6536+-2.0789
52.6294+-2.0728
52.6294+-2.0728
52.5792+-2.0244
52.5792+-2.0244
52.5658+-2.0011
52.5658+-2.0011
52.5614+-1.9725
52.5614+-1.9725
52.5661+-1.9425
52.5661+-1.9425
52.5808+-1.9192
52.5808+-1.9192
52.5989+-1.9108
52.5989+-1.9108
52.6133+-1.9172
-1
52.6106+-2.0547
52.6036+-2.0267
52.6106+-2.0547
52.5931+-2.0603
-1