{Hold-WZ}
$TYPE=14
55.0067+-1.8069
55.0111+-1.7975
55.0111+-1.7975
55.0169+-1.7942
55.0169+-1.7942
55.0231+-1.7967
55.0231+-1.7967
55.0286+-1.8047
55.0286+-1.8047
55.0308+-1.8144
55.0308+-1.8144
55.0294+-1.8269
55.0294+-1.8269
55.0111+-1.8956
55.0111+-1.8956
55.0069+-1.9036
55.0069+-1.9036
55.0008+-1.9075
55.0008+-1.9075
54.9944+-1.9053
54.9944+-1.9053
54.9892+-1.8975
54.9892+-1.8975
54.9869+-1.8886
54.9869+-1.8886
54.9883+-1.8756
54.9883+-1.8756
55.0067+-1.8069
-1
55.02+-1.8628
55.0275+-1.8558
55.02+-1.8628
55.0181+-1.8483
-1