{Hold-BRASOGTFL180}
$TYPE=14
51.6853+0.6833
51.6775+0.7536
51.6775+0.7536
51.6744+0.7633
51.6744+0.7633
51.6689+0.7708
51.6689+0.7708
51.6608+0.7725
51.6608+0.7725
51.6547+0.7667
51.6547+0.7667
51.6508+0.7578
51.6508+0.7578
51.6511+0.7456
51.6511+0.7456
51.6592+0.6764
51.6592+0.6764
51.6622+0.6664
51.6622+0.6664
51.6683+0.66
51.6683+0.66
51.6747+0.6597
51.6747+0.6597
51.6814+0.665
51.6814+0.665
51.685+0.6761
51.685+0.6761
51.6853+0.6833
-1
51.6544+0.7169
51.6639+0.7072
51.6544+0.7169
51.6492+0.7031
-1