{HOLD-FOYLE}
$TYPE=14
56.1428+-4.3822
56.1856+-4.3719
56.1856+-4.3719
56.1919+-4.3675
56.1919+-4.3675
56.1958+-4.3578
56.1958+-4.3578
56.1964+-4.3475
56.1964+-4.3475
56.1942+-4.3361
56.1942+-4.3361
56.1886+-4.3289
56.1886+-4.3289
56.1822+-4.3267
56.1822+-4.3267
56.1394+-4.3369
56.1394+-4.3369
56.1328+-4.3406
56.1328+-4.3406
56.1281+-4.35
56.1281+-4.35
56.1278+-4.3608
56.1278+-4.3608
56.1306+-4.3728
56.1306+-4.3728
56.1364+-4.3806
56.1364+-4.3806
56.1428+-4.3822
-1
56.1683+-4.3303
56.1603+-4.3492
56.1683+-4.3303
56.1583+-4.3153
-1