{Hold-DALEY}
$TYPE=14
53.6697+-2.3494
53.6594+-2.3358
53.6594+-2.3358
53.6547+-2.3106
53.6547+-2.3106
53.6592+-2.2861
53.6592+-2.2861
53.6722+-2.2667
53.6722+-2.2667
53.6842+-2.2642
53.6842+-2.2642
53.6964+-2.2692
53.6964+-2.2692
53.7408+-2.3125
53.7408+-2.3125
53.7506+-2.3342
53.7506+-2.3342
53.7539+-2.3594
53.7539+-2.3594
53.7503+-2.3786
53.7503+-2.3786
53.7422+-2.3922
53.7422+-2.3922
53.7314+-2.4019
53.7314+-2.4019
53.7128+-2.3936
53.7128+-2.3936
53.6697+-2.3494
-1
53.7258+-2.2975
53.7114+-2.3064
53.7258+-2.2975
53.7233+-2.2689
-1