{Hold-ALKIN}
$TYPE=14
51.3906+0.1947
51.3889+0.1806
51.3889+0.1806
51.3914+0.1697
51.3914+0.1697
51.3967+0.1619
51.3967+0.1619
51.4039+0.1594
51.4039+0.1594
51.4111+0.1628
51.4111+0.1628
51.4158+0.1719
51.4158+0.1719
51.4286+0.2075
51.4286+0.2075
51.4308+0.2192
51.4308+0.2192
51.4286+0.2311
51.4286+0.2311
51.4236+0.2392
51.4236+0.2392
51.4167+0.2422
51.4167+0.2422
51.4083+0.2397
51.4083+0.2397
51.4033+0.2322
51.4033+0.2322
51.3906+0.1947
-1
51.3967+0.2122
51.405+0.2142
51.3967+0.2122
51.3942+0.2258
-1