{Hold-BEL(059deg)}
$TYPE=14
54.6611+-6.23
54.6375+-6.2925
54.6375+-6.2925
54.6353+-6.3025
54.6353+-6.3025
54.6361+-6.3136
54.6361+-6.3136
54.6408+-6.3219
54.6408+-6.3219
54.6467+-6.3256
54.6467+-6.3256
54.6536+-6.3231
54.6536+-6.3231
54.6586+-6.3139
54.6586+-6.3139
54.6817+-6.2542
54.6817+-6.2542
54.6836+-6.2442
54.6836+-6.2442
54.6828+-6.2328
54.6828+-6.2328
54.6781+-6.2233
54.6781+-6.2233
54.6719+-6.2203
54.6719+-6.2203
54.6653+-6.2217
54.6653+-6.2217
54.6611+-6.23
-1
54.6706+-6.2833
54.6722+-6.3017
54.6706+-6.2833
54.6592+-6.2892
-1