{HoldFNY}
$TYPE=14
53.4747+-1.0017
53.5103+-0.9828
53.5103+-0.9828
53.5178+-0.9744
53.5178+-0.9744
53.5203+-0.9642
53.5203+-0.9642
53.52+-0.9531
53.52+-0.9531
53.5169+-0.9444
53.5169+-0.9444
53.5117+-0.9386
53.5117+-0.9386
53.5033+-0.9381
53.5033+-0.9381
53.4664+-0.9578
53.4664+-0.9578
53.4608+-0.9642
53.4608+-0.9642
53.4575+-0.9747
53.4575+-0.9747
53.4581+-0.9875
53.4581+-0.9875
53.4619+-0.9967
53.4619+-0.9967
53.4678+-1.0011
53.4678+-1.0011
53.4747+-1.0017
-1
53.4881+-0.9461
53.4806+-0.9717
53.4881+-0.9461
53.4731+-0.9289
-1