{HoldBEN}
$TYPE=14
57.4781+-7.3653
57.475+-7.3772
57.475+-7.3772
57.4761+-7.3894
57.4761+-7.3894
57.4803+-7.3997
57.4803+-7.3997
57.4864+-7.4047
57.4864+-7.4047
57.4928+-7.4039
57.4928+-7.4039
57.4986+-7.3978
57.4986+-7.3978
57.5236+-7.3386
57.5236+-7.3386
57.5264+-7.3242
57.5264+-7.3242
57.5247+-7.3114
57.5247+-7.3114
57.5211+-7.3031
57.5211+-7.3031
57.515+-7.2981
57.515+-7.2981
57.5072+-7.2997
57.5072+-7.2997
57.5022+-7.3061
57.5022+-7.3061
57.4781+-7.3653
-1
57.5153+-7.3583
57.5189+-7.3925
57.5153+-7.3583
57.4992+-7.3611
-1