{Hold-BRASOLTFL180}
$TYPE=14
51.6853+0.6833
51.6908+0.7553
51.6908+0.7553
51.6897+0.7669
51.6897+0.7669
51.6864+0.7753
51.6864+0.7753
51.6794+0.7806
51.6794+0.7806
51.6725+0.7792
51.6725+0.7792
51.6675+0.7728
51.6675+0.7728
51.6644+0.7608
51.6644+0.7608
51.6583+0.6914
51.6583+0.6914
51.6594+0.6783
51.6594+0.6783
51.6633+0.67
51.6633+0.67
51.6692+0.6653
51.6692+0.6653
51.6778+0.6683
51.6778+0.6683
51.6828+0.6756
51.6828+0.6756
51.6853+0.6833
-1
51.6619+0.7317
51.6683+0.7156
51.6619+0.7317
51.6531+0.7186
-1