{Hold-CT}
$TYPE=14
52.4108+-1.4058
52.4358+-1.3619
52.4358+-1.3619
52.4392+-1.3519
52.4392+-1.3519
52.4392+-1.3403
52.4392+-1.3403
52.4364+-1.3314
52.4364+-1.3314
52.4303+-1.3244
52.4303+-1.3244
52.4225+-1.3239
52.4225+-1.3239
52.4164+-1.3292
52.4164+-1.3292
52.39+-1.3778
52.39+-1.3778
52.3872+-1.3864
52.3872+-1.3864
52.3881+-1.3989
52.3881+-1.3989
52.3911+-1.4072
52.3911+-1.4072
52.3969+-1.4131
52.3969+-1.4131
52.405+-1.4125
52.405+-1.4125
52.4108+-1.4058
-1
52.4039+-1.3531
52.4014+-1.38
52.4039+-1.3531
52.3867+-1.3528
-1