{Hold-BIG}
$TYPE=14
51.3308+0.0347
51.3531+0.0131
51.3531+0.0131
51.3728+0.0131
51.3728+0.0131
51.3839+0.0231
51.3839+0.0231
51.3944+0.0433
51.3944+0.0433
51.3989+0.0692
51.3989+0.0692
51.3911+0.1103
51.3911+0.1103
51.3358+0.23
51.3358+0.23
51.3208+0.2489
51.3208+0.2489
51.3039+0.2544
51.3039+0.2544
51.2822+0.2422
51.2822+0.2422
51.2717+0.2208
51.2717+0.2208
51.2692+0.1878
51.2692+0.1878
51.2764+0.1544
51.2764+0.1544
51.3308+0.0347
-1
51.3606+0.1764
51.3569+0.1344
51.3606+0.1764
51.3861+0.1742
-1