{Hold-ERMIN}
$TYPE=14
50.3486+-3.9242
50.3486+-3.9364
50.3486+-3.9364
50.3472+-3.9464
50.3472+-3.9464
50.3436+-3.9547
50.3436+-3.9547
50.3367+-3.9597
50.3367+-3.9597
50.3294+-3.9581
50.3294+-3.9581
50.3242+-3.9517
50.3242+-3.9517
50.3031+-3.8997
50.3031+-3.8997
50.3008+-3.8878
50.3008+-3.8878
50.3022+-3.8783
50.3022+-3.8783
50.3069+-3.8703
50.3069+-3.8703
50.3128+-3.8667
50.3128+-3.8667
50.3197+-3.8678
50.3197+-3.8678
50.3253+-3.8756
50.3253+-3.8756
50.3486+-3.9242
-1
50.3114+-3.9208
50.325+-3.9231
50.3114+-3.9208
50.3106+-3.9403
-1