{High Resolution Prestwick EGPK - Buildings V1.0 01.11.08}
{(c) Produced for Kinetic Avionic Products Limited by Paul Brown, jPb-imagery.com}
$TYPE=29
55.51330+-4.59330
55.51318+-4.59299
55.51308+-4.59309
55.51320+-4.59341
55.51329+-4.59331
-1
55.51309+-4.59293
55.51305+-4.59282
55.51297+-4.59290
55.51301+-4.59302
55.51309+-4.59293
-1
55.50854+-4.60841
55.50852+-4.60846
55.50853+-4.60851
55.50848+-4.60857
55.50866+-4.60907
55.50886+-4.60963
55.50894+-4.60985
55.50891+-4.61016
55.50880+-4.61034
-1
55.50925+-4.61167
55.50934+-4.61170
55.50950+-4.61149
55.50970+-4.61210
55.50969+-4.61213
-1
55.50727+-4.60080
55.50723+-4.60103
55.50683+-4.60083
55.50687+-4.60061
55.50727+-4.60080
-1
55.50685+-4.60011
55.50667+-4.59999
55.50662+-4.60020
55.50681+-4.60033
55.50685+-4.60012
-1
55.50598+-4.59988
55.50587+-4.59988
55.50586+-4.60014
55.50597+-4.60015
55.50598+-4.59989
-1
55.50587+-4.59973
55.50582+-4.59969
55.50577+-4.59988
55.50582+-4.59991
55.50587+-4.59974
-1
55.50584+-4.60007
55.50580+-4.60007
55.50579+-4.60041
-1
55.50584+-4.60008
55.50583+-4.60041
55.50580+-4.60041
-1
55.50529+-4.59987
55.50529+-4.59971
55.50527+-4.59971
55.50526+-4.59987
-1
55.50528+-4.59987
55.50526+-4.59987
-1
55.50447+-4.59757
55.50441+-4.59742
55.50435+-4.59749
55.50442+-4.59765
55.50447+-4.59758
-1
55.50456+-4.58759
55.50454+-4.58758
55.50452+-4.58766
55.50453+-4.58767
55.50455+-4.58760
-1
55.50623+-4.57815
55.50618+-4.57797
55.50615+-4.57799
55.50621+-4.57817
55.50623+-4.57816
-1
55.51433+-4.58358
55.51423+-4.58368
55.51446+-4.58434
55.51456+-4.58424
55.51433+-4.58359
-1
55.51487+-4.58472
55.51482+-4.58459
55.51474+-4.58469
55.51479+-4.58482
55.51487+-4.58473
-1
55.51531+-4.58465
55.51528+-4.58464
55.51529+-4.58440
55.51532+-4.58442
55.51531+-4.58464
-1
55.51544+-4.58506
55.51543+-4.58499
55.51537+-4.58500
55.51537+-4.58507
55.51544+-4.58506
-1
55.51522+-4.58224
55.51521+-4.58219
55.51518+-4.58223
55.51520+-4.58228
55.51522+-4.58225
-1
55.50890+-4.60838
55.50881+-4.60811
55.50856+-4.60838
55.50866+-4.60865
55.50890+-4.60838
-1
55.50948+-4.60750
55.50923+-4.60678
55.51008+-4.60588
55.51033+-4.60658
55.50949+-4.60750
-1
55.50984+-4.60462
55.50976+-4.60437
55.51003+-4.60409
55.51058+-4.60569
55.51023+-4.60607
55.50976+-4.60471
55.50984+-4.60463
-1
55.50222+-4.58285
55.50218+-4.58306
55.50216+-4.58304
55.50210+-4.58335
55.50200+-4.58328
55.50194+-4.58354
55.50182+-4.58346
55.50184+-4.58337
55.50174+-4.58331
55.50179+-4.58303
55.50191+-4.58310
55.50195+-4.58288
55.50195+-4.58288
55.50194+-4.58284
55.50195+-4.58277
55.50197+-4.58275
55.50197+-4.58273
55.50198+-4.58273
55.50199+-4.58271
55.50222+-4.58285
-1
55.50243+-4.58390
55.50243+-4.58381
55.50235+-4.58381
55.50235+-4.58390
55.50242+-4.58390
-1
55.50257+-4.58423
55.50257+-4.58418
55.50249+-4.58418
55.50249+-4.58423
55.50257+-4.58423
-1
55.50176+-4.58388
55.50177+-4.58379
55.50172+-4.58376
55.50171+-4.58386
55.50175+-4.58388
-1
55.50135+-4.58309
55.50124+-4.58291
55.50103+-4.58327
55.50114+-4.58346
55.50134+-4.58309
-1
55.50068+-4.57498
55.50072+-4.57468
55.50070+-4.57468
55.50069+-4.57471
55.50068+-4.57470
55.50066+-4.57479
55.50064+-4.57478
55.50066+-4.57468
55.50061+-4.57465
55.50057+-4.57493
55.50067+-4.57497
-1
55.50509+-4.57808
55.50507+-4.57802
55.50505+-4.57804
55.50507+-4.57810
55.50509+-4.57808
-1
55.50610+-4.57809
55.50608+-4.57801
55.50601+-4.57809
55.50596+-4.57794
55.50597+-4.57793
55.50592+-4.57776
55.50589+-4.57778
55.50586+-4.57768
55.50605+-4.57751
55.50606+-4.57755
55.50614+-4.57747
55.50612+-4.57742
55.50609+-4.57745
55.50604+-4.57727
55.50602+-4.57729
55.50603+-4.57734
55.50593+-4.57744
55.50591+-4.57737
55.50582+-4.57746
55.50584+-4.57753
55.50572+-4.57764
55.50574+-4.57770
55.50572+-4.57772
55.50575+-4.57783
55.50577+-4.57781
55.50591+-4.57825
55.50600+-4.57817
55.50601+-4.57819
55.50610+-4.57809
-1
55.50750+-4.58267
55.50744+-4.58265
55.50745+-4.58259
55.50742+-4.58258
55.50742+-4.58265
55.50730+-4.58262
55.50731+-4.58249
55.50737+-4.58251
55.50737+-4.58237
55.50752+-4.58241
55.50750+-4.58267
-1
55.51542+-4.58328
55.51530+-4.58290
55.51535+-4.58284
55.51519+-4.58237
55.51513+-4.58243
55.51508+-4.58228
55.51501+-4.58236
55.51499+-4.58231
55.51491+-4.58239
55.51493+-4.58245
55.51480+-4.58260
55.51477+-4.58263
55.51475+-4.58258
55.51468+-4.58265
55.51470+-4.58272
55.51442+-4.58303
55.51456+-4.58343
55.51452+-4.58347
55.51458+-4.58366
55.51463+-4.58362
55.51476+-4.58403
55.51541+-4.58328
-1
55.51299+-4.59046
55.51349+-4.59184
55.51411+-4.59115
55.51412+-4.59119
55.51430+-4.59099
55.51398+-4.59010
55.51407+-4.59001
55.51402+-4.58980
55.51432+-4.58945
55.51437+-4.58961
55.51449+-4.58948
55.51442+-4.58928
55.51433+-4.58935
55.51427+-4.58920
55.51409+-4.58940
55.51402+-4.58926
55.51375+-4.58955
55.51376+-4.58958
55.51299+-4.59045
-1
55.51357+-4.59269
55.51391+-4.59362
55.51517+-4.59218
55.51483+-4.59126
55.51357+-4.59268
-1
55.51349+-4.59430
55.51303+-4.59304
55.51266+-4.59344
55.51295+-4.59424
55.51267+-4.59456
55.51277+-4.59485
55.51305+-4.59454
55.51313+-4.59472
55.51349+-4.59431
-1
55.51288+-4.59413
55.51271+-4.59366
55.51177+-4.59472
55.51177+-4.59471
55.51176+-4.59470
55.51175+-4.59470
55.51174+-4.59472
55.51173+-4.59473
55.51173+-4.59477
55.51194+-4.59535
55.51196+-4.59533
55.51198+-4.59541
55.51184+-4.59556
55.51189+-4.59569
55.51187+-4.59571
55.51187+-4.59572
55.51187+-4.59575
55.51191+-4.59584
55.51191+-4.59584
55.51192+-4.59583
55.51194+-4.59582
55.51198+-4.59594
55.51257+-4.59527
55.51252+-4.59514
55.51255+-4.59512
55.51250+-4.59498
55.51247+-4.59500
55.51241+-4.59482
55.51237+-4.59487
55.51234+-4.59476
55.51239+-4.59469
55.51242+-4.59478
55.51264+-4.59454
55.51261+-4.59445
55.51288+-4.59413
-1
55.51110+-4.60872
55.51105+-4.60857
55.51099+-4.60863
55.51099+-4.60867
55.51061+-4.60908
55.51056+-4.60894
55.51051+-4.60898
55.51051+-4.60903
55.51063+-4.60937
55.51065+-4.60938
55.51069+-4.60932
55.51064+-4.60918
55.51103+-4.60876
55.51104+-4.60879
55.51110+-4.60873
-1
55.51055+-4.60929
55.51050+-4.60915
55.51044+-4.60920
55.51045+-4.60924
55.51044+-4.60926
55.51041+-4.60918
55.51035+-4.60924
55.51037+-4.60930
55.51036+-4.60930
55.51000+-4.60972
55.50994+-4.60952
55.50989+-4.60956
55.50989+-4.60960
55.51005+-4.61007
55.51007+-4.61009
55.51011+-4.61003
55.51004+-4.60982
55.51040+-4.60944
55.51041+-4.60946
55.51042+-4.60945
55.51044+-4.60951
55.51050+-4.60946
55.51045+-4.60930
55.51046+-4.60928
55.51049+-4.60935
55.51055+-4.60930
-1
55.50869+-4.61069
55.50837+-4.61100
55.50885+-4.61260
55.50914+-4.61235
55.50893+-4.61150
55.50896+-4.61146
55.50929+-4.61237
55.50942+-4.61222
55.50909+-4.61130
55.50992+-4.61026
55.50983+-4.61000
55.50985+-4.60999
55.50998+-4.61035
55.51000+-4.61033
55.50974+-4.60956
55.50972+-4.60957
55.50984+-4.60994
55.50982+-4.60996
55.50973+-4.60972
55.50946+-4.60997
55.50943+-4.60989
55.50899+-4.61030
55.50902+-4.61038
55.50884+-4.61056
55.50859+-4.60983
55.50845+-4.60997
55.50869+-4.61069
-1
55.51202+-4.61169
55.51168+-4.61207
55.51175+-4.61230
55.51210+-4.61192
55.51203+-4.61170
-1
55.51254+-4.61114
55.51246+-4.61122
55.51247+-4.61125
55.51227+-4.61147
55.51241+-4.61187
55.51259+-4.61168
55.51264+-4.61182
55.51275+-4.61169
55.51260+-4.61126
55.51259+-4.61128
55.51255+-4.61114
-1
55.51168+-4.61237
55.51161+-4.61213
55.51057+-4.61324
55.51002+-4.61305
55.50991+-4.61275
55.50979+-4.61288
55.50993+-4.61327
55.51010+-4.61332
55.51009+-4.61347
55.51025+-4.61353
55.51026+-4.61346
55.51043+-4.61352
55.51043+-4.61345
55.51059+-4.61350
55.51060+-4.61358
55.51071+-4.61347
55.51069+-4.61341
55.51168+-4.61237
-1
55.50989+-4.61274
55.50969+-4.61213
55.50966+-4.61215
55.50968+-4.61220
55.50956+-4.61233
55.50973+-4.61281
55.50983+-4.61271
55.50985+-4.61279
55.50989+-4.61275
-1
55.51686+-4.61759
55.51684+-4.61753
55.51682+-4.61755
55.51684+-4.61762
55.51686+-4.61760
-1
55.51448+-4.60588
55.51447+-4.60585
55.51443+-4.60589
55.51444+-4.60592
55.51447+-4.60589
-1
55.51225+-4.59325
55.51216+-4.59299
55.51219+-4.59295
55.51216+-4.59289
55.51213+-4.59293
55.51215+-4.59299
55.51210+-4.59305
55.51206+-4.59293
55.51215+-4.59284
55.51202+-4.59249
55.51182+-4.59272
55.51195+-4.59307
55.51200+-4.59301
55.51205+-4.59312
55.51200+-4.59318
55.51210+-4.59343
55.51225+-4.59325
-1