{High Resolution Prestwick EGPK - Buildings V1.0 01.11.08}
{(c) Produced for Kinetic Avionic Products Limited by Paul Brown, jPb-imagery.com}
$TYPE=30
55.50212+-4.57831
55.50211+-4.57829
55.50193+-4.57848
55.50194+-4.57850
55.50211+-4.57831
-1
55.50240+-4.57948
55.50241+-4.57953
55.50241+-4.57957
55.50242+-4.57962
55.50242+-4.57967
55.50242+-4.57974
55.50241+-4.57981
55.50240+-4.57986
55.50238+-4.57991
55.50237+-4.57996
55.50235+-4.58000
55.50233+-4.58003
55.50231+-4.58005
55.50229+-4.58008
-1
55.50269+-4.57977
55.50268+-4.57977
55.50266+-4.57978
55.50264+-4.57978
55.50262+-4.57977
55.50260+-4.57977
55.50258+-4.57976
55.50256+-4.57975
55.50255+-4.57974
55.50252+-4.57971
55.50250+-4.57969
55.50248+-4.57966
55.50246+-4.57963
55.50245+-4.57961
55.50243+-4.57958
-1
55.50264+-4.58023
55.50262+-4.58018
55.50261+-4.58015
55.50259+-4.58013
55.50257+-4.58010
55.50254+-4.58007
55.50252+-4.58005
55.50249+-4.58003
55.50247+-4.58002
55.50244+-4.58002
55.50242+-4.58002
55.50239+-4.58002
55.50238+-4.58002
55.50236+-4.58002
-1
55.50295+-4.57958
55.50292+-4.57961
55.50290+-4.57964
55.50288+-4.57968
55.50283+-4.57976
55.50280+-4.57982
55.50277+-4.57989
55.50274+-4.57996
55.50272+-4.58002
55.50270+-4.58006
55.50270+-4.58010
55.50269+-4.58016
55.50269+-4.58021
55.50270+-4.58026
55.50270+-4.58031
55.50271+-4.58037
55.50272+-4.58042
55.50273+-4.58046
55.50274+-4.58049
55.50275+-4.58054
-1
55.50553+-4.58907
55.50552+-4.58901
55.50553+-4.58897
55.50553+-4.58891
55.50554+-4.58885
55.50555+-4.58880
55.50558+-4.58873
55.50562+-4.58861
55.50567+-4.58849
55.50573+-4.58835
55.50578+-4.58824
55.50585+-4.58806
-1
55.50588+-4.58809
55.50589+-4.58807
55.50583+-4.58800
55.50582+-4.58801
55.50588+-4.58809
-1
55.50586+-4.58804
55.50618+-4.58729
55.50634+-4.58694
55.50643+-4.58676
55.50645+-4.58674
55.50649+-4.58672
55.50653+-4.58671
55.50657+-4.58672
55.50661+-4.58674
55.50664+-4.58676
55.50667+-4.58679
55.50668+-4.58682
55.50670+-4.58685
55.50671+-4.58687
55.50677+-4.58704
-1
55.50644+-4.58610
55.50651+-4.58629
55.50652+-4.58632
55.50652+-4.58636
55.50652+-4.58641
55.50652+-4.58646
55.50652+-4.58650
55.50651+-4.58654
55.50650+-4.58658
55.50649+-4.58661
55.50642+-4.58679
-1
55.50694+-4.59275
55.50692+-4.59278
55.50691+-4.59280
55.50689+-4.59282
55.50687+-4.59283
55.50685+-4.59283
55.50683+-4.59283
55.50681+-4.59282
55.50679+-4.59280
55.50677+-4.59279
55.50675+-4.59277
-1
55.50756+-4.58931
55.50766+-4.58958
55.50767+-4.58962
55.50767+-4.58966
55.50767+-4.58972
55.50768+-4.58980
55.50768+-4.58988
55.50768+-4.58994
55.50767+-4.59002
55.50766+-4.59010
55.50764+-4.59017
55.50763+-4.59023
55.50760+-4.59034
55.50763+-4.59029
55.50764+-4.59026
55.50767+-4.59023
55.50771+-4.59021
55.50775+-4.59020
55.50779+-4.59020
55.50783+-4.59022
55.50786+-4.59025
55.50788+-4.59027
55.50790+-4.59030
55.50792+-4.59034
55.50802+-4.59064
-1
55.50794+-4.59034
55.50786+-4.59011
55.50785+-4.59006
55.50784+-4.59001
55.50783+-4.58997
55.50783+-4.58991
55.50782+-4.58983
55.50782+-4.58975
55.50783+-4.58968
55.50783+-4.58962
55.50784+-4.58957
55.50785+-4.58949
-1
55.50788+-4.58938
55.50786+-4.58941
55.50784+-4.58944
55.50783+-4.58946
55.50781+-4.58948
55.50779+-4.58950
55.50776+-4.58951
55.50774+-4.58952
55.50772+-4.58952
55.50769+-4.58952
55.50767+-4.58951
55.50766+-4.58948
55.50763+-4.58946
55.50762+-4.58943
55.50757+-4.58930
-1
55.50890+-4.59321
55.50895+-4.59335
55.50896+-4.59339
55.50896+-4.59344
55.50897+-4.59350
55.50897+-4.59355
55.50897+-4.59360
55.50896+-4.59365
55.50895+-4.59369
55.50894+-4.59374
55.50892+-4.59378
55.50889+-4.59383
-1
55.50918+-4.59406
55.50914+-4.59392
55.50913+-4.59389
55.50910+-4.59386
55.50907+-4.59383
55.50904+-4.59381
55.50901+-4.59380
55.50898+-4.59379
55.50896+-4.59379
55.50893+-4.59380
55.50891+-4.59381
55.50890+-4.59382
55.50888+-4.59383
55.50856+-4.59436
55.50854+-4.59439
55.50853+-4.59443
55.50843+-4.59479
-1
55.50852+-4.59488
55.50852+-4.59486
55.50834+-4.59471
55.50833+-4.59473
55.50851+-4.59487
-1
55.50843+-4.59480
55.50810+-4.59600
55.50809+-4.59604
55.50808+-4.59610
55.50807+-4.59616
55.50807+-4.59624
55.50807+-4.59634
55.50807+-4.59645
55.50807+-4.59650
55.50808+-4.59658
55.50809+-4.59665
55.50810+-4.59672
-1
55.48835+-4.58742
55.48831+-4.58745
55.48826+-4.58750
55.48822+-4.58754
55.48819+-4.58759
55.48815+-4.58763
55.48811+-4.58770
55.48808+-4.58776
55.48804+-4.58784
55.48800+-4.58793
55.48797+-4.58800
55.48794+-4.58808
55.48792+-4.58816
55.48790+-4.58824
55.48788+-4.58834
55.48786+-4.58844
55.48784+-4.58855
55.48784+-4.58867
55.48783+-4.58880
55.48783+-4.58888
55.48784+-4.58898
55.48785+-4.58910
55.48786+-4.58920
55.48787+-4.58927
55.48788+-4.58933
-1
55.48797+-4.58931
55.48797+-4.58929
55.48779+-4.58940
55.48780+-4.58941
55.48796+-4.58931
-1
55.48789+-4.58937
55.48791+-4.58946
55.48794+-4.58957
55.48797+-4.58967
55.48801+-4.58977
55.48805+-4.58986
55.48809+-4.58994
55.48814+-4.59002
55.48819+-4.59009
55.48823+-4.59015
55.48829+-4.59022
55.48835+-4.59027
55.48839+-4.59030
55.48846+-4.59035
55.48853+-4.59038
55.48861+-4.59041
55.48869+-4.59043
55.48876+-4.59043
55.48883+-4.59041
55.48891+-4.59039
55.48898+-4.59037
55.48903+-4.59033
55.48909+-4.59029
55.49173+-4.58826
55.49324+-4.58709
55.49389+-4.58659
55.49431+-4.58626
55.49459+-4.58604
55.49591+-4.58500
55.49679+-4.58432
55.49763+-4.58368
55.49819+-4.58325
55.49956+-4.58219
55.50088+-4.58116
55.50176+-4.58049
55.50254+-4.57989
55.50299+-4.57955
55.50354+-4.57912
55.50358+-4.57912
55.50362+-4.57912
55.50367+-4.57912
55.50374+-4.57913
55.50381+-4.57915
55.50388+-4.57919
55.50395+-4.57923
55.50401+-4.57927
55.50406+-4.57933
55.50409+-4.57938
55.50412+-4.57944
55.50415+-4.57949
55.50417+-4.57954
-1
55.50369+-4.57811
55.50370+-4.57817
55.50370+-4.57823
55.50371+-4.57832
55.50371+-4.57840
55.50370+-4.57848
55.50370+-4.57855
55.50369+-4.57862
55.50369+-4.57868
55.50368+-4.57873
55.50367+-4.57879
55.50366+-4.57886
55.50364+-4.57892
55.50363+-4.57897
55.50360+-4.57902
55.50358+-4.57906
55.50354+-4.57912
-1
55.50283+-4.57564
55.50286+-4.57574
55.50287+-4.57578
55.50288+-4.57584
55.50288+-4.57589
55.50288+-4.57596
55.50287+-4.57600
55.50285+-4.57606
55.50284+-4.57611
55.50282+-4.57616
55.50280+-4.57620
-1
55.50321+-4.57675
55.50311+-4.57645
55.50309+-4.57641
55.50307+-4.57638
55.50305+-4.57634
55.50303+-4.57632
55.50300+-4.57629
55.50297+-4.57628
55.50293+-4.57626
55.50288+-4.57626
55.50284+-4.57627
55.50280+-4.57628
55.50276+-4.57630
55.50271+-4.57632
55.50267+-4.57635
55.50193+-4.57693
55.50189+-4.57698
55.50186+-4.57702
55.50184+-4.57707
55.50181+-4.57713
55.50179+-4.57721
55.50177+-4.57728
55.50176+-4.57735
55.50176+-4.57743
55.50176+-4.57751
55.50177+-4.57759
55.50177+-4.57764
55.50179+-4.57772
-1
55.49789+-4.58007
55.49739+-4.58045
55.49736+-4.58048
55.49734+-4.58051
55.49731+-4.58055
55.49729+-4.58059
55.49727+-4.58063
55.49726+-4.58067
55.49725+-4.58070
-1
55.49724+-4.58077
55.49723+-4.58082
55.49723+-4.58089
55.49723+-4.58094
55.49724+-4.58100
55.49724+-4.58106
-1
55.49640+-4.58122
55.49692+-4.58082
55.49696+-4.58081
55.49701+-4.58080
55.49706+-4.58081
55.49709+-4.58082
55.49710+-4.58083
-1
55.49713+-4.58086
55.49716+-4.58089
55.49718+-4.58092
55.49720+-4.58095
55.49721+-4.58098
55.49723+-4.58102
55.49725+-4.58107
55.49751+-4.58215
-1
55.49761+-4.58211
55.49761+-4.58210
55.49744+-4.58223
55.49745+-4.58224
55.49761+-4.58211
-1
55.49753+-4.58220
55.49775+-4.58310
55.49777+-4.58314
55.49779+-4.58320
55.49782+-4.58324
55.49785+-4.58328
55.49789+-4.58332
55.49793+-4.58334
55.49797+-4.58335
55.49801+-4.58336
55.49804+-4.58335
55.49808+-4.58333
55.49811+-4.58331
-1
55.49775+-4.58311
55.49776+-4.58317
55.49777+-4.58323
55.49777+-4.58329
55.49776+-4.58334
55.49776+-4.58339
55.49775+-4.58345
55.49773+-4.58350
55.49771+-4.58356
55.49768+-4.58360
55.49767+-4.58363
55.49765+-4.58365
55.49762+-4.58369
-1
55.49413+-4.58298
55.49364+-4.58336
55.49362+-4.58338
55.49359+-4.58342
55.49357+-4.58345
55.49354+-4.58350
55.49353+-4.58355
55.49351+-4.58360
55.49350+-4.58366
55.49350+-4.58372
55.49350+-4.58378
55.49350+-4.58383
55.49350+-4.58388
55.49352+-4.58395
-1
55.49267+-4.58412
55.49319+-4.58372
55.49323+-4.58369
55.49327+-4.58369
55.49331+-4.58369
55.49335+-4.58371
55.49339+-4.58374
55.49342+-4.58377
55.49345+-4.58381
55.49348+-4.58385
55.49349+-4.58389
55.49352+-4.58396
55.49378+-4.58503
-1
55.49387+-4.58500
55.49386+-4.58499
55.49371+-4.58511
55.49371+-4.58512
55.49387+-4.58500
-1
55.49379+-4.58507
55.49402+-4.58600
55.49404+-4.58606
55.49407+-4.58612
55.49410+-4.58617
55.49414+-4.58621
55.49418+-4.58624
55.49423+-4.58627
55.49427+-4.58627
55.49431+-4.58626
-1
55.49388+-4.58659
55.49391+-4.58656
55.49394+-4.58651
55.49396+-4.58647
55.49399+-4.58641
55.49401+-4.58635
55.49402+-4.58628
55.49403+-4.58621
55.49403+-4.58614
55.49403+-4.58609
55.49402+-4.58603
55.49401+-4.58597
-1
55.51314+-4.58520
55.51316+-4.58518
55.51317+-4.58515
55.51318+-4.58512
55.51319+-4.58509
55.51319+-4.58506
55.51319+-4.58503
55.51319+-4.58500
55.51319+-4.58497
55.51318+-4.58495
55.51318+-4.58491
-1
55.51334+-4.58507
55.51332+-4.58508
55.51331+-4.58508
55.51329+-4.58508
55.51327+-4.58507
55.51326+-4.58506
55.51324+-4.58504
55.51323+-4.58503
55.51322+-4.58501
55.51320+-4.58497
55.51270+-4.58377
55.51234+-4.58288
55.51212+-4.58236
55.51210+-4.58234
55.51208+-4.58232
55.51206+-4.58231
55.51204+-4.58230
55.51202+-4.58230
55.51200+-4.58230
55.51198+-4.58231
55.51196+-4.58232
55.51195+-4.58234
55.51193+-4.58236
55.51191+-4.58238
55.51190+-4.58241
55.51188+-4.58243
55.51187+-4.58247
55.51186+-4.58252
55.51097+-4.58580
55.51096+-4.58584
55.51094+-4.58588
55.51093+-4.58591
55.51091+-4.58596
55.51089+-4.58601
55.51087+-4.58606
55.51068+-4.58645
55.51066+-4.58649
55.51065+-4.58652
55.51020+-4.58820
55.50988+-4.58938
55.50957+-4.59052
55.50929+-4.59159
55.50891+-4.59292
55.50890+-4.59301
55.50890+-4.59307
55.50891+-4.59312
55.50892+-4.59317
55.50892+-4.59320
55.50897+-4.59334
-1
55.50897+-4.59270
55.50895+-4.59272
55.50892+-4.59274
55.50890+-4.59274
55.50888+-4.59275
55.50885+-4.59275
55.50883+-4.59274
55.50880+-4.59272
55.50877+-4.59269
55.50875+-4.59266
55.50874+-4.59264
55.50868+-4.59248
-1
55.50943+-4.59149
55.50924+-4.59134
55.50924+-4.59135
55.50943+-4.59150
55.50943+-4.59149
-1
55.50973+-4.58993
55.50975+-4.58990
55.50977+-4.58988
55.50980+-4.58986
55.50983+-4.58986
55.50985+-4.58988
55.50987+-4.58990
55.50988+-4.58992
55.51056+-4.59177
55.51057+-4.59181
55.51059+-4.59188
55.51061+-4.59193
55.51103+-4.59308
-1
55.51117+-4.59399
55.51117+-4.59395
55.51117+-4.59392
55.51121+-4.59371
55.51151+-4.59342
55.51156+-4.59336
55.51160+-4.59332
55.51168+-4.59327
55.51177+-4.59323
55.51184+-4.59321
55.51189+-4.59319
55.51191+-4.59321
55.51193+-4.59322
55.51223+-4.59400
55.51223+-4.59402
55.51222+-4.59403
55.51222+-4.59404
55.51182+-4.59451
55.51180+-4.59453
55.51179+-4.59453
55.51178+-4.59453
55.51177+-4.59452
55.51176+-4.59451
55.51175+-4.59450
55.51174+-4.59448
55.51165+-4.59423
55.51164+-4.59422
55.51163+-4.59421
55.51161+-4.59421
55.51160+-4.59421
55.51158+-4.59423
55.51138+-4.59445
55.51137+-4.59446
55.51136+-4.59446
55.51135+-4.59446
55.51133+-4.59445
55.51132+-4.59443
55.51131+-4.59441
55.51096+-4.59340
55.51094+-4.59337
55.51093+-4.59334
55.51091+-4.59333
55.51090+-4.59333
55.51088+-4.59333
55.51084+-4.59335
-1
55.51020+-4.59414
55.51017+-4.59404
55.51016+-4.59405
55.51020+-4.59415
55.51020+-4.59414
-1
55.50891+-4.59602
55.50892+-4.59601
55.50887+-4.59592
55.50887+-4.59593
55.50891+-4.59602
-1
55.50810+-4.59674
55.50813+-4.59677
55.50815+-4.59681
55.50818+-4.59683
55.50821+-4.59685
55.50824+-4.59687
55.50826+-4.59687
55.50829+-4.59685
55.50832+-4.59683
-1
55.50827+-4.59723
55.50826+-4.59713
55.50826+-4.59710
55.50826+-4.59706
55.50826+-4.59704
55.50826+-4.59701
55.50826+-4.59698
55.50827+-4.59695
55.50827+-4.59693
55.50828+-4.59690
55.50829+-4.59687
55.50831+-4.59685
55.50839+-4.59673
55.50848+-4.59660
55.50858+-4.59644
55.50871+-4.59626
55.50880+-4.59611
55.50886+-4.59603
55.50896+-4.59586
55.50917+-4.59551
55.50936+-4.59518
55.50951+-4.59493
55.50966+-4.59469
55.51020+-4.59407
55.51061+-4.59361
55.51095+-4.59322
55.51098+-4.59316
55.51099+-4.59313
55.51158+-4.59246
55.51159+-4.59244
55.51159+-4.59242
55.51159+-4.59240
55.51116+-4.59125
55.51115+-4.59124
55.51114+-4.59124
55.51113+-4.59124
55.51112+-4.59125
55.51060+-4.59185
-1
55.51059+-4.59190
55.51059+-4.59188
55.51059+-4.59187
55.51060+-4.59185
55.51060+-4.59184
55.51059+-4.59184
55.51058+-4.59184
55.51058+-4.59184
55.51058+-4.59183
-1
55.51077+-4.59165
55.51122+-4.59287
-1
55.51096+-4.59143
55.51141+-4.59265
-1
55.51155+-4.59426
55.51156+-4.59425
55.51156+-4.59423
55.51156+-4.59422
55.51156+-4.59421
55.51133+-4.59362
55.51133+-4.59361
55.51132+-4.59361
55.51131+-4.59361
-1
55.51151+-4.59344
55.51151+-4.59343
55.51150+-4.59343
55.51149+-4.59343
-1
55.51207+-4.59421
55.51207+-4.59421
55.51206+-4.59420
55.51205+-4.59419
-1
55.51205+-4.59424
55.51205+-4.59423
55.51205+-4.59422
55.51205+-4.59421
55.51205+-4.59419
55.51171+-4.59328
55.51170+-4.59328
55.51169+-4.59327
-1
55.51191+-4.59441
55.51190+-4.59441
55.51189+-4.59441
55.51188+-4.59440
55.51188+-4.59440
-1
55.51187+-4.59444
55.51188+-4.59443
55.51188+-4.59442
55.51188+-4.59441
55.51188+-4.59439
55.51128+-4.59281
-1
55.51228+-4.59349
55.51240+-4.59380
55.51240+-4.59381
55.51240+-4.59383
55.51239+-4.59384
-1
55.51225+-4.59400
55.51225+-4.59401
55.51224+-4.59401
55.51223+-4.59400
55.51222+-4.59399
-1
55.51222+-4.59404
55.51251+-4.59371
55.51252+-4.59369
55.51252+-4.59367
55.51253+-4.59365
55.51253+-4.59363
55.51252+-4.59361
55.51247+-4.59345
-1
55.51124+-4.59421
55.51125+-4.59424
55.51125+-4.59428
55.51125+-4.59433
55.51125+-4.59437
55.51124+-4.59441
55.51122+-4.59444
55.51120+-4.59447
55.51103+-4.59462
55.51081+-4.59482
55.51047+-4.59512
55.51027+-4.59531
55.50996+-4.59558
55.50993+-4.59562
55.50990+-4.59565
55.50988+-4.59568
55.50987+-4.59572
55.50986+-4.59577
55.50985+-4.59582
55.50985+-4.59586
55.50986+-4.59590
55.50986+-4.59592
55.50987+-4.59597
-1
55.50996+-4.59558
55.50993+-4.59560
55.50991+-4.59562
55.50989+-4.59563
55.50987+-4.59564
55.50986+-4.59565
55.50984+-4.59564
55.50982+-4.59564
55.50980+-4.59562
55.50978+-4.59561
55.50976+-4.59558
55.50973+-4.59555
55.50971+-4.59549
-1
55.51065+-4.59503
55.51064+-4.59504
55.51061+-4.59494
55.51062+-4.59493
55.51065+-4.59503
-1
55.51210+-4.59178
55.51207+-4.59179
55.51204+-4.59179
55.51202+-4.59179
55.51200+-4.59177
55.51198+-4.59176
55.51195+-4.59172
55.51174+-4.59113
55.51173+-4.59110
55.51173+-4.59104
55.51173+-4.59100
55.51174+-4.59095
55.51175+-4.59092
55.51177+-4.59087
-1
55.51234+-4.59017
55.51237+-4.59016
55.51240+-4.59016
55.51242+-4.59018
55.51245+-4.59022
55.51246+-4.59025
55.51256+-4.59052
55.51256+-4.59057
55.51256+-4.59060
55.51256+-4.59063
55.51255+-4.59066
55.51255+-4.59068
55.51254+-4.59071
-1
55.51252+-4.58996
55.51254+-4.58995
55.51258+-4.58996
55.51260+-4.58997
55.51261+-4.58999
55.51263+-4.59001
55.51274+-4.59033
55.51275+-4.59037
55.51274+-4.59041
55.51274+-4.59044
55.51273+-4.59047
55.51272+-4.59049
55.51272+-4.59051
-1
55.51270+-4.58976
55.51273+-4.58975
55.51276+-4.58976
55.51279+-4.58977
55.51280+-4.58979
55.51281+-4.58982
55.51292+-4.59012
55.51293+-4.59016
55.51293+-4.59019
55.51292+-4.59021
55.51292+-4.59025
55.51291+-4.59027
55.51290+-4.59030
-1
55.51202+-4.59042
55.51205+-4.59043
55.51208+-4.59043
55.51210+-4.59042
55.51213+-4.59040
55.51288+-4.58956
55.51291+-4.58955
55.51294+-4.58955
55.51297+-4.58957
55.51298+-4.58959
55.51300+-4.58962
55.51310+-4.58990
55.51311+-4.58994
55.51311+-4.58998
55.51311+-4.59001
55.51310+-4.59005
55.51309+-4.59008
55.51307+-4.59011
55.51255+-4.59069
55.51252+-4.59073
55.51250+-4.59075
55.51248+-4.59076
55.51246+-4.59077
55.51243+-4.59077
55.51242+-4.59076
55.51240+-4.59075
55.51237+-4.59073
55.51235+-4.59071
55.51232+-4.59068
55.51212+-4.59051
55.51209+-4.59049
55.51206+-4.59046
55.51200+-4.59040
55.51174+-4.59013
55.51172+-4.59011
55.51023+-4.58887
55.51020+-4.58883
55.51019+-4.58880
55.51017+-4.58877
55.51016+-4.58874
55.51015+-4.58870
55.51014+-4.58865
55.51013+-4.58861
55.51013+-4.58857
55.51013+-4.58853
55.51013+-4.58849
55.51013+-4.58846
55.51014+-4.58842
-1
55.51024+-4.58887
55.51021+-4.58886
55.51019+-4.58885
55.51017+-4.58885
55.51015+-4.58885
55.51012+-4.58886
55.51009+-4.58887
55.51007+-4.58889
55.51005+-4.58890
55.51003+-4.58893
55.51001+-4.58896
55.50999+-4.58898
55.50998+-4.58903
-1
55.51174+-4.59014
55.51176+-4.59016
55.51178+-4.59022
55.51221+-4.59141
55.51224+-4.59146
55.51228+-4.59148
55.51231+-4.59150
55.51234+-4.59149
55.51238+-4.59147
-1
55.51188+-4.59050
55.51189+-4.59056
55.51189+-4.59061
55.51189+-4.59065
55.51189+-4.59068
55.51188+-4.59072
55.51187+-4.59075
55.51186+-4.59077
55.51184+-4.59079
55.51183+-4.59080
55.51153+-4.59115
55.51151+-4.59118
55.51149+-4.59121
55.51148+-4.59126
55.51147+-4.59131
55.51147+-4.59136
55.51147+-4.59140
55.51148+-4.59143
55.51149+-4.59148
55.51169+-4.59201
55.51171+-4.59204
55.51173+-4.59206
55.51176+-4.59208
55.51179+-4.59209
55.51182+-4.59208
55.51186+-4.59205
55.51188+-4.59202
55.51251+-4.59132
55.51252+-4.59130
55.51254+-4.59127
55.51255+-4.59124
55.51255+-4.59120
55.51256+-4.59117
55.51256+-4.59113
55.51256+-4.59108
55.51255+-4.59104
55.51254+-4.59100
55.51252+-4.59096
55.51247+-4.59087
55.51238+-4.59074
-1
55.51504+-4.58614
55.51482+-4.58642
-1
55.51462+-4.58729
55.51460+-4.58730
55.51458+-4.58732
55.51455+-4.58732
55.51453+-4.58731
55.51451+-4.58730
55.51449+-4.58728
55.51448+-4.58726
55.51445+-4.58723
55.51358+-4.58507
55.51356+-4.58505
55.51354+-4.58502
55.51352+-4.58500
55.51350+-4.58499
55.51347+-4.58498
55.51345+-4.58499
55.51343+-4.58499
55.51341+-4.58501
-1
55.51423+-4.58753
55.51425+-4.58757
55.51428+-4.58760
55.51433+-4.58762
55.51438+-4.58760
55.51441+-4.58757
55.51489+-4.58695
55.51490+-4.58691
55.51492+-4.58688
55.51492+-4.58684
55.51493+-4.58679
55.51493+-4.58675
55.51493+-4.58671
55.51492+-4.58668
55.51490+-4.58664
55.51402+-4.58452
55.51400+-4.58448
55.51398+-4.58446
55.51395+-4.58444
55.51393+-4.58443
55.51391+-4.58443
55.51389+-4.58444
55.51386+-4.58445
55.51384+-4.58448
55.51339+-4.58502
55.51337+-4.58505
55.51334+-4.58507
55.51331+-4.58509
55.51313+-4.58521
55.51300+-4.58530
55.51297+-4.58532
55.51293+-4.58537
55.51291+-4.58540
55.51288+-4.58544
55.51286+-4.58548
55.51284+-4.58552
55.51283+-4.58556
55.51281+-4.58561
55.51279+-4.58565
55.51267+-4.58612
-1
55.51270+-4.58377
55.51273+-4.58381
55.51277+-4.58386
55.51281+-4.58390
55.51285+-4.58392
55.51290+-4.58394
55.51296+-4.58395
55.51301+-4.58394
55.51305+-4.58393
55.51309+-4.58392
55.51313+-4.58392
55.51317+-4.58392
55.51321+-4.58393
55.51325+-4.58395
55.51327+-4.58399
55.51329+-4.58402
55.51331+-4.58406
55.51342+-4.58432
55.51343+-4.58433
55.51346+-4.58435
55.51348+-4.58437
55.51350+-4.58436
55.51352+-4.58434
-1
55.50903+-4.58771
55.50829+-4.58710
55.50829+-4.58712
55.50902+-4.58773
55.50903+-4.58772
-1
55.50844+-4.58723
55.50787+-4.58940
55.50772+-4.58996
55.50767+-4.59013
55.50761+-4.59033
55.50754+-4.59060
55.50741+-4.59105
55.50728+-4.59149
55.50694+-4.59275
55.50692+-4.59283
55.50691+-4.59290
55.50690+-4.59296
55.50689+-4.59301
55.50688+-4.59306
55.50688+-4.59310
55.50689+-4.59313
55.50689+-4.59318
-1
55.50683+-4.59301
55.50684+-4.59307
55.50685+-4.59312
55.50685+-4.59316
55.50686+-4.59321
55.50685+-4.59326
55.50685+-4.59330
55.50684+-4.59335
55.50683+-4.59339
55.50682+-4.59343
55.50680+-4.59346
55.50679+-4.59348
55.50677+-4.59351
-1
55.50704+-4.59363
55.50702+-4.59360
55.50700+-4.59358
55.50698+-4.59356
55.50696+-4.59354
55.50694+-4.59352
55.50691+-4.59351
55.50689+-4.59350
55.50686+-4.59349
55.50684+-4.59349
55.50682+-4.59349
55.50680+-4.59349
55.50678+-4.59350
55.50676+-4.59351
55.50673+-4.59355
55.50670+-4.59358
55.50668+-4.59361
55.50666+-4.59365
55.50664+-4.59369
55.50663+-4.59373
55.50662+-4.59376
55.50661+-4.59381
55.50660+-4.59385
55.50595+-4.59625
55.50558+-4.59764
55.50557+-4.59767
55.50558+-4.59770
55.50558+-4.59773
55.50559+-4.59777
55.50560+-4.59781
55.50561+-4.59785
55.50562+-4.59788
55.50564+-4.59791
55.50565+-4.59793
55.50567+-4.59795
55.50569+-4.59798
55.50572+-4.59799
55.50574+-4.59800
55.50576+-4.59801
55.50582+-4.59801
55.50588+-4.59801
55.50593+-4.59798
55.50597+-4.59795
55.50600+-4.59790
55.50604+-4.59783
55.50606+-4.59777
55.50608+-4.59772
55.50609+-4.59766
55.50609+-4.59759
55.50609+-4.59751
55.50609+-4.59745
55.50608+-4.59739
55.50606+-4.59733
55.50605+-4.59727
55.50603+-4.59721
55.50600+-4.59717
55.50598+-4.59714
55.50595+-4.59710
55.50592+-4.59708
55.50589+-4.59706
55.50585+-4.59705
55.50584+-4.59699
-1
55.50772+-4.59601
55.50723+-4.59455
-1
55.50742+-4.59162
55.50742+-4.59161
55.50714+-4.59136
55.50714+-4.59137
55.50741+-4.59161
-1
55.51113+-4.60512
55.51111+-4.60505
-1
55.51159+-4.60679
55.51160+-4.60685
55.51161+-4.60692
55.51162+-4.60700
55.51161+-4.60707
55.51160+-4.60714
55.51159+-4.60720
55.51157+-4.60724
55.51155+-4.60729
55.51154+-4.60732
55.51152+-4.60734
55.51151+-4.60736
-1
55.51183+-4.60748
55.51181+-4.60745
55.51179+-4.60741
55.51177+-4.60738
55.51174+-4.60736
55.51171+-4.60734
55.51169+-4.60732
55.51166+-4.60732
55.51163+-4.60731
55.51160+-4.60731
55.51157+-4.60732
55.51155+-4.60733
55.51153+-4.60735
55.51150+-4.60737
55.51122+-4.60768
55.51111+-4.60779
55.51050+-4.60824
55.51018+-4.60847
55.51002+-4.60860
55.50983+-4.60877
55.50970+-4.60889
55.50967+-4.60891
55.50964+-4.60893
55.50962+-4.60893
55.50958+-4.60894
55.50940+-4.60891
55.50937+-4.60891
55.50935+-4.60891
55.50933+-4.60892
55.50931+-4.60893
55.50929+-4.60894
55.50926+-4.60897
55.50902+-4.60924
-1
55.50930+-4.60739
55.50955+-4.60808
55.50955+-4.60812
55.50955+-4.60819
55.50955+-4.60826
55.50956+-4.60832
55.50957+-4.60839
55.50959+-4.60846
55.50961+-4.60852
55.50964+-4.60858
55.50968+-4.60865
55.50971+-4.60869
55.50976+-4.60873
55.50979+-4.60875
55.50983+-4.60877
-1
55.51007+-4.60705
55.51029+-4.60766
-1
55.51038+-4.60609
55.51080+-4.60729
-1
55.50974+-4.61112
55.51008+-4.61210
55.51011+-4.61216
55.51014+-4.61221
55.51017+-4.61225
55.51022+-4.61228
55.51026+-4.61228
55.51030+-4.61228
55.51034+-4.61226
55.51038+-4.61223
55.51074+-4.61184
55.51115+-4.61123
55.51117+-4.61119
55.51140+-4.61064
55.51192+-4.60936
55.51211+-4.60888
55.51214+-4.60881
55.51215+-4.60875
55.51216+-4.60870
55.51216+-4.60864
55.51217+-4.60860
55.51216+-4.60854
55.51216+-4.60850
55.51215+-4.60846
55.51214+-4.60840
-1
55.51241+-4.60919
55.51239+-4.60914
55.51237+-4.60911
55.51235+-4.60907
55.51232+-4.60904
55.51229+-4.60902
55.51211+-4.60888
55.51208+-4.60886
55.51204+-4.60884
55.51121+-4.60885
-1
55.51122+-4.60768
55.51119+-4.60772
55.51118+-4.60775
55.51117+-4.60779
55.51115+-4.60783
55.51115+-4.60787
55.51114+-4.60792
55.51114+-4.60796
55.51114+-4.60801
55.51114+-4.60805
55.51115+-4.60809
55.51116+-4.60814
55.51117+-4.60819
55.51154+-4.60926
55.51156+-4.60931
55.51159+-4.60935
55.51162+-4.60939
55.51166+-4.60942
55.51170+-4.60943
55.51175+-4.60943
55.51179+-4.60942
55.51183+-4.60940
55.51187+-4.60937
55.51190+-4.60933
55.51193+-4.60928
55.51203+-4.60910
55.51206+-4.60905
55.51208+-4.60903
55.51211+-4.60901
55.51216+-4.60899
55.51219+-4.60898
55.51223+-4.60899
55.51227+-4.60900
-1
55.51216+-4.60860
55.51216+-4.60864
55.51215+-4.60869
55.51214+-4.60874
55.51213+-4.60877
55.51211+-4.60880
55.51210+-4.60881
55.51208+-4.60883
55.51206+-4.60884
55.51204+-4.60885
-1
55.51118+-4.61001
55.51091+-4.60920
-1
55.51048+-4.60988
55.51081+-4.61085
-1
55.51003+-4.61073
55.51037+-4.61171
-1
55.51189+-4.61126
55.51248+-4.61029
55.51252+-4.61026
55.51256+-4.61024
55.51260+-4.61022
55.51265+-4.61019
55.51275+-4.61014
55.51296+-4.61004
55.51301+-4.61002
55.51306+-4.60998
55.51309+-4.60995
55.51313+-4.60991
55.51315+-4.60986
55.51318+-4.60980
55.51320+-4.60974
55.51322+-4.60968
55.51324+-4.60959
-1
55.51335+-4.60944
55.51336+-4.60942
55.51304+-4.60934
55.51304+-4.60935
55.51335+-4.60943
-1
55.51315+-4.61129
55.51313+-4.61123
55.51313+-4.61119
55.51312+-4.61115
55.51312+-4.61110
55.51312+-4.61106
55.51312+-4.61100
55.51312+-4.61095
55.51325+-4.60942
55.51337+-4.60812
55.51339+-4.60790
55.51340+-4.60778
55.51340+-4.60766
55.51341+-4.60755
55.51341+-4.60746
55.51341+-4.60734
55.51341+-4.60723
55.51341+-4.60712
55.51341+-4.60698
55.51340+-4.60684
55.51339+-4.60673
55.51338+-4.60661
55.51336+-4.60647
55.51335+-4.60633
55.51332+-4.60617
55.51329+-4.60604
55.51327+-4.60593
55.51325+-4.60585
55.51323+-4.60576
55.51278+-4.60448
-1
55.51247+-4.61030
55.51251+-4.61024
55.51254+-4.61018
55.51257+-4.61011
55.51259+-4.61005
55.51260+-4.60999
55.51261+-4.60993
55.51261+-4.60988
55.51260+-4.60981
55.51260+-4.60975
55.51258+-4.60967
-1
55.51283+-4.61040
55.51281+-4.61036
55.51279+-4.61032
55.51276+-4.61029
55.51273+-4.61026
55.51271+-4.61024
55.51269+-4.61023
55.51266+-4.61022
55.51264+-4.61022
55.51261+-4.61022
55.51258+-4.61023
-1
55.51297+-4.61004
55.51294+-4.61004
55.51291+-4.61005
55.51289+-4.61005
55.51286+-4.61004
55.51284+-4.61004
55.51280+-4.61002
55.51277+-4.61000
55.51274+-4.60997
55.51271+-4.60995
55.51269+-4.60991
55.51266+-4.60987
55.51263+-4.60981
-1
55.51541+-4.61550
55.51544+-4.61511
55.51543+-4.61510
55.51540+-4.61550
55.51541+-4.61551
-1
55.51597+-4.61373
55.51605+-4.61396
55.51606+-4.61401
55.51607+-4.61410
55.51608+-4.61417
55.51608+-4.61424
55.51609+-4.61432
55.51609+-4.61440
55.51608+-4.61450
55.51607+-4.61457
55.51606+-4.61464
55.51604+-4.61474
55.51601+-4.61484
55.51598+-4.61492
55.51595+-4.61499
55.51591+-4.61506
55.51588+-4.61512
55.51583+-4.61517
55.51579+-4.61522
55.51574+-4.61526
55.51570+-4.61529
55.51564+-4.61532
55.51561+-4.61533
55.51557+-4.61534
55.51553+-4.61534
55.51549+-4.61534
55.51545+-4.61533
55.51537+-4.61531
55.51534+-4.61530
55.51528+-4.61528
55.51522+-4.61525
55.51516+-4.61523
55.51509+-4.61519
55.51503+-4.61516
55.51495+-4.61510
55.51486+-4.61503
55.51480+-4.61498
55.51473+-4.61492
55.51466+-4.61485
55.51459+-4.61477
55.51452+-4.61469
55.51446+-4.61460
55.51438+-4.61448
55.51427+-4.61430
55.51422+-4.61421
55.51416+-4.61410
55.51412+-4.61401
55.51407+-4.61390
55.51400+-4.61372
55.51359+-4.61257
55.51335+-4.61187
55.51314+-4.61128
55.51302+-4.61094
55.51284+-4.61042
55.51264+-4.60984
55.51234+-4.60898
55.51201+-4.60802
55.51175+-4.60726
55.51159+-4.60677
55.51130+-4.60595
55.51087+-4.60471
55.51050+-4.60365
55.51013+-4.60257
55.50932+-4.60020
55.50888+-4.59897
55.50817+-4.59695
55.50776+-4.59576
55.50714+-4.59392
55.50679+-4.59290
55.50656+-4.59223
55.50604+-4.59074
55.50581+-4.59006
55.50572+-4.58978
55.50563+-4.58949
55.50552+-4.58905
55.50524+-4.58792
55.50513+-4.58748
55.50511+-4.58739
55.50502+-4.58710
55.50497+-4.58693
55.50478+-4.58637
55.50463+-4.58594
55.50443+-4.58539
55.50397+-4.58406
55.50294+-4.58111
55.50271+-4.58044
55.50254+-4.57989
55.50235+-4.57934
55.50201+-4.57836
55.50179+-4.57771
55.50170+-4.57747
55.50167+-4.57742
55.50164+-4.57739
55.50160+-4.57735
55.50157+-4.57733
55.50154+-4.57732
55.50151+-4.57731
55.50148+-4.57731
55.50146+-4.57732
55.50142+-4.57734
55.50139+-4.57736
55.50090+-4.57774
-1
{White airfield Markings}
$Type=2
55.51263+-4.58651
55.51261+-4.58650
55.51264+-4.58638
55.51257+-4.58632
55.51254+-4.58644
55.51253+-4.58643
55.51260+-4.58617
55.51261+-4.58618
55.51258+-4.58630
55.51265+-4.58635
55.51268+-4.58624
55.51269+-4.58624
55.51263+-4.58650
-1
55.51257+-4.58604
55.51255+-4.58602
55.51254+-4.58607
-1
55.51251+-4.58615
55.51250+-4.58619
-1
55.51248+-4.58628
55.51246+-4.58633
-1
55.51244+-4.58641
55.51243+-4.58646
55.51245+-4.58648
-1
55.51253+-4.58654
55.51250+-4.58652
-1
55.51260+-4.58660
55.51258+-4.58658
-1
55.51269+-4.58661
55.51267+-4.58666
55.51265+-4.58664
-1
55.51272+-4.58648
55.51271+-4.58652
-1
55.51276+-4.58635
55.51274+-4.58639
-1
55.51278+-4.58626
55.51279+-4.58622
55.51277+-4.58620
-1
55.51272+-4.58616
55.51269+-4.58614
-1
55.51265+-4.58610
55.51262+-4.58608
-1
55.51625+-4.61446
55.51611+-4.61404
55.51614+-4.61418
55.51616+-4.61415
55.51611+-4.61403
-1
55.51599+-4.61371
55.51585+-4.61329
55.51588+-4.61343
55.51591+-4.61341
55.51585+-4.61328
-1
55.51574+-4.61296
55.51559+-4.61254
55.51562+-4.61269
55.51565+-4.61266
55.51559+-4.61254
-1
55.51548+-4.61221
55.51534+-4.61180
55.51537+-4.61194
55.51539+-4.61191
55.51534+-4.61179
-1
55.51539+-4.61133
55.51524+-4.61090
-1
55.51536+-4.61136
55.51522+-4.61093
-1
55.51533+-4.61139
55.51519+-4.61096
-1
55.51531+-4.61142
55.51516+-4.61099
-1
55.51528+-4.61145
55.51514+-4.61102
-1
55.51525+-4.61148
55.51511+-4.61105
-1
55.51521+-4.61152
55.51506+-4.61110
-1
55.51518+-4.61155
55.51504+-4.61113
-1
55.51515+-4.61158
55.51501+-4.61116
-1
55.51513+-4.61161
55.51498+-4.61119
-1
55.51510+-4.61164
55.51496+-4.61122
-1
55.51507+-4.61167
55.51493+-4.61125
-1
55.51505+-4.61088
55.51500+-4.61071
55.51500+-4.61070
55.51499+-4.61068
55.51498+-4.61067
55.51497+-4.61068
55.51504+-4.61090
55.51505+-4.61089
-1
55.51502+-4.61092
55.51501+-4.61088
55.51498+-4.61092
55.51496+-4.61086
55.51496+-4.61081
55.51494+-4.61079
55.51493+-4.61078
55.51496+-4.61075
55.51495+-4.61071
55.51491+-4.61075
55.51493+-4.61082
55.51495+-4.61083
55.51494+-4.61086
55.51498+-4.61097
55.51502+-4.61093
-1
55.51490+-4.61053
55.51476+-4.61011
-1
55.51462+-4.60970
55.51447+-4.60927
-1
55.51445+-4.60949
55.51434+-4.60917
55.51432+-4.60919
55.51443+-4.60952
55.51445+-4.60950
-1
55.51461+-4.60931
55.51451+-4.60899
55.51448+-4.60902
55.51459+-4.60934
55.51461+-4.60931
-1
55.51433+-4.60887
55.51418+-4.60843
-1
55.51404+-4.60804
55.51390+-4.60762
-1
55.51394+-4.60746
55.51398+-4.60741
55.51377+-4.60680
55.51373+-4.60685
55.51380+-4.60705
55.51388+-4.60695
55.51395+-4.60716
55.51387+-4.60725
55.51394+-4.60745
-1
55.51377+-4.60724
55.51362+-4.60681
-1
55.51380+-4.60761
55.51372+-4.60740
55.51364+-4.60750
55.51357+-4.60729
55.51366+-4.60720
55.51358+-4.60700
55.51354+-4.60704
55.51375+-4.60766
55.51379+-4.60761
-1
55.51348+-4.60641
55.51334+-4.60600
-1
55.51321+-4.60525
55.51310+-4.60494
55.51308+-4.60497
55.51319+-4.60527
55.51321+-4.60525
-1
55.51320+-4.60560
55.51306+-4.60519
-1
55.51304+-4.60542
55.51294+-4.60512
55.51292+-4.60514
55.51302+-4.60545
55.51304+-4.60543
-1
55.51292+-4.60479
55.51278+-4.60439
-1
55.51264+-4.60398
55.51250+-4.60358
-1
55.51250+-4.60323
55.51240+-4.60294
55.51237+-4.60296
55.51248+-4.60326
55.51250+-4.60324
-1
55.51234+-4.60340
55.51224+-4.60311
55.51221+-4.60313
55.51232+-4.60343
55.51234+-4.60341
-1
55.51236+-4.60319
55.51222+-4.60278
-1
55.51208+-4.60238
55.51194+-4.60198
-1
55.51180+-4.60158
55.51166+-4.60117
-1
55.51180+-4.60123
55.51170+-4.60092
55.51167+-4.60094
55.51178+-4.60125
55.51180+-4.60123
-1
55.51164+-4.60140
55.51154+-4.60109
55.51151+-4.60111
55.51162+-4.60142
55.51164+-4.60140
-1
55.51152+-4.60076
55.51138+-4.60036
-1
55.51124+-4.59995
55.51110+-4.59954
-1
55.51111+-4.59919
55.51100+-4.59888
55.51098+-4.59891
55.51108+-4.59922
55.51110+-4.59919
-1
55.51094+-4.59936
55.51084+-4.59906
55.51082+-4.59908
55.51092+-4.59939
55.51094+-4.59937
-1
55.51096+-4.59913
55.51082+-4.59872
-1
55.51068+-4.59832
55.51054+-4.59790
-1
55.51040+-4.59750
55.51025+-4.59709
-1
55.51011+-4.59669
55.50997+-4.59628
-1
55.50983+-4.59588
55.50969+-4.59547
-1
55.50955+-4.59507
55.50941+-4.59466
-1
55.50927+-4.59425
55.50912+-4.59383
-1
55.50892+-4.59323
55.50865+-4.59244
-1
55.50852+-4.59204
55.50838+-4.59164
-1
55.50824+-4.59124
55.50810+-4.59084
-1
55.50796+-4.59043
55.50782+-4.59003
-1
55.50768+-4.58963
55.50755+-4.58925
-1
55.50741+-4.58885
55.50727+-4.58845
-1
55.50713+-4.58804
55.50699+-4.58764
-1
55.50694+-4.58716
55.50684+-4.58685
55.50681+-4.58687
55.50692+-4.58719
55.50694+-4.58716
-1
55.50685+-4.58724
55.50670+-4.58683
-1
55.50678+-4.58733
55.50667+-4.58702
55.50665+-4.58704
55.50676+-4.58735
55.50678+-4.58733
-1
55.50657+-4.58643
55.50642+-4.58601
-1
55.50628+-4.58559
55.50614+-4.58518
-1
55.50624+-4.58511
55.50613+-4.58479
55.50610+-4.58482
55.50621+-4.58513
55.50623+-4.58511
-1
55.50607+-4.58528
55.50597+-4.58496
55.50594+-4.58499
55.50605+-4.58530
55.50607+-4.58528
-1
55.50599+-4.58477
55.50585+-4.58436
-1
55.50570+-4.58395
55.50556+-4.58354
-1
55.50552+-4.58305
55.50541+-4.58274
55.50539+-4.58277
55.50550+-4.58308
55.50552+-4.58306
-1
55.50536+-4.58322
55.50525+-4.58292
55.50523+-4.58294
55.50534+-4.58325
55.50536+-4.58323
-1
55.50542+-4.58313
55.50528+-4.58272
-1
55.50514+-4.58232
55.50500+-4.58191
-1
55.50486+-4.58150
55.50472+-4.58110
-1
55.50482+-4.58102
55.50471+-4.58072
55.50469+-4.58075
55.50479+-4.58105
55.50481+-4.58103
-1
55.50466+-4.58120
55.50455+-4.58089
55.50453+-4.58092
55.50463+-4.58123
55.50465+-4.58120
-1
55.50458+-4.58070
55.50444+-4.58030
-1
55.50430+-4.57990
55.50416+-4.57949
-1
55.50409+-4.57900
55.50413+-4.57895
55.50392+-4.57833
55.50388+-4.57838
55.50395+-4.57859
55.50403+-4.57849
55.50410+-4.57869
55.50402+-4.57879
55.50409+-4.57899
-1
55.50401+-4.57906
55.50388+-4.57867
-1
55.50395+-4.57915
55.50388+-4.57894
55.50380+-4.57904
55.50373+-4.57883
55.50381+-4.57874
55.50374+-4.57853
55.50370+-4.57858
55.50391+-4.57920
55.50395+-4.57915
-1
55.50375+-4.57826
55.50360+-4.57785
-1
55.50346+-4.57745
55.50332+-4.57703
-1
55.50335+-4.57676
55.50325+-4.57645
55.50323+-4.57647
55.50333+-4.57678
55.50335+-4.57676
-1
55.50319+-4.57694
55.50309+-4.57663
55.50307+-4.57665
55.50317+-4.57696
55.50319+-4.57694
-1
55.50318+-4.57662
55.50304+-4.57621
-1
55.50345+-4.57605
55.50327+-4.57619
-1
55.50343+-4.57600
55.50325+-4.57614
-1
55.50342+-4.57595
55.50324+-4.57608
-1
55.50340+-4.57584
55.50339+-4.57583
55.50329+-4.57590
55.50329+-4.57590
55.50327+-4.57591
55.50327+-4.57592
55.50327+-4.57594
55.50339+-4.57585
-1
55.50338+-4.57577
55.50336+-4.57570
55.50332+-4.57573
55.50329+-4.57582
55.50327+-4.57583
55.50326+-4.57580
55.50327+-4.57579
55.50327+-4.57577
55.50324+-4.57579
55.50325+-4.57587
55.50330+-4.57584
55.50333+-4.57574
55.50334+-4.57573
55.50336+-4.57579
55.50337+-4.57577
-1
55.50333+-4.57560
55.50315+-4.57573
-1
55.50332+-4.57554
55.50314+-4.57568
-1
55.50331+-4.57549
55.50313+-4.57563
-1
55.50290+-4.57582
55.50276+-4.57541
-1
55.50270+-4.57520
55.50270+-4.57521
55.50271+-4.57523
55.50271+-4.57524
55.50272+-4.57523
55.50265+-4.57502
55.50264+-4.57503
55.50270+-4.57520
-1
55.50269+-4.57527
55.50267+-4.57520
55.50265+-4.57519
55.50266+-4.57517
55.50262+-4.57506
55.50258+-4.57510
55.50259+-4.57514
55.50262+-4.57511
55.50264+-4.57517
55.50264+-4.57521
55.50266+-4.57522
55.50267+-4.57524
55.50264+-4.57527
55.50265+-4.57531
55.50269+-4.57527
-1
55.50242+-4.57506
55.50228+-4.57465
-1
55.50244+-4.57503
55.50231+-4.57462
-1
55.50247+-4.57500
55.50233+-4.57459
-1
55.50250+-4.57497
55.50236+-4.57456
-1
55.50253+-4.57494
55.50239+-4.57453
-1
55.50255+-4.57491
55.50241+-4.57450
-1
55.50260+-4.57486
55.50245+-4.57445
-1
55.50262+-4.57483
55.50248+-4.57442
-1
55.50265+-4.57480
55.50251+-4.57439
-1
55.50268+-4.57477
55.50254+-4.57436
-1
55.50271+-4.57474
55.50256+-4.57433
-1
55.50273+-4.57471
55.50259+-4.57430
-1
55.50295+-4.57610
55.50271+-4.57630
-1
55.50247+-4.57649
55.50222+-4.57668
-1
55.50222+-4.57689
55.50221+-4.57685
55.50203+-4.57700
55.50204+-4.57704
55.50222+-4.57689
-1
55.50215+-4.57659
55.50214+-4.57654
55.50195+-4.57669
55.50196+-4.57673
55.50214+-4.57659
-1
55.50198+-4.57688
55.50174+-4.57707
-1
55.50149+-4.57726
55.50125+-4.57745
-1
55.50100+-4.57764
55.50076+-4.57783
-1
55.50093+-4.57754
55.50091+-4.57746
55.50054+-4.57775
55.50056+-4.57783
55.50068+-4.57774
55.50064+-4.57758
55.50076+-4.57748
55.50080+-4.57764
55.50092+-4.57755
-1
55.50099+-4.57781
55.50101+-4.57788
55.50064+-4.57817
55.50062+-4.57809
55.50075+-4.57799
55.50079+-4.57816
55.50091+-4.57806
55.50087+-4.57790
55.50099+-4.57781
-1
55.50026+-4.57821
55.50046+-4.57806
-1
55.49977+-4.57859
55.50002+-4.57840
-1
55.49977+-4.57880
55.49976+-4.57876
55.49957+-4.57890
55.49958+-4.57895
55.49977+-4.57881
-1
55.49970+-4.57850
55.49968+-4.57845
55.49950+-4.57860
55.49951+-4.57864
55.49969+-4.57850
-1
55.49952+-4.57879
55.49928+-4.57898
-1
55.49903+-4.57917
55.49878+-4.57936
-1
55.49854+-4.57955
55.49829+-4.57974
-1
55.49846+-4.57946
55.49845+-4.57942
55.49826+-4.57956
55.49827+-4.57960
55.49846+-4.57946
-1
55.49834+-4.57986
55.49835+-4.57990
55.49853+-4.57976
55.49852+-4.57972
55.49834+-4.57986
-1
55.49804+-4.57993
55.49779+-4.58013
-1
55.49755+-4.58032
55.49730+-4.58051
-1
55.49729+-4.58072
55.49728+-4.58068
55.49710+-4.58082
55.49711+-4.58087
55.49729+-4.58073
-1
55.49722+-4.58042
55.49721+-4.58037
55.49702+-4.58051
55.49703+-4.58056
55.49722+-4.58042
-1
55.49681+-4.58089
55.49706+-4.58070
-1
55.49632+-4.58127
55.49656+-4.58108
-1
55.49583+-4.58165
55.49607+-4.58146
-1
55.49534+-4.58203
55.49558+-4.58184
-1
55.49510+-4.58222
55.49485+-4.58241
-1
55.49437+-4.58278
55.49461+-4.58260
-1
55.49388+-4.58316
55.49412+-4.58297
-1
55.49339+-4.58354
55.49363+-4.58335
-1
55.49289+-4.58393
55.49314+-4.58373
-1
55.49240+-4.58432
55.49265+-4.58412
-1
55.49191+-4.58471
55.49216+-4.58451
-1
55.49142+-4.58509
55.49166+-4.58490
-1
55.49092+-4.58548
55.49117+-4.58528
-1
55.49043+-4.58586
55.49068+-4.58567
-1
55.48993+-4.58624
55.49018+-4.58604
-1
55.48969+-4.58642
55.48944+-4.58661
-1
55.48919+-4.58679
55.48894+-4.58698
-1
55.48874+-4.58746
55.48849+-4.58764
-1
55.48873+-4.58740
55.48848+-4.58759
-1
55.48872+-4.58735
55.48847+-4.58754
-1
55.48857+-4.58737
55.48856+-4.58729
55.48843+-4.58739
55.48845+-4.58746
55.48857+-4.58737
-1
55.48855+-4.58737
55.48854+-4.58733
55.48846+-4.58739
55.48847+-4.58742
55.48855+-4.58737
-1
55.48854+-4.58724
55.48852+-4.58717
55.48849+-4.58720
55.48848+-4.58723
55.48846+-4.58722
55.48840+-4.58727
55.48842+-4.58734
55.48844+-4.58732
55.48843+-4.58727
55.48846+-4.58724
55.48849+-4.58725
55.48850+-4.58721
55.48851+-4.58721
55.48852+-4.58726
55.48854+-4.58725
-1
55.48838+-4.58719
55.48863+-4.58700
-1
55.48837+-4.58713
55.48862+-4.58695
-1
55.48835+-4.58708
55.48861+-4.58690
-1
55.48846+-4.58773
55.48829+-4.58707
55.48827+-4.58709
55.48843+-4.58775
55.48846+-4.58773
-1
55.48786+-4.58779
55.48811+-4.58760
55.48804+-4.58768
55.48803+-4.58764
55.48811+-4.58760
-1
55.48730+-4.58823
55.48755+-4.58804
55.48748+-4.58812
55.48747+-4.58807
55.48755+-4.58804
-1
55.50681+-4.59396
55.50681+-4.59395
55.50679+-4.59399
55.50677+-4.59396
55.50679+-4.59392
55.50678+-4.59392
55.50674+-4.59400
55.50675+-4.59401
55.50676+-4.59397
55.50678+-4.59400
55.50677+-4.59404
55.50677+-4.59405
55.50681+-4.59397
-1
55.50897+-4.58633
55.50897+-4.58632
55.50895+-4.58633
55.50894+-4.58630
55.50894+-4.58631
55.50894+-4.58634
55.50892+-4.58635
55.50892+-4.58637
55.50894+-4.58635
55.50895+-4.58639
55.50896+-4.58638
55.50895+-4.58635
55.50897+-4.58633
-1
55.50799+-4.59752
55.50799+-4.59751
55.50798+-4.59752
55.50799+-4.59754
55.50801+-4.59752
55.50801+-4.59751
55.50799+-4.59746
55.50798+-4.59746
55.50794+-4.59750
55.50794+-4.59752
55.50796+-4.59756
55.50796+-4.59756
55.50797+-4.59756
55.50797+-4.59754
55.50796+-4.59755
55.50795+-4.59752
55.50795+-4.59751
55.50798+-4.59747
55.50799+-4.59748
55.50800+-4.59751
55.50800+-4.59751
55.50799+-4.59752
-1
55.51473+-4.58671
55.51473+-4.58675
55.51473+-4.58678
55.51472+-4.58682
55.51472+-4.58685
55.51470+-4.58688
55.51469+-4.58690
55.51467+-4.58692
55.51466+-4.58694
55.51464+-4.58695
55.51462+-4.58696
55.51460+-4.58696
55.51458+-4.58696
55.51456+-4.58695
55.51455+-4.58694
55.51453+-4.58692
55.51451+-4.58690
55.51450+-4.58688
55.51449+-4.58686
55.51448+-4.58683
55.51447+-4.58680
55.51447+-4.58676
55.51447+-4.58672
55.51447+-4.58668
55.51448+-4.58664
55.51448+-4.58661
55.51449+-4.58658
55.51451+-4.58655
55.51453+-4.58653
55.51455+-4.58651
55.51457+-4.58649
55.51460+-4.58649
55.51463+-4.58650
55.51466+-4.58651
55.51468+-4.58653
55.51469+-4.58655
55.51470+-4.58658
55.51471+-4.58660
55.51472+-4.58663
55.51473+-4.58666
55.51473+-4.58669
55.51473+-4.58671
-1
55.51456+-4.58629
55.51455+-4.58633
55.51455+-4.58637
55.51454+-4.58640
55.51453+-4.58644
55.51451+-4.58646
55.51450+-4.58648
55.51448+-4.58650
55.51446+-4.58652
55.51444+-4.58652
55.51442+-4.58653
55.51440+-4.58652
55.51438+-4.58651
55.51436+-4.58649
55.51434+-4.58647
55.51432+-4.58644
55.51431+-4.58640
55.51430+-4.58637
55.51429+-4.58633
55.51429+-4.58628
55.51429+-4.58624
55.51430+-4.58620
55.51431+-4.58616
55.51433+-4.58612
55.51435+-4.58609
55.51438+-4.58607
55.51441+-4.58606
55.51444+-4.58606
55.51448+-4.58608
55.51450+-4.58610
55.51452+-4.58613
55.51453+-4.58615
55.51454+-4.58619
55.51455+-4.58622
55.51455+-4.58626
55.51456+-4.58629
-1
55.51437+-4.58590
55.51437+-4.58595
55.51436+-4.58599
55.51434+-4.58602
55.51432+-4.58605
55.51430+-4.58607
55.51428+-4.58608
55.51426+-4.58609
55.51424+-4.58609
55.51422+-4.58609
55.51420+-4.58607
55.51417+-4.58606
55.51415+-4.58603
55.51414+-4.58599
55.51412+-4.58594
55.51411+-4.58588
55.51411+-4.58584
55.51412+-4.58578
55.51413+-4.58574
55.51415+-4.58570
55.51417+-4.58567
55.51420+-4.58564
55.51423+-4.58563
55.51426+-4.58563
55.51429+-4.58565
55.51432+-4.58567
55.51434+-4.58570
55.51435+-4.58573
55.51437+-4.58577
55.51437+-4.58582
55.51438+-4.58586
55.51437+-4.58590
-1
55.51420+-4.58544
55.51420+-4.58548
55.51419+-4.58552
55.51418+-4.58556
55.51416+-4.58560
55.51414+-4.58563
55.51412+-4.58565
55.51410+-4.58566
55.51408+-4.58566
55.51406+-4.58566
55.51404+-4.58565
55.51401+-4.58564
55.51399+-4.58562
55.51397+-4.58559
55.51395+-4.58554
55.51394+-4.58550
55.51394+-4.58545
55.51394+-4.58539
55.51394+-4.58534
55.51396+-4.58530
55.51398+-4.58525
55.51400+-4.58522
55.51403+-4.58520
55.51406+-4.58519
55.51409+-4.58520
55.51412+-4.58522
55.51415+-4.58525
55.51417+-4.58528
55.51418+-4.58532
55.51419+-4.58537
55.51420+-4.58541
55.51420+-4.58544
-1
55.51402+-4.58502
55.51401+-4.58507
55.51400+-4.58511
55.51399+-4.58515
55.51397+-4.58518
55.51394+-4.58521
55.51392+-4.58522
55.51389+-4.58522
55.51386+-4.58522
55.51384+-4.58520
55.51381+-4.58517
55.51379+-4.58513
55.51377+-4.58507
55.51376+-4.58501
55.51376+-4.58496
55.51377+-4.58489
55.51378+-4.58485
55.51380+-4.58481
55.51383+-4.58478
55.51386+-4.58476
55.51389+-4.58476
55.51393+-4.58477
55.51396+-4.58480
55.51398+-4.58483
55.51400+-4.58487
55.51401+-4.58492
55.51402+-4.58497
55.51402+-4.58501
-1
55.51428+-4.58732
55.51427+-4.58737
55.51427+-4.58741
55.51426+-4.58746
55.51424+-4.58749
55.51422+-4.58752
55.51420+-4.58754
55.51418+-4.58756
55.51415+-4.58756
55.51413+-4.58756
55.51411+-4.58755
55.51408+-4.58753
55.51406+-4.58751
55.51404+-4.58748
55.51403+-4.58744
55.51402+-4.58739
55.51401+-4.58734
55.51401+-4.58728
55.51402+-4.58723
55.51404+-4.58719
55.51406+-4.58715
55.51408+-4.58712
55.51411+-4.58710
55.51414+-4.58709
55.51418+-4.58710
55.51421+-4.58712
55.51424+-4.58716
55.51426+-4.58720
55.51427+-4.58725
55.51428+-4.58729
55.51428+-4.58732
-1
55.51410+-4.58690
55.51409+-4.58695
55.51408+-4.58700
55.51407+-4.58704
55.51404+-4.58708
55.51402+-4.58710
55.51400+-4.58711
55.51397+-4.58712
55.51395+-4.58712
55.51392+-4.58711
55.51390+-4.58709
55.51387+-4.58706
55.51385+-4.58701
55.51384+-4.58696
55.51383+-4.58688
55.51384+-4.58682
55.51385+-4.58677
55.51387+-4.58672
55.51389+-4.58668
55.51392+-4.58666
55.51396+-4.58665
55.51400+-4.58665
55.51403+-4.58668
55.51405+-4.58671
55.51407+-4.58675
55.51409+-4.58679
55.51410+-4.58683
55.51410+-4.58687
55.51410+-4.58689
-1
55.51392+-4.58646
55.51392+-4.58650
55.51391+-4.58654
55.51390+-4.58658
55.51388+-4.58661
55.51386+-4.58664
55.51384+-4.58666
55.51382+-4.58667
55.51380+-4.58668
55.51378+-4.58668
55.51376+-4.58667
55.51373+-4.58666
55.51371+-4.58663
55.51369+-4.58660
55.51367+-4.58656
55.51366+-4.58651
55.51366+-4.58645
55.51366+-4.58639
55.51367+-4.58634
55.51368+-4.58629
55.51371+-4.58625
55.51374+-4.58622
55.51377+-4.58621
55.51381+-4.58621
55.51384+-4.58623
55.51387+-4.58626
55.51389+-4.58630
55.51391+-4.58635
55.51392+-4.58641
55.51392+-4.58644
55.51392+-4.58645
-1
55.51374+-4.58604
55.51374+-4.58609
55.51372+-4.58613
55.51370+-4.58617
55.51368+-4.58620
55.51366+-4.58623
55.51363+-4.58624
55.51360+-4.58624
55.51357+-4.58622
55.51354+-4.58620
55.51352+-4.58616
55.51350+-4.58613
55.51349+-4.58607
55.51348+-4.58600
55.51348+-4.58595
55.51349+-4.58590
55.51351+-4.58585
55.51353+-4.58581
55.51356+-4.58578
55.51359+-4.58577
55.51363+-4.58577
55.51367+-4.58579
55.51369+-4.58582
55.51372+-4.58587
55.51373+-4.58591
55.51374+-4.58597
55.51374+-4.58600
55.51374+-4.58604
-1
55.51357+-4.58556
55.51356+-4.58561
55.51356+-4.58565
55.51354+-4.58570
55.51352+-4.58574
55.51350+-4.58577
55.51348+-4.58578
55.51346+-4.58580
55.51343+-4.58580
55.51341+-4.58579
55.51338+-4.58578
55.51336+-4.58576
55.51334+-4.58572
55.51332+-4.58568
55.51331+-4.58563
55.51330+-4.58556
55.51331+-4.58550
55.51332+-4.58545
55.51333+-4.58541
55.51335+-4.58538
55.51338+-4.58535
55.51341+-4.58533
55.51344+-4.58533
55.51348+-4.58535
55.51351+-4.58538
55.51354+-4.58542
55.51355+-4.58547
55.51356+-4.58551
55.51357+-4.58554
55.51357+-4.58556
-1