{High Resolution Prestwick EGPK - Airfield Layout V1.0 01.11.08}
{(c) Produced for Kinetic Avionic Products Limited by Paul Brown, jPb-imagery.com}
{Prestwick EGPK}
$TYPE=2
55.50789+-4.59658
55.50792+-4.59656
55.50772+-4.59601
55.50769+-4.59595
55.50764+-4.59587
55.50761+-4.59581
55.50757+-4.59576
55.50753+-4.59571
55.50750+-4.59568
55.50748+-4.59567
55.50745+-4.59566
55.50743+-4.59568
55.50739+-4.59569
55.50723+-4.59522
55.50726+-4.59519
55.50728+-4.59515
55.50729+-4.59510
55.50729+-4.59505
55.50728+-4.59485
55.50727+-4.59479
55.50722+-4.59452
55.50721+-4.59452
55.50721+-4.59456
55.50620+-4.59833
55.50620+-4.59836
55.50620+-4.59839
55.50624+-4.59865
55.50684+-4.59912
55.50721+-4.59889
55.50787+-4.59650
55.50789+-4.59658
-1
55.50670+-4.59297
55.50573+-4.59018
55.50563+-4.59013
55.50559+-4.59009
55.50554+-4.59005
55.50549+-4.59005
55.50545+-4.59005
55.50540+-4.59006
55.50535+-4.59008
55.50531+-4.59010
55.50527+-4.59012
55.50524+-4.59014
55.50521+-4.59018
55.50517+-4.59021
55.50516+-4.59024
55.50498+-4.59071
55.50486+-4.59106
55.50463+-4.59159
55.50451+-4.59192
55.50443+-4.59214
55.50438+-4.59234
55.50433+-4.59254
55.50430+-4.59275
55.50428+-4.59296
55.50426+-4.59321
55.50425+-4.59340
55.50424+-4.59359
55.50425+-4.59379
55.50427+-4.59399
55.50429+-4.59421
55.50433+-4.59443
55.50441+-4.59476
55.50449+-4.59507
55.50487+-4.59644
55.50524+-4.59780
55.50527+-4.59786
55.50532+-4.59788
55.50539+-4.59785
55.50670+-4.59297
-1
55.50681+-4.59253
55.50679+-4.59254
55.50583+-4.58979
55.50583+-4.58972
55.50585+-4.58964
55.50579+-4.58946
55.50576+-4.58952
55.50563+-4.58904
55.50566+-4.58880
55.50567+-4.58872
55.50570+-4.58866
55.50573+-4.58860
55.50592+-4.58822
55.50592+-4.58816
55.50594+-4.58811
55.50615+-4.58759
55.50620+-4.58753
55.50625+-4.58748
55.50630+-4.58745
55.50635+-4.58744
55.50640+-4.58747
55.50644+-4.58749
55.50743+-4.59030
55.50682+-4.59253
-1
55.50733+-4.59413
55.50759+-4.59309
55.50792+-4.59391
55.50777+-4.59408
55.50778+-4.59411
-1
55.50782+-4.59410
55.50783+-4.59409
55.50782+-4.59406
55.50794+-4.59392
55.50760+-4.59306
55.50792+-4.59186
55.50795+-4.59183
55.50859+-4.59373
55.50818+-4.59531
55.50815+-4.59536
55.50812+-4.59541
55.50809+-4.59545
55.50805+-4.59549
55.50802+-4.59551
55.50798+-4.59552
55.50794+-4.59552
55.50789+-4.59551
55.50785+-4.59549
55.50782+-4.59546
55.50779+-4.59542
55.50774+-4.59535
55.50744+-4.59446
55.50733+-4.59414
-1
55.50834+-4.59558
55.50856+-4.59478
55.50858+-4.59473
55.50862+-4.59468
55.50866+-4.59463
55.50872+-4.59461
55.50878+-4.59461
55.50884+-4.59463
55.50888+-4.59466
55.50891+-4.59470
55.50894+-4.59474
55.50896+-4.59479
55.50906+-4.59510
55.50907+-4.59516
55.50907+-4.59521
55.50906+-4.59527
55.50905+-4.59533
55.50904+-4.59536
55.50902+-4.59542
55.50900+-4.59546
55.50866+-4.59599
55.50864+-4.59602
55.50861+-4.59604
55.50858+-4.59605
55.50854+-4.59605
55.50850+-4.59604
55.50847+-4.59602
55.50843+-4.59598
55.50840+-4.59593
55.50837+-4.59588
55.50835+-4.59581
55.50834+-4.59575
55.50834+-4.59569
55.50833+-4.59559
-1
55.50870+-4.59683
55.50868+-4.59677
55.50867+-4.59672
55.50867+-4.59666
55.50867+-4.59659
55.50868+-4.59653
55.50869+-4.59648
55.50870+-4.59645
55.50873+-4.59639
55.50907+-4.59583
55.50910+-4.59579
55.50916+-4.59577
55.50922+-4.59576
55.50926+-4.59579
55.50932+-4.59584
55.50995+-4.59764
55.50968+-4.59790
55.50913+-4.59789
55.50911+-4.59789
55.50908+-4.59787
55.50906+-4.59786
55.50870+-4.59684
-1
55.50920+-4.59951
55.50925+-4.59948
55.50931+-4.59946
55.50938+-4.59945
55.50944+-4.59946
55.50952+-4.59948
55.50962+-4.59950
55.50971+-4.59953
55.50979+-4.59956
55.50985+-4.59960
55.50991+-4.59963
55.50994+-4.59967
55.50998+-4.59983
55.51004+-4.60003
55.51008+-4.60016
55.51009+-4.60029
55.50999+-4.60036
55.50998+-4.60044
55.50994+-4.60045
55.50993+-4.60040
55.50990+-4.60043
55.50991+-4.60070
55.51004+-4.60071
55.51019+-4.60062
55.51022+-4.60052
55.51029+-4.60054
55.51033+-4.60058
55.51039+-4.60067
55.51042+-4.60072
55.51044+-4.60079
55.51047+-4.60084
55.51048+-4.60091
55.51048+-4.60097
55.51048+-4.60103
55.51048+-4.60110
55.51045+-4.60142
55.51044+-4.60242
55.51044+-4.60245
55.51046+-4.60248
55.51052+-4.60249
55.51058+-4.60251
55.51064+-4.60256
55.51069+-4.60261
55.51073+-4.60266
55.51077+-4.60274
55.51091+-4.60317
55.51100+-4.60335
55.51098+-4.60342
55.51099+-4.60349
55.51099+-4.60355
55.51103+-4.60358
55.51108+-4.60359
55.51113+-4.60356
55.51114+-4.60352
55.51114+-4.60347
55.51113+-4.60342
55.51111+-4.60338
55.51108+-4.60334
55.51105+-4.60330
55.51102+-4.60326
55.51080+-4.60269
55.51077+-4.60263
55.51074+-4.60258
55.51071+-4.60254
55.51067+-4.60251
55.51063+-4.60248
55.51059+-4.60246
55.51054+-4.60243
55.51052+-4.60242
55.51049+-4.60241
55.51048+-4.60239
55.51047+-4.60234
55.51049+-4.60146
55.51049+-4.60136
55.51050+-4.60125
55.51052+-4.60116
55.51053+-4.60107
55.51054+-4.60099
55.51054+-4.60091
55.51053+-4.60084
55.51051+-4.60079
55.51048+-4.60073
55.51031+-4.60049
55.51029+-4.60047
55.51030+-4.60041
55.51016+-4.60015
55.51015+-4.60007
55.51020+-4.60010
55.51022+-4.60015
55.51031+-4.60010
55.51043+-4.60007
55.51052+-4.60007
55.51059+-4.60010
55.51066+-4.60013
55.51072+-4.60018
55.51077+-4.60023
55.51083+-4.60029
55.51090+-4.60036
55.51204+-4.60363
55.51215+-4.60352
55.51261+-4.60483
55.51253+-4.60488
55.51245+-4.60492
55.51239+-4.60497
55.51232+-4.60500
55.51224+-4.60504
55.51218+-4.60507
55.51212+-4.60509
55.51206+-4.60511
55.51199+-4.60512
55.51193+-4.60514
55.51187+-4.60515
55.51180+-4.60515
55.51172+-4.60515
55.51164+-4.60515
55.51156+-4.60514
55.51147+-4.60511
55.51137+-4.60510
55.51133+-4.60511
55.51110+-4.60504
55.50920+-4.59952
-1
55.50896+-4.59956
55.50889+-4.59956
55.50865+-4.59981
55.50994+-4.60352
55.51000+-4.60370
55.51003+-4.60383
55.51007+-4.60397
55.51013+-4.60395
55.51016+-4.60406
55.51013+-4.60409
55.51012+-4.60415
55.51032+-4.60474
55.51062+-4.60487
55.51067+-4.60490
55.51077+-4.60494
55.51069+-4.60458
55.51070+-4.60457
55.50897+-4.59957
-1
55.51039+-4.60495
55.51039+-4.60492
55.51061+-4.60500
55.51067+-4.60497
55.51079+-4.60501
55.51097+-4.60582
55.51097+-4.60589
55.51097+-4.60595
55.51096+-4.60600
55.51093+-4.60606
55.51087+-4.60614
55.51073+-4.60574
55.51064+-4.60567
55.51040+-4.60496
-1
55.51113+-4.60513
55.51233+-4.60862
55.51235+-4.60863
55.51240+-4.60872
55.51282+-4.60827
55.51283+-4.60831
-1
55.51283+-4.60838
55.51280+-4.60841
55.51278+-4.60838
55.51241+-4.60876
55.51282+-4.60959
55.51285+-4.60962
55.51290+-4.60964
55.51295+-4.60962
55.51298+-4.60959
55.51299+-4.60955
55.51304+-4.60934
55.51321+-4.60843
55.51323+-4.60833
55.51325+-4.60824
55.51325+-4.60814
55.51327+-4.60802
55.51327+-4.60788
55.51328+-4.60775
55.51328+-4.60758
55.51328+-4.60743
55.51327+-4.60724
55.51325+-4.60704
55.51324+-4.60684
55.51322+-4.60668
55.51319+-4.60650
55.51283+-4.60546
55.51272+-4.60534
55.51262+-4.60507
55.51262+-4.60497
55.51247+-4.60507
55.51238+-4.60512
55.51231+-4.60515
55.51225+-4.60519
55.51218+-4.60521
55.51210+-4.60523
55.51204+-4.60524
55.51196+-4.60526
55.51188+-4.60528
55.51175+-4.60528
55.51152+-4.60527
55.51148+-4.60525
55.51136+-4.60523
55.51132+-4.60518
55.51114+-4.60512
-1
55.51298+-4.61121
55.51298+-4.61123
55.51298+-4.61125
55.51280+-4.61145
55.51278+-4.61146
55.51277+-4.61145
55.51275+-4.61138
55.51275+-4.61135
55.51275+-4.61133
55.51276+-4.61131
55.51291+-4.61115
55.51294+-4.61115
55.51296+-4.61116
55.51298+-4.61121
-1
55.51268+-4.61124
55.51263+-4.61128
55.51261+-4.61120
55.51262+-4.61118
55.51258+-4.61106
55.51262+-4.61102
55.51265+-4.61099
55.51269+-4.61097
55.51273+-4.61096
55.51277+-4.61096
55.51281+-4.61097
55.51283+-4.61099
55.51284+-4.61101
55.51285+-4.61104
55.51285+-4.61107
55.51284+-4.61110
55.51284+-4.61111
55.51282+-4.61114
55.51272+-4.61125
55.51271+-4.61126
55.51270+-4.61126
55.51269+-4.61126
55.51268+-4.61124
-1
55.51274+-4.61170
55.51275+-4.61178
55.51280+-4.61177
55.51282+-4.61158
55.51282+-4.61155
55.51282+-4.61154
55.51302+-4.61133
55.51304+-4.61134
55.51382+-4.61356
55.51387+-4.61371
55.51392+-4.61384
55.51397+-4.61396
55.51403+-4.61409
55.51407+-4.61418
55.51412+-4.61429
55.51416+-4.61437
55.51420+-4.61445
55.51426+-4.61454
55.51430+-4.61461
55.51433+-4.61466
55.51435+-4.61469
55.51436+-4.61471
55.51418+-4.61534
55.51421+-4.61537
55.51438+-4.61476
55.51439+-4.61475
55.51445+-4.61482
55.51451+-4.61490
55.51458+-4.61498
55.51462+-4.61502
55.51466+-4.61507
55.51458+-4.61534
55.51506+-4.61551
55.51539+-4.61562
55.51540+-4.61551
55.51545+-4.61551
55.51550+-4.61552
55.51556+-4.61552
55.51561+-4.61551
55.51566+-4.61550
55.51571+-4.61547
55.51577+-4.61543
55.51583+-4.61538
55.51589+-4.61532
55.51595+-4.61526
55.51597+-4.61529
55.51674+-4.61751
55.51675+-4.61754
55.51677+-4.61758
55.51679+-4.61758
55.51682+-4.61755
-1
55.51684+-4.61750
55.51684+-4.61747
55.51685+-4.61746
55.51684+-4.61745
55.51683+-4.61745
55.51681+-4.61745
55.51680+-4.61746
55.51674+-4.61743
55.51673+-4.61740
55.51598+-4.61524
55.51598+-4.61522
55.51614+-4.61506
55.51616+-4.61517
55.51664+-4.61466
55.51385+-4.60656
55.51443+-4.60594
55.51444+-4.60597
55.51452+-4.60590
55.51452+-4.60588
55.51453+-4.60585
55.51371+-4.60343
55.51370+-4.60341
55.51370+-4.60339
55.51375+-4.60329
55.51381+-4.60315
55.51386+-4.60308
55.51391+-4.60302
55.51396+-4.60297
55.51401+-4.60290
55.51396+-4.60274
55.51390+-4.60283
55.51385+-4.60291
55.51380+-4.60299
55.51375+-4.60307
55.51352+-4.60362
55.51348+-4.60371
55.51344+-4.60379
55.51340+-4.60387
55.51337+-4.60392
55.51333+-4.60398
55.51329+-4.60405
55.51327+-4.60408
55.51309+-4.60435
55.51263+-4.60304
55.51275+-4.60291
55.51227+-4.60155
55.51230+-4.60148
55.51236+-4.60141
55.51282+-4.60098
55.51323+-4.60059
55.51316+-4.60040
55.51236+-4.60115
55.51233+-4.60117
55.51230+-4.60117
55.51227+-4.60117
55.51224+-4.60116
55.51221+-4.60115
55.51218+-4.60113
55.51215+-4.60110
55.51212+-4.60107
55.51211+-4.60104
55.51024+-4.59561
55.51024+-4.59559
55.51025+-4.59556
55.51025+-4.59553
55.51028+-4.59549
55.51030+-4.59545
55.51053+-4.59517
55.51068+-4.59501
55.51082+-4.59490
55.51105+-4.59471
55.51114+-4.59492
55.51128+-4.59475
55.51128+-4.59472
55.51129+-4.59469
55.51131+-4.59467
55.51134+-4.59465
55.51136+-4.59467
55.51142+-4.59483
55.51147+-4.59480
55.51145+-4.59476
55.51144+-4.59471
55.51143+-4.59467
55.51144+-4.59463
55.51144+-4.59460
55.51145+-4.59457
55.51148+-4.59454
55.51161+-4.59440
55.51173+-4.59474
-1
55.51272+-4.59362
55.51266+-4.59369
55.51264+-4.59369
55.51263+-4.59368
55.51261+-4.59367
55.51259+-4.59362
55.51258+-4.59357
55.51257+-4.59353
55.51257+-4.59349
55.51257+-4.59345
55.51257+-4.59343
55.51259+-4.59342
55.51262+-4.59350
55.51266+-4.59345
-1
55.51264+-4.59347
55.51252+-4.59315
55.51292+-4.59270
55.51297+-4.59266
55.51302+-4.59264
55.51306+-4.59263
55.51311+-4.59263
55.51316+-4.59264
55.51320+-4.59265
55.51325+-4.59267
-1
55.51347+-4.59263
55.51345+-4.59261
55.51344+-4.59260
55.51342+-4.59260
55.51341+-4.59261
55.51339+-4.59262
55.51338+-4.59264
55.51338+-4.59266
55.51338+-4.59268
55.51337+-4.59271
55.51385+-4.59397
55.51386+-4.59396
55.51389+-4.59396
55.51390+-4.59393
55.51391+-4.59390
55.51391+-4.59387
55.51392+-4.59385
55.51391+-4.59382
55.51347+-4.59264
-1
55.51476+-4.59133
55.51467+-4.59106
55.51469+-4.59092
55.51474+-4.59084
-1
55.51466+-4.59057
55.51452+-4.59072
55.51447+-4.59070
55.51446+-4.59069
55.51446+-4.59067
55.51449+-4.59064
55.51436+-4.59025
55.51432+-4.59029
55.51427+-4.59017
55.51427+-4.59015
55.51428+-4.59012
55.51428+-4.59010
55.51428+-4.59008
55.51427+-4.59006
55.51435+-4.58998
55.51437+-4.58998
55.51491+-4.59023
55.51493+-4.59024
55.51466+-4.59057
-1
55.51413+-4.58969
55.51413+-4.58988
55.51413+-4.58991
55.51417+-4.59002
55.51416+-4.59004
55.51415+-4.59006
55.51411+-4.59004
55.51411+-4.59003
55.51410+-4.59002
55.51409+-4.59001
55.51408+-4.59001
-1
55.51404+-4.59005
55.51406+-4.59008
55.51408+-4.59010
55.51411+-4.59009
55.51415+-4.59010
55.51415+-4.59013
55.51416+-4.59015
55.51411+-4.59021
55.51410+-4.59022
55.51409+-4.59024
55.51408+-4.59027
55.51408+-4.59029
55.51407+-4.59035
-1
55.51408+-4.59040
55.51409+-4.59031
55.51409+-4.59028
55.51410+-4.59026
55.51411+-4.59024
55.51416+-4.59018
55.51418+-4.59020
55.51420+-4.59022
55.51423+-4.59022
55.51427+-4.59035
55.51423+-4.59039
55.51437+-4.59077
55.51441+-4.59073
55.51444+-4.59080
55.51445+-4.59083
55.51445+-4.59087
55.51444+-4.59089
55.51443+-4.59091
55.51441+-4.59091
55.51440+-4.59091
55.51438+-4.59090
55.51437+-4.59089
55.51435+-4.59087
55.51433+-4.59085
55.51431+-4.59080
55.51417+-4.59042
55.51411+-4.59049
-1
55.51415+-4.58967
55.51414+-4.58987
55.51415+-4.58990
55.51419+-4.59001
55.51422+-4.58999
55.51424+-4.59000
55.51426+-4.59002
55.51426+-4.59003
55.51434+-4.58996
55.51436+-4.58995
55.51439+-4.58996
55.51493+-4.59021
55.51495+-4.59023
55.51503+-4.59014
-1
55.51504+-4.59051
55.51487+-4.59070
55.51491+-4.59080
55.51484+-4.59087
55.51477+-4.59081
55.51475+-4.59083
-1
55.51290+-4.59261
55.51250+-4.59152
55.51183+-4.59228
55.51193+-4.59257
-1
55.51190+-4.59262
55.51183+-4.59246
55.51180+-4.59241
55.51179+-4.59234
55.51178+-4.59230
55.51175+-4.59232
55.51165+-4.59243
55.51164+-4.59245
55.51164+-4.59247
55.51163+-4.59250
55.51136+-4.59281
55.51135+-4.59282
55.51135+-4.59284
55.51135+-4.59286
55.51136+-4.59288
55.51152+-4.59329
55.51155+-4.59330
55.51159+-4.59327
55.51164+-4.59324
55.51167+-4.59322
55.51171+-4.59319
55.51177+-4.59317
55.51182+-4.59315
55.51188+-4.59313
55.51192+-4.59312
55.51196+-4.59309
55.51195+-4.59307
-1
55.51368+-4.58932
55.51347+-4.58956
55.51325+-4.58894
55.51229+-4.59004
55.51227+-4.59007
55.51214+-4.59019
55.51211+-4.59020
55.51208+-4.59020
55.51205+-4.59020
55.51202+-4.59020
55.51200+-4.59018
55.51198+-4.59016
55.51192+-4.58987
55.51309+-4.58551
55.51321+-4.58548
55.51409+-4.58766
55.51406+-4.58799
55.51333+-4.58884
55.51333+-4.58888
55.51335+-4.58892
55.51337+-4.58895
55.51340+-4.58896
55.51352+-4.58931
55.51355+-4.58932
55.51364+-4.58929
55.51364+-4.58925
55.51366+-4.58924
55.51368+-4.58931
-1
55.51375+-4.58960
55.51370+-4.58946
55.51350+-4.58969
55.51355+-4.58983
-1
55.50585+-4.57863
55.50578+-4.57841
55.50576+-4.57838
55.50573+-4.57835
55.50572+-4.57833
55.50569+-4.57831
55.50567+-4.57830
55.50565+-4.57830
55.50563+-4.57830
55.50467+-4.57928
55.50466+-4.57933
55.50465+-4.57938
55.50465+-4.57943
55.50465+-4.57949
55.50465+-4.57950
55.50523+-4.58122
55.50575+-4.58053
55.50581+-4.58040
55.50596+-4.58019
55.50600+-4.58019
55.50609+-4.58006
55.50611+-4.58002
55.50613+-4.57999
55.50614+-4.57995
55.50616+-4.57990
55.50617+-4.57984
55.50618+-4.57980
55.50618+-4.57975
55.50618+-4.57969
55.50585+-4.57863
-1
55.50625+-4.57991
55.50624+-4.57989
55.50623+-4.57987
55.50623+-4.57986
55.50622+-4.57986
55.50621+-4.57987
55.50620+-4.57988
55.50619+-4.57990
55.50619+-4.57992
55.50618+-4.57995
55.50617+-4.57997
55.50616+-4.58000
55.50615+-4.58002
55.50614+-4.58004
55.50613+-4.58006
55.50611+-4.58009
55.50610+-4.58011
55.50608+-4.58014
55.50599+-4.58027
55.50599+-4.58029
55.50585+-4.58049
55.50584+-4.58048
55.50525+-4.58127
55.50670+-4.58541
55.50682+-4.58544
55.50685+-4.58543
55.50751+-4.58375
55.50751+-4.58373
55.50751+-4.58371
55.50750+-4.58369
55.50749+-4.58366
55.50712+-4.58306
55.50710+-4.58304
55.50702+-4.58290
55.50702+-4.58289
55.50697+-4.58281
55.50696+-4.58278
55.50696+-4.58276
55.50694+-4.58272
55.50693+-4.58268
55.50691+-4.58262
55.50686+-4.58239
55.50673+-4.58157
55.50670+-4.58143
55.50668+-4.58132
55.50666+-4.58125
55.50665+-4.58118
55.50662+-4.58109
55.50659+-4.58099
55.50657+-4.58091
55.50653+-4.58080
55.50633+-4.58017
55.50625+-4.57992
-1
55.50694+-4.58609
55.50691+-4.58578
55.50691+-4.58574
55.50692+-4.58571
55.50783+-4.58346
55.50847+-4.58181
55.50886+-4.58092
55.50915+-4.58020
55.50920+-4.58007
55.50924+-4.57999
55.50929+-4.57992
55.50935+-4.57982
55.50943+-4.57972
55.50948+-4.57966
55.50955+-4.57960
55.50962+-4.57955
55.50968+-4.57952
55.50977+-4.57948
55.50985+-4.57946
55.50992+-4.57945
55.50998+-4.57945
55.51006+-4.57945
55.51012+-4.57946
55.51018+-4.57947
55.51022+-4.57960
55.51026+-4.57975
55.50787+-4.58867
55.50786+-4.58872
55.50694+-4.58610
-1
55.51146+-4.57979
55.51144+-4.57985
55.51142+-4.57985
55.51120+-4.57998
55.51119+-4.57999
55.51119+-4.58001
55.51119+-4.58003
55.51121+-4.58007
55.51140+-4.58048
55.51152+-4.58075
55.51157+-4.58085
55.51161+-4.58090
55.51165+-4.58093
55.51171+-4.58095
55.51176+-4.58096
55.51180+-4.58094
55.51183+-4.58092
55.51188+-4.58088
55.51190+-4.58084
55.51193+-4.58078
55.51196+-4.58070
55.51197+-4.58065
55.51198+-4.58057
55.51200+-4.58044
55.51201+-4.58022
55.51201+-4.58015
55.51201+-4.58011
55.51201+-4.58006
55.51200+-4.58002
55.51200+-4.57997
55.51198+-4.57993
55.51197+-4.57990
55.51194+-4.57986
55.51192+-4.57984
55.51187+-4.57981
55.51180+-4.57977
55.51177+-4.57976
55.51171+-4.57976
55.51159+-4.57977
55.51146+-4.57979
-1
55.51246+-4.58005
55.51282+-4.57956
55.51283+-4.57951
55.51283+-4.57947
55.51283+-4.57944
55.51282+-4.57942
55.51281+-4.57941
55.51280+-4.57940
55.51277+-4.57939
55.51275+-4.57941
55.51273+-4.57942
55.51271+-4.57943
55.51269+-4.57945
55.51266+-4.57945
55.51264+-4.57945
55.51262+-4.57944
55.51260+-4.57943
55.51257+-4.57941
55.51255+-4.57937
55.51244+-4.57912
55.51243+-4.57907
55.51243+-4.57902
55.51243+-4.57897
55.51243+-4.57894
55.51243+-4.57889
55.51244+-4.57886
55.51246+-4.57883
55.51247+-4.57879
55.51250+-4.57875
55.51265+-4.57856
55.51268+-4.57855
55.51274+-4.57854
55.51275+-4.57856
55.51274+-4.57870
55.51269+-4.57869
55.51253+-4.57890
55.51252+-4.57899
55.51252+-4.57910
55.51252+-4.57912
55.51253+-4.57916
55.51254+-4.57919
55.51255+-4.57922
55.51256+-4.57924
55.51259+-4.57925
55.51262+-4.57928
55.51267+-4.57929
55.51270+-4.57928
55.51271+-4.57926
55.51284+-4.57910
55.51288+-4.57906
55.51301+-4.57957
55.51258+-4.58018
55.51258+-4.58022
55.51257+-4.58025
55.51256+-4.58029
55.51256+-4.58034
55.51256+-4.58038
55.51257+-4.58043
55.51257+-4.58047
55.51259+-4.58050
55.51324+-4.58202
55.51325+-4.58204
55.51327+-4.58207
55.51404+-4.58221
55.51404+-4.58245
55.51397+-4.58244
-1
55.51395+-4.58244
55.51366+-4.58238
55.51365+-4.58239
55.51355+-4.58270
55.51355+-4.58274
55.51384+-4.58343
55.51414+-4.58311
55.51415+-4.58314
55.51385+-4.58345
55.51399+-4.58378
55.51391+-4.58387
55.51489+-4.58614
-1
55.51399+-4.58378
55.51487+-4.58583
55.51506+-4.58573
55.51508+-4.58529
55.51487+-4.58472
-1
55.51482+-4.58459
55.51471+-4.58430
55.51451+-4.58410
-1
55.51432+-4.58358
55.51429+-4.58347
55.51437+-4.58339
55.51420+-4.58290
55.51438+-4.58232
55.51451+-4.58226
55.51462+-4.58235
55.51465+-4.58219
55.51496+-4.58204
55.51500+-4.58215
55.51503+-4.58215
55.51507+-4.58215
55.51509+-4.58217
55.51511+-4.58220
55.51513+-4.58225
55.51518+-4.58223
-1
55.51520+-4.58228
55.51521+-4.58232
55.51523+-4.58233
55.51525+-4.58237
55.51538+-4.58275
55.51543+-4.58326
55.51542+-4.58330
55.51541+-4.58332
55.51542+-4.58345
55.51542+-4.58369
55.51541+-4.58385
55.51541+-4.58392
55.51540+-4.58396
55.51537+-4.58403
55.51542+-4.58407
55.51541+-4.58411
55.51536+-4.58407
55.51534+-4.58412
55.51533+-4.58418
55.51536+-4.58420
55.51534+-4.58428
55.51531+-4.58426
55.51530+-4.58431
55.51529+-4.58436
55.51529+-4.58439
-1
55.51527+-4.58464
55.51526+-4.58487
55.51526+-4.58491
55.51527+-4.58493
55.51529+-4.58496
55.51544+-4.58493
55.51544+-4.58498
55.51542+-4.58498
55.51542+-4.58499
-1
55.51536+-4.58500
55.51527+-4.58501
55.51526+-4.58502
55.51525+-4.58504
55.51525+-4.58508
55.51516+-4.58636
55.51518+-4.58651
-1
55.51500+-4.58640
55.51510+-4.58664
55.51515+-4.58803
55.51509+-4.58856
55.51417+-4.58788
55.51407+-4.58798
55.51411+-4.58765
55.51321+-4.58547
55.51309+-4.58549
55.51192+-4.58986
55.51198+-4.59017
55.51201+-4.59019
55.51204+-4.59020
55.51208+-4.59020
55.51211+-4.59020
55.51214+-4.59018
55.51228+-4.59005
55.51230+-4.59007
55.51325+-4.58898
55.51346+-4.58958
55.51369+-4.58932
55.51366+-4.58928
55.51352+-4.58931
55.51339+-4.58896
55.51337+-4.58895
55.51336+-4.58894
55.51334+-4.58891
55.51388+-4.58828
55.51401+-4.58846
55.51404+-4.58843
55.51389+-4.58821
55.51407+-4.58799
-1
55.51430+-4.58929
55.51448+-4.58909
55.51430+-4.58882
55.51376+-4.58942
55.51373+-4.58942
55.51350+-4.58969
55.51355+-4.58983
-1
55.51442+-4.58928
55.51453+-4.58916
55.51508+-4.58856
-1
55.51101+-4.59456
55.51085+-4.59413
55.51092+-4.59400
55.51098+-4.59391
55.51106+-4.59381
55.51096+-4.59354
55.51094+-4.59349
55.51091+-4.59345
55.51089+-4.59342
55.51087+-4.59342
55.51084+-4.59343
55.51081+-4.59345
55.50988+-4.59452
55.50988+-4.59456
55.50989+-4.59463
55.51011+-4.59522
55.51012+-4.59524
55.51017+-4.59521
55.51047+-4.59483
55.51054+-4.59500
55.51100+-4.59458
-1
55.51143+-4.59336
55.51127+-4.59296
55.51125+-4.59294
55.51124+-4.59294
55.51099+-4.59323
55.51098+-4.59326
55.51099+-4.59330
55.51099+-4.59335
55.51107+-4.59356
55.51108+-4.59363
55.51111+-4.59371
55.51113+-4.59373
55.51142+-4.59344
55.51142+-4.59341
55.51143+-4.59339
55.51143+-4.59337
-1
55.51065+-4.59227
55.50985+-4.59011
55.50983+-4.59010
55.50982+-4.59011
55.50980+-4.59012
55.50979+-4.59017
55.50917+-4.59246
55.50917+-4.59250
55.50982+-4.59439
55.50994+-4.59425
55.50993+-4.59415
55.50991+-4.59404
55.51027+-4.59361
55.51031+-4.59354
55.51064+-4.59228
-1
55.50905+-4.59202
55.50904+-4.59204
55.50903+-4.59205
55.50902+-4.59205
55.50900+-4.59203
55.50839+-4.59023
55.50838+-4.59018
55.50838+-4.59014
55.51094+-4.58065
55.51096+-4.58061
55.51099+-4.58057
55.51104+-4.58055
55.51110+-4.58054
55.51115+-4.58056
55.51119+-4.58060
55.51123+-4.58067
55.51173+-4.58175
55.51174+-4.58181
55.51176+-4.58188
55.51175+-4.58194
55.51175+-4.58201
55.51173+-4.58208
55.50905+-4.59202
-1
55.51442+-4.60591
55.51441+-4.60585
55.51445+-4.60580
55.51446+-4.60578
55.51446+-4.60576
55.51445+-4.60571
55.51372+-4.60353
55.51370+-4.60350
55.51369+-4.60349
55.51368+-4.60349
55.51367+-4.60349
55.51366+-4.60350
55.51359+-4.60366
55.51354+-4.60377
55.51347+-4.60390
55.51344+-4.60397
55.51339+-4.60406
55.51334+-4.60414
55.51329+-4.60424
55.51323+-4.60433
55.51317+-4.60442
55.51320+-4.60447
55.51321+-4.60449
55.51322+-4.60453
55.51324+-4.60458
55.51328+-4.60468
55.51329+-4.60472
55.51330+-4.60476
55.51331+-4.60496
55.51331+-4.60499
55.51333+-4.60504
55.51384+-4.60654
55.51387+-4.60651
55.51442+-4.60592
-1
55.51593+-4.61447
55.51361+-4.60775
55.51359+-4.60775
55.51357+-4.60776
55.51354+-4.60779
55.51352+-4.60782
55.51350+-4.60785
55.51349+-4.60789
55.51348+-4.60795
55.51348+-4.60802
55.51347+-4.60809
55.51347+-4.60818
55.51346+-4.60828
55.51337+-4.60924
55.51334+-4.60956
55.51335+-4.60956
55.51329+-4.61029
55.51328+-4.61029
55.51323+-4.61098
55.51322+-4.61103
55.51322+-4.61108
55.51322+-4.61112
55.51323+-4.61116
55.51324+-4.61120
55.51358+-4.61216
55.51394+-4.61322
55.51405+-4.61353
55.51410+-4.61367
55.51416+-4.61380
55.51420+-4.61391
55.51427+-4.61405
55.51432+-4.61414
55.51439+-4.61426
55.51445+-4.61435
55.51454+-4.61447
55.51465+-4.61462
55.51474+-4.61472
55.51483+-4.61480
55.51490+-4.61487
55.51495+-4.61490
55.51498+-4.61480
55.51503+-4.61483
55.51509+-4.61488
55.51518+-4.61492
55.51524+-4.61494
55.51530+-4.61496
55.51544+-4.61498
55.51543+-4.61510
55.51550+-4.61511
55.51556+-4.61511
55.51560+-4.61510
55.51565+-4.61508
55.51571+-4.61503
55.51581+-4.61496
55.51583+-4.61493
55.51585+-4.61488
55.51588+-4.61482
55.51590+-4.61474
55.51591+-4.61467
55.51592+-4.61461
55.51593+-4.61456
55.51593+-4.61451
55.51593+-4.61448
-1
55.51240+-4.58007
55.51233+-4.57991
55.51229+-4.57983
55.51223+-4.57976
55.51219+-4.57971
55.51212+-4.57966
55.51206+-4.57962
55.51200+-4.57960
55.51194+-4.57957
55.51188+-4.57956
55.51181+-4.57954
55.51174+-4.57953
55.51168+-4.57952
55.51162+-4.57952
55.51161+-4.57948
55.51158+-4.57948
55.51158+-4.57953
55.51153+-4.57953
55.51147+-4.57955
55.51141+-4.57958
55.51134+-4.57961
55.51124+-4.57967
55.51105+-4.57976
55.51103+-4.57977
55.51100+-4.57976
55.51068+-4.57950
55.51053+-4.57937
55.51045+-4.57931
55.51039+-4.57927
55.51035+-4.57924
55.51031+-4.57923
55.51024+-4.57920
55.51017+-4.57919
55.51011+-4.57918
55.51005+-4.57917
55.51000+-4.57916
55.50993+-4.57916
55.50989+-4.57917
55.50986+-4.57917
55.50980+-4.57918
55.50974+-4.57920
55.50968+-4.57923
55.50961+-4.57926
55.50956+-4.57928
55.50952+-4.57931
55.50949+-4.57934
55.50946+-4.57936
55.50941+-4.57936
55.50935+-4.57932
55.50931+-4.57927
55.50926+-4.57923
55.50921+-4.57919
55.50915+-4.57916
55.50911+-4.57914
55.50906+-4.57914
55.50902+-4.57914
55.50892+-4.57919
55.50891+-4.57912
55.50886+-4.57915
55.50893+-4.57945
55.50898+-4.57940
55.50904+-4.57938
55.50911+-4.57938
55.50918+-4.57941
55.50922+-4.57945
55.50926+-4.57949
55.50927+-4.57952
55.50927+-4.57956
55.50924+-4.57961
55.50920+-4.57966
55.50917+-4.57972
55.50913+-4.57978
55.50909+-4.57987
55.50903+-4.58000
55.50830+-4.58179
55.50827+-4.58182
55.50803+-4.58212
55.50784+-4.58238
55.50750+-4.58281
55.50747+-4.58274
55.50749+-4.58267
-1
55.50731+-4.58325
55.50730+-4.58321
55.50730+-4.58318
55.50731+-4.58315
55.50733+-4.58311
55.50815+-4.58204
55.50818+-4.58206
55.50818+-4.58208
55.50761+-4.58352
55.50757+-4.58354
55.50755+-4.58355
55.50752+-4.58355
55.50748+-4.58353
55.50731+-4.58326
-1
55.50730+-4.58262
55.50734+-4.58276
55.50736+-4.58287
55.50736+-4.58293
55.50735+-4.58299
55.50728+-4.58304
55.50725+-4.58306
55.50722+-4.58305
55.50720+-4.58305
55.50717+-4.58303
55.50702+-4.58276
55.50699+-4.58267
55.50693+-4.58247
55.50688+-4.58223
55.50684+-4.58197
55.50680+-4.58169
55.50676+-4.58146
55.50674+-4.58136
55.50672+-4.58126
55.50669+-4.58116
55.50666+-4.58103
55.50662+-4.58090
55.50656+-4.58072
55.50614+-4.57939
55.50606+-4.57915
55.50606+-4.57911
55.50602+-4.57898
55.50606+-4.57894
55.50596+-4.57861
55.50594+-4.57862
55.50593+-4.57859
55.50591+-4.57862
55.50590+-4.57861
55.50590+-4.57859
55.50590+-4.57854
55.50591+-4.57850
55.50592+-4.57847
55.50597+-4.57843
55.50599+-4.57850
55.50626+-4.57824
55.50624+-4.57815
-1
55.50610+-4.57810
55.50610+-4.57814
55.50609+-4.57818
55.50608+-4.57822
55.50607+-4.57825
55.50596+-4.57835
55.50594+-4.57835
55.50593+-4.57833
55.50592+-4.57832
55.50591+-4.57825
-1
55.50575+-4.57783
55.50573+-4.57786
55.50572+-4.57787
55.50569+-4.57787
55.50567+-4.57785
55.50564+-4.57780
55.50502+-4.57586
55.50495+-4.57567
55.50487+-4.57552
55.50487+-4.57547
55.50489+-4.57542
55.50531+-4.57483
55.50527+-4.57467
55.50489+-4.57520
55.50491+-4.57526
55.50485+-4.57536
55.50480+-4.57540
55.50395+-4.57418
55.50354+-4.57358
55.50353+-4.57355
55.50353+-4.57351
55.50357+-4.57325
55.50354+-4.57323
55.50349+-4.57343
55.50349+-4.57347
55.50349+-4.57349
55.50345+-4.57347
55.50233+-4.57181
55.50229+-4.57188
55.50350+-4.57364
55.50476+-4.57546
55.50481+-4.57554
55.50487+-4.57563
55.50491+-4.57570
55.50496+-4.57583
55.50564+-4.57794
55.50565+-4.57801
55.50564+-4.57805
55.50563+-4.57810
55.50558+-4.57814
55.50527+-4.57845
55.50511+-4.57797
55.50507+-4.57801
55.50506+-4.57799
55.50503+-4.57803
55.50507+-4.57816
55.50511+-4.57811
55.50509+-4.57807
55.50511+-4.57806
55.50524+-4.57848
55.50462+-4.57911
55.50452+-4.57908
55.50352+-4.57622
55.50329+-4.57532
55.50322+-4.57535
55.50275+-4.57401
55.50257+-4.57421
55.50250+-4.57402
55.50217+-4.57436
55.50224+-4.57457
55.50187+-4.57502
55.50189+-4.57507
55.50192+-4.57512
55.50196+-4.57515
55.50203+-4.57518
55.50219+-4.57521
55.50244+-4.57593
55.50245+-4.57598
55.50035+-4.57763
55.50033+-4.57763
55.49991+-4.57595
55.49991+-4.57587
55.49991+-4.57581
55.49993+-4.57575
55.49995+-4.57570
55.49997+-4.57566
55.50001+-4.57562
55.50060+-4.57518
55.50066+-4.57514
55.50071+-4.57509
55.50073+-4.57503
55.50076+-4.57498
55.50078+-4.57491
55.50079+-4.57484
55.50080+-4.57477
55.50079+-4.57472
55.50079+-4.57467
55.50078+-4.57463
55.50065+-4.57449
55.50063+-4.57455
55.50061+-4.57465
-1
55.50071+-4.57479
55.50076+-4.57482
55.50075+-4.57488
55.50074+-4.57494
55.50072+-4.57499
55.50069+-4.57504
55.50066+-4.57507
55.50063+-4.57511
55.50057+-4.57516
55.49995+-4.57563
55.49991+-4.57567
55.49989+-4.57572
55.49988+-4.57577
55.49987+-4.57582
55.49987+-4.57589
55.49988+-4.57595
55.49990+-4.57600
55.50030+-4.57763
55.50030+-4.57767
55.49576+-4.58118
55.49556+-4.58050
55.49532+-4.57977
55.49528+-4.57968
55.49524+-4.57961
55.49520+-4.57957
55.49516+-4.57955
55.49512+-4.57954
55.49509+-4.57954
55.49505+-4.57956
55.49501+-4.57958
55.49499+-4.57961
55.49496+-4.57964
55.49493+-4.57970
55.49490+-4.57976
55.49489+-4.57983
55.49488+-4.57989
55.49488+-4.57996
55.49488+-4.58002
55.49489+-4.58007
55.49470+-4.57978
55.49467+-4.57965
55.49465+-4.57967
55.49468+-4.57980
55.49490+-4.58015
55.49492+-4.58019
55.49494+-4.58024
55.49497+-4.58029
55.49501+-4.58033
55.49507+-4.58037
55.49515+-4.58041
55.49545+-4.58055
55.49551+-4.58059
55.49555+-4.58063
55.49558+-4.58069
55.49573+-4.58117
55.49573+-4.58121
55.49285+-4.58344
55.48898+-4.58643
55.48881+-4.58587
55.48879+-4.58582
55.48855+-4.58505
55.48850+-4.58511
55.48859+-4.58541
55.48864+-4.58547
55.48869+-4.58563
55.48867+-4.58566
55.48864+-4.58564
55.48859+-4.58561
55.48825+-4.58544
55.48819+-4.58541
55.48817+-4.58538
55.48814+-4.58534
55.48811+-4.58529
55.48798+-4.58485
55.48795+-4.58486
55.48807+-4.58528
55.48810+-4.58535
55.48814+-4.58542
55.48820+-4.58547
55.48827+-4.58550
55.48861+-4.58567
55.48867+-4.58571
55.48871+-4.58575
55.48874+-4.58579
55.48876+-4.58583
55.48879+-4.58590
55.48895+-4.58642
55.48894+-4.58647
55.48828+-4.58695
55.48830+-4.58706
55.48693+-4.58813
55.48708+-4.58881
55.48779+-4.58826
-1
55.49553+-4.58054
55.49543+-4.58021
55.49540+-4.58020
55.49538+-4.58017
55.49535+-4.58014
55.49525+-4.57986
55.49526+-4.57970
55.49523+-4.57966
55.49520+-4.57963
55.49518+-4.57960
55.49514+-4.57958
55.49510+-4.57959
55.49506+-4.57960
55.49503+-4.57961
55.49500+-4.57964
55.49497+-4.57968
55.49495+-4.57971
55.49493+-4.57975
55.49492+-4.57980
55.49491+-4.57985
55.49490+-4.57990
55.49490+-4.57997
55.49491+-4.58002
55.49491+-4.58007
55.49493+-4.58012
55.49494+-4.58017
55.49496+-4.58021
55.49499+-4.58024
55.49501+-4.58027
55.49505+-4.58030
55.49509+-4.58033
55.49546+-4.58050
55.49553+-4.58054
-1
55.48779+-4.58826
55.48778+-4.58835
55.48776+-4.58845
55.48775+-4.58853
55.48774+-4.58861
55.48774+-4.58870
55.48774+-4.58879
55.48774+-4.58888
55.48774+-4.58899
55.48775+-4.58909
55.48776+-4.58919
55.48777+-4.58927
55.48779+-4.58937
55.48781+-4.58946
55.48782+-4.58949
55.48780+-4.58953
55.48760+-4.58971
55.48749+-4.58947
55.48732+-4.58953
55.48726+-4.58950
55.48630+-4.59169
55.48633+-4.59179
55.48638+-4.59191
55.48643+-4.59203
55.48648+-4.59212
55.48653+-4.59220
55.48658+-4.59227
55.48761+-4.58997
55.48763+-4.58985
55.48761+-4.58977
55.48782+-4.58959
55.48784+-4.58961
55.48787+-4.58968
55.48790+-4.58979
55.48794+-4.58988
55.48800+-4.59001
55.48808+-4.59014
55.48815+-4.59025
55.48821+-4.59033
55.48830+-4.59042
55.48839+-4.59048
55.48847+-4.59053
55.48857+-4.59058
55.48867+-4.59060
55.48872+-4.59060
55.48891+-4.59135
55.48894+-4.59134
55.48876+-4.59063
55.48877+-4.59060
55.48882+-4.59059
55.48887+-4.59058
55.48892+-4.59057
55.48894+-4.59057
55.48900+-4.59055
55.48906+-4.59051
55.48913+-4.59047
55.48933+-4.59030
55.49383+-4.58683
55.49752+-4.58397
55.50004+-4.58202
55.50080+-4.58141
55.50083+-4.58143
55.50098+-4.58206
55.50098+-4.58208
55.50102+-4.58225
55.50104+-4.58227
55.50114+-4.58254
55.50123+-4.58276
55.50122+-4.58279
55.50103+-4.58304
55.50099+-4.58296
55.50092+-4.58284
55.50087+-4.58294
55.50098+-4.58315
55.50095+-4.58318
55.50097+-4.58323
55.50101+-4.58319
55.50104+-4.58326
-1
55.50110+-4.58315
55.50106+-4.58308
55.50120+-4.58289
55.50123+-4.58288
55.50126+-4.58288
55.50129+-4.58289
55.50137+-4.58303
55.50138+-4.58305
55.50138+-4.58307
55.50137+-4.58308
55.50137+-4.58309
55.50136+-4.58309
55.50135+-4.58309
-1
55.50116+-4.58341
55.50127+-4.58356
-1
55.50132+-4.58352
55.50134+-4.58348
55.50139+-4.58356
55.50144+-4.58349
55.50143+-4.58346
55.50151+-4.58331
55.50146+-4.58322
55.50146+-4.58319
55.50149+-4.58320
55.50156+-4.58328
55.50163+-4.58337
55.50173+-4.58347
55.50180+-4.58353
55.50188+-4.58358
55.50197+-4.58364
55.50207+-4.58368
55.50218+-4.58372
55.50225+-4.58373
55.50233+-4.58375
55.50235+-4.58379
55.50235+-4.58392
55.50250+-4.58393
55.50250+-4.58411
55.50249+-4.58412
55.50247+-4.58412
55.50246+-4.58417
55.50249+-4.58417
-1
55.50257+-4.58417
55.50257+-4.58412
55.50254+-4.58412
55.50253+-4.58412
55.50254+-4.58377
55.50254+-4.58374
55.50262+-4.58372
55.50271+-4.58370
55.50277+-4.58370
55.50285+-4.58371
55.50297+-4.58369
55.50305+-4.58370
55.50310+-4.58371
55.50312+-4.58372
55.50313+-4.58374
55.50370+-4.58536
55.50375+-4.58548
55.50388+-4.58578
55.50405+-4.58620
55.50427+-4.58676
55.50446+-4.58725
55.50451+-4.58738
55.50453+-4.58745
55.50454+-4.58750
55.50454+-4.58756
55.50454+-4.58758
-1
55.50452+-4.58766
55.50449+-4.58774
55.50452+-4.58779
55.50462+-4.58747
55.50474+-4.58711
55.50477+-4.58706
55.50482+-4.58692
55.50484+-4.58691
-1
55.50479+-4.58686
55.50479+-4.58678
55.50364+-4.58346
55.50354+-4.58342
55.50347+-4.58341
55.50339+-4.58342
55.50329+-4.58342
55.50314+-4.58347
55.50311+-4.58347
55.50306+-4.58349
55.50292+-4.58358
55.50289+-4.58359
55.50285+-4.58362
55.50285+-4.58364
55.50304+-4.58363
55.50309+-4.58364
55.50313+-4.58365
55.50314+-4.58367
55.50316+-4.58371
55.50366+-4.58509
55.50374+-4.58531
55.50381+-4.58548
55.50391+-4.58572
55.50406+-4.58613
55.50437+-4.58691
55.50452+-4.58729
55.50455+-4.58735
55.50456+-4.58740
55.50459+-4.58738
55.50462+-4.58735
55.50463+-4.58732
55.50478+-4.58686
-1
55.50353+-4.58313
55.50352+-4.58314
55.50351+-4.58315
55.50351+-4.58317
55.50347+-4.58321
55.50332+-4.58323
55.50331+-4.58323
55.50331+-4.58322
55.50348+-4.58304
55.50350+-4.58305
55.50353+-4.58313
-1
55.50347+-4.58297
55.50346+-4.58299
55.50344+-4.58302
55.50324+-4.58324
55.50322+-4.58323
55.50296+-4.58325
55.50293+-4.58324
55.50290+-4.58323
55.50287+-4.58320
55.50285+-4.58316
55.50269+-4.58273
55.50271+-4.58270
55.50270+-4.58266
55.50235+-4.58175
55.50234+-4.58176
55.50233+-4.58175
55.50220+-4.58190
55.50215+-4.58177
55.50212+-4.58162
55.50209+-4.58149
55.50208+-4.58136
55.50208+-4.58126
55.50209+-4.58116
55.50210+-4.58106
55.50212+-4.58094
55.50216+-4.58074
55.50221+-4.58051
55.50222+-4.58046
55.50222+-4.58042
55.50222+-4.58038
55.50224+-4.58034
55.50226+-4.58033
55.50231+-4.58032
55.50237+-4.58032
55.50242+-4.58034
55.50247+-4.58037
55.50252+-4.58040
55.50256+-4.58045
55.50260+-4.58050
55.50263+-4.58056
55.50347+-4.58296
-1
55.50217+-4.58038
55.50212+-4.58040
55.50207+-4.58044
55.50190+-4.58057
55.50149+-4.58088
55.50088+-4.58136
55.50087+-4.58140
55.50106+-4.58214
55.50107+-4.58221
55.50110+-4.58229
55.50112+-4.58237
55.50119+-4.58254
55.50123+-4.58265
55.50129+-4.58277
55.50134+-4.58287
55.50140+-4.58298
55.50150+-4.58311
55.50157+-4.58321
55.50165+-4.58330
55.50173+-4.58337
55.50174+-4.58331
-1
55.50222+-4.58285
55.50226+-4.58290
55.50220+-4.58323
55.50227+-4.58327
55.50224+-4.58364
55.50225+-4.58366
55.50225+-4.58367
55.50227+-4.58369
55.50234+-4.58370
55.50241+-4.58370
55.50250+-4.58369
55.50257+-4.58368
55.50266+-4.58365
55.50278+-4.58361
55.50287+-4.58356
55.50292+-4.58353
55.50295+-4.58350
55.50296+-4.58348
55.50296+-4.58346
55.50296+-4.58344
55.50295+-4.58342
55.50293+-4.58341
55.50288+-4.58338
55.50281+-4.58335
55.50277+-4.58331
55.50274+-4.58329
55.50271+-4.58326
55.50268+-4.58323
55.50265+-4.58319
55.50261+-4.58312
55.50251+-4.58295
55.50240+-4.58306
55.50238+-4.58300
55.50239+-4.58297
55.50233+-4.58282
55.50217+-4.58243
55.50206+-4.58213
55.50212+-4.58202
55.50215+-4.58197
55.50215+-4.58195
55.50210+-4.58193
55.50204+-4.58170
55.50200+-4.58149
55.50201+-4.58142
55.50203+-4.58140
55.50202+-4.58130
55.50203+-4.58123
55.50204+-4.58114
55.50206+-4.58103
55.50207+-4.58093
55.50210+-4.58082
55.50212+-4.58071
55.50215+-4.58061
55.50217+-4.58053
55.50217+-4.58047
55.50217+-4.58038
-1
55.50221+-4.57993
55.50224+-4.57990
55.50226+-4.57985
55.50228+-4.57979
55.50229+-4.57973
55.50230+-4.57965
55.50230+-4.57960
55.50230+-4.57953
55.50228+-4.57948
55.50187+-4.57829
55.50184+-4.57822
55.50181+-4.57815
55.50178+-4.57809
55.50175+-4.57804
55.50171+-4.57800
55.50168+-4.57796
55.50164+-4.57793
55.50157+-4.57789
55.50152+-4.57788
55.50148+-4.57787
55.50144+-4.57787
55.50140+-4.57789
55.50136+-4.57791
55.50129+-4.57795
55.50057+-4.57850
55.50090+-4.57950
55.50096+-4.57953
55.50105+-4.57984
55.50105+-4.57988
55.50104+-4.57993
55.50105+-4.57999
55.50117+-4.58036
55.50120+-4.58043
55.50124+-4.58048
55.50127+-4.58052
55.50131+-4.58056
55.50137+-4.58058
55.50218+-4.57998
55.50221+-4.57994
-1
55.50273+-4.57890
55.50275+-4.57872
55.50280+-4.57872
55.50279+-4.57876
55.50300+-4.57881
55.50312+-4.57907
55.50320+-4.57908
55.50324+-4.57903
55.50326+-4.57895
55.50328+-4.57886
55.50329+-4.57878
55.50330+-4.57869
55.50331+-4.57860
55.50330+-4.57852
55.50329+-4.57840
55.50275+-4.57680
55.50230+-4.57717
55.50226+-4.57720
55.50222+-4.57724
55.50218+-4.57730
55.50214+-4.57737
55.50211+-4.57746
55.50208+-4.57754
55.50207+-4.57761
55.50205+-4.57769
55.50204+-4.57779
55.50204+-4.57787
55.50204+-4.57797
55.50206+-4.57807
55.50207+-4.57816
55.50247+-4.57933
55.50248+-4.57932
55.50250+-4.57926
55.50254+-4.57919
55.50258+-4.57914
55.50262+-4.57908
55.50266+-4.57906
55.50270+-4.57903
55.50271+-4.57896
55.50253+-4.57843
55.50257+-4.57836
55.50260+-4.57842
55.50257+-4.57846
55.50272+-4.57890
-1
55.50293+-4.58029
55.50308+-4.58032
55.50319+-4.58064
55.50333+-4.58050
55.50336+-4.58038
55.50336+-4.58036
55.50351+-4.58015
55.50394+-4.58022
55.50615+-4.58662
55.50614+-4.58663
55.50614+-4.58670
55.50615+-4.58682
55.50614+-4.58694
55.50613+-4.58703
55.50611+-4.58714
55.50609+-4.58722
55.50606+-4.58732
55.50603+-4.58740
55.50582+-4.58787
55.50580+-4.58788
55.50570+-4.58813
55.50571+-4.58816
55.50555+-4.58855
55.50554+-4.58856
55.50551+-4.58856
55.50517+-4.58721
55.50521+-4.58712
55.50516+-4.58693
55.50512+-4.58689
55.50506+-4.58686
55.50498+-4.58661
55.50488+-4.58632
55.50485+-4.58623
55.50484+-4.58610
55.50484+-4.58601
55.50484+-4.58592
55.50475+-4.58571
55.50472+-4.58574
55.50471+-4.58575
55.50468+-4.58575
55.50463+-4.58561
55.50454+-4.58537
55.50435+-4.58481
55.50416+-4.58425
55.50398+-4.58374
55.50403+-4.58365
55.50388+-4.58324
55.50384+-4.58328
55.50382+-4.58328
55.50362+-4.58269
55.50342+-4.58215
55.50322+-4.58158
55.50313+-4.58129
55.50314+-4.58125
55.50320+-4.58119
55.50319+-4.58110
55.50310+-4.58086
55.50305+-4.58078
55.50300+-4.58084
55.50298+-4.58084
55.50297+-4.58083
55.50293+-4.58065
55.50291+-4.58055
55.50291+-4.58049
55.50291+-4.58043
55.50291+-4.58037
55.50293+-4.58029
-1
55.50130+-4.58063
55.50127+-4.58060
55.50124+-4.58056
55.50120+-4.58052
55.50118+-4.58048
55.50116+-4.58044
55.50098+-4.57991
55.50097+-4.57990
55.50088+-4.57961
55.50089+-4.57960
55.50055+-4.57856
55.50054+-4.57853
55.50053+-4.57853
55.49773+-4.58070
55.49769+-4.58074
55.49765+-4.58079
55.49761+-4.58085
55.49758+-4.58090
55.49755+-4.58098
55.49752+-4.58107
55.49750+-4.58116
55.49749+-4.58126
55.49748+-4.58135
55.49748+-4.58143
55.49748+-4.58152
55.49749+-4.58159
55.49750+-4.58166
55.49752+-4.58174
55.49773+-4.58260
55.49776+-4.58269
55.49780+-4.58277
55.49784+-4.58284
55.49788+-4.58291
55.49793+-4.58296
55.49798+-4.58299
55.49803+-4.58302
55.49809+-4.58304
55.49814+-4.58304
55.49819+-4.58304
55.49824+-4.58302
55.49830+-4.58299
55.49842+-4.58290
55.50130+-4.58064
-1
55.49766+-4.58326
55.49766+-4.58322
55.49765+-4.58316
55.49759+-4.58290
55.49733+-4.58186
55.49731+-4.58179
55.49729+-4.58172
55.49726+-4.58167
55.49723+-4.58162
55.49719+-4.58156
55.49716+-4.58151
55.49713+-4.58148
55.49709+-4.58146
55.49706+-4.58144
55.49702+-4.58142
55.49699+-4.58141
55.49695+-4.58140
55.49692+-4.58140
55.49689+-4.58140
55.49686+-4.58141
55.49683+-4.58142
55.49674+-4.58147
55.49672+-4.58150
55.49643+-4.58172
55.49605+-4.58201
55.49605+-4.58205
55.49529+-4.58260
55.49441+-4.58328
55.49404+-4.58357
55.49397+-4.58363
55.49394+-4.58367
55.49391+-4.58372
55.49387+-4.58377
55.49384+-4.58384
55.49381+-4.58391
55.49379+-4.58399
55.49377+-4.58410
55.49376+-4.58422
55.49376+-4.58430
55.49376+-4.58437
55.49376+-4.58444
55.49377+-4.58452
55.49379+-4.58461
55.49381+-4.58468
55.49401+-4.58551
55.49404+-4.58559
55.49407+-4.58566
55.49411+-4.58573
55.49414+-4.58578
55.49419+-4.58583
55.49425+-4.58588
55.49431+-4.58591
55.49438+-4.58592
55.49445+-4.58592
55.49449+-4.58590
55.49459+-4.58585
55.49755+-4.58356
55.49758+-4.58352
55.49760+-4.58348
55.49762+-4.58343
55.49764+-4.58338
55.49765+-4.58334
55.49765+-4.58331
55.49766+-4.58327
-1
55.49390+-4.58600
55.49350+-4.58437
55.49349+-4.58432
55.49346+-4.58427
55.49344+-4.58423
55.49341+-4.58420
55.49338+-4.58418
55.49335+-4.58417
55.49331+-4.58417
55.49328+-4.58418
55.49325+-4.58419
55.49320+-4.58423
55.48848+-4.58786
55.48845+-4.58774
55.48821+-4.58792
55.48813+-4.58798
55.48808+-4.58804
55.48805+-4.58813
55.48802+-4.58824
55.48798+-4.58837
55.48796+-4.58846
55.48795+-4.58857
55.48794+-4.58867
55.48794+-4.58876
55.48794+-4.58887
55.48794+-4.58898
55.48795+-4.58907
55.48797+-4.58917
55.48798+-4.58927
55.48801+-4.58940
55.48804+-4.58952
55.48809+-4.58964
55.48813+-4.58974
55.48817+-4.58982
55.48822+-4.58992
55.48828+-4.59000
55.48835+-4.59007
55.48843+-4.59013
55.48851+-4.59019
55.48858+-4.59022
55.48865+-4.59024
55.48871+-4.59024
55.48878+-4.59024
55.48885+-4.59023
55.48893+-4.59020
55.48900+-4.59016
55.48908+-4.59010
55.48919+-4.59001
55.49373+-4.58652
55.49379+-4.58647
55.49383+-4.58643
55.49385+-4.58640
55.49387+-4.58635
55.49389+-4.58632
55.49390+-4.58628
55.49391+-4.58624
55.49391+-4.58619
55.49392+-4.58615
55.49391+-4.58611
55.49391+-4.58607
55.49391+-4.58603
55.49390+-4.58601
-1
55.50484+-4.58693
55.50490+-4.58710
55.50496+-4.58728
55.50501+-4.58746
55.50506+-4.58766
55.50512+-4.58787
55.50516+-4.58805
55.50521+-4.58824
55.50523+-4.58850
55.50523+-4.58872
55.50522+-4.58893
55.50520+-4.58910
55.50519+-4.58928
55.50518+-4.58940
55.50517+-4.58951
55.50515+-4.58963
55.50512+-4.58975
55.50509+-4.58988
55.50505+-4.59001
55.50501+-4.59015
55.50491+-4.59040
55.50476+-4.59080
55.50449+-4.59148
55.50443+-4.59151
55.50435+-4.59189
55.50430+-4.59204
55.50426+-4.59218
55.50422+-4.59235
55.50419+-4.59248
55.50416+-4.59262
55.50414+-4.59276
55.50412+-4.59293
55.50410+-4.59309
55.50410+-4.59324
55.50409+-4.59338
55.50410+-4.59354
55.50410+-4.59370
55.50412+-4.59410
55.50414+-4.59426
55.50417+-4.59440
55.50421+-4.59464
55.50426+-4.59485
55.50432+-4.59507
55.50446+-4.59557
55.50456+-4.59595
55.50465+-4.59628
55.50493+-4.59730
55.50492+-4.59736
55.50490+-4.59739
55.50455+-4.59771
55.50457+-4.59776
55.50493+-4.59743
55.50497+-4.59745
55.50523+-4.59837
55.50523+-4.59844
55.50512+-4.59887
55.50560+-4.59927
55.50556+-4.59954
55.50527+-4.59952
55.50526+-4.59962
55.50524+-4.59961
55.50523+-4.59959
55.50521+-4.59957
55.50519+-4.59953
55.50518+-4.59946
55.50516+-4.59941
55.50515+-4.59935
55.50514+-4.59929
55.50512+-4.59922
55.50509+-4.59914
55.50507+-4.59906
55.50460+-4.59774
-1
55.50457+-4.59776
55.50508+-4.59923
55.50510+-4.59929
55.50512+-4.59936
55.50513+-4.59944
55.50514+-4.59948
55.50516+-4.59955
55.50518+-4.59959
55.50520+-4.59964
55.50522+-4.59967
55.50526+-4.59969
55.50525+-4.60017
55.50570+-4.60021
55.50569+-4.60064
55.50568+-4.60067
55.50567+-4.60070
55.50565+-4.60072
55.50564+-4.60073
55.50561+-4.60073
55.50549+-4.60072
55.50549+-4.60079
55.50573+-4.60081
55.50573+-4.60078
55.50574+-4.60075
55.50575+-4.60073
55.50577+-4.60070
55.50579+-4.60068
55.50582+-4.60068
55.50586+-4.60068
55.50614+-4.60069
55.50614+-4.60071
55.50613+-4.60073
55.50586+-4.60091
55.50589+-4.60112
55.50626+-4.60093
55.50628+-4.60087
55.50664+-4.60088
55.50670+-4.60088
55.50673+-4.60079
55.50683+-4.60083
-1
55.50667+-4.59999
55.50670+-4.59987
55.50669+-4.59986
55.50668+-4.59987
55.50667+-4.59986
55.50667+-4.59989
55.50665+-4.59990
55.50652+-4.60029
55.50652+-4.60033
55.50652+-4.60037
55.50652+-4.60040
55.50653+-4.60043
55.50654+-4.60046
55.50656+-4.60048
55.50667+-4.60054
55.50670+-4.60054
55.50672+-4.60052
55.50686+-4.60032
55.50695+-4.60010
55.50695+-4.60007
55.50694+-4.60004
55.50684+-4.59998
55.50682+-4.60008
-1
55.50660+-4.59979
55.50643+-4.59967
55.50629+-4.60024
55.50621+-4.60017
55.50622+-4.60009
55.50628+-4.60012
55.50633+-4.59993
55.50640+-4.59965
55.50607+-4.59938
55.50605+-4.59939
55.50596+-4.59975
55.50596+-4.59988
-1
55.50587+-4.59987
55.50592+-4.59974
55.50602+-4.59937
55.50598+-4.59933
55.50597+-4.59932
55.50595+-4.59932
55.50593+-4.59933
55.50592+-4.59936
55.50591+-4.59935
55.50587+-4.59948
55.50578+-4.59954
55.50578+-4.59954
55.50586+-4.59960
55.50587+-4.59959
55.50589+-4.59961
55.50588+-4.59966
55.50587+-4.59986
-1
55.50581+-4.60060
55.50588+-4.60061
55.50613+-4.60063
55.50632+-4.60064
55.50635+-4.60062
55.50637+-4.60059
55.50645+-4.60034
55.50660+-4.59986
55.50660+-4.59980
-1
55.50727+-4.60080
55.50727+-4.60069
55.50729+-4.60067
55.50731+-4.60066
55.50732+-4.60057
55.50715+-4.60050
55.50712+-4.60047
55.50711+-4.60046
55.50709+-4.60041
55.50709+-4.60035
55.50709+-4.60030
55.50710+-4.60021
55.50717+-4.60013
55.50723+-4.60013
55.50730+-4.60015
55.50739+-4.60015
55.50747+-4.60015
55.50751+-4.60014
55.50752+-4.60019
55.50764+-4.60017
55.50776+-4.60011
55.50775+-4.60007
55.50778+-4.60006
55.50784+-4.60014
55.50791+-4.60011
55.50791+-4.60004
55.50808+-4.59989
55.50831+-4.59970
55.50836+-4.59966
55.50836+-4.59964
55.50838+-4.59959
55.50841+-4.59958
55.50844+-4.59959
55.50846+-4.59960
55.50848+-4.59963
55.50850+-4.59967
55.50850+-4.59969
55.50849+-4.59973
55.50854+-4.59981
55.50859+-4.59997
55.50862+-4.60000
55.50901+-4.60110
55.50939+-4.60222
55.50937+-4.60227
55.50942+-4.60238
55.50945+-4.60241
55.50995+-4.60387
55.51003+-4.60409
-1
55.51174+-4.61229
55.51168+-4.61236
-1
55.51209+-4.61188
55.51233+-4.61163
-1
55.50924+-4.60681
55.50914+-4.60775
55.50881+-4.60811
-1
55.50856+-4.60838
55.50854+-4.60841
55.50852+-4.60846
55.50853+-4.60851
55.50848+-4.60857
55.50866+-4.60907
55.50886+-4.60963
55.50894+-4.60985
55.50891+-4.61016
55.50880+-4.61034
-1
55.50925+-4.61167
55.50934+-4.61170
55.50950+-4.61149
55.50970+-4.61210
55.50969+-4.61213
-1
55.51226+-4.59325
55.51245+-4.59305
55.51247+-4.59311
55.51253+-4.59305
-1